   0	   1/0.015360	119:187	
   1	   1/0.015360	119:191	ffffffd0 0b 00 00 ffffffc4 00 00 00 10 00 00 00 ffffffac 02 00 00 ffffffac 01 00 00 1c 01 00 00 ffffffc4 01 00 00 
   2	   1/0.015360	119:200	02 00 00 00 
   3	   1/0.015360	119:202	ffffffc8 02 00 00 
   4	   1/0.015360	119:208	40 04 00 00 
   5	   1/0.015360	119:211	4c 00 00 00 
   6	   1/0.015360	119:214	ffffff8c 00 00 00 
   7	   1/0.015360	119:224	60 00 00 00 
   8	   1/0.015360	119:227	24 02 00 00 48 00 00 00 
   9	   1/0.015360	119:231	00 00 00 00 
  10	   2/0.030720	119:237	60 00 00 00 30 00 00 00 18 00 00 00 20 00 00 00 18 00 00 00 21 00 00 00 
  11	   2/0.030720	119:267	04 00 00 00 fffffffc 00 00 00 ffffffc8 00 00 00 ffffffc8 00 00 00 20 00 00 00 
  12	   2/0.030720	3216:315	02 00 00 00 
  13	   2/0.030720	2080:295	
  14	   7/0.107520	2091:936	01 00 00 00 
  15	   7/0.107520	62:268	01 00 00 00 00 00 00 00 00 00 00 00 00 00 00 00 00 00 00 00 
  16	   7/0.107520	62:328	
  17	 108/1.658880	325:284	45 ffffffbd 00 00 0b 00 00 00 00 00 00 00 
  18	 140/2.150400	295:452	
  19	 140/2.150400	9:612	00 00 00 00 ffffffcb 6d 00 00 0b 00 00 00 00 00 00 00 
  20	 140/2.150400	9:613	ffffffaa ffffffaa ffffffaa ffffffaa ffffffaa ffffffaa ffffffaa ffffffaa 
  21	 141/2.165760	2468:170	5d 63 ffffffbb 40 4c 1e 11 ffffffa9 ffffffff 1c 00 ffffffd2 43 ffffff8f ffffffb3 ffffff88 
  22	 146/2.242560	8001:598	02 00 00 00 
  23	 150/2.304000	8001:598	02 00 00 00 
  24	 173/2.657280	324:61	05 00 00 00 00 00 00 00 00 00 00 00 00 00 00 00 
  25	 534/8.202240	62:417	05 00 00 00 00 00 00 00 
  26	 534/8.202240	2091:473	04 00 00 00 00 00 00 00 05 00 00 00 
  27	 534/8.202240	8001:578	
  28	 565/8.678400	62:417	07 00 00 00 00 00 00 00 
  29	 565/8.678400	2091:473	02 00 00 00 00 00 00 00 07 00 00 00 
  30	 565/8.678400	8001:593	
