	.text
	.syntax unified
	.eabi_attribute	67, "2.09"	@ Tag_conformance
	.cpu	cortex-m3
	.eabi_attribute	6, 10	@ Tag_CPU_arch
	.eabi_attribute	7, 77	@ Tag_CPU_arch_profile
	.eabi_attribute	8, 0	@ Tag_ARM_ISA_use
	.eabi_attribute	9, 2	@ Tag_THUMB_ISA_use
	.eabi_attribute	34, 1	@ Tag_CPU_unaligned_access
	.eabi_attribute	17, 1	@ Tag_ABI_PCS_GOT_use
	.eabi_attribute	20, 2	@ Tag_ABI_FP_denormal
	.eabi_attribute	21, 0	@ Tag_ABI_FP_exceptions
	.eabi_attribute	23, 1	@ Tag_ABI_FP_number_model
	.eabi_attribute	24, 1	@ Tag_ABI_align_needed
	.eabi_attribute	25, 1	@ Tag_ABI_align_preserved
	.eabi_attribute	38, 1	@ Tag_ABI_FP_16bit_format
	.eabi_attribute	18, 4	@ Tag_ABI_PCS_wchar_t
	.eabi_attribute	26, 2	@ Tag_ABI_enum_size
	.eabi_attribute	14, 0	@ Tag_ABI_PCS_R9_use
	.file	"binary_search.cpp"
	.file	1 "C:\\" "Keil_v5\\ARM\\ARMCLANG\\Bin\\..\\include\\stdint.h"
	.section	.text._ZN2ot12BinarySearch4FindEPKvS2_ttRFiS2_S2_E,"ax",%progbits
	.hidden	_ZN2ot12BinarySearch4FindEPKvS2_ttRFiS2_S2_E @ -- Begin function _ZN2ot12BinarySearch4FindEPKvS2_ttRFiS2_S2_E
	.globl	_ZN2ot12BinarySearch4FindEPKvS2_ttRFiS2_S2_E
	.p2align	1
	.type	_ZN2ot12BinarySearch4FindEPKvS2_ttRFiS2_S2_E,%function
	.code	16                              @ @_ZN2ot12BinarySearch4FindEPKvS2_ttRFiS2_S2_E
	.thumb_func
_ZN2ot12BinarySearch4FindEPKvS2_ttRFiS2_S2_E:
.Lfunc_begin0:
	.file	2 "C:\\Users\\testo\\Desktop\\rafael-iot-sdk-das -0515\\examples\\das_subg_thread\\keil" "../../../components/network/thread/subg_openthread/src/core/common/binary_search.cpp"
	.loc	2 45 0                          @ ../../../components/network/thread/subg_openthread/src/core/common/binary_search.cpp:45:0
	.fnstart
	.cfi_sections .debug_frame
	.cfi_startproc
@ %bb.0:
	@DEBUG_VALUE: Find:aKey <- $r0
	@DEBUG_VALUE: Find:aTable <- $r1
	@DEBUG_VALUE: Find:aLength <- $r2
	@DEBUG_VALUE: Find:aEntrySize <- $r3
	.save	{r4, r5, r6, r7, r8, r9, r10, r11, lr}
	push.w	{r4, r5, r6, r7, r8, r9, r10, r11, lr}
	.cfi_def_cfa_offset 36
	.cfi_offset lr, -4
	.cfi_offset r11, -8
	.cfi_offset r10, -12
	.cfi_offset r9, -16
	.cfi_offset r8, -20
	.cfi_offset r7, -24
	.cfi_offset r6, -28
	.cfi_offset r5, -32
	.cfi_offset r4, -36
	.pad	#4
	sub	sp, #4
	.cfi_def_cfa_offset 40
.Ltmp0:
	@DEBUG_VALUE: Find:aComparator <- [DW_OP_plus_uconst 40] [$sp+0]
	@DEBUG_VALUE: Find:right <- $r2
	mov	r8, r3
.Ltmp1:
	@DEBUG_VALUE: Find:aEntrySize <- $r8
	@DEBUG_VALUE: Find:aEntrySize <- $r8
	mov	r5, r2
.Ltmp2:
	@DEBUG_VALUE: Find:aLength <- $r5
	@DEBUG_VALUE: Find:aLength <- $r5
	mov	r10, r1
.Ltmp3:
	@DEBUG_VALUE: Find:aTable <- $r10
	@DEBUG_VALUE: Find:aTable <- $r10
	mov	r7, r0
.Ltmp4:
	@DEBUG_VALUE: Find:aKey <- $r7
	@DEBUG_VALUE: Find:aKey <- $r7
	movs	r6, #0
.Ltmp5:
	@DEBUG_VALUE: Find:left <- 0
	@DEBUG_VALUE: Find:right <- $r5
	.p2align	2
.LBB0_1:                                @ =>This Inner Loop Header: Depth=1
	@DEBUG_VALUE: Find:aTable <- $r10
	@DEBUG_VALUE: Find:aEntrySize <- $r8
	@DEBUG_VALUE: Find:aKey <- $r7
	@DEBUG_VALUE: Find:right <- $r5
	@DEBUG_VALUE: Find:aComparator <- [DW_OP_plus_uconst 40] [$sp+0]
	@DEBUG_VALUE: Find:right <- $r5
	@DEBUG_VALUE: Find:left <- $r6
	.loc	2 50 17 prologue_end            @ ../../../components/network/thread/subg_openthread/src/core/common/binary_search.cpp:50:17
	uxth	r0, r5
	uxth	r1, r6
	.loc	2 50 5 is_stmt 0                @ ../../../components/network/thread/subg_openthread/src/core/common/binary_search.cpp:50:5
	cmp	r1, r0
	bhs	.LBB0_3
.Ltmp6:
@ %bb.2:                                @   in Loop: Header=BB0_1 Depth=1
	@DEBUG_VALUE: Find:aTable <- $r10
	@DEBUG_VALUE: Find:aEntrySize <- $r8
	@DEBUG_VALUE: Find:aKey <- $r7
	@DEBUG_VALUE: Find:left <- $r6
	@DEBUG_VALUE: Find:right <- $r5
	@DEBUG_VALUE: Find:aComparator <- [DW_OP_plus_uconst 40] [$sp+0]
	.loc	2 52 33 is_stmt 1               @ ../../../components/network/thread/subg_openthread/src/core/common/binary_search.cpp:52:33
	add.w	r9, r0, r1
	.loc	2 52 42 is_stmt 0               @ ../../../components/network/thread/subg_openthread/src/core/common/binary_search.cpp:52:42
	lsr.w	r11, r9, #1
.Ltmp7:
	@DEBUG_VALUE: middle <- $r11
	.loc	2 64 59 is_stmt 1               @ ../../../components/network/thread/subg_openthread/src/core/common/binary_search.cpp:64:59
	mla	r4, r11, r8, r10
.Ltmp8:
	@DEBUG_VALUE: Find:entry <- $r4
	.loc	2 66 19                         @ ../../../components/network/thread/subg_openthread/src/core/common/binary_search.cpp:66:19
	ldr	r2, [sp, #40]
	mov	r0, r7
	mov	r1, r4
	blx	r2
.Ltmp9:
	@DEBUG_VALUE: compare <- $r0
	.loc	2 68 13                         @ ../../../components/network/thread/subg_openthread/src/core/common/binary_search.cpp:68:13
	cmp	r0, #0
	mov.w	r1, #1
	it	gt
	addgt.w	r6, r1, r9, lsr #1
.Ltmp10:
	cmp.w	r0, #-1
	it	le
	movle	r5, r11
.Ltmp11:
	@DEBUG_VALUE: middle <- $r5
	@DEBUG_VALUE: middle <- $r5
	@DEBUG_VALUE: Find:aLength <- [DW_OP_LLVM_entry_value 1] $r2
	@DEBUG_VALUE: Find:left <- undef
	@DEBUG_VALUE: Find:right <- $r5
	.loc	2 0 13 is_stmt 0                @ ../../../components/network/thread/subg_openthread/src/core/common/binary_search.cpp:0:13
	cmp	r0, #0
	bne	.LBB0_1
	b	.LBB0_4
.Ltmp12:
.LBB0_3:
	@DEBUG_VALUE: Find:aTable <- $r10
	@DEBUG_VALUE: Find:aEntrySize <- $r8
	@DEBUG_VALUE: Find:aKey <- $r7
	@DEBUG_VALUE: Find:left <- $r6
	@DEBUG_VALUE: Find:right <- $r5
	@DEBUG_VALUE: Find:aComparator <- [DW_OP_plus_uconst 40] [$sp+0]
	movs	r4, #0
.Ltmp13:
.LBB0_4:
	@DEBUG_VALUE: Find:aTable <- $r10
	@DEBUG_VALUE: Find:aEntrySize <- $r8
	@DEBUG_VALUE: Find:aKey <- $r7
	@DEBUG_VALUE: Find:right <- $r5
	@DEBUG_VALUE: Find:aComparator <- [DW_OP_plus_uconst 40] [$sp+0]
	.loc	2 86 1 is_stmt 1                @ ../../../components/network/thread/subg_openthread/src/core/common/binary_search.cpp:86:1
	mov	r0, r4
	add	sp, #4
	pop.w	{r4, r5, r6, r7, r8, r9, r10, r11, pc}
.Ltmp14:
.Lfunc_end0:
	.size	_ZN2ot12BinarySearch4FindEPKvS2_ttRFiS2_S2_E, .Lfunc_end0-_ZN2ot12BinarySearch4FindEPKvS2_ttRFiS2_S2_E
	.cfi_endproc
	.file	3 "C:\\Users\\testo\\Desktop\\rafael-iot-sdk-das -0515\\examples\\das_subg_thread\\keil" "../../../components/network/thread/subg_openthread/src/core/common/binary_search.hpp"
	.cantunwind
	.fnend
                                        @ -- End function
	.section	.debug_loc,"",%progbits
.Ldebug_loc0:
	.long	.Lfunc_begin0-.Lfunc_begin0
	.long	.Ltmp4-.Lfunc_begin0
	.short	1                               @ Loc expr size
	.byte	80                              @ DW_OP_reg0
	.long	.Ltmp4-.Lfunc_begin0
	.long	.Ltmp14-.Lfunc_begin0
	.short	1                               @ Loc expr size
	.byte	87                              @ DW_OP_reg7
	.long	0
	.long	0
.Ldebug_loc1:
	.long	.Lfunc_begin0-.Lfunc_begin0
	.long	.Ltmp3-.Lfunc_begin0
	.short	1                               @ Loc expr size
	.byte	81                              @ DW_OP_reg1
	.long	.Ltmp3-.Lfunc_begin0
	.long	.Ltmp14-.Lfunc_begin0
	.short	1                               @ Loc expr size
	.byte	90                              @ DW_OP_reg10
	.long	0
	.long	0
.Ldebug_loc2:
	.long	.Lfunc_begin0-.Lfunc_begin0
	.long	.Ltmp2-.Lfunc_begin0
	.short	1                               @ Loc expr size
	.byte	82                              @ DW_OP_reg2
	.long	.Ltmp2-.Lfunc_begin0
	.long	.Ltmp5-.Lfunc_begin0
	.short	1                               @ Loc expr size
	.byte	85                              @ DW_OP_reg5
	.long	.Ltmp11-.Lfunc_begin0
	.long	.Ltmp12-.Lfunc_begin0
	.short	4                               @ Loc expr size
	.byte	243                             @ DW_OP_GNU_entry_value
	.byte	1                               @ 1
	.byte	82                              @ DW_OP_reg2
	.byte	159                             @ DW_OP_stack_value
	.long	0
	.long	0
.Ldebug_loc3:
	.long	.Lfunc_begin0-.Lfunc_begin0
	.long	.Ltmp1-.Lfunc_begin0
	.short	1                               @ Loc expr size
	.byte	83                              @ DW_OP_reg3
	.long	.Ltmp1-.Lfunc_begin0
	.long	.Ltmp14-.Lfunc_begin0
	.short	1                               @ Loc expr size
	.byte	88                              @ DW_OP_reg8
	.long	0
	.long	0
.Ldebug_loc4:
	.long	.Ltmp0-.Lfunc_begin0
	.long	.Ltmp5-.Lfunc_begin0
	.short	1                               @ Loc expr size
	.byte	82                              @ DW_OP_reg2
	.long	.Ltmp5-.Lfunc_begin0
	.long	.Ltmp14-.Lfunc_begin0
	.short	1                               @ Loc expr size
	.byte	85                              @ DW_OP_reg5
	.long	0
	.long	0
.Ldebug_loc5:
	.long	.Ltmp5-.Lfunc_begin0
	.long	.Ltmp10-.Lfunc_begin0
	.short	1                               @ Loc expr size
	.byte	86                              @ DW_OP_reg6
	.long	.Ltmp12-.Lfunc_begin0
	.long	.Ltmp13-.Lfunc_begin0
	.short	1                               @ Loc expr size
	.byte	86                              @ DW_OP_reg6
	.long	0
	.long	0
.Ldebug_loc6:
	.long	.Ltmp7-.Lfunc_begin0
	.long	.Ltmp11-.Lfunc_begin0
	.short	1                               @ Loc expr size
	.byte	91                              @ DW_OP_reg11
	.long	.Ltmp11-.Lfunc_begin0
	.long	.Ltmp12-.Lfunc_begin0
	.short	1                               @ Loc expr size
	.byte	85                              @ DW_OP_reg5
	.long	0
	.long	0
.Ldebug_loc7:
	.long	.Ltmp8-.Lfunc_begin0
	.long	.Ltmp12-.Lfunc_begin0
	.short	1                               @ Loc expr size
	.byte	84                              @ DW_OP_reg4
	.long	0
	.long	0
.Ldebug_loc8:
	.long	.Ltmp9-.Lfunc_begin0
	.long	.Ltmp12-.Lfunc_begin0
	.short	1                               @ Loc expr size
	.byte	80                              @ DW_OP_reg0
	.long	0
	.long	0
	.section	.debug_abbrev,"",%progbits
	.byte	1                               @ Abbreviation Code
	.byte	17                              @ DW_TAG_compile_unit
	.byte	1                               @ DW_CHILDREN_yes
	.byte	37                              @ DW_AT_producer
	.byte	14                              @ DW_FORM_strp
	.byte	19                              @ DW_AT_language
	.byte	5                               @ DW_FORM_data2
	.byte	3                               @ DW_AT_name
	.byte	14                              @ DW_FORM_strp
	.byte	16                              @ DW_AT_stmt_list
	.byte	23                              @ DW_FORM_sec_offset
	.byte	27                              @ DW_AT_comp_dir
	.byte	14                              @ DW_FORM_strp
	.byte	17                              @ DW_AT_low_pc
	.byte	1                               @ DW_FORM_addr
	.byte	18                              @ DW_AT_high_pc
	.byte	6                               @ DW_FORM_data4
	.byte	0                               @ EOM(1)
	.byte	0                               @ EOM(2)
	.byte	2                               @ Abbreviation Code
	.byte	15                              @ DW_TAG_pointer_type
	.byte	0                               @ DW_CHILDREN_no
	.byte	73                              @ DW_AT_type
	.byte	19                              @ DW_FORM_ref4
	.byte	0                               @ EOM(1)
	.byte	0                               @ EOM(2)
	.byte	3                               @ Abbreviation Code
	.byte	38                              @ DW_TAG_const_type
	.byte	0                               @ DW_CHILDREN_no
	.byte	73                              @ DW_AT_type
	.byte	19                              @ DW_FORM_ref4
	.byte	0                               @ EOM(1)
	.byte	0                               @ EOM(2)
	.byte	4                               @ Abbreviation Code
	.byte	22                              @ DW_TAG_typedef
	.byte	0                               @ DW_CHILDREN_no
	.byte	73                              @ DW_AT_type
	.byte	19                              @ DW_FORM_ref4
	.byte	3                               @ DW_AT_name
	.byte	14                              @ DW_FORM_strp
	.byte	58                              @ DW_AT_decl_file
	.byte	11                              @ DW_FORM_data1
	.byte	59                              @ DW_AT_decl_line
	.byte	11                              @ DW_FORM_data1
	.byte	0                               @ EOM(1)
	.byte	0                               @ EOM(2)
	.byte	5                               @ Abbreviation Code
	.byte	36                              @ DW_TAG_base_type
	.byte	0                               @ DW_CHILDREN_no
	.byte	3                               @ DW_AT_name
	.byte	14                              @ DW_FORM_strp
	.byte	62                              @ DW_AT_encoding
	.byte	11                              @ DW_FORM_data1
	.byte	11                              @ DW_AT_byte_size
	.byte	11                              @ DW_FORM_data1
	.byte	0                               @ EOM(1)
	.byte	0                               @ EOM(2)
	.byte	6                               @ Abbreviation Code
	.byte	8                               @ DW_TAG_imported_declaration
	.byte	0                               @ DW_CHILDREN_no
	.byte	58                              @ DW_AT_decl_file
	.byte	11                              @ DW_FORM_data1
	.byte	59                              @ DW_AT_decl_line
	.byte	5                               @ DW_FORM_data2
	.byte	24                              @ DW_AT_import
	.byte	19                              @ DW_FORM_ref4
	.byte	0                               @ EOM(1)
	.byte	0                               @ EOM(2)
	.byte	7                               @ Abbreviation Code
	.byte	57                              @ DW_TAG_namespace
	.byte	1                               @ DW_CHILDREN_yes
	.byte	3                               @ DW_AT_name
	.byte	14                              @ DW_FORM_strp
	.byte	0                               @ EOM(1)
	.byte	0                               @ EOM(2)
	.byte	8                               @ Abbreviation Code
	.byte	2                               @ DW_TAG_class_type
	.byte	1                               @ DW_CHILDREN_yes
	.byte	54                              @ DW_AT_calling_convention
	.byte	11                              @ DW_FORM_data1
	.byte	3                               @ DW_AT_name
	.byte	14                              @ DW_FORM_strp
	.byte	11                              @ DW_AT_byte_size
	.byte	11                              @ DW_FORM_data1
	.byte	58                              @ DW_AT_decl_file
	.byte	11                              @ DW_FORM_data1
	.byte	59                              @ DW_AT_decl_line
	.byte	11                              @ DW_FORM_data1
	.byte	0                               @ EOM(1)
	.byte	0                               @ EOM(2)
	.byte	9                               @ Abbreviation Code
	.byte	46                              @ DW_TAG_subprogram
	.byte	1                               @ DW_CHILDREN_yes
	.byte	110                             @ DW_AT_linkage_name
	.byte	14                              @ DW_FORM_strp
	.byte	3                               @ DW_AT_name
	.byte	14                              @ DW_FORM_strp
	.byte	58                              @ DW_AT_decl_file
	.byte	11                              @ DW_FORM_data1
	.byte	59                              @ DW_AT_decl_line
	.byte	11                              @ DW_FORM_data1
	.byte	73                              @ DW_AT_type
	.byte	19                              @ DW_FORM_ref4
	.byte	60                              @ DW_AT_declaration
	.byte	25                              @ DW_FORM_flag_present
	.byte	63                              @ DW_AT_external
	.byte	25                              @ DW_FORM_flag_present
	.byte	0                               @ EOM(1)
	.byte	0                               @ EOM(2)
	.byte	10                              @ Abbreviation Code
	.byte	5                               @ DW_TAG_formal_parameter
	.byte	0                               @ DW_CHILDREN_no
	.byte	73                              @ DW_AT_type
	.byte	19                              @ DW_FORM_ref4
	.byte	0                               @ EOM(1)
	.byte	0                               @ EOM(2)
	.byte	11                              @ Abbreviation Code
	.byte	38                              @ DW_TAG_const_type
	.byte	0                               @ DW_CHILDREN_no
	.byte	0                               @ EOM(1)
	.byte	0                               @ EOM(2)
	.byte	12                              @ Abbreviation Code
	.byte	16                              @ DW_TAG_reference_type
	.byte	0                               @ DW_CHILDREN_no
	.byte	73                              @ DW_AT_type
	.byte	19                              @ DW_FORM_ref4
	.byte	0                               @ EOM(1)
	.byte	0                               @ EOM(2)
	.byte	13                              @ Abbreviation Code
	.byte	21                              @ DW_TAG_subroutine_type
	.byte	1                               @ DW_CHILDREN_yes
	.byte	73                              @ DW_AT_type
	.byte	19                              @ DW_FORM_ref4
	.byte	0                               @ EOM(1)
	.byte	0                               @ EOM(2)
	.byte	14                              @ Abbreviation Code
	.byte	46                              @ DW_TAG_subprogram
	.byte	1                               @ DW_CHILDREN_yes
	.byte	17                              @ DW_AT_low_pc
	.byte	1                               @ DW_FORM_addr
	.byte	18                              @ DW_AT_high_pc
	.byte	6                               @ DW_FORM_data4
	.byte	64                              @ DW_AT_frame_base
	.byte	24                              @ DW_FORM_exprloc
	.ascii	"\227B"                         @ DW_AT_GNU_all_call_sites
	.byte	25                              @ DW_FORM_flag_present
	.byte	58                              @ DW_AT_decl_file
	.byte	11                              @ DW_FORM_data1
	.byte	59                              @ DW_AT_decl_line
	.byte	11                              @ DW_FORM_data1
	.byte	71                              @ DW_AT_specification
	.byte	19                              @ DW_FORM_ref4
	.byte	0                               @ EOM(1)
	.byte	0                               @ EOM(2)
	.byte	15                              @ Abbreviation Code
	.byte	5                               @ DW_TAG_formal_parameter
	.byte	0                               @ DW_CHILDREN_no
	.byte	2                               @ DW_AT_location
	.byte	23                              @ DW_FORM_sec_offset
	.byte	3                               @ DW_AT_name
	.byte	14                              @ DW_FORM_strp
	.byte	58                              @ DW_AT_decl_file
	.byte	11                              @ DW_FORM_data1
	.byte	59                              @ DW_AT_decl_line
	.byte	11                              @ DW_FORM_data1
	.byte	73                              @ DW_AT_type
	.byte	19                              @ DW_FORM_ref4
	.byte	0                               @ EOM(1)
	.byte	0                               @ EOM(2)
	.byte	16                              @ Abbreviation Code
	.byte	5                               @ DW_TAG_formal_parameter
	.byte	0                               @ DW_CHILDREN_no
	.byte	2                               @ DW_AT_location
	.byte	24                              @ DW_FORM_exprloc
	.byte	3                               @ DW_AT_name
	.byte	14                              @ DW_FORM_strp
	.byte	58                              @ DW_AT_decl_file
	.byte	11                              @ DW_FORM_data1
	.byte	59                              @ DW_AT_decl_line
	.byte	11                              @ DW_FORM_data1
	.byte	73                              @ DW_AT_type
	.byte	19                              @ DW_FORM_ref4
	.byte	0                               @ EOM(1)
	.byte	0                               @ EOM(2)
	.byte	17                              @ Abbreviation Code
	.byte	52                              @ DW_TAG_variable
	.byte	0                               @ DW_CHILDREN_no
	.byte	2                               @ DW_AT_location
	.byte	23                              @ DW_FORM_sec_offset
	.byte	3                               @ DW_AT_name
	.byte	14                              @ DW_FORM_strp
	.byte	58                              @ DW_AT_decl_file
	.byte	11                              @ DW_FORM_data1
	.byte	59                              @ DW_AT_decl_line
	.byte	11                              @ DW_FORM_data1
	.byte	73                              @ DW_AT_type
	.byte	19                              @ DW_FORM_ref4
	.byte	0                               @ EOM(1)
	.byte	0                               @ EOM(2)
	.byte	18                              @ Abbreviation Code
	.byte	10                              @ DW_TAG_label
	.byte	0                               @ DW_CHILDREN_no
	.byte	3                               @ DW_AT_name
	.byte	14                              @ DW_FORM_strp
	.byte	58                              @ DW_AT_decl_file
	.byte	11                              @ DW_FORM_data1
	.byte	59                              @ DW_AT_decl_line
	.byte	11                              @ DW_FORM_data1
	.byte	0                               @ EOM(1)
	.byte	0                               @ EOM(2)
	.byte	19                              @ Abbreviation Code
	.byte	11                              @ DW_TAG_lexical_block
	.byte	1                               @ DW_CHILDREN_yes
	.byte	17                              @ DW_AT_low_pc
	.byte	1                               @ DW_FORM_addr
	.byte	18                              @ DW_AT_high_pc
	.byte	6                               @ DW_FORM_data4
	.byte	0                               @ EOM(1)
	.byte	0                               @ EOM(2)
	.byte	0                               @ EOM(3)
	.section	.debug_info,"",%progbits
.Lcu_begin0:
	.long	.Ldebug_info_end0-.Ldebug_info_start0 @ Length of Unit
.Ldebug_info_start0:
	.short	4                               @ DWARF version number
	.long	.debug_abbrev                   @ Offset Into Abbrev. Section
	.byte	4                               @ Address Size (in bytes)
	.byte	1                               @ Abbrev [1] 0xb:0x389 DW_TAG_compile_unit
	.long	.Linfo_string0                  @ DW_AT_producer
	.short	26                              @ DW_AT_language
	.long	.Linfo_string1                  @ DW_AT_name
	.long	.Lline_table_start0             @ DW_AT_stmt_list
	.long	.Linfo_string2                  @ DW_AT_comp_dir
	.long	.Lfunc_begin0                   @ DW_AT_low_pc
	.long	.Lfunc_end0-.Lfunc_begin0       @ DW_AT_high_pc
	.byte	2                               @ Abbrev [2] 0x26:0x5 DW_TAG_pointer_type
	.long	43                              @ DW_AT_type
	.byte	3                               @ Abbrev [3] 0x2b:0x5 DW_TAG_const_type
	.long	48                              @ DW_AT_type
	.byte	4                               @ Abbrev [4] 0x30:0xb DW_TAG_typedef
	.long	59                              @ DW_AT_type
	.long	.Linfo_string4                  @ DW_AT_name
	.byte	1                               @ DW_AT_decl_file
	.byte	62                              @ DW_AT_decl_line
	.byte	5                               @ Abbrev [5] 0x3b:0x7 DW_TAG_base_type
	.long	.Linfo_string3                  @ DW_AT_name
	.byte	8                               @ DW_AT_encoding
	.byte	1                               @ DW_AT_byte_size
	.byte	4                               @ Abbrev [4] 0x42:0xb DW_TAG_typedef
	.long	77                              @ DW_AT_type
	.long	.Linfo_string6                  @ DW_AT_name
	.byte	1                               @ DW_AT_decl_file
	.byte	56                              @ DW_AT_decl_line
	.byte	5                               @ Abbrev [5] 0x4d:0x7 DW_TAG_base_type
	.long	.Linfo_string5                  @ DW_AT_name
	.byte	6                               @ DW_AT_encoding
	.byte	1                               @ DW_AT_byte_size
	.byte	6                               @ Abbrev [6] 0x54:0x8 DW_TAG_imported_declaration
	.byte	1                               @ DW_AT_decl_file
	.short	275                             @ DW_AT_decl_line
	.long	66                              @ DW_AT_import
	.byte	4                               @ Abbrev [4] 0x5c:0xb DW_TAG_typedef
	.long	103                             @ DW_AT_type
	.long	.Linfo_string8                  @ DW_AT_name
	.byte	1                               @ DW_AT_decl_file
	.byte	57                              @ DW_AT_decl_line
	.byte	5                               @ Abbrev [5] 0x67:0x7 DW_TAG_base_type
	.long	.Linfo_string7                  @ DW_AT_name
	.byte	5                               @ DW_AT_encoding
	.byte	2                               @ DW_AT_byte_size
	.byte	6                               @ Abbrev [6] 0x6e:0x8 DW_TAG_imported_declaration
	.byte	1                               @ DW_AT_decl_file
	.short	276                             @ DW_AT_decl_line
	.long	92                              @ DW_AT_import
	.byte	4                               @ Abbrev [4] 0x76:0xb DW_TAG_typedef
	.long	129                             @ DW_AT_type
	.long	.Linfo_string10                 @ DW_AT_name
	.byte	1                               @ DW_AT_decl_file
	.byte	58                              @ DW_AT_decl_line
	.byte	5                               @ Abbrev [5] 0x81:0x7 DW_TAG_base_type
	.long	.Linfo_string9                  @ DW_AT_name
	.byte	5                               @ DW_AT_encoding
	.byte	4                               @ DW_AT_byte_size
	.byte	6                               @ Abbrev [6] 0x88:0x8 DW_TAG_imported_declaration
	.byte	1                               @ DW_AT_decl_file
	.short	277                             @ DW_AT_decl_line
	.long	118                             @ DW_AT_import
	.byte	4                               @ Abbrev [4] 0x90:0xb DW_TAG_typedef
	.long	155                             @ DW_AT_type
	.long	.Linfo_string12                 @ DW_AT_name
	.byte	1                               @ DW_AT_decl_file
	.byte	59                              @ DW_AT_decl_line
	.byte	5                               @ Abbrev [5] 0x9b:0x7 DW_TAG_base_type
	.long	.Linfo_string11                 @ DW_AT_name
	.byte	5                               @ DW_AT_encoding
	.byte	8                               @ DW_AT_byte_size
	.byte	6                               @ Abbrev [6] 0xa2:0x8 DW_TAG_imported_declaration
	.byte	1                               @ DW_AT_decl_file
	.short	278                             @ DW_AT_decl_line
	.long	144                             @ DW_AT_import
	.byte	6                               @ Abbrev [6] 0xaa:0x8 DW_TAG_imported_declaration
	.byte	1                               @ DW_AT_decl_file
	.short	279                             @ DW_AT_decl_line
	.long	48                              @ DW_AT_import
	.byte	4                               @ Abbrev [4] 0xb2:0xb DW_TAG_typedef
	.long	189                             @ DW_AT_type
	.long	.Linfo_string14                 @ DW_AT_name
	.byte	1                               @ DW_AT_decl_file
	.byte	63                              @ DW_AT_decl_line
	.byte	5                               @ Abbrev [5] 0xbd:0x7 DW_TAG_base_type
	.long	.Linfo_string13                 @ DW_AT_name
	.byte	7                               @ DW_AT_encoding
	.byte	2                               @ DW_AT_byte_size
	.byte	6                               @ Abbrev [6] 0xc4:0x8 DW_TAG_imported_declaration
	.byte	1                               @ DW_AT_decl_file
	.short	280                             @ DW_AT_decl_line
	.long	178                             @ DW_AT_import
	.byte	4                               @ Abbrev [4] 0xcc:0xb DW_TAG_typedef
	.long	215                             @ DW_AT_type
	.long	.Linfo_string16                 @ DW_AT_name
	.byte	1                               @ DW_AT_decl_file
	.byte	64                              @ DW_AT_decl_line
	.byte	5                               @ Abbrev [5] 0xd7:0x7 DW_TAG_base_type
	.long	.Linfo_string15                 @ DW_AT_name
	.byte	7                               @ DW_AT_encoding
	.byte	4                               @ DW_AT_byte_size
	.byte	6                               @ Abbrev [6] 0xde:0x8 DW_TAG_imported_declaration
	.byte	1                               @ DW_AT_decl_file
	.short	281                             @ DW_AT_decl_line
	.long	204                             @ DW_AT_import
	.byte	4                               @ Abbrev [4] 0xe6:0xb DW_TAG_typedef
	.long	241                             @ DW_AT_type
	.long	.Linfo_string18                 @ DW_AT_name
	.byte	1                               @ DW_AT_decl_file
	.byte	65                              @ DW_AT_decl_line
	.byte	5                               @ Abbrev [5] 0xf1:0x7 DW_TAG_base_type
	.long	.Linfo_string17                 @ DW_AT_name
	.byte	7                               @ DW_AT_encoding
	.byte	8                               @ DW_AT_byte_size
	.byte	6                               @ Abbrev [6] 0xf8:0x8 DW_TAG_imported_declaration
	.byte	1                               @ DW_AT_decl_file
	.short	282                             @ DW_AT_decl_line
	.long	230                             @ DW_AT_import
	.byte	4                               @ Abbrev [4] 0x100:0xb DW_TAG_typedef
	.long	77                              @ DW_AT_type
	.long	.Linfo_string19                 @ DW_AT_name
	.byte	1                               @ DW_AT_decl_file
	.byte	71                              @ DW_AT_decl_line
	.byte	6                               @ Abbrev [6] 0x10b:0x8 DW_TAG_imported_declaration
	.byte	1                               @ DW_AT_decl_file
	.short	283                             @ DW_AT_decl_line
	.long	256                             @ DW_AT_import
	.byte	4                               @ Abbrev [4] 0x113:0xb DW_TAG_typedef
	.long	103                             @ DW_AT_type
	.long	.Linfo_string20                 @ DW_AT_name
	.byte	1                               @ DW_AT_decl_file
	.byte	72                              @ DW_AT_decl_line
	.byte	6                               @ Abbrev [6] 0x11e:0x8 DW_TAG_imported_declaration
	.byte	1                               @ DW_AT_decl_file
	.short	284                             @ DW_AT_decl_line
	.long	275                             @ DW_AT_import
	.byte	4                               @ Abbrev [4] 0x126:0xb DW_TAG_typedef
	.long	129                             @ DW_AT_type
	.long	.Linfo_string21                 @ DW_AT_name
	.byte	1                               @ DW_AT_decl_file
	.byte	73                              @ DW_AT_decl_line
	.byte	6                               @ Abbrev [6] 0x131:0x8 DW_TAG_imported_declaration
	.byte	1                               @ DW_AT_decl_file
	.short	285                             @ DW_AT_decl_line
	.long	294                             @ DW_AT_import
	.byte	4                               @ Abbrev [4] 0x139:0xb DW_TAG_typedef
	.long	155                             @ DW_AT_type
	.long	.Linfo_string22                 @ DW_AT_name
	.byte	1                               @ DW_AT_decl_file
	.byte	74                              @ DW_AT_decl_line
	.byte	6                               @ Abbrev [6] 0x144:0x8 DW_TAG_imported_declaration
	.byte	1                               @ DW_AT_decl_file
	.short	286                             @ DW_AT_decl_line
	.long	313                             @ DW_AT_import
	.byte	4                               @ Abbrev [4] 0x14c:0xb DW_TAG_typedef
	.long	59                              @ DW_AT_type
	.long	.Linfo_string23                 @ DW_AT_name
	.byte	1                               @ DW_AT_decl_file
	.byte	77                              @ DW_AT_decl_line
	.byte	6                               @ Abbrev [6] 0x157:0x8 DW_TAG_imported_declaration
	.byte	1                               @ DW_AT_decl_file
	.short	287                             @ DW_AT_decl_line
	.long	332                             @ DW_AT_import
	.byte	4                               @ Abbrev [4] 0x15f:0xb DW_TAG_typedef
	.long	189                             @ DW_AT_type
	.long	.Linfo_string24                 @ DW_AT_name
	.byte	1                               @ DW_AT_decl_file
	.byte	78                              @ DW_AT_decl_line
	.byte	6                               @ Abbrev [6] 0x16a:0x8 DW_TAG_imported_declaration
	.byte	1                               @ DW_AT_decl_file
	.short	288                             @ DW_AT_decl_line
	.long	351                             @ DW_AT_import
	.byte	4                               @ Abbrev [4] 0x172:0xb DW_TAG_typedef
	.long	215                             @ DW_AT_type
	.long	.Linfo_string25                 @ DW_AT_name
	.byte	1                               @ DW_AT_decl_file
	.byte	79                              @ DW_AT_decl_line
	.byte	6                               @ Abbrev [6] 0x17d:0x8 DW_TAG_imported_declaration
	.byte	1                               @ DW_AT_decl_file
	.short	289                             @ DW_AT_decl_line
	.long	370                             @ DW_AT_import
	.byte	4                               @ Abbrev [4] 0x185:0xb DW_TAG_typedef
	.long	241                             @ DW_AT_type
	.long	.Linfo_string26                 @ DW_AT_name
	.byte	1                               @ DW_AT_decl_file
	.byte	80                              @ DW_AT_decl_line
	.byte	6                               @ Abbrev [6] 0x190:0x8 DW_TAG_imported_declaration
	.byte	1                               @ DW_AT_decl_file
	.short	290                             @ DW_AT_decl_line
	.long	389                             @ DW_AT_import
	.byte	4                               @ Abbrev [4] 0x198:0xb DW_TAG_typedef
	.long	129                             @ DW_AT_type
	.long	.Linfo_string27                 @ DW_AT_name
	.byte	1                               @ DW_AT_decl_file
	.byte	85                              @ DW_AT_decl_line
	.byte	6                               @ Abbrev [6] 0x1a3:0x8 DW_TAG_imported_declaration
	.byte	1                               @ DW_AT_decl_file
	.short	291                             @ DW_AT_decl_line
	.long	408                             @ DW_AT_import
	.byte	4                               @ Abbrev [4] 0x1ab:0xb DW_TAG_typedef
	.long	129                             @ DW_AT_type
	.long	.Linfo_string28                 @ DW_AT_name
	.byte	1                               @ DW_AT_decl_file
	.byte	86                              @ DW_AT_decl_line
	.byte	6                               @ Abbrev [6] 0x1b6:0x8 DW_TAG_imported_declaration
	.byte	1                               @ DW_AT_decl_file
	.short	292                             @ DW_AT_decl_line
	.long	427                             @ DW_AT_import
	.byte	4                               @ Abbrev [4] 0x1be:0xb DW_TAG_typedef
	.long	129                             @ DW_AT_type
	.long	.Linfo_string29                 @ DW_AT_name
	.byte	1                               @ DW_AT_decl_file
	.byte	87                              @ DW_AT_decl_line
	.byte	6                               @ Abbrev [6] 0x1c9:0x8 DW_TAG_imported_declaration
	.byte	1                               @ DW_AT_decl_file
	.short	293                             @ DW_AT_decl_line
	.long	446                             @ DW_AT_import
	.byte	4                               @ Abbrev [4] 0x1d1:0xb DW_TAG_typedef
	.long	155                             @ DW_AT_type
	.long	.Linfo_string30                 @ DW_AT_name
	.byte	1                               @ DW_AT_decl_file
	.byte	88                              @ DW_AT_decl_line
	.byte	6                               @ Abbrev [6] 0x1dc:0x8 DW_TAG_imported_declaration
	.byte	1                               @ DW_AT_decl_file
	.short	294                             @ DW_AT_decl_line
	.long	465                             @ DW_AT_import
	.byte	4                               @ Abbrev [4] 0x1e4:0xb DW_TAG_typedef
	.long	215                             @ DW_AT_type
	.long	.Linfo_string31                 @ DW_AT_name
	.byte	1                               @ DW_AT_decl_file
	.byte	91                              @ DW_AT_decl_line
	.byte	6                               @ Abbrev [6] 0x1ef:0x8 DW_TAG_imported_declaration
	.byte	1                               @ DW_AT_decl_file
	.short	295                             @ DW_AT_decl_line
	.long	484                             @ DW_AT_import
	.byte	4                               @ Abbrev [4] 0x1f7:0xb DW_TAG_typedef
	.long	215                             @ DW_AT_type
	.long	.Linfo_string32                 @ DW_AT_name
	.byte	1                               @ DW_AT_decl_file
	.byte	92                              @ DW_AT_decl_line
	.byte	6                               @ Abbrev [6] 0x202:0x8 DW_TAG_imported_declaration
	.byte	1                               @ DW_AT_decl_file
	.short	296                             @ DW_AT_decl_line
	.long	503                             @ DW_AT_import
	.byte	4                               @ Abbrev [4] 0x20a:0xb DW_TAG_typedef
	.long	215                             @ DW_AT_type
	.long	.Linfo_string33                 @ DW_AT_name
	.byte	1                               @ DW_AT_decl_file
	.byte	93                              @ DW_AT_decl_line
	.byte	6                               @ Abbrev [6] 0x215:0x8 DW_TAG_imported_declaration
	.byte	1                               @ DW_AT_decl_file
	.short	297                             @ DW_AT_decl_line
	.long	522                             @ DW_AT_import
	.byte	4                               @ Abbrev [4] 0x21d:0xb DW_TAG_typedef
	.long	241                             @ DW_AT_type
	.long	.Linfo_string34                 @ DW_AT_name
	.byte	1                               @ DW_AT_decl_file
	.byte	94                              @ DW_AT_decl_line
	.byte	6                               @ Abbrev [6] 0x228:0x8 DW_TAG_imported_declaration
	.byte	1                               @ DW_AT_decl_file
	.short	298                             @ DW_AT_decl_line
	.long	541                             @ DW_AT_import
	.byte	4                               @ Abbrev [4] 0x230:0xb DW_TAG_typedef
	.long	129                             @ DW_AT_type
	.long	.Linfo_string35                 @ DW_AT_name
	.byte	1                               @ DW_AT_decl_file
	.byte	101                             @ DW_AT_decl_line
	.byte	6                               @ Abbrev [6] 0x23b:0x8 DW_TAG_imported_declaration
	.byte	1                               @ DW_AT_decl_file
	.short	299                             @ DW_AT_decl_line
	.long	560                             @ DW_AT_import
	.byte	4                               @ Abbrev [4] 0x243:0xb DW_TAG_typedef
	.long	215                             @ DW_AT_type
	.long	.Linfo_string36                 @ DW_AT_name
	.byte	1                               @ DW_AT_decl_file
	.byte	102                             @ DW_AT_decl_line
	.byte	6                               @ Abbrev [6] 0x24e:0x8 DW_TAG_imported_declaration
	.byte	1                               @ DW_AT_decl_file
	.short	300                             @ DW_AT_decl_line
	.long	579                             @ DW_AT_import
	.byte	4                               @ Abbrev [4] 0x256:0xb DW_TAG_typedef
	.long	155                             @ DW_AT_type
	.long	.Linfo_string37                 @ DW_AT_name
	.byte	1                               @ DW_AT_decl_file
	.byte	106                             @ DW_AT_decl_line
	.byte	6                               @ Abbrev [6] 0x261:0x8 DW_TAG_imported_declaration
	.byte	1                               @ DW_AT_decl_file
	.short	301                             @ DW_AT_decl_line
	.long	598                             @ DW_AT_import
	.byte	4                               @ Abbrev [4] 0x269:0xb DW_TAG_typedef
	.long	241                             @ DW_AT_type
	.long	.Linfo_string38                 @ DW_AT_name
	.byte	1                               @ DW_AT_decl_file
	.byte	107                             @ DW_AT_decl_line
	.byte	6                               @ Abbrev [6] 0x274:0x8 DW_TAG_imported_declaration
	.byte	1                               @ DW_AT_decl_file
	.short	302                             @ DW_AT_decl_line
	.long	617                             @ DW_AT_import
	.byte	7                               @ Abbrev [7] 0x27c:0x44 DW_TAG_namespace
	.long	.Linfo_string39                 @ DW_AT_name
	.byte	8                               @ Abbrev [8] 0x281:0x3e DW_TAG_class_type
	.byte	5                               @ DW_AT_calling_convention
	.long	.Linfo_string43                 @ DW_AT_name
	.byte	1                               @ DW_AT_byte_size
	.byte	3                               @ DW_AT_decl_file
	.byte	43                              @ DW_AT_decl_line
	.byte	9                               @ Abbrev [9] 0x28a:0x29 DW_TAG_subprogram
	.long	.Linfo_string40                 @ DW_AT_linkage_name
	.long	.Linfo_string41                 @ DW_AT_name
	.byte	3                               @ DW_AT_decl_file
	.byte	118                             @ DW_AT_decl_line
	.long	704                             @ DW_AT_type
                                        @ DW_AT_declaration
                                        @ DW_AT_external
	.byte	10                              @ Abbrev [10] 0x299:0x5 DW_TAG_formal_parameter
	.long	704                             @ DW_AT_type
	.byte	10                              @ Abbrev [10] 0x29e:0x5 DW_TAG_formal_parameter
	.long	704                             @ DW_AT_type
	.byte	10                              @ Abbrev [10] 0x2a3:0x5 DW_TAG_formal_parameter
	.long	178                             @ DW_AT_type
	.byte	10                              @ Abbrev [10] 0x2a8:0x5 DW_TAG_formal_parameter
	.long	178                             @ DW_AT_type
	.byte	10                              @ Abbrev [10] 0x2ad:0x5 DW_TAG_formal_parameter
	.long	691                             @ DW_AT_type
	.byte	0                               @ End Of Children Mark
	.byte	4                               @ Abbrev [4] 0x2b3:0xb DW_TAG_typedef
	.long	710                             @ DW_AT_type
	.long	.Linfo_string42                 @ DW_AT_name
	.byte	3                               @ DW_AT_decl_file
	.byte	106                             @ DW_AT_decl_line
	.byte	0                               @ End Of Children Mark
	.byte	0                               @ End Of Children Mark
	.byte	2                               @ Abbrev [2] 0x2c0:0x5 DW_TAG_pointer_type
	.long	709                             @ DW_AT_type
	.byte	11                              @ Abbrev [11] 0x2c5:0x1 DW_TAG_const_type
	.byte	12                              @ Abbrev [12] 0x2c6:0x5 DW_TAG_reference_type
	.long	715                             @ DW_AT_type
	.byte	13                              @ Abbrev [13] 0x2cb:0x10 DW_TAG_subroutine_type
	.long	129                             @ DW_AT_type
	.byte	10                              @ Abbrev [10] 0x2d0:0x5 DW_TAG_formal_parameter
	.long	704                             @ DW_AT_type
	.byte	10                              @ Abbrev [10] 0x2d5:0x5 DW_TAG_formal_parameter
	.long	704                             @ DW_AT_type
	.byte	0                               @ End Of Children Mark
	.byte	14                              @ Abbrev [14] 0x2db:0xb8 DW_TAG_subprogram
	.long	.Lfunc_begin0                   @ DW_AT_low_pc
	.long	.Lfunc_end0-.Lfunc_begin0       @ DW_AT_high_pc
	.byte	1                               @ DW_AT_frame_base
	.byte	93
                                        @ DW_AT_GNU_all_call_sites
	.byte	2                               @ DW_AT_decl_file
	.byte	40                              @ DW_AT_decl_line
	.long	650                             @ DW_AT_specification
	.byte	15                              @ Abbrev [15] 0x2ec:0xf DW_TAG_formal_parameter
	.long	.Ldebug_loc0                    @ DW_AT_location
	.long	.Linfo_string44                 @ DW_AT_name
	.byte	2                               @ DW_AT_decl_file
	.byte	40                              @ DW_AT_decl_line
	.long	704                             @ DW_AT_type
	.byte	15                              @ Abbrev [15] 0x2fb:0xf DW_TAG_formal_parameter
	.long	.Ldebug_loc1                    @ DW_AT_location
	.long	.Linfo_string45                 @ DW_AT_name
	.byte	2                               @ DW_AT_decl_file
	.byte	41                              @ DW_AT_decl_line
	.long	704                             @ DW_AT_type
	.byte	15                              @ Abbrev [15] 0x30a:0xf DW_TAG_formal_parameter
	.long	.Ldebug_loc2                    @ DW_AT_location
	.long	.Linfo_string46                 @ DW_AT_name
	.byte	2                               @ DW_AT_decl_file
	.byte	42                              @ DW_AT_decl_line
	.long	178                             @ DW_AT_type
	.byte	15                              @ Abbrev [15] 0x319:0xf DW_TAG_formal_parameter
	.long	.Ldebug_loc3                    @ DW_AT_location
	.long	.Linfo_string47                 @ DW_AT_name
	.byte	2                               @ DW_AT_decl_file
	.byte	43                              @ DW_AT_decl_line
	.long	178                             @ DW_AT_type
	.byte	16                              @ Abbrev [16] 0x328:0xe DW_TAG_formal_parameter
	.byte	2                               @ DW_AT_location
	.byte	145
	.byte	40
	.long	.Linfo_string48                 @ DW_AT_name
	.byte	2                               @ DW_AT_decl_file
	.byte	44                              @ DW_AT_decl_line
	.long	691                             @ DW_AT_type
	.byte	17                              @ Abbrev [17] 0x336:0xf DW_TAG_variable
	.long	.Ldebug_loc4                    @ DW_AT_location
	.long	.Linfo_string49                 @ DW_AT_name
	.byte	2                               @ DW_AT_decl_file
	.byte	48                              @ DW_AT_decl_line
	.long	178                             @ DW_AT_type
	.byte	17                              @ Abbrev [17] 0x345:0xf DW_TAG_variable
	.long	.Ldebug_loc5                    @ DW_AT_location
	.long	.Linfo_string50                 @ DW_AT_name
	.byte	2                               @ DW_AT_decl_file
	.byte	47                              @ DW_AT_decl_line
	.long	178                             @ DW_AT_type
	.byte	17                              @ Abbrev [17] 0x354:0xf DW_TAG_variable
	.long	.Ldebug_loc7                    @ DW_AT_location
	.long	.Linfo_string52                 @ DW_AT_name
	.byte	2                               @ DW_AT_decl_file
	.byte	46                              @ DW_AT_decl_line
	.long	704                             @ DW_AT_type
	.byte	18                              @ Abbrev [18] 0x363:0x7 DW_TAG_label
	.long	.Linfo_string54                 @ DW_AT_name
	.byte	2                               @ DW_AT_decl_file
	.byte	84                              @ DW_AT_decl_line
	.byte	19                              @ Abbrev [19] 0x36a:0x28 DW_TAG_lexical_block
	.long	.Ltmp6                          @ DW_AT_low_pc
	.long	.Ltmp12-.Ltmp6                  @ DW_AT_high_pc
	.byte	17                              @ Abbrev [17] 0x373:0xf DW_TAG_variable
	.long	.Ldebug_loc6                    @ DW_AT_location
	.long	.Linfo_string51                 @ DW_AT_name
	.byte	2                               @ DW_AT_decl_file
	.byte	52                              @ DW_AT_decl_line
	.long	178                             @ DW_AT_type
	.byte	17                              @ Abbrev [17] 0x382:0xf DW_TAG_variable
	.long	.Ldebug_loc8                    @ DW_AT_location
	.long	.Linfo_string53                 @ DW_AT_name
	.byte	2                               @ DW_AT_decl_file
	.byte	53                              @ DW_AT_decl_line
	.long	129                             @ DW_AT_type
	.byte	0                               @ End Of Children Mark
	.byte	0                               @ End Of Children Mark
	.byte	0                               @ End Of Children Mark
.Ldebug_info_end0:
	.section	.debug_str,"MS",%progbits,1
.Linfo_string0:
	.asciz	"Component: Arm Compiler for Embedded 6.21 Tool: armclang [5dfeb700]" @ string offset=0
.Linfo_string1:
	.asciz	"../../../components/network/thread/subg_openthread/src/core/common\\binary_search.cpp" @ string offset=68
.Linfo_string2:
	.asciz	"C:\\Users\\testo\\Desktop\\rafael-iot-sdk-das -0515\\examples\\das_subg_thread\\keil" @ string offset=153
.Linfo_string3:
	.asciz	"unsigned char"                 @ string offset=231
.Linfo_string4:
	.asciz	"uint8_t"                       @ string offset=245
.Linfo_string5:
	.asciz	"signed char"                   @ string offset=253
.Linfo_string6:
	.asciz	"int8_t"                        @ string offset=265
.Linfo_string7:
	.asciz	"short"                         @ string offset=272
.Linfo_string8:
	.asciz	"int16_t"                       @ string offset=278
.Linfo_string9:
	.asciz	"int"                           @ string offset=286
.Linfo_string10:
	.asciz	"int32_t"                       @ string offset=290
.Linfo_string11:
	.asciz	"long long int"                 @ string offset=298
.Linfo_string12:
	.asciz	"int64_t"                       @ string offset=312
.Linfo_string13:
	.asciz	"unsigned short"                @ string offset=320
.Linfo_string14:
	.asciz	"uint16_t"                      @ string offset=335
.Linfo_string15:
	.asciz	"unsigned int"                  @ string offset=344
.Linfo_string16:
	.asciz	"uint32_t"                      @ string offset=357
.Linfo_string17:
	.asciz	"long long unsigned int"        @ string offset=366
.Linfo_string18:
	.asciz	"uint64_t"                      @ string offset=389
.Linfo_string19:
	.asciz	"int_least8_t"                  @ string offset=398
.Linfo_string20:
	.asciz	"int_least16_t"                 @ string offset=411
.Linfo_string21:
	.asciz	"int_least32_t"                 @ string offset=425
.Linfo_string22:
	.asciz	"int_least64_t"                 @ string offset=439
.Linfo_string23:
	.asciz	"uint_least8_t"                 @ string offset=453
.Linfo_string24:
	.asciz	"uint_least16_t"                @ string offset=467
.Linfo_string25:
	.asciz	"uint_least32_t"                @ string offset=482
.Linfo_string26:
	.asciz	"uint_least64_t"                @ string offset=497
.Linfo_string27:
	.asciz	"int_fast8_t"                   @ string offset=512
.Linfo_string28:
	.asciz	"int_fast16_t"                  @ string offset=524
.Linfo_string29:
	.asciz	"int_fast32_t"                  @ string offset=537
.Linfo_string30:
	.asciz	"int_fast64_t"                  @ string offset=550
.Linfo_string31:
	.asciz	"uint_fast8_t"                  @ string offset=563
.Linfo_string32:
	.asciz	"uint_fast16_t"                 @ string offset=576
.Linfo_string33:
	.asciz	"uint_fast32_t"                 @ string offset=590
.Linfo_string34:
	.asciz	"uint_fast64_t"                 @ string offset=604
.Linfo_string35:
	.asciz	"intptr_t"                      @ string offset=618
.Linfo_string36:
	.asciz	"uintptr_t"                     @ string offset=627
.Linfo_string37:
	.asciz	"intmax_t"                      @ string offset=637
.Linfo_string38:
	.asciz	"uintmax_t"                     @ string offset=646
.Linfo_string39:
	.asciz	"ot"                            @ string offset=656
.Linfo_string40:
	.asciz	"_ZN2ot12BinarySearch4FindEPKvS2_ttRFiS2_S2_E" @ string offset=659
.Linfo_string41:
	.asciz	"Find"                          @ string offset=704
.Linfo_string42:
	.asciz	"Comparator"                    @ string offset=709
.Linfo_string43:
	.asciz	"BinarySearch"                  @ string offset=720
.Linfo_string44:
	.asciz	"aKey"                          @ string offset=733
.Linfo_string45:
	.asciz	"aTable"                        @ string offset=738
.Linfo_string46:
	.asciz	"aLength"                       @ string offset=745
.Linfo_string47:
	.asciz	"aEntrySize"                    @ string offset=753
.Linfo_string48:
	.asciz	"aComparator"                   @ string offset=764
.Linfo_string49:
	.asciz	"right"                         @ string offset=776
.Linfo_string50:
	.asciz	"left"                          @ string offset=782
.Linfo_string51:
	.asciz	"middle"                        @ string offset=787
.Linfo_string52:
	.asciz	"entry"                         @ string offset=794
.Linfo_string53:
	.asciz	"compare"                       @ string offset=800
.Linfo_string54:
	.asciz	"exit"                          @ string offset=808
	.ident	"Component: Arm Compiler for Embedded 6.21 Tool: armclang [5dfeb700]"
	.section	".note.GNU-stack","",%progbits
	.eabi_attribute	30, 3	@ Tag_ABI_optimization_goals
	.ARM_attribute	16, 1	@ Tag_AV_eba
	.section	.debug_line,"",%progbits
.Lline_table_start0:
