	.text
	.syntax unified
	.eabi_attribute	67, "2.09"	@ Tag_conformance
	.cpu	cortex-m3
	.eabi_attribute	6, 10	@ Tag_CPU_arch
	.eabi_attribute	7, 77	@ Tag_CPU_arch_profile
	.eabi_attribute	8, 0	@ Tag_ARM_ISA_use
	.eabi_attribute	9, 2	@ Tag_THUMB_ISA_use
	.eabi_attribute	34, 1	@ Tag_CPU_unaligned_access
	.eabi_attribute	17, 1	@ Tag_ABI_PCS_GOT_use
	.eabi_attribute	20, 2	@ Tag_ABI_FP_denormal
	.eabi_attribute	21, 0	@ Tag_ABI_FP_exceptions
	.eabi_attribute	23, 1	@ Tag_ABI_FP_number_model
	.eabi_attribute	24, 1	@ Tag_ABI_align_needed
	.eabi_attribute	25, 1	@ Tag_ABI_align_preserved
	.eabi_attribute	38, 1	@ Tag_ABI_FP_16bit_format
	.eabi_attribute	18, 4	@ Tag_ABI_PCS_wchar_t
	.eabi_attribute	26, 2	@ Tag_ABI_enum_size
	.eabi_attribute	14, 0	@ Tag_ABI_PCS_R9_use
	.file	"cli.c"
	.file	1 "D:\\Rafael-IoT-SDK-Internal-main\\examples\\das_subg_thread\\keil" "../../../components/utility/cli/Inc/shell.h"
	.file	2 "C:\\Keil_v5\\ARM\\ARMCLANG\\Bin\\..\\include" "stdint.h"
	.file	3 "D:\\Rafael-IoT-SDK-Internal-main\\examples\\das_subg_thread\\keil" "../../../components/utility/cli/cli.c"
	.section	.text.cli_init,"ax",%progbits
	.hidden	cli_init                        @ -- Begin function cli_init
	.globl	cli_init
	.p2align	2
	.type	cli_init,%function
	.code	16                              @ @cli_init
	.thumb_func
cli_init:
.Lfunc_begin0:
	.loc	3 146 0                         @ ../../../components/utility/cli/cli.c:146:0
	.fnstart
	.cfi_sections .debug_frame
	.cfi_startproc
@ %bb.0:
	.save	{r7, lr}
	push	{r7, lr}
	.cfi_def_cfa_offset 8
	.cfi_offset lr, -4
	.cfi_offset r7, -8
	.pad	#8
	sub	sp, #8
	.cfi_def_cfa_offset 16
	movs	r0, #28
.Ltmp0:
	.loc	3 147 5 prologue_end            @ ../../../components/utility/cli/cli.c:147:5
	str	r0, [sp]
	movw	r0, :lower16:cli_task
	mov.w	r12, #0
	movt	r0, :upper16:cli_task
	adr	r1, .LCPI0_0
	mov.w	r2, #512
	movs	r3, #0
	str.w	r12, [sp, #4]
	bl	xTaskCreate
.Ltmp1:
	.loc	3 154 5                         @ ../../../components/utility/cli/cli.c:154:5
	movs	r0, #0
	add	sp, #8
	pop	{r7, pc}
.Ltmp2:
	.p2align	2
@ %bb.1:
	.loc	3 0 5 is_stmt 0                 @ ../../../components/utility/cli/cli.c:0:5
.LCPI0_0:
.L.str:
	.asciz	"cli"
.Lfunc_end0:
	.size	cli_init, .Lfunc_end0-cli_init
	.cfi_endproc
	.cantunwind
	.fnend
                                        @ -- End function
	.section	.text.cli_task,"ax",%progbits
	.p2align	1                               @ -- Begin function cli_task
	.type	cli_task,%function
	.code	16                              @ @cli_task
	.thumb_func
cli_task:
.Lfunc_begin1:
	.loc	3 79 0 is_stmt 1                @ ../../../components/utility/cli/cli.c:79:0
	.fnstart
	.cfi_startproc
@ %bb.0:
	@DEBUG_VALUE: cli_task:pvParameters <- $r0
	.pad	#32
	sub	sp, #32
	.cfi_def_cfa_offset 32
	mov	r4, sp
.Ltmp3:
	@DEBUG_VALUE: cli_task:cnt <- 0
	.loc	3 81 17 prologue_end            @ ../../../components/utility/cli/cli.c:81:17
	add.w	r0, r4, #8
.Ltmp4:
	@DEBUG_VALUE: cli_task:pvParameters <- [DW_OP_LLVM_entry_value 1] $r0
	movs	r1, #24
	bl	__aeabi_memclr4
.Ltmp5:
	.loc	3 83 25                         @ ../../../components/utility/cli/cli.c:83:25
	movw	r0, :lower16:g_line_buf
	movt	r0, :upper16:g_line_buf
	str	r0, [sp]
	mov.w	r0, #256
	.loc	3 84 25                         @ ../../../components/utility/cli/cli.c:84:25
	str	r0, [sp, #4]
	.loc	3 85 25                         @ ../../../components/utility/cli/cli.c:85:25
	movw	r0, :lower16:g_history
	movt	r0, :upper16:g_history
	str	r0, [sp, #16]
	movw	r0, #256
	movt	r0, #8
	.loc	3 86 25                         @ ../../../components/utility/cli/cli.c:86:25
	str	r0, [sp, #20]
	mov.w	r0, #2080
	.loc	3 88 29                         @ ../../../components/utility/cli/cli.c:88:29
	str	r0, [sp, #24]
	.loc	3 89 5                          @ ../../../components/utility/cli/cli.c:89:5
	movw	r0, :lower16:g_sh_std_io
	movt	r0, :upper16:g_sh_std_io
	mov	r1, r4
	bl	shell_init
.Ltmp6:
	.loc	3 0 5 is_stmt 0                 @ ../../../components/utility/cli/cli.c:0:5
	movw	r7, :lower16:g_uart_rx_io
	.loc	3 91 27 is_stmt 1               @ ../../../components/utility/cli/cli.c:91:27
	movw	r4, :lower16:g_sh_args
	movt	r7, :upper16:g_uart_rx_io
	movt	r4, :upper16:g_sh_args
	mov.w	r8, #0
	add.w	r5, r7, #8
	str.w	r8, [r4]
.Ltmp7:
	.p2align	2
.LBB1_1:                                @ =>This Loop Header: Depth=1
                                        @     Child Loop BB1_3 Depth 2
	@DEBUG_VALUE: cli_task:pvParameters <- [DW_OP_LLVM_entry_value 1] $r0
	.loc	3 96 15                         @ ../../../components/utility/cli/cli.c:96:15
	mov	r0, r5
	movs	r1, #0
	bl	uart_stdio_read
.Ltmp8:
	mov	r6, r0
.Ltmp9:
	@DEBUG_VALUE: cli_task:cnt <- $r6
	.loc	3 98 12                         @ ../../../components/utility/cli/cli.c:98:12
	lsls	r0, r0, #24
	beq	.LBB1_5
.Ltmp10:
@ %bb.2:                                @   in Loop: Header=BB1_1 Depth=1
	@DEBUG_VALUE: cli_task:cnt <- $r6
	@DEBUG_VALUE: cli_task:pvParameters <- [DW_OP_LLVM_entry_value 1] $r0
	.loc	3 100 49                        @ ../../../components/utility/cli/cli.c:100:49
	ldr	r0, [r7]
	.loc	3 100 56 is_stmt 0              @ ../../../components/utility/cli/cli.c:100:56
	add	r0, r6
	.loc	3 100 63                        @ ../../../components/utility/cli/cli.c:100:63
	uxtb	r0, r0
	.loc	3 100 33                        @ ../../../components/utility/cli/cli.c:100:33
	str	r0, [r7]
.Ltmp11:
	@DEBUG_VALUE: cli_task:cnt <- [DW_OP_LLVM_convert 32 7, DW_OP_LLVM_convert 8 7, DW_OP_constu 1, DW_OP_minus, DW_OP_stack_value] undef
	.p2align	2
.LBB1_3:                                @   Parent Loop BB1_1 Depth=1
                                        @ =>  This Inner Loop Header: Depth=2
	@DEBUG_VALUE: cli_task:pvParameters <- [DW_OP_LLVM_entry_value 1] $r0
	@DEBUG_VALUE: cli_task:cnt <- $r6
	.loc	3 104 17 is_stmt 1              @ ../../../components/utility/cli/cli.c:104:17
	mov	r0, r4
.Ltmp12:
	.loc	3 102 23                        @ ../../../components/utility/cli/cli.c:102:23
	subs	r6, #1
.Ltmp13:
	@DEBUG_VALUE: cli_task:cnt <- $r6
	.loc	3 104 17                        @ ../../../components/utility/cli/cli.c:104:17
	bl	shell_proc
.Ltmp14:
	@DEBUG_VALUE: cli_task:cnt <- [DW_OP_constu 1, DW_OP_minus, DW_OP_stack_value] $r6
	.loc	3 102 13                        @ ../../../components/utility/cli/cli.c:102:13
	lsls	r0, r6, #24
	bne	.LBB1_3
.Ltmp15:
@ %bb.4:                                @   in Loop: Header=BB1_1 Depth=1
	@DEBUG_VALUE: cli_task:cnt <- [DW_OP_constu 1, DW_OP_minus, DW_OP_stack_value] $r6
	@DEBUG_VALUE: cli_task:pvParameters <- [DW_OP_LLVM_entry_value 1] $r0
	.loc	3 107 33                        @ ../../../components/utility/cli/cli.c:107:33
	str.w	r8, [r7, #4]
	.loc	3 108 33                        @ ../../../components/utility/cli/cli.c:108:33
	str.w	r8, [r7]
.Ltmp16:
.LBB1_5:                                @   in Loop: Header=BB1_1 Depth=1
	@DEBUG_VALUE: cli_task:pvParameters <- [DW_OP_LLVM_entry_value 1] $r0
	.loc	3 110 9                         @ ../../../components/utility/cli/cli.c:110:9
	movs	r0, #10
	bl	vTaskDelay
.Ltmp17:
	.loc	3 0 9 is_stmt 0                 @ ../../../components/utility/cli/cli.c:0:9
	b	.LBB1_1
.Ltmp18:
.Lfunc_end1:
	.size	cli_task, .Lfunc_end1-cli_task
	.cfi_endproc
	.cantunwind
	.fnend
                                        @ -- End function
	.section	.text._cli_cmd_ps,"ax",%progbits
	.p2align	2                               @ -- Begin function _cli_cmd_ps
	.type	_cli_cmd_ps,%function
	.code	16                              @ @_cli_cmd_ps
	.thumb_func
_cli_cmd_ps:
.Lfunc_begin2:
	.loc	3 115 0 is_stmt 1               @ ../../../components/utility/cli/cli.c:115:0
	.fnstart
	.cfi_startproc
@ %bb.0:
	@DEBUG_VALUE: _cli_cmd_ps:argc <- $r0
	@DEBUG_VALUE: _cli_cmd_ps:argv <- $r1
	@DEBUG_VALUE: _cli_cmd_ps:log_out <- $r2
	@DEBUG_VALUE: _cli_cmd_ps:pExtra <- $r3
	.save	{r4, r5, r6, r7, r8, r9, lr}
	push.w	{r4, r5, r6, r7, r8, r9, lr}
	.cfi_def_cfa_offset 28
	.cfi_offset lr, -4
	.cfi_offset r9, -8
	.cfi_offset r8, -12
	.cfi_offset r7, -16
	.cfi_offset r6, -20
	.cfi_offset r5, -24
	.cfi_offset r4, -28
	.pad	#4
	sub	sp, #4
	.cfi_def_cfa_offset 32
	movw	r8, #4
	movw	r9, #40959
.Ltmp19:
	.loc	3 116 29 prologue_end           @ ../../../components/utility/cli/cli.c:116:29
	movs	r0, #1
.Ltmp20:
	@DEBUG_VALUE: _cli_cmd_ps:argc <- [DW_OP_LLVM_entry_value 1] $r0
	mov.w	r1, #2048
.Ltmp21:
	@DEBUG_VALUE: _cli_cmd_ps:argv <- [DW_OP_LLVM_entry_value 1] $r1
	.loc	3 0 29 is_stmt 0                @ ../../../components/utility/cli/cli.c:0:29
	mov	r4, r2
.Ltmp22:
	@DEBUG_VALUE: _cli_cmd_ps:log_out <- $r4
	movt	r8, #41204
	movt	r9, #12801
	@DEBUG_VALUE: _cli_cmd_ps:log_out <- $r4
	.loc	3 116 29                        @ ../../../components/utility/cli/cli.c:116:29
	bl	pvPortCalloc
.Ltmp23:
	@DEBUG_VALUE: _cli_cmd_ps:pExtra <- [DW_OP_LLVM_entry_value 1] $r3
	mov	r5, r0
.Ltmp24:
	@DEBUG_VALUE: _cli_cmd_ps:pbuffer <- $r5
	.loc	3 118 66 is_stmt 1              @ ../../../components/utility/cli/cli.c:118:66
	bl	xPortGetFreeHeapSize
.Ltmp25:
	mov	r1, r0
	.loc	3 118 5 is_stmt 0               @ ../../../components/utility/cli/cli.c:118:5
	adr	r0, .LCPI2_0
	blx	r4
.Ltmp26:
	.loc	3 119 5 is_stmt 1               @ ../../../components/utility/cli/cli.c:119:5
	adr	r0, .LCPI2_1
	blx	r4
.Ltmp27:
	.loc	3 120 5                         @ ../../../components/utility/cli/cli.c:120:5
	mov	r0, r5
	bl	vTaskList
.Ltmp28:
	.loc	3 121 5                         @ ../../../components/utility/cli/cli.c:121:5
	movw	r6, :lower16:.L.str.5
	movt	r6, :upper16:.L.str.5
	mov	r0, r6
	mov	r1, r5
	blx	r4
.Ltmp29:
	.loc	3 122 5                         @ ../../../components/utility/cli/cli.c:122:5
	movw	r7, :lower16:.L.str.6
	movt	r7, :upper16:.L.str.6
	mov	r0, r7
	blx	r4
.Ltmp30:
	.loc	3 124 5                         @ ../../../components/utility/cli/cli.c:124:5
	adr	r0, .LCPI2_2
	blx	r4
.Ltmp31:
	.loc	3 125 5                         @ ../../../components/utility/cli/cli.c:125:5
	mov	r0, r5
	bl	vTaskGetRunTimeStats
.Ltmp32:
	.loc	3 126 5                         @ ../../../components/utility/cli/cli.c:126:5
	mov	r0, r6
	mov	r1, r5
	blx	r4
.Ltmp33:
	.loc	3 127 5                         @ ../../../components/utility/cli/cli.c:127:5
	mov	r0, r7
	blx	r4
.Ltmp34:
	.loc	3 129 5                         @ ../../../components/utility/cli/cli.c:129:5
	adr	r0, .LCPI2_3
	blx	r4
.Ltmp35:
	.loc	3 130 8                         @ ../../../components/utility/cli/cli.c:130:8
	ldr.w	r0, [r8]
.Ltmp36:
	.loc	3 130 8 is_stmt 0               @ ../../../components/utility/cli/cli.c:130:8
	cmp	r0, r9
	bhs	.LBB2_2
.Ltmp37:
@ %bb.1:
	@DEBUG_VALUE: _cli_cmd_ps:pbuffer <- $r5
	@DEBUG_VALUE: _cli_cmd_ps:log_out <- $r4
	@DEBUG_VALUE: _cli_cmd_ps:pExtra <- [DW_OP_LLVM_entry_value 1] $r3
	@DEBUG_VALUE: _cli_cmd_ps:argv <- [DW_OP_LLVM_entry_value 1] $r1
	@DEBUG_VALUE: _cli_cmd_ps:argc <- [DW_OP_LLVM_entry_value 1] $r0
	.loc	3 131 28 is_stmt 1              @ ../../../components/utility/cli/cli.c:131:28
	ldr.w	r0, [r8]
	.loc	3 131 43 is_stmt 0              @ ../../../components/utility/cli/cli.c:131:43
	add.w	r1, r9, #1
	movs	r2, #0
	cmp	r0, r1
	.loc	3 131 9                         @ ../../../components/utility/cli/cli.c:131:9
	adr	r0, .LCPI2_4
	mov.w	r3, #0
	.loc	3 131 43                        @ ../../../components/utility/cli/cli.c:131:43
	it	lo
	movlo	r2, #1
	.loc	3 131 9                         @ ../../../components/utility/cli/cli.c:131:9
	blx	r4
.Ltmp38:
.LBB2_2:
	@DEBUG_VALUE: _cli_cmd_ps:pbuffer <- $r5
	@DEBUG_VALUE: _cli_cmd_ps:log_out <- $r4
	@DEBUG_VALUE: _cli_cmd_ps:pExtra <- [DW_OP_LLVM_entry_value 1] $r3
	@DEBUG_VALUE: _cli_cmd_ps:argv <- [DW_OP_LLVM_entry_value 1] $r1
	@DEBUG_VALUE: _cli_cmd_ps:argc <- [DW_OP_LLVM_entry_value 1] $r0
	.loc	3 133 8 is_stmt 1               @ ../../../components/utility/cli/cli.c:133:8
	ldr.w	r0, [r8]
	movw	r1, #48126
	movt	r1, #63338
.Ltmp39:
	.loc	3 133 8 is_stmt 0               @ ../../../components/utility/cli/cli.c:133:8
	cmp	r0, r1
	bhi	.LBB2_4
.Ltmp40:
@ %bb.3:
	@DEBUG_VALUE: _cli_cmd_ps:pbuffer <- $r5
	@DEBUG_VALUE: _cli_cmd_ps:log_out <- $r4
	@DEBUG_VALUE: _cli_cmd_ps:pExtra <- [DW_OP_LLVM_entry_value 1] $r3
	@DEBUG_VALUE: _cli_cmd_ps:argv <- [DW_OP_LLVM_entry_value 1] $r1
	@DEBUG_VALUE: _cli_cmd_ps:argc <- [DW_OP_LLVM_entry_value 1] $r0
	.loc	3 134 28 is_stmt 1              @ ../../../components/utility/cli/cli.c:134:28
	ldr.w	r0, [r8]
	movw	r1, #64181
	mvns	r0, r0
	movt	r1, #61083
	.loc	3 134 43 is_stmt 0              @ ../../../components/utility/cli/cli.c:134:43
	umull	r0, r1, r0, r1
	lsrs	r0, r1, #27
	movw	r1, #43691
	movt	r1, #43690
	.loc	3 134 55                        @ ../../../components/utility/cli/cli.c:134:55
	umull	r1, r2, r0, r1
	lsrs	r1, r2, #4
	add.w	r1, r1, r1, lsl #1
	sub.w	r1, r0, r1, lsl #3
	.loc	3 134 9                         @ ../../../components/utility/cli/cli.c:134:9
	adr	r0, .LCPI2_5
	blx	r4
.Ltmp41:
.LBB2_4:
	@DEBUG_VALUE: _cli_cmd_ps:pbuffer <- $r5
	@DEBUG_VALUE: _cli_cmd_ps:log_out <- $r4
	@DEBUG_VALUE: _cli_cmd_ps:pExtra <- [DW_OP_LLVM_entry_value 1] $r3
	@DEBUG_VALUE: _cli_cmd_ps:argv <- [DW_OP_LLVM_entry_value 1] $r1
	@DEBUG_VALUE: _cli_cmd_ps:argc <- [DW_OP_LLVM_entry_value 1] $r0
	.loc	3 136 8 is_stmt 1               @ ../../../components/utility/cli/cli.c:136:8
	ldr.w	r0, [r8]
	movw	r1, #24830
	movt	r1, #65499
	movw	r6, #34953
.Ltmp42:
	.loc	3 136 8 is_stmt 0               @ ../../../components/utility/cli/cli.c:136:8
	cmp	r0, r1
	movt	r6, #34952
	bhi	.LBB2_6
.Ltmp43:
@ %bb.5:
	@DEBUG_VALUE: _cli_cmd_ps:pbuffer <- $r5
	@DEBUG_VALUE: _cli_cmd_ps:log_out <- $r4
	@DEBUG_VALUE: _cli_cmd_ps:pExtra <- [DW_OP_LLVM_entry_value 1] $r3
	@DEBUG_VALUE: _cli_cmd_ps:argv <- [DW_OP_LLVM_entry_value 1] $r1
	@DEBUG_VALUE: _cli_cmd_ps:argc <- [DW_OP_LLVM_entry_value 1] $r0
	.loc	3 137 28 is_stmt 1              @ ../../../components/utility/cli/cli.c:137:28
	ldr.w	r0, [r8]
	movw	r1, #7557
	mvns	r0, r0
	movt	r1, #28633
	.loc	3 137 43 is_stmt 0              @ ../../../components/utility/cli/cli.c:137:43
	umull	r0, r1, r0, r1
	lsrs	r0, r1, #20
	.loc	3 137 53                        @ ../../../components/utility/cli/cli.c:137:53
	umull	r1, r2, r0, r6
	lsrs	r1, r2, #5
	lsls	r1, r1, #4
	sub.w	r1, r1, r2, lsr #5
	sub.w	r1, r0, r1, lsl #2
	.loc	3 137 9                         @ ../../../components/utility/cli/cli.c:137:9
	adr	r0, .LCPI2_6
	blx	r4
.Ltmp44:
.LBB2_6:
	@DEBUG_VALUE: _cli_cmd_ps:pbuffer <- $r5
	@DEBUG_VALUE: _cli_cmd_ps:log_out <- $r4
	@DEBUG_VALUE: _cli_cmd_ps:pExtra <- [DW_OP_LLVM_entry_value 1] $r3
	@DEBUG_VALUE: _cli_cmd_ps:argv <- [DW_OP_LLVM_entry_value 1] $r1
	@DEBUG_VALUE: _cli_cmd_ps:argc <- [DW_OP_LLVM_entry_value 1] $r0
	.loc	3 139 31 is_stmt 1              @ ../../../components/utility/cli/cli.c:139:31
	ldr.w	r0, [r8]
	movw	r1, #5977
	mvns	r0, r0
	movt	r1, #53687
	.loc	3 139 46 is_stmt 0              @ ../../../components/utility/cli/cli.c:139:46
	umull	r0, r1, r0, r1
	lsrs	r0, r1, #15
	.loc	3 139 54                        @ ../../../components/utility/cli/cli.c:139:54
	umull	r1, r2, r0, r6
	.loc	3 139 63                        @ ../../../components/utility/cli/cli.c:139:63
	ldr.w	r1, [r8]
	movw	r3, #52429
	mvns	r1, r1
	movt	r3, #52428
	.loc	3 139 78                        @ ../../../components/utility/cli/cli.c:139:78
	umull	r1, r3, r1, r3
	movw	r7, #19923
	lsrs	r1, r3, #5
	movt	r7, #4194
	.loc	3 139 83                        @ ../../../components/utility/cli/cli.c:139:83
	umull	r1, r7, r1, r7
	.loc	3 139 54                        @ ../../../components/utility/cli/cli.c:139:54
	lsrs	r1, r2, #5
	lsls	r1, r1, #4
	sub.w	r1, r1, r2, lsr #5
	sub.w	r1, r0, r1, lsl #2
	.loc	3 139 83                        @ ../../../components/utility/cli/cli.c:139:83
	lsrs	r0, r7, #6
	mov.w	r2, #1000
	muls	r0, r2, r0
	rsb	r2, r0, r3, lsr #5
	.loc	3 139 5                         @ ../../../components/utility/cli/cli.c:139:5
	movw	r0, :lower16:.L.str.12
	movt	r0, :upper16:.L.str.12
	blx	r4
.Ltmp45:
	.loc	3 140 5 is_stmt 1               @ ../../../components/utility/cli/cli.c:140:5
	mov	r0, r5
	bl	vPortFree
.Ltmp46:
	.loc	3 142 5                         @ ../../../components/utility/cli/cli.c:142:5
	movs	r0, #0
	add	sp, #4
	pop.w	{r4, r5, r6, r7, r8, r9, pc}
.Ltmp47:
	.p2align	2
@ %bb.7:
	.loc	3 0 5 is_stmt 0                 @ ../../../components/utility/cli/cli.c:0:5
.LCPI2_0:
.L.str.3:
	.asciz	"--------------- heap:%u ---------------------\r\n"
.LCPI2_1:
.L.str.4:
	.asciz	"Task Name\tState\tPrio\tStack\tNum\r\n\000\000\000"
.LCPI2_2:
.L.str.7:
	.asciz	"Task Name\tCount\t\tRate\r\n"
.LCPI2_3:
.L.str.8:
	.asciz	"System boot time : "
.LCPI2_4:
.L.str.9:
	.asciz	"%u D, \000"
.LCPI2_5:
.L.str.10:
	.asciz	"%u h, \000"
.LCPI2_6:
.L.str.11:
	.asciz	"%u m, \000"
.Lfunc_end2:
	.size	_cli_cmd_ps, .Lfunc_end2-_cli_cmd_ps
	.cfi_endproc
	.cantunwind
	.fnend
                                        @ -- End function
	.section	.text._sh_io_read,"ax",%progbits
	.p2align	1                               @ -- Begin function _sh_io_read
	.type	_sh_io_read,%function
	.code	16                              @ @_sh_io_read
	.thumb_func
_sh_io_read:
.Lfunc_begin3:
	.loc	3 47 0 is_stmt 1                @ ../../../components/utility/cli/cli.c:47:0
	.fnstart
	.cfi_startproc
@ %bb.0:
	@DEBUG_VALUE: _sh_io_read:pBuf <- $r0
	@DEBUG_VALUE: _sh_io_read:length <- $r1
	@DEBUG_VALUE: _sh_io_read:pExtra <- $r2
	.loc	3 50 21 prologue_end            @ ../../../components/utility/cli/cli.c:50:21
	movw	r1, :lower16:g_uart_rx_io
.Ltmp48:
	@DEBUG_VALUE: _sh_io_read:length <- [DW_OP_LLVM_entry_value 1] $r1
	movt	r1, :upper16:g_uart_rx_io
	ldr	r2, [r1, #4]
.Ltmp49:
	@DEBUG_VALUE: _sh_io_read:pExtra <- [DW_OP_LLVM_entry_value 1] $r2
	.loc	3 50 44 is_stmt 0               @ ../../../components/utility/cli/cli.c:50:44
	ldr	r3, [r1]
.Ltmp50:
	.loc	3 50 8                          @ ../../../components/utility/cli/cli.c:50:8
	cmp	r2, r3
.Ltmp51:
	@DEBUG_VALUE: _sh_io_read:byte_cnt <- 0
	@DEBUG_VALUE: _sh_io_read:pBuf <- $r0
	.loc	3 0 8                           @ ../../../components/utility/cli/cli.c:0:8
	itt	eq
	moveq	r0, #0
.Ltmp52:
	@DEBUG_VALUE: _sh_io_read:pBuf <- [DW_OP_LLVM_entry_value 1] $r0
	.loc	3 59 1 is_stmt 1                @ ../../../components/utility/cli/cli.c:59:1
	bxeq	lr
.Ltmp53:
.LBB3_1:
	@DEBUG_VALUE: _sh_io_read:pBuf <- [DW_OP_LLVM_entry_value 1] $r0
	@DEBUG_VALUE: _sh_io_read:byte_cnt <- 0
	@DEBUG_VALUE: _sh_io_read:pExtra <- [DW_OP_LLVM_entry_value 1] $r2
	@DEBUG_VALUE: _sh_io_read:length <- [DW_OP_LLVM_entry_value 1] $r1
	.loc	3 52 63                         @ ../../../components/utility/cli/cli.c:52:63
	ldr	r2, [r1, #4]
	.loc	3 52 26 is_stmt 0               @ ../../../components/utility/cli/cli.c:52:26
	add	r2, r1
	ldrb	r2, [r2, #8]
	.loc	3 52 24                         @ ../../../components/utility/cli/cli.c:52:24
	strb	r2, [r0]
	.loc	3 54 45 is_stmt 1               @ ../../../components/utility/cli/cli.c:54:45
	ldr	r0, [r1, #4]
	.loc	3 54 52 is_stmt 0               @ ../../../components/utility/cli/cli.c:54:52
	adds	r0, #1
	.loc	3 54 57                         @ ../../../components/utility/cli/cli.c:54:57
	uxtb	r0, r0
	.loc	3 54 29                         @ ../../../components/utility/cli/cli.c:54:29
	str	r0, [r1, #4]
	movs	r0, #1
.Ltmp54:
	.loc	3 59 1 is_stmt 1                @ ../../../components/utility/cli/cli.c:59:1
	bx	lr
.Ltmp55:
.Lfunc_end3:
	.size	_sh_io_read, .Lfunc_end3-_sh_io_read
	.cfi_endproc
	.cantunwind
	.fnend
                                        @ -- End function
	.section	.text._sh_io_write,"ax",%progbits
	.p2align	1                               @ -- Begin function _sh_io_write
	.type	_sh_io_write,%function
	.code	16                              @ @_sh_io_write
	.thumb_func
_sh_io_write:
.Lfunc_begin4:
	.loc	3 63 0                          @ ../../../components/utility/cli/cli.c:63:0
	.fnstart
	.cfi_startproc
@ %bb.0:
	@DEBUG_VALUE: _sh_io_write:pBuf <- $r0
	@DEBUG_VALUE: _sh_io_write:pBuf <- $r0
	@DEBUG_VALUE: _sh_io_write:pBuf <- $r0
	@DEBUG_VALUE: _sh_io_write:length <- $r1
	@DEBUG_VALUE: _sh_io_write:length <- $r1
	@DEBUG_VALUE: _sh_io_write:length <- $r1
	@DEBUG_VALUE: _sh_io_write:pExtra <- $r2
	@DEBUG_VALUE: _sh_io_write:len <- 0
	.loc	3 66 11 prologue_end            @ ../../../components/utility/cli/cli.c:66:11
	b	uart_stdio_write
.Ltmp56:
.Lfunc_end4:
	.size	_sh_io_write, .Lfunc_end4-_sh_io_write
	.cfi_endproc
	.file	4 "D:\\Rafael-IoT-SDK-Internal-main\\examples\\das_subg_thread\\keil" "../../../components/utility/uart_stdio/Inc\\uart_stdio.h"
	.cantunwind
	.fnend
                                        @ -- End function
	.type	.L.str.1,%object                @ @.str.1
	.section	.rodata.str1.1,"aMS",%progbits,1
.L.str.1:
	.asciz	"ps"
	.size	.L.str.1, 3

	.type	.L.str.2,%object                @ @.str.2
.L.str.2:
	.asciz	"Show task and memory usage"
	.size	.L.str.2, 27

	.hidden	g_cli_cmd_ps                    @ @g_cli_cmd_ps
	.type	g_cli_cmd_ps,%object
	.section	cli_cmd_pool,"a",%progbits
	.globl	g_cli_cmd_ps
	.p2align	2
g_cli_cmd_ps:
__tagsym$$used.0:
	.long	0
	.long	.L.str.1
	.long	0                               @ 0x0
	.long	.L.str.2
	.long	0
	.long	_cli_cmd_ps
	.size	g_cli_cmd_ps, 24

	.type	g_line_buf,%object              @ @g_line_buf
	.section	.bss.g_line_buf,"aw",%nobits
g_line_buf:
	.zero	256
	.size	g_line_buf, 256

	.type	g_history,%object               @ @g_history
	.section	.bss.g_history,"aw",%nobits
g_history:
	.zero	2080
	.size	g_history, 2080

	.type	g_sh_std_io,%object             @ @g_sh_std_io
	.section	.rodata.g_sh_std_io,"a",%progbits
	.p2align	2
g_sh_std_io:
	.long	_sh_io_read
	.long	_sh_io_write
	.size	g_sh_std_io, 8

	.type	g_sh_args,%object               @ @g_sh_args
	.section	.bss.g_sh_args,"aw",%nobits
	.p2align	2
g_sh_args:
	.zero	20
	.size	g_sh_args, 20

	.type	g_uart_rx_io,%object            @ @g_uart_rx_io
	.section	.bss.g_uart_rx_io,"aw",%nobits
	.p2align	2
g_uart_rx_io:
	.zero	264
	.size	g_uart_rx_io, 264

	.type	.L.str.5,%object                @ @.str.5
	.section	.rodata.str1.1,"aMS",%progbits,1
.L.str.5:
	.asciz	"%s"
	.size	.L.str.5, 3

	.type	.L.str.6,%object                @ @.str.6
.L.str.6:
	.asciz	"----------------------------------------------\r\n"
	.size	.L.str.6, 49

	.type	.L.str.12,%object               @ @.str.12
.L.str.12:
	.asciz	"%u.%u s \r\n"
	.size	.L.str.12, 11

	.globl	g_cli_cmd_ps
	.section	.debug_loc,"",%progbits
.Ldebug_loc0:
	.long	-1
	.long	.Lfunc_begin1                   @   base address
	.long	.Lfunc_begin1-.Lfunc_begin1
	.long	.Ltmp4-.Lfunc_begin1
	.short	1                               @ Loc expr size
	.byte	80                              @ DW_OP_reg0
	.long	.Ltmp4-.Lfunc_begin1
	.long	.Lfunc_end1-.Lfunc_begin1
	.short	4                               @ Loc expr size
	.byte	243                             @ DW_OP_GNU_entry_value
	.byte	1                               @ 1
	.byte	80                              @ DW_OP_reg0
	.byte	159                             @ DW_OP_stack_value
	.long	0
	.long	0
.Ldebug_loc1:
	.long	-1
	.long	.Lfunc_begin1                   @   base address
	.long	.Ltmp3-.Lfunc_begin1
	.long	.Ltmp7-.Lfunc_begin1
	.short	2                               @ Loc expr size
	.byte	48                              @ DW_OP_lit0
	.byte	159                             @ DW_OP_stack_value
	.long	.Ltmp9-.Lfunc_begin1
	.long	.Ltmp14-.Lfunc_begin1
	.short	1                               @ Loc expr size
	.byte	86                              @ DW_OP_reg6
	.long	.Ltmp14-.Lfunc_begin1
	.long	.Ltmp16-.Lfunc_begin1
	.short	3                               @ Loc expr size
	.byte	118                             @ DW_OP_breg6
	.byte	127                             @ -1
	.byte	159                             @ DW_OP_stack_value
	.long	0
	.long	0
.Ldebug_loc2:
	.long	-1
	.long	.Lfunc_begin2                   @   base address
	.long	.Lfunc_begin2-.Lfunc_begin2
	.long	.Ltmp20-.Lfunc_begin2
	.short	1                               @ Loc expr size
	.byte	80                              @ DW_OP_reg0
	.long	.Ltmp20-.Lfunc_begin2
	.long	.Ltmp47-.Lfunc_begin2
	.short	4                               @ Loc expr size
	.byte	243                             @ DW_OP_GNU_entry_value
	.byte	1                               @ 1
	.byte	80                              @ DW_OP_reg0
	.byte	159                             @ DW_OP_stack_value
	.long	0
	.long	0
.Ldebug_loc3:
	.long	-1
	.long	.Lfunc_begin2                   @   base address
	.long	.Lfunc_begin2-.Lfunc_begin2
	.long	.Ltmp21-.Lfunc_begin2
	.short	1                               @ Loc expr size
	.byte	81                              @ DW_OP_reg1
	.long	.Ltmp21-.Lfunc_begin2
	.long	.Ltmp47-.Lfunc_begin2
	.short	4                               @ Loc expr size
	.byte	243                             @ DW_OP_GNU_entry_value
	.byte	1                               @ 1
	.byte	81                              @ DW_OP_reg1
	.byte	159                             @ DW_OP_stack_value
	.long	0
	.long	0
.Ldebug_loc4:
	.long	-1
	.long	.Lfunc_begin2                   @   base address
	.long	.Lfunc_begin2-.Lfunc_begin2
	.long	.Ltmp22-.Lfunc_begin2
	.short	1                               @ Loc expr size
	.byte	82                              @ DW_OP_reg2
	.long	.Ltmp22-.Lfunc_begin2
	.long	.Ltmp47-.Lfunc_begin2
	.short	1                               @ Loc expr size
	.byte	84                              @ DW_OP_reg4
	.long	0
	.long	0
.Ldebug_loc5:
	.long	-1
	.long	.Lfunc_begin2                   @   base address
	.long	.Lfunc_begin2-.Lfunc_begin2
	.long	.Ltmp23-.Lfunc_begin2
	.short	1                               @ Loc expr size
	.byte	83                              @ DW_OP_reg3
	.long	.Ltmp23-.Lfunc_begin2
	.long	.Ltmp47-.Lfunc_begin2
	.short	4                               @ Loc expr size
	.byte	243                             @ DW_OP_GNU_entry_value
	.byte	1                               @ 1
	.byte	83                              @ DW_OP_reg3
	.byte	159                             @ DW_OP_stack_value
	.long	0
	.long	0
.Ldebug_loc6:
	.long	-1
	.long	.Lfunc_begin2                   @   base address
	.long	.Ltmp24-.Lfunc_begin2
	.long	.Ltmp47-.Lfunc_begin2
	.short	1                               @ Loc expr size
	.byte	85                              @ DW_OP_reg5
	.long	0
	.long	0
.Ldebug_loc7:
	.long	-1
	.long	.Lfunc_begin3                   @   base address
	.long	.Lfunc_begin3-.Lfunc_begin3
	.long	.Ltmp52-.Lfunc_begin3
	.short	1                               @ Loc expr size
	.byte	80                              @ DW_OP_reg0
	.long	.Ltmp52-.Lfunc_begin3
	.long	.Lfunc_end3-.Lfunc_begin3
	.short	4                               @ Loc expr size
	.byte	243                             @ DW_OP_GNU_entry_value
	.byte	1                               @ 1
	.byte	80                              @ DW_OP_reg0
	.byte	159                             @ DW_OP_stack_value
	.long	0
	.long	0
.Ldebug_loc8:
	.long	-1
	.long	.Lfunc_begin3                   @   base address
	.long	.Lfunc_begin3-.Lfunc_begin3
	.long	.Ltmp48-.Lfunc_begin3
	.short	1                               @ Loc expr size
	.byte	81                              @ DW_OP_reg1
	.long	.Ltmp48-.Lfunc_begin3
	.long	.Lfunc_end3-.Lfunc_begin3
	.short	4                               @ Loc expr size
	.byte	243                             @ DW_OP_GNU_entry_value
	.byte	1                               @ 1
	.byte	81                              @ DW_OP_reg1
	.byte	159                             @ DW_OP_stack_value
	.long	0
	.long	0
.Ldebug_loc9:
	.long	-1
	.long	.Lfunc_begin3                   @   base address
	.long	.Lfunc_begin3-.Lfunc_begin3
	.long	.Ltmp49-.Lfunc_begin3
	.short	1                               @ Loc expr size
	.byte	82                              @ DW_OP_reg2
	.long	.Ltmp49-.Lfunc_begin3
	.long	.Lfunc_end3-.Lfunc_begin3
	.short	4                               @ Loc expr size
	.byte	243                             @ DW_OP_GNU_entry_value
	.byte	1                               @ 1
	.byte	82                              @ DW_OP_reg2
	.byte	159                             @ DW_OP_stack_value
	.long	0
	.long	0
.Ldebug_loc10:
	.long	-1
	.long	.Lfunc_begin3                   @   base address
	.long	.Ltmp51-.Lfunc_begin3
	.long	.Lfunc_end3-.Lfunc_begin3
	.short	2                               @ Loc expr size
	.byte	48                              @ DW_OP_lit0
	.byte	159                             @ DW_OP_stack_value
	.long	0
	.long	0
	.section	.debug_abbrev,"",%progbits
	.byte	1                               @ Abbreviation Code
	.byte	17                              @ DW_TAG_compile_unit
	.byte	1                               @ DW_CHILDREN_yes
	.byte	37                              @ DW_AT_producer
	.byte	14                              @ DW_FORM_strp
	.byte	19                              @ DW_AT_language
	.byte	5                               @ DW_FORM_data2
	.byte	3                               @ DW_AT_name
	.byte	14                              @ DW_FORM_strp
	.byte	16                              @ DW_AT_stmt_list
	.byte	23                              @ DW_FORM_sec_offset
	.byte	27                              @ DW_AT_comp_dir
	.byte	14                              @ DW_FORM_strp
	.byte	17                              @ DW_AT_low_pc
	.byte	1                               @ DW_FORM_addr
	.byte	85                              @ DW_AT_ranges
	.byte	23                              @ DW_FORM_sec_offset
	.byte	0                               @ EOM(1)
	.byte	0                               @ EOM(2)
	.byte	2                               @ Abbreviation Code
	.byte	52                              @ DW_TAG_variable
	.byte	0                               @ DW_CHILDREN_no
	.byte	3                               @ DW_AT_name
	.byte	14                              @ DW_FORM_strp
	.byte	73                              @ DW_AT_type
	.byte	19                              @ DW_FORM_ref4
	.byte	63                              @ DW_AT_external
	.byte	25                              @ DW_FORM_flag_present
	.byte	58                              @ DW_AT_decl_file
	.byte	11                              @ DW_FORM_data1
	.byte	59                              @ DW_AT_decl_line
	.byte	11                              @ DW_FORM_data1
	.byte	2                               @ DW_AT_location
	.byte	24                              @ DW_FORM_exprloc
	.byte	0                               @ EOM(1)
	.byte	0                               @ EOM(2)
	.byte	3                               @ Abbreviation Code
	.byte	38                              @ DW_TAG_const_type
	.byte	0                               @ DW_CHILDREN_no
	.byte	73                              @ DW_AT_type
	.byte	19                              @ DW_FORM_ref4
	.byte	0                               @ EOM(1)
	.byte	0                               @ EOM(2)
	.byte	4                               @ Abbreviation Code
	.byte	22                              @ DW_TAG_typedef
	.byte	0                               @ DW_CHILDREN_no
	.byte	73                              @ DW_AT_type
	.byte	19                              @ DW_FORM_ref4
	.byte	3                               @ DW_AT_name
	.byte	14                              @ DW_FORM_strp
	.byte	58                              @ DW_AT_decl_file
	.byte	11                              @ DW_FORM_data1
	.byte	59                              @ DW_AT_decl_line
	.byte	11                              @ DW_FORM_data1
	.byte	0                               @ EOM(1)
	.byte	0                               @ EOM(2)
	.byte	5                               @ Abbreviation Code
	.byte	19                              @ DW_TAG_structure_type
	.byte	1                               @ DW_CHILDREN_yes
	.byte	3                               @ DW_AT_name
	.byte	14                              @ DW_FORM_strp
	.byte	11                              @ DW_AT_byte_size
	.byte	11                              @ DW_FORM_data1
	.byte	58                              @ DW_AT_decl_file
	.byte	11                              @ DW_FORM_data1
	.byte	59                              @ DW_AT_decl_line
	.byte	11                              @ DW_FORM_data1
	.byte	0                               @ EOM(1)
	.byte	0                               @ EOM(2)
	.byte	6                               @ Abbreviation Code
	.byte	13                              @ DW_TAG_member
	.byte	0                               @ DW_CHILDREN_no
	.byte	3                               @ DW_AT_name
	.byte	14                              @ DW_FORM_strp
	.byte	73                              @ DW_AT_type
	.byte	19                              @ DW_FORM_ref4
	.byte	58                              @ DW_AT_decl_file
	.byte	11                              @ DW_FORM_data1
	.byte	59                              @ DW_AT_decl_line
	.byte	11                              @ DW_FORM_data1
	.byte	56                              @ DW_AT_data_member_location
	.byte	11                              @ DW_FORM_data1
	.byte	0                               @ EOM(1)
	.byte	0                               @ EOM(2)
	.byte	7                               @ Abbreviation Code
	.byte	15                              @ DW_TAG_pointer_type
	.byte	0                               @ DW_CHILDREN_no
	.byte	73                              @ DW_AT_type
	.byte	19                              @ DW_FORM_ref4
	.byte	0                               @ EOM(1)
	.byte	0                               @ EOM(2)
	.byte	8                               @ Abbreviation Code
	.byte	36                              @ DW_TAG_base_type
	.byte	0                               @ DW_CHILDREN_no
	.byte	3                               @ DW_AT_name
	.byte	14                              @ DW_FORM_strp
	.byte	62                              @ DW_AT_encoding
	.byte	11                              @ DW_FORM_data1
	.byte	11                              @ DW_AT_byte_size
	.byte	11                              @ DW_FORM_data1
	.byte	0                               @ EOM(1)
	.byte	0                               @ EOM(2)
	.byte	9                               @ Abbreviation Code
	.byte	15                              @ DW_TAG_pointer_type
	.byte	0                               @ DW_CHILDREN_no
	.byte	0                               @ EOM(1)
	.byte	0                               @ EOM(2)
	.byte	10                              @ Abbreviation Code
	.byte	21                              @ DW_TAG_subroutine_type
	.byte	1                               @ DW_CHILDREN_yes
	.byte	73                              @ DW_AT_type
	.byte	19                              @ DW_FORM_ref4
	.byte	39                              @ DW_AT_prototyped
	.byte	25                              @ DW_FORM_flag_present
	.byte	0                               @ EOM(1)
	.byte	0                               @ EOM(2)
	.byte	11                              @ Abbreviation Code
	.byte	5                               @ DW_TAG_formal_parameter
	.byte	0                               @ DW_CHILDREN_no
	.byte	73                              @ DW_AT_type
	.byte	19                              @ DW_FORM_ref4
	.byte	0                               @ EOM(1)
	.byte	0                               @ EOM(2)
	.byte	12                              @ Abbreviation Code
	.byte	24                              @ DW_TAG_unspecified_parameters
	.byte	0                               @ DW_CHILDREN_no
	.byte	0                               @ EOM(1)
	.byte	0                               @ EOM(2)
	.byte	13                              @ Abbreviation Code
	.byte	52                              @ DW_TAG_variable
	.byte	0                               @ DW_CHILDREN_no
	.byte	3                               @ DW_AT_name
	.byte	14                              @ DW_FORM_strp
	.byte	73                              @ DW_AT_type
	.byte	19                              @ DW_FORM_ref4
	.byte	58                              @ DW_AT_decl_file
	.byte	11                              @ DW_FORM_data1
	.byte	59                              @ DW_AT_decl_line
	.byte	11                              @ DW_FORM_data1
	.byte	2                               @ DW_AT_location
	.byte	24                              @ DW_FORM_exprloc
	.byte	0                               @ EOM(1)
	.byte	0                               @ EOM(2)
	.byte	14                              @ Abbreviation Code
	.byte	1                               @ DW_TAG_array_type
	.byte	1                               @ DW_CHILDREN_yes
	.byte	73                              @ DW_AT_type
	.byte	19                              @ DW_FORM_ref4
	.byte	0                               @ EOM(1)
	.byte	0                               @ EOM(2)
	.byte	15                              @ Abbreviation Code
	.byte	33                              @ DW_TAG_subrange_type
	.byte	0                               @ DW_CHILDREN_no
	.byte	73                              @ DW_AT_type
	.byte	19                              @ DW_FORM_ref4
	.byte	55                              @ DW_AT_count
	.byte	5                               @ DW_FORM_data2
	.byte	0                               @ EOM(1)
	.byte	0                               @ EOM(2)
	.byte	16                              @ Abbreviation Code
	.byte	36                              @ DW_TAG_base_type
	.byte	0                               @ DW_CHILDREN_no
	.byte	3                               @ DW_AT_name
	.byte	14                              @ DW_FORM_strp
	.byte	11                              @ DW_AT_byte_size
	.byte	11                              @ DW_FORM_data1
	.byte	62                              @ DW_AT_encoding
	.byte	11                              @ DW_FORM_data1
	.byte	0                               @ EOM(1)
	.byte	0                               @ EOM(2)
	.byte	17                              @ Abbreviation Code
	.byte	19                              @ DW_TAG_structure_type
	.byte	1                               @ DW_CHILDREN_yes
	.byte	3                               @ DW_AT_name
	.byte	14                              @ DW_FORM_strp
	.byte	11                              @ DW_AT_byte_size
	.byte	5                               @ DW_FORM_data2
	.byte	58                              @ DW_AT_decl_file
	.byte	11                              @ DW_FORM_data1
	.byte	59                              @ DW_AT_decl_line
	.byte	11                              @ DW_FORM_data1
	.byte	0                               @ EOM(1)
	.byte	0                               @ EOM(2)
	.byte	18                              @ Abbreviation Code
	.byte	53                              @ DW_TAG_volatile_type
	.byte	0                               @ DW_CHILDREN_no
	.byte	73                              @ DW_AT_type
	.byte	19                              @ DW_FORM_ref4
	.byte	0                               @ EOM(1)
	.byte	0                               @ EOM(2)
	.byte	19                              @ Abbreviation Code
	.byte	46                              @ DW_TAG_subprogram
	.byte	0                               @ DW_CHILDREN_no
	.byte	17                              @ DW_AT_low_pc
	.byte	1                               @ DW_FORM_addr
	.byte	18                              @ DW_AT_high_pc
	.byte	6                               @ DW_FORM_data4
	.byte	64                              @ DW_AT_frame_base
	.byte	24                              @ DW_FORM_exprloc
	.ascii	"\227B"                         @ DW_AT_GNU_all_call_sites
	.byte	25                              @ DW_FORM_flag_present
	.byte	3                               @ DW_AT_name
	.byte	14                              @ DW_FORM_strp
	.byte	58                              @ DW_AT_decl_file
	.byte	11                              @ DW_FORM_data1
	.byte	59                              @ DW_AT_decl_line
	.byte	11                              @ DW_FORM_data1
	.byte	39                              @ DW_AT_prototyped
	.byte	25                              @ DW_FORM_flag_present
	.byte	73                              @ DW_AT_type
	.byte	19                              @ DW_FORM_ref4
	.byte	63                              @ DW_AT_external
	.byte	25                              @ DW_FORM_flag_present
	.byte	0                               @ EOM(1)
	.byte	0                               @ EOM(2)
	.byte	20                              @ Abbreviation Code
	.byte	46                              @ DW_TAG_subprogram
	.byte	1                               @ DW_CHILDREN_yes
	.byte	17                              @ DW_AT_low_pc
	.byte	1                               @ DW_FORM_addr
	.byte	18                              @ DW_AT_high_pc
	.byte	6                               @ DW_FORM_data4
	.byte	64                              @ DW_AT_frame_base
	.byte	24                              @ DW_FORM_exprloc
	.ascii	"\227B"                         @ DW_AT_GNU_all_call_sites
	.byte	25                              @ DW_FORM_flag_present
	.byte	3                               @ DW_AT_name
	.byte	14                              @ DW_FORM_strp
	.byte	58                              @ DW_AT_decl_file
	.byte	11                              @ DW_FORM_data1
	.byte	59                              @ DW_AT_decl_line
	.byte	11                              @ DW_FORM_data1
	.byte	39                              @ DW_AT_prototyped
	.byte	25                              @ DW_FORM_flag_present
	.byte	0                               @ EOM(1)
	.byte	0                               @ EOM(2)
	.byte	21                              @ Abbreviation Code
	.byte	5                               @ DW_TAG_formal_parameter
	.byte	0                               @ DW_CHILDREN_no
	.byte	2                               @ DW_AT_location
	.byte	23                              @ DW_FORM_sec_offset
	.byte	3                               @ DW_AT_name
	.byte	14                              @ DW_FORM_strp
	.byte	58                              @ DW_AT_decl_file
	.byte	11                              @ DW_FORM_data1
	.byte	59                              @ DW_AT_decl_line
	.byte	11                              @ DW_FORM_data1
	.byte	73                              @ DW_AT_type
	.byte	19                              @ DW_FORM_ref4
	.byte	0                               @ EOM(1)
	.byte	0                               @ EOM(2)
	.byte	22                              @ Abbreviation Code
	.byte	52                              @ DW_TAG_variable
	.byte	0                               @ DW_CHILDREN_no
	.byte	2                               @ DW_AT_location
	.byte	24                              @ DW_FORM_exprloc
	.byte	3                               @ DW_AT_name
	.byte	14                              @ DW_FORM_strp
	.byte	58                              @ DW_AT_decl_file
	.byte	11                              @ DW_FORM_data1
	.byte	59                              @ DW_AT_decl_line
	.byte	11                              @ DW_FORM_data1
	.byte	73                              @ DW_AT_type
	.byte	19                              @ DW_FORM_ref4
	.byte	0                               @ EOM(1)
	.byte	0                               @ EOM(2)
	.byte	23                              @ Abbreviation Code
	.byte	52                              @ DW_TAG_variable
	.byte	0                               @ DW_CHILDREN_no
	.byte	2                               @ DW_AT_location
	.byte	23                              @ DW_FORM_sec_offset
	.byte	3                               @ DW_AT_name
	.byte	14                              @ DW_FORM_strp
	.byte	58                              @ DW_AT_decl_file
	.byte	11                              @ DW_FORM_data1
	.byte	59                              @ DW_AT_decl_line
	.byte	11                              @ DW_FORM_data1
	.byte	73                              @ DW_AT_type
	.byte	19                              @ DW_FORM_ref4
	.byte	0                               @ EOM(1)
	.byte	0                               @ EOM(2)
	.byte	24                              @ Abbreviation Code
	.byte	46                              @ DW_TAG_subprogram
	.byte	1                               @ DW_CHILDREN_yes
	.byte	17                              @ DW_AT_low_pc
	.byte	1                               @ DW_FORM_addr
	.byte	18                              @ DW_AT_high_pc
	.byte	6                               @ DW_FORM_data4
	.byte	64                              @ DW_AT_frame_base
	.byte	24                              @ DW_FORM_exprloc
	.ascii	"\227B"                         @ DW_AT_GNU_all_call_sites
	.byte	25                              @ DW_FORM_flag_present
	.byte	3                               @ DW_AT_name
	.byte	14                              @ DW_FORM_strp
	.byte	58                              @ DW_AT_decl_file
	.byte	11                              @ DW_FORM_data1
	.byte	59                              @ DW_AT_decl_line
	.byte	11                              @ DW_FORM_data1
	.byte	39                              @ DW_AT_prototyped
	.byte	25                              @ DW_FORM_flag_present
	.byte	73                              @ DW_AT_type
	.byte	19                              @ DW_FORM_ref4
	.byte	0                               @ EOM(1)
	.byte	0                               @ EOM(2)
	.byte	25                              @ Abbreviation Code
	.byte	5                               @ DW_TAG_formal_parameter
	.byte	0                               @ DW_CHILDREN_no
	.byte	2                               @ DW_AT_location
	.byte	24                              @ DW_FORM_exprloc
	.byte	3                               @ DW_AT_name
	.byte	14                              @ DW_FORM_strp
	.byte	58                              @ DW_AT_decl_file
	.byte	11                              @ DW_FORM_data1
	.byte	59                              @ DW_AT_decl_line
	.byte	11                              @ DW_FORM_data1
	.byte	73                              @ DW_AT_type
	.byte	19                              @ DW_FORM_ref4
	.byte	0                               @ EOM(1)
	.byte	0                               @ EOM(2)
	.byte	26                              @ Abbreviation Code
	.byte	52                              @ DW_TAG_variable
	.byte	0                               @ DW_CHILDREN_no
	.byte	28                              @ DW_AT_const_value
	.byte	13                              @ DW_FORM_sdata
	.byte	3                               @ DW_AT_name
	.byte	14                              @ DW_FORM_strp
	.byte	58                              @ DW_AT_decl_file
	.byte	11                              @ DW_FORM_data1
	.byte	59                              @ DW_AT_decl_line
	.byte	11                              @ DW_FORM_data1
	.byte	73                              @ DW_AT_type
	.byte	19                              @ DW_FORM_ref4
	.byte	0                               @ EOM(1)
	.byte	0                               @ EOM(2)
	.byte	27                              @ Abbreviation Code
	.ascii	"\211\202\001"                  @ DW_TAG_GNU_call_site
	.byte	0                               @ DW_CHILDREN_no
	.byte	49                              @ DW_AT_abstract_origin
	.byte	19                              @ DW_FORM_ref4
	.ascii	"\225B"                         @ DW_AT_GNU_tail_call
	.byte	25                              @ DW_FORM_flag_present
	.byte	17                              @ DW_AT_low_pc
	.byte	1                               @ DW_FORM_addr
	.byte	0                               @ EOM(1)
	.byte	0                               @ EOM(2)
	.byte	28                              @ Abbreviation Code
	.byte	46                              @ DW_TAG_subprogram
	.byte	1                               @ DW_CHILDREN_yes
	.byte	3                               @ DW_AT_name
	.byte	14                              @ DW_FORM_strp
	.byte	58                              @ DW_AT_decl_file
	.byte	11                              @ DW_FORM_data1
	.byte	59                              @ DW_AT_decl_line
	.byte	11                              @ DW_FORM_data1
	.byte	39                              @ DW_AT_prototyped
	.byte	25                              @ DW_FORM_flag_present
	.byte	73                              @ DW_AT_type
	.byte	19                              @ DW_FORM_ref4
	.byte	60                              @ DW_AT_declaration
	.byte	25                              @ DW_FORM_flag_present
	.byte	63                              @ DW_AT_external
	.byte	25                              @ DW_FORM_flag_present
	.byte	0                               @ EOM(1)
	.byte	0                               @ EOM(2)
	.byte	0                               @ EOM(3)
	.section	.debug_info,"",%progbits
.Lcu_begin0:
	.long	.Ldebug_info_end0-.Ldebug_info_start0 @ Length of Unit
.Ldebug_info_start0:
	.short	4                               @ DWARF version number
	.long	.debug_abbrev                   @ Offset Into Abbrev. Section
	.byte	4                               @ Address Size (in bytes)
	.byte	1                               @ Abbrev [1] 0xb:0x49a DW_TAG_compile_unit
	.long	.Linfo_string0                  @ DW_AT_producer
	.short	12                              @ DW_AT_language
	.long	.Linfo_string1                  @ DW_AT_name
	.long	.Lline_table_start0             @ DW_AT_stmt_list
	.long	.Linfo_string2                  @ DW_AT_comp_dir
	.long	0                               @ DW_AT_low_pc
	.long	.Ldebug_ranges0                 @ DW_AT_ranges
	.byte	2                               @ Abbrev [2] 0x26:0x11 DW_TAG_variable
	.long	.Linfo_string3                  @ DW_AT_name
	.long	55                              @ DW_AT_type
                                        @ DW_AT_external
	.byte	3                               @ DW_AT_decl_file
	.byte	157                             @ DW_AT_decl_line
	.byte	5                               @ DW_AT_location
	.byte	3
	.long	g_cli_cmd_ps
	.byte	3                               @ Abbrev [3] 0x37:0x5 DW_TAG_const_type
	.long	60                              @ DW_AT_type
	.byte	4                               @ Abbrev [4] 0x3c:0xb DW_TAG_typedef
	.long	71                              @ DW_AT_type
	.long	.Linfo_string16                 @ DW_AT_name
	.byte	1                               @ DW_AT_decl_file
	.byte	165                             @ DW_AT_decl_line
	.byte	5                               @ Abbrev [5] 0x47:0x51 DW_TAG_structure_type
	.long	.Linfo_string15                 @ DW_AT_name
	.byte	24                              @ DW_AT_byte_size
	.byte	1                               @ DW_AT_decl_file
	.byte	142                             @ DW_AT_decl_line
	.byte	6                               @ Abbrev [6] 0x4f:0xc DW_TAG_member
	.long	.Linfo_string4                  @ DW_AT_name
	.long	152                             @ DW_AT_type
	.byte	1                               @ DW_AT_decl_file
	.byte	144                             @ DW_AT_decl_line
	.byte	0                               @ DW_AT_data_member_location
	.byte	6                               @ Abbrev [6] 0x5b:0xc DW_TAG_member
	.long	.Linfo_string5                  @ DW_AT_name
	.long	157                             @ DW_AT_type
	.byte	1                               @ DW_AT_decl_file
	.byte	146                             @ DW_AT_decl_line
	.byte	4                               @ DW_AT_data_member_location
	.byte	6                               @ Abbrev [6] 0x67:0xc DW_TAG_member
	.long	.Linfo_string7                  @ DW_AT_name
	.long	169                             @ DW_AT_type
	.byte	1                               @ DW_AT_decl_file
	.byte	147                             @ DW_AT_decl_line
	.byte	8                               @ DW_AT_data_member_location
	.byte	6                               @ Abbrev [6] 0x73:0xc DW_TAG_member
	.long	.Linfo_string10                 @ DW_AT_name
	.long	157                             @ DW_AT_type
	.byte	1                               @ DW_AT_decl_file
	.byte	148                             @ DW_AT_decl_line
	.byte	12                              @ DW_AT_data_member_location
	.byte	6                               @ Abbrev [6] 0x7f:0xc DW_TAG_member
	.long	.Linfo_string11                 @ DW_AT_name
	.long	187                             @ DW_AT_type
	.byte	1                               @ DW_AT_decl_file
	.byte	150                             @ DW_AT_decl_line
	.byte	16                              @ DW_AT_data_member_location
	.byte	6                               @ Abbrev [6] 0x8b:0xc DW_TAG_member
	.long	.Linfo_string12                 @ DW_AT_name
	.long	188                             @ DW_AT_type
	.byte	1                               @ DW_AT_decl_file
	.byte	163                             @ DW_AT_decl_line
	.byte	20                              @ DW_AT_data_member_location
	.byte	0                               @ End Of Children Mark
	.byte	7                               @ Abbrev [7] 0x98:0x5 DW_TAG_pointer_type
	.long	71                              @ DW_AT_type
	.byte	7                               @ Abbrev [7] 0x9d:0x5 DW_TAG_pointer_type
	.long	162                             @ DW_AT_type
	.byte	8                               @ Abbrev [8] 0xa2:0x7 DW_TAG_base_type
	.long	.Linfo_string6                  @ DW_AT_name
	.byte	8                               @ DW_AT_encoding
	.byte	1                               @ DW_AT_byte_size
	.byte	4                               @ Abbrev [4] 0xa9:0xb DW_TAG_typedef
	.long	180                             @ DW_AT_type
	.long	.Linfo_string9                  @ DW_AT_name
	.byte	2                               @ DW_AT_decl_file
	.byte	64                              @ DW_AT_decl_line
	.byte	8                               @ Abbrev [8] 0xb4:0x7 DW_TAG_base_type
	.long	.Linfo_string8                  @ DW_AT_name
	.byte	7                               @ DW_AT_encoding
	.byte	4                               @ DW_AT_byte_size
	.byte	9                               @ Abbrev [9] 0xbb:0x1 DW_TAG_pointer_type
	.byte	7                               @ Abbrev [7] 0xbc:0x5 DW_TAG_pointer_type
	.long	193                             @ DW_AT_type
	.byte	10                              @ Abbrev [10] 0xc1:0x1a DW_TAG_subroutine_type
	.long	219                             @ DW_AT_type
                                        @ DW_AT_prototyped
	.byte	11                              @ Abbrev [11] 0xc6:0x5 DW_TAG_formal_parameter
	.long	219                             @ DW_AT_type
	.byte	11                              @ Abbrev [11] 0xcb:0x5 DW_TAG_formal_parameter
	.long	226                             @ DW_AT_type
	.byte	11                              @ Abbrev [11] 0xd0:0x5 DW_TAG_formal_parameter
	.long	231                             @ DW_AT_type
	.byte	11                              @ Abbrev [11] 0xd5:0x5 DW_TAG_formal_parameter
	.long	187                             @ DW_AT_type
	.byte	0                               @ End Of Children Mark
	.byte	8                               @ Abbrev [8] 0xdb:0x7 DW_TAG_base_type
	.long	.Linfo_string13                 @ DW_AT_name
	.byte	5                               @ DW_AT_encoding
	.byte	4                               @ DW_AT_byte_size
	.byte	7                               @ Abbrev [7] 0xe2:0x5 DW_TAG_pointer_type
	.long	157                             @ DW_AT_type
	.byte	4                               @ Abbrev [4] 0xe7:0xb DW_TAG_typedef
	.long	242                             @ DW_AT_type
	.long	.Linfo_string14                 @ DW_AT_name
	.byte	1                               @ DW_AT_decl_file
	.byte	66                              @ DW_AT_decl_line
	.byte	7                               @ Abbrev [7] 0xf2:0x5 DW_TAG_pointer_type
	.long	247                             @ DW_AT_type
	.byte	10                              @ Abbrev [10] 0xf7:0xc DW_TAG_subroutine_type
	.long	219                             @ DW_AT_type
                                        @ DW_AT_prototyped
	.byte	11                              @ Abbrev [11] 0xfc:0x5 DW_TAG_formal_parameter
	.long	259                             @ DW_AT_type
	.byte	12                              @ Abbrev [12] 0x101:0x1 DW_TAG_unspecified_parameters
	.byte	0                               @ End Of Children Mark
	.byte	7                               @ Abbrev [7] 0x103:0x5 DW_TAG_pointer_type
	.long	264                             @ DW_AT_type
	.byte	3                               @ Abbrev [3] 0x108:0x5 DW_TAG_const_type
	.long	162                             @ DW_AT_type
	.byte	13                              @ Abbrev [13] 0x10d:0x11 DW_TAG_variable
	.long	.Linfo_string17                 @ DW_AT_name
	.long	286                             @ DW_AT_type
	.byte	3                               @ DW_AT_decl_file
	.byte	40                              @ DW_AT_decl_line
	.byte	5                               @ DW_AT_location
	.byte	3
	.long	g_line_buf
	.byte	14                              @ Abbrev [14] 0x11e:0xd DW_TAG_array_type
	.long	162                             @ DW_AT_type
	.byte	15                              @ Abbrev [15] 0x123:0x7 DW_TAG_subrange_type
	.long	299                             @ DW_AT_type
	.short	256                             @ DW_AT_count
	.byte	0                               @ End Of Children Mark
	.byte	16                              @ Abbrev [16] 0x12b:0x7 DW_TAG_base_type
	.long	.Linfo_string18                 @ DW_AT_name
	.byte	8                               @ DW_AT_byte_size
	.byte	7                               @ DW_AT_encoding
	.byte	13                              @ Abbrev [13] 0x132:0x11 DW_TAG_variable
	.long	.Linfo_string19                 @ DW_AT_name
	.long	323                             @ DW_AT_type
	.byte	3                               @ DW_AT_decl_file
	.byte	41                              @ DW_AT_decl_line
	.byte	5                               @ DW_AT_location
	.byte	3
	.long	g_history
	.byte	14                              @ Abbrev [14] 0x143:0xd DW_TAG_array_type
	.long	162                             @ DW_AT_type
	.byte	15                              @ Abbrev [15] 0x148:0x7 DW_TAG_subrange_type
	.long	299                             @ DW_AT_type
	.short	2080                            @ DW_AT_count
	.byte	0                               @ End Of Children Mark
	.byte	13                              @ Abbrev [13] 0x150:0x11 DW_TAG_variable
	.long	.Linfo_string20                 @ DW_AT_name
	.long	353                             @ DW_AT_type
	.byte	3                               @ DW_AT_decl_file
	.byte	71                              @ DW_AT_decl_line
	.byte	5                               @ DW_AT_location
	.byte	3
	.long	g_sh_std_io
	.byte	3                               @ Abbrev [3] 0x161:0x5 DW_TAG_const_type
	.long	358                             @ DW_AT_type
	.byte	4                               @ Abbrev [4] 0x166:0xb DW_TAG_typedef
	.long	369                             @ DW_AT_type
	.long	.Linfo_string26                 @ DW_AT_name
	.byte	1                               @ DW_AT_decl_file
	.byte	136                             @ DW_AT_decl_line
	.byte	5                               @ Abbrev [5] 0x171:0x21 DW_TAG_structure_type
	.long	.Linfo_string25                 @ DW_AT_name
	.byte	8                               @ DW_AT_byte_size
	.byte	1                               @ DW_AT_decl_file
	.byte	131                             @ DW_AT_decl_line
	.byte	6                               @ Abbrev [6] 0x179:0xc DW_TAG_member
	.long	.Linfo_string21                 @ DW_AT_name
	.long	402                             @ DW_AT_type
	.byte	1                               @ DW_AT_decl_file
	.byte	133                             @ DW_AT_decl_line
	.byte	0                               @ DW_AT_data_member_location
	.byte	6                               @ Abbrev [6] 0x185:0xc DW_TAG_member
	.long	.Linfo_string24                 @ DW_AT_name
	.long	402                             @ DW_AT_type
	.byte	1                               @ DW_AT_decl_file
	.byte	134                             @ DW_AT_decl_line
	.byte	4                               @ DW_AT_data_member_location
	.byte	0                               @ End Of Children Mark
	.byte	7                               @ Abbrev [7] 0x192:0x5 DW_TAG_pointer_type
	.long	407                             @ DW_AT_type
	.byte	10                              @ Abbrev [10] 0x197:0x15 DW_TAG_subroutine_type
	.long	219                             @ DW_AT_type
                                        @ DW_AT_prototyped
	.byte	11                              @ Abbrev [11] 0x19c:0x5 DW_TAG_formal_parameter
	.long	428                             @ DW_AT_type
	.byte	11                              @ Abbrev [11] 0x1a1:0x5 DW_TAG_formal_parameter
	.long	169                             @ DW_AT_type
	.byte	11                              @ Abbrev [11] 0x1a6:0x5 DW_TAG_formal_parameter
	.long	187                             @ DW_AT_type
	.byte	0                               @ End Of Children Mark
	.byte	7                               @ Abbrev [7] 0x1ac:0x5 DW_TAG_pointer_type
	.long	433                             @ DW_AT_type
	.byte	4                               @ Abbrev [4] 0x1b1:0xb DW_TAG_typedef
	.long	444                             @ DW_AT_type
	.long	.Linfo_string23                 @ DW_AT_name
	.byte	2                               @ DW_AT_decl_file
	.byte	62                              @ DW_AT_decl_line
	.byte	8                               @ Abbrev [8] 0x1bc:0x7 DW_TAG_base_type
	.long	.Linfo_string22                 @ DW_AT_name
	.byte	8                               @ DW_AT_encoding
	.byte	1                               @ DW_AT_byte_size
	.byte	13                              @ Abbrev [13] 0x1c3:0x11 DW_TAG_variable
	.long	.Linfo_string27                 @ DW_AT_name
	.long	468                             @ DW_AT_type
	.byte	3                               @ DW_AT_decl_file
	.byte	42                              @ DW_AT_decl_line
	.byte	5                               @ DW_AT_location
	.byte	3
	.long	g_sh_args
	.byte	4                               @ Abbrev [4] 0x1d4:0xb DW_TAG_typedef
	.long	479                             @ DW_AT_type
	.long	.Linfo_string34                 @ DW_AT_name
	.byte	1                               @ DW_AT_decl_file
	.byte	187                             @ DW_AT_decl_line
	.byte	5                               @ Abbrev [5] 0x1df:0x45 DW_TAG_structure_type
	.long	.Linfo_string33                 @ DW_AT_name
	.byte	20                              @ DW_AT_byte_size
	.byte	1                               @ DW_AT_decl_file
	.byte	171                             @ DW_AT_decl_line
	.byte	6                               @ Abbrev [6] 0x1e7:0xc DW_TAG_member
	.long	.Linfo_string28                 @ DW_AT_name
	.long	169                             @ DW_AT_type
	.byte	1                               @ DW_AT_decl_file
	.byte	173                             @ DW_AT_decl_line
	.byte	0                               @ DW_AT_data_member_location
	.byte	6                               @ Abbrev [6] 0x1f3:0xc DW_TAG_member
	.long	.Linfo_string29                 @ DW_AT_name
	.long	169                             @ DW_AT_type
	.byte	1                               @ DW_AT_decl_file
	.byte	174                             @ DW_AT_decl_line
	.byte	4                               @ DW_AT_data_member_location
	.byte	6                               @ Abbrev [6] 0x1ff:0xc DW_TAG_member
	.long	.Linfo_string30                 @ DW_AT_name
	.long	169                             @ DW_AT_type
	.byte	1                               @ DW_AT_decl_file
	.byte	181                             @ DW_AT_decl_line
	.byte	8                               @ DW_AT_data_member_location
	.byte	6                               @ Abbrev [6] 0x20b:0xc DW_TAG_member
	.long	.Linfo_string31                 @ DW_AT_name
	.long	548                             @ DW_AT_type
	.byte	1                               @ DW_AT_decl_file
	.byte	183                             @ DW_AT_decl_line
	.byte	12                              @ DW_AT_data_member_location
	.byte	6                               @ Abbrev [6] 0x217:0xc DW_TAG_member
	.long	.Linfo_string32                 @ DW_AT_name
	.long	187                             @ DW_AT_type
	.byte	1                               @ DW_AT_decl_file
	.byte	185                             @ DW_AT_decl_line
	.byte	16                              @ DW_AT_data_member_location
	.byte	0                               @ End Of Children Mark
	.byte	7                               @ Abbrev [7] 0x224:0x5 DW_TAG_pointer_type
	.long	553                             @ DW_AT_type
	.byte	10                              @ Abbrev [10] 0x229:0xb DW_TAG_subroutine_type
	.long	219                             @ DW_AT_type
                                        @ DW_AT_prototyped
	.byte	11                              @ Abbrev [11] 0x22e:0x5 DW_TAG_formal_parameter
	.long	564                             @ DW_AT_type
	.byte	0                               @ End Of Children Mark
	.byte	7                               @ Abbrev [7] 0x234:0x5 DW_TAG_pointer_type
	.long	479                             @ DW_AT_type
	.byte	13                              @ Abbrev [13] 0x239:0x11 DW_TAG_variable
	.long	.Linfo_string35                 @ DW_AT_name
	.long	586                             @ DW_AT_type
	.byte	3                               @ DW_AT_decl_file
	.byte	38                              @ DW_AT_decl_line
	.byte	5                               @ DW_AT_location
	.byte	3
	.long	g_uart_rx_io
	.byte	4                               @ Abbrev [4] 0x24a:0xb DW_TAG_typedef
	.long	597                             @ DW_AT_type
	.long	.Linfo_string40                 @ DW_AT_name
	.byte	3                               @ DW_AT_decl_file
	.byte	36                              @ DW_AT_decl_line
	.byte	17                              @ Abbrev [17] 0x255:0x2e DW_TAG_structure_type
	.long	.Linfo_string39                 @ DW_AT_name
	.short	264                             @ DW_AT_byte_size
	.byte	3                               @ DW_AT_decl_file
	.byte	31                              @ DW_AT_decl_line
	.byte	6                               @ Abbrev [6] 0x25e:0xc DW_TAG_member
	.long	.Linfo_string36                 @ DW_AT_name
	.long	643                             @ DW_AT_type
	.byte	3                               @ DW_AT_decl_file
	.byte	33                              @ DW_AT_decl_line
	.byte	0                               @ DW_AT_data_member_location
	.byte	6                               @ Abbrev [6] 0x26a:0xc DW_TAG_member
	.long	.Linfo_string37                 @ DW_AT_name
	.long	643                             @ DW_AT_type
	.byte	3                               @ DW_AT_decl_file
	.byte	34                              @ DW_AT_decl_line
	.byte	4                               @ DW_AT_data_member_location
	.byte	6                               @ Abbrev [6] 0x276:0xc DW_TAG_member
	.long	.Linfo_string38                 @ DW_AT_name
	.long	648                             @ DW_AT_type
	.byte	3                               @ DW_AT_decl_file
	.byte	35                              @ DW_AT_decl_line
	.byte	8                               @ DW_AT_data_member_location
	.byte	0                               @ End Of Children Mark
	.byte	18                              @ Abbrev [18] 0x283:0x5 DW_TAG_volatile_type
	.long	169                             @ DW_AT_type
	.byte	14                              @ Abbrev [14] 0x288:0xd DW_TAG_array_type
	.long	433                             @ DW_AT_type
	.byte	15                              @ Abbrev [15] 0x28d:0x7 DW_TAG_subrange_type
	.long	299                             @ DW_AT_type
	.short	256                             @ DW_AT_count
	.byte	0                               @ End Of Children Mark
	.byte	7                               @ Abbrev [7] 0x295:0x5 DW_TAG_pointer_type
	.long	358                             @ DW_AT_type
	.byte	7                               @ Abbrev [7] 0x29a:0x5 DW_TAG_pointer_type
	.long	643                             @ DW_AT_type
	.byte	19                              @ Abbrev [19] 0x29f:0x15 DW_TAG_subprogram
	.long	.Lfunc_begin0                   @ DW_AT_low_pc
	.long	.Lfunc_end0-.Lfunc_begin0       @ DW_AT_high_pc
	.byte	1                               @ DW_AT_frame_base
	.byte	93
                                        @ DW_AT_GNU_all_call_sites
	.long	.Linfo_string42                 @ DW_AT_name
	.byte	3                               @ DW_AT_decl_file
	.byte	145                             @ DW_AT_decl_line
                                        @ DW_AT_prototyped
	.long	219                             @ DW_AT_type
                                        @ DW_AT_external
	.byte	20                              @ Abbrev [20] 0x2b4:0x3e DW_TAG_subprogram
	.long	.Lfunc_begin1                   @ DW_AT_low_pc
	.long	.Lfunc_end1-.Lfunc_begin1       @ DW_AT_high_pc
	.byte	1                               @ DW_AT_frame_base
	.byte	93
                                        @ DW_AT_GNU_all_call_sites
	.long	.Linfo_string43                 @ DW_AT_name
	.byte	3                               @ DW_AT_decl_file
	.byte	78                              @ DW_AT_decl_line
                                        @ DW_AT_prototyped
	.byte	21                              @ Abbrev [21] 0x2c5:0xf DW_TAG_formal_parameter
	.long	.Ldebug_loc0                    @ DW_AT_location
	.long	.Linfo_string60                 @ DW_AT_name
	.byte	3                               @ DW_AT_decl_file
	.byte	78                              @ DW_AT_decl_line
	.long	187                             @ DW_AT_type
	.byte	22                              @ Abbrev [22] 0x2d4:0xe DW_TAG_variable
	.byte	2                               @ DW_AT_location
	.byte	145
	.byte	0
	.long	.Linfo_string47                 @ DW_AT_name
	.byte	3                               @ DW_AT_decl_file
	.byte	81                              @ DW_AT_decl_line
	.long	1042                            @ DW_AT_type
	.byte	23                              @ Abbrev [23] 0x2e2:0xf DW_TAG_variable
	.long	.Ldebug_loc1                    @ DW_AT_location
	.long	.Linfo_string61                 @ DW_AT_name
	.byte	3                               @ DW_AT_decl_file
	.byte	80                              @ DW_AT_decl_line
	.long	433                             @ DW_AT_type
	.byte	0                               @ End Of Children Mark
	.byte	24                              @ Abbrev [24] 0x2f2:0x61 DW_TAG_subprogram
	.long	.Lfunc_begin2                   @ DW_AT_low_pc
	.long	.Lfunc_end2-.Lfunc_begin2       @ DW_AT_high_pc
	.byte	1                               @ DW_AT_frame_base
	.byte	93
                                        @ DW_AT_GNU_all_call_sites
	.long	.Linfo_string44                 @ DW_AT_name
	.byte	3                               @ DW_AT_decl_file
	.byte	114                             @ DW_AT_decl_line
                                        @ DW_AT_prototyped
	.long	219                             @ DW_AT_type
	.byte	21                              @ Abbrev [21] 0x307:0xf DW_TAG_formal_parameter
	.long	.Ldebug_loc2                    @ DW_AT_location
	.long	.Linfo_string62                 @ DW_AT_name
	.byte	3                               @ DW_AT_decl_file
	.byte	114                             @ DW_AT_decl_line
	.long	219                             @ DW_AT_type
	.byte	21                              @ Abbrev [21] 0x316:0xf DW_TAG_formal_parameter
	.long	.Ldebug_loc3                    @ DW_AT_location
	.long	.Linfo_string63                 @ DW_AT_name
	.byte	3                               @ DW_AT_decl_file
	.byte	114                             @ DW_AT_decl_line
	.long	226                             @ DW_AT_type
	.byte	21                              @ Abbrev [21] 0x325:0xf DW_TAG_formal_parameter
	.long	.Ldebug_loc4                    @ DW_AT_location
	.long	.Linfo_string64                 @ DW_AT_name
	.byte	3                               @ DW_AT_decl_file
	.byte	114                             @ DW_AT_decl_line
	.long	231                             @ DW_AT_type
	.byte	21                              @ Abbrev [21] 0x334:0xf DW_TAG_formal_parameter
	.long	.Ldebug_loc5                    @ DW_AT_location
	.long	.Linfo_string11                 @ DW_AT_name
	.byte	3                               @ DW_AT_decl_file
	.byte	114                             @ DW_AT_decl_line
	.long	187                             @ DW_AT_type
	.byte	23                              @ Abbrev [23] 0x343:0xf DW_TAG_variable
	.long	.Ldebug_loc6                    @ DW_AT_location
	.long	.Linfo_string65                 @ DW_AT_name
	.byte	3                               @ DW_AT_decl_file
	.byte	116                             @ DW_AT_decl_line
	.long	157                             @ DW_AT_type
	.byte	0                               @ End Of Children Mark
	.byte	24                              @ Abbrev [24] 0x353:0x52 DW_TAG_subprogram
	.long	.Lfunc_begin3                   @ DW_AT_low_pc
	.long	.Lfunc_end3-.Lfunc_begin3       @ DW_AT_high_pc
	.byte	1                               @ DW_AT_frame_base
	.byte	93
                                        @ DW_AT_GNU_all_call_sites
	.long	.Linfo_string45                 @ DW_AT_name
	.byte	3                               @ DW_AT_decl_file
	.byte	46                              @ DW_AT_decl_line
                                        @ DW_AT_prototyped
	.long	219                             @ DW_AT_type
	.byte	21                              @ Abbrev [21] 0x368:0xf DW_TAG_formal_parameter
	.long	.Ldebug_loc7                    @ DW_AT_location
	.long	.Linfo_string66                 @ DW_AT_name
	.byte	3                               @ DW_AT_decl_file
	.byte	46                              @ DW_AT_decl_line
	.long	428                             @ DW_AT_type
	.byte	21                              @ Abbrev [21] 0x377:0xf DW_TAG_formal_parameter
	.long	.Ldebug_loc8                    @ DW_AT_location
	.long	.Linfo_string67                 @ DW_AT_name
	.byte	3                               @ DW_AT_decl_file
	.byte	46                              @ DW_AT_decl_line
	.long	169                             @ DW_AT_type
	.byte	21                              @ Abbrev [21] 0x386:0xf DW_TAG_formal_parameter
	.long	.Ldebug_loc9                    @ DW_AT_location
	.long	.Linfo_string11                 @ DW_AT_name
	.byte	3                               @ DW_AT_decl_file
	.byte	46                              @ DW_AT_decl_line
	.long	187                             @ DW_AT_type
	.byte	23                              @ Abbrev [23] 0x395:0xf DW_TAG_variable
	.long	.Ldebug_loc10                   @ DW_AT_location
	.long	.Linfo_string68                 @ DW_AT_name
	.byte	3                               @ DW_AT_decl_file
	.byte	48                              @ DW_AT_decl_line
	.long	169                             @ DW_AT_type
	.byte	0                               @ End Of Children Mark
	.byte	24                              @ Abbrev [24] 0x3a5:0x52 DW_TAG_subprogram
	.long	.Lfunc_begin4                   @ DW_AT_low_pc
	.long	.Lfunc_end4-.Lfunc_begin4       @ DW_AT_high_pc
	.byte	1                               @ DW_AT_frame_base
	.byte	93
                                        @ DW_AT_GNU_all_call_sites
	.long	.Linfo_string46                 @ DW_AT_name
	.byte	3                               @ DW_AT_decl_file
	.byte	62                              @ DW_AT_decl_line
                                        @ DW_AT_prototyped
	.long	219                             @ DW_AT_type
	.byte	25                              @ Abbrev [25] 0x3ba:0xd DW_TAG_formal_parameter
	.byte	1                               @ DW_AT_location
	.byte	80
	.long	.Linfo_string66                 @ DW_AT_name
	.byte	3                               @ DW_AT_decl_file
	.byte	62                              @ DW_AT_decl_line
	.long	428                             @ DW_AT_type
	.byte	25                              @ Abbrev [25] 0x3c7:0xd DW_TAG_formal_parameter
	.byte	1                               @ DW_AT_location
	.byte	81
	.long	.Linfo_string67                 @ DW_AT_name
	.byte	3                               @ DW_AT_decl_file
	.byte	62                              @ DW_AT_decl_line
	.long	169                             @ DW_AT_type
	.byte	25                              @ Abbrev [25] 0x3d4:0xd DW_TAG_formal_parameter
	.byte	1                               @ DW_AT_location
	.byte	82
	.long	.Linfo_string11                 @ DW_AT_name
	.byte	3                               @ DW_AT_decl_file
	.byte	62                              @ DW_AT_decl_line
	.long	187                             @ DW_AT_type
	.byte	26                              @ Abbrev [26] 0x3e1:0xc DW_TAG_variable
	.byte	0                               @ DW_AT_const_value
	.long	.Linfo_string69                 @ DW_AT_name
	.byte	3                               @ DW_AT_decl_file
	.byte	64                              @ DW_AT_decl_line
	.long	219                             @ DW_AT_type
	.byte	27                              @ Abbrev [27] 0x3ed:0x9 DW_TAG_GNU_call_site
	.long	1015                            @ DW_AT_abstract_origin
                                        @ DW_AT_GNU_tail_call
	.long	.Ltmp56                         @ DW_AT_low_pc
	.byte	0                               @ End Of Children Mark
	.byte	28                              @ Abbrev [28] 0x3f7:0x16 DW_TAG_subprogram
	.long	.Linfo_string41                 @ DW_AT_name
	.byte	4                               @ DW_AT_decl_file
	.byte	21                              @ DW_AT_decl_line
                                        @ DW_AT_prototyped
	.long	219                             @ DW_AT_type
                                        @ DW_AT_declaration
                                        @ DW_AT_external
	.byte	11                              @ Abbrev [11] 0x402:0x5 DW_TAG_formal_parameter
	.long	1037                            @ DW_AT_type
	.byte	11                              @ Abbrev [11] 0x407:0x5 DW_TAG_formal_parameter
	.long	180                             @ DW_AT_type
	.byte	0                               @ End Of Children Mark
	.byte	7                               @ Abbrev [7] 0x40d:0x5 DW_TAG_pointer_type
	.long	444                             @ DW_AT_type
	.byte	4                               @ Abbrev [4] 0x412:0xb DW_TAG_typedef
	.long	1053                            @ DW_AT_type
	.long	.Linfo_string59                 @ DW_AT_name
	.byte	1                               @ DW_AT_decl_file
	.byte	125                             @ DW_AT_decl_line
	.byte	5                               @ Abbrev [5] 0x41d:0x75 DW_TAG_structure_type
	.long	.Linfo_string47                 @ DW_AT_name
	.byte	32                              @ DW_AT_byte_size
	.byte	1                               @ DW_AT_decl_file
	.byte	107                             @ DW_AT_decl_line
	.byte	6                               @ Abbrev [6] 0x425:0xc DW_TAG_member
	.long	.Linfo_string48                 @ DW_AT_name
	.long	157                             @ DW_AT_type
	.byte	1                               @ DW_AT_decl_file
	.byte	109                             @ DW_AT_decl_line
	.byte	0                               @ DW_AT_data_member_location
	.byte	6                               @ Abbrev [6] 0x431:0xc DW_TAG_member
	.long	.Linfo_string49                 @ DW_AT_name
	.long	169                             @ DW_AT_type
	.byte	1                               @ DW_AT_decl_file
	.byte	110                             @ DW_AT_decl_line
	.byte	4                               @ DW_AT_data_member_location
	.byte	6                               @ Abbrev [6] 0x43d:0xc DW_TAG_member
	.long	.Linfo_string50                 @ DW_AT_name
	.long	157                             @ DW_AT_type
	.byte	1                               @ DW_AT_decl_file
	.byte	112                             @ DW_AT_decl_line
	.byte	8                               @ DW_AT_data_member_location
	.byte	6                               @ Abbrev [6] 0x449:0xc DW_TAG_member
	.long	.Linfo_string51                 @ DW_AT_name
	.long	169                             @ DW_AT_type
	.byte	1                               @ DW_AT_decl_file
	.byte	113                             @ DW_AT_decl_line
	.byte	12                              @ DW_AT_data_member_location
	.byte	6                               @ Abbrev [6] 0x455:0xc DW_TAG_member
	.long	.Linfo_string52                 @ DW_AT_name
	.long	157                             @ DW_AT_type
	.byte	1                               @ DW_AT_decl_file
	.byte	118                             @ DW_AT_decl_line
	.byte	16                              @ DW_AT_data_member_location
	.byte	6                               @ Abbrev [6] 0x461:0xc DW_TAG_member
	.long	.Linfo_string53                 @ DW_AT_name
	.long	1170                            @ DW_AT_type
	.byte	1                               @ DW_AT_decl_file
	.byte	119                             @ DW_AT_decl_line
	.byte	20                              @ DW_AT_data_member_location
	.byte	6                               @ Abbrev [6] 0x46d:0xc DW_TAG_member
	.long	.Linfo_string56                 @ DW_AT_name
	.long	1170                            @ DW_AT_type
	.byte	1                               @ DW_AT_decl_file
	.byte	120                             @ DW_AT_decl_line
	.byte	22                              @ DW_AT_data_member_location
	.byte	6                               @ Abbrev [6] 0x479:0xc DW_TAG_member
	.long	.Linfo_string57                 @ DW_AT_name
	.long	169                             @ DW_AT_type
	.byte	1                               @ DW_AT_decl_file
	.byte	121                             @ DW_AT_decl_line
	.byte	24                              @ DW_AT_data_member_location
	.byte	6                               @ Abbrev [6] 0x485:0xc DW_TAG_member
	.long	.Linfo_string58                 @ DW_AT_name
	.long	187                             @ DW_AT_type
	.byte	1                               @ DW_AT_decl_file
	.byte	123                             @ DW_AT_decl_line
	.byte	28                              @ DW_AT_data_member_location
	.byte	0                               @ End Of Children Mark
	.byte	4                               @ Abbrev [4] 0x492:0xb DW_TAG_typedef
	.long	1181                            @ DW_AT_type
	.long	.Linfo_string55                 @ DW_AT_name
	.byte	2                               @ DW_AT_decl_file
	.byte	63                              @ DW_AT_decl_line
	.byte	8                               @ Abbrev [8] 0x49d:0x7 DW_TAG_base_type
	.long	.Linfo_string54                 @ DW_AT_name
	.byte	7                               @ DW_AT_encoding
	.byte	2                               @ DW_AT_byte_size
	.byte	0                               @ End Of Children Mark
.Ldebug_info_end0:
	.section	.debug_ranges,"",%progbits
.Ldebug_ranges0:
	.long	.Lfunc_begin0
	.long	.Lfunc_end0
	.long	.Lfunc_begin1
	.long	.Lfunc_end1
	.long	.Lfunc_begin2
	.long	.Lfunc_end2
	.long	.Lfunc_begin3
	.long	.Lfunc_end3
	.long	.Lfunc_begin4
	.long	.Lfunc_end4
	.long	0
	.long	0
	.section	.debug_str,"MS",%progbits,1
.Linfo_string0:
	.asciz	"Component: ARM Compiler 6.16 Tool: armclang [5dfeb700]" @ string offset=0
.Linfo_string1:
	.asciz	"../../../components/utility/cli\\cli.c" @ string offset=55
.Linfo_string2:
	.asciz	"D:\\Rafael-IoT-SDK-Internal-main\\examples\\das_subg_thread\\keil" @ string offset=93
.Linfo_string3:
	.asciz	"g_cli_cmd_ps"                  @ string offset=155
.Linfo_string4:
	.asciz	"next"                          @ string offset=168
.Linfo_string5:
	.asciz	"pCmd_name"                     @ string offset=173
.Linfo_string6:
	.asciz	"char"                          @ string offset=183
.Linfo_string7:
	.asciz	"cmd_name_len"                  @ string offset=188
.Linfo_string8:
	.asciz	"unsigned int"                  @ string offset=201
.Linfo_string9:
	.asciz	"uint32_t"                      @ string offset=214
.Linfo_string10:
	.asciz	"pDescription"                  @ string offset=223
.Linfo_string11:
	.asciz	"pExtra"                        @ string offset=236
.Linfo_string12:
	.asciz	"cmd_exec"                      @ string offset=243
.Linfo_string13:
	.asciz	"int"                           @ string offset=252
.Linfo_string14:
	.asciz	"cb_shell_out_t"                @ string offset=256
.Linfo_string15:
	.asciz	"sh_cmd"                        @ string offset=271
.Linfo_string16:
	.asciz	"sh_cmd_t"                      @ string offset=278
.Linfo_string17:
	.asciz	"g_line_buf"                    @ string offset=287
.Linfo_string18:
	.asciz	"__ARRAY_SIZE_TYPE__"           @ string offset=298
.Linfo_string19:
	.asciz	"g_history"                     @ string offset=318
.Linfo_string20:
	.asciz	"g_sh_std_io"                   @ string offset=328
.Linfo_string21:
	.asciz	"cb_read"                       @ string offset=340
.Linfo_string22:
	.asciz	"unsigned char"                 @ string offset=348
.Linfo_string23:
	.asciz	"uint8_t"                       @ string offset=362
.Linfo_string24:
	.asciz	"cb_write"                      @ string offset=370
.Linfo_string25:
	.asciz	"sh_io_desc"                    @ string offset=379
.Linfo_string26:
	.asciz	"sh_io_desc_t"                  @ string offset=390
.Linfo_string27:
	.asciz	"g_sh_args"                     @ string offset=403
.Linfo_string28:
	.asciz	"is_blocking"                   @ string offset=413
.Linfo_string29:
	.asciz	"delay_time_ms"                 @ string offset=425
.Linfo_string30:
	.asciz	"exec_result"                   @ string offset=439
.Linfo_string31:
	.asciz	"cb_regular_alarm"              @ string offset=451
.Linfo_string32:
	.asciz	"pTunnel_info"                  @ string offset=468
.Linfo_string33:
	.asciz	"sh_args"                       @ string offset=481
.Linfo_string34:
	.asciz	"sh_args_t"                     @ string offset=489
.Linfo_string35:
	.asciz	"g_uart_rx_io"                  @ string offset=499
.Linfo_string36:
	.asciz	"wr_idx"                        @ string offset=512
.Linfo_string37:
	.asciz	"rd_idx"                        @ string offset=519
.Linfo_string38:
	.asciz	"uart_cache"                    @ string offset=526
.Linfo_string39:
	.asciz	"uart_io"                       @ string offset=537
.Linfo_string40:
	.asciz	"uart_io_t"                     @ string offset=545
.Linfo_string41:
	.asciz	"uart_stdio_write"              @ string offset=555
.Linfo_string42:
	.asciz	"cli_init"                      @ string offset=572
.Linfo_string43:
	.asciz	"cli_task"                      @ string offset=581
.Linfo_string44:
	.asciz	"_cli_cmd_ps"                   @ string offset=590
.Linfo_string45:
	.asciz	"_sh_io_read"                   @ string offset=602
.Linfo_string46:
	.asciz	"_sh_io_write"                  @ string offset=614
.Linfo_string47:
	.asciz	"sh_set"                        @ string offset=627
.Linfo_string48:
	.asciz	"pLine_buf"                     @ string offset=634
.Linfo_string49:
	.asciz	"line_buf_len"                  @ string offset=644
.Linfo_string50:
	.asciz	"pIO_cache"                     @ string offset=657
.Linfo_string51:
	.asciz	"io_cache_len"                  @ string offset=667
.Linfo_string52:
	.asciz	"pHistory_buf"                  @ string offset=680
.Linfo_string53:
	.asciz	"line_size"                     @ string offset=693
.Linfo_string54:
	.asciz	"unsigned short"                @ string offset=703
.Linfo_string55:
	.asciz	"uint16_t"                      @ string offset=718
.Linfo_string56:
	.asciz	"cmd_deep"                      @ string offset=727
.Linfo_string57:
	.asciz	"history_buf_size"              @ string offset=736
.Linfo_string58:
	.asciz	"pUser_data"                    @ string offset=753
.Linfo_string59:
	.asciz	"sh_set_t"                      @ string offset=764
.Linfo_string60:
	.asciz	"pvParameters"                  @ string offset=773
.Linfo_string61:
	.asciz	"cnt"                           @ string offset=786
.Linfo_string62:
	.asciz	"argc"                          @ string offset=790
.Linfo_string63:
	.asciz	"argv"                          @ string offset=795
.Linfo_string64:
	.asciz	"log_out"                       @ string offset=800
.Linfo_string65:
	.asciz	"pbuffer"                       @ string offset=808
.Linfo_string66:
	.asciz	"pBuf"                          @ string offset=816
.Linfo_string67:
	.asciz	"length"                        @ string offset=821
.Linfo_string68:
	.asciz	"byte_cnt"                      @ string offset=828
.Linfo_string69:
	.asciz	"len"                           @ string offset=837
	.ident	"Component: ARM Compiler 6.16 Tool: armclang [5dfeb700]"
	.section	".note.GNU-stack","",%progbits
	.eabi_attribute	30, 3	@ Tag_ABI_optimization_goals
	.ARM_attribute	16, 1	@ Tag_AV_eba
	.section	.debug_line,"",%progbits
.Lline_table_start0:
