	.text
	.syntax unified
	.eabi_attribute	67, "2.09"	@ Tag_conformance
	.cpu	cortex-m3
	.eabi_attribute	6, 10	@ Tag_CPU_arch
	.eabi_attribute	7, 77	@ Tag_CPU_arch_profile
	.eabi_attribute	8, 0	@ Tag_ARM_ISA_use
	.eabi_attribute	9, 2	@ Tag_THUMB_ISA_use
	.eabi_attribute	34, 1	@ Tag_CPU_unaligned_access
	.eabi_attribute	17, 1	@ Tag_ABI_PCS_GOT_use
	.eabi_attribute	20, 2	@ Tag_ABI_FP_denormal
	.eabi_attribute	21, 0	@ Tag_ABI_FP_exceptions
	.eabi_attribute	23, 1	@ Tag_ABI_FP_number_model
	.eabi_attribute	24, 1	@ Tag_ABI_align_needed
	.eabi_attribute	25, 1	@ Tag_ABI_align_preserved
	.eabi_attribute	38, 1	@ Tag_ABI_FP_16bit_format
	.eabi_attribute	18, 4	@ Tag_ABI_PCS_wchar_t
	.eabi_attribute	26, 2	@ Tag_ABI_enum_size
	.eabi_attribute	14, 0	@ Tag_ABI_PCS_R9_use
	.file	"crc16.cpp"
	.file	1 "C:\\" "Keil_v5\\ARM\\ARMCLANG\\Bin\\..\\include\\stdint.h"
	.file	2 "C:\\Users\\testo\\Desktop\\rafael-iot-sdk-das -0515\\examples\\das_subg_thread\\keil" "../../../components/network/thread/subg_openthread/src/core/common/crc16.hpp"
	.section	.text._ZN2ot5Crc16C2ENS0_10PolynomialE,"ax",%progbits
	.hidden	_ZN2ot5Crc16C2ENS0_10PolynomialE @ -- Begin function _ZN2ot5Crc16C2ENS0_10PolynomialE
	.globl	_ZN2ot5Crc16C2ENS0_10PolynomialE
	.p2align	1
	.type	_ZN2ot5Crc16C2ENS0_10PolynomialE,%function
	.code	16                              @ @_ZN2ot5Crc16C2ENS0_10PolynomialE
	.thumb_func
_ZN2ot5Crc16C2ENS0_10PolynomialE:
.Lfunc_begin0:
	.file	3 "C:\\Users\\testo\\Desktop\\rafael-iot-sdk-das -0515\\examples\\das_subg_thread\\keil" "../../../components/network/thread/subg_openthread/src/core/common/crc16.cpp"
	.loc	3 39 0                          @ ../../../components/network/thread/subg_openthread/src/core/common/crc16.cpp:39:0
	.fnstart
	.cfi_sections .debug_frame
	.cfi_startproc
@ %bb.0:
	@DEBUG_VALUE: Crc16:this <- $r0
	@DEBUG_VALUE: Crc16:this <- $r0
	@DEBUG_VALUE: Crc16:aPolynomial <- $r1
	@DEBUG_VALUE: Crc16:aPolynomial <- $r1
	.loc	3 40 17 prologue_end            @ ../../../components/network/thread/subg_openthread/src/core/common/crc16.cpp:40:17
	strh	r1, [r0]
	movs	r1, #0
.Ltmp0:
	@DEBUG_VALUE: Crc16:aPolynomial <- [DW_OP_LLVM_entry_value 1] $r1
	@DEBUG_VALUE: Init:this <- $r0
	.loc	2 68 28                         @ ../../../components/network/thread/subg_openthread/src/core/common/crc16.hpp:68:28
	strh	r1, [r0, #2]
.Ltmp1:
	.loc	3 42 1                          @ ../../../components/network/thread/subg_openthread/src/core/common/crc16.cpp:42:1
	bx	lr
.Ltmp2:
.Lfunc_end0:
	.size	_ZN2ot5Crc16C2ENS0_10PolynomialE, .Lfunc_end0-_ZN2ot5Crc16C2ENS0_10PolynomialE
	.cfi_endproc
	.cantunwind
	.fnend
                                        @ -- End function
	.section	.text._ZN2ot5Crc166UpdateEh,"ax",%progbits
	.hidden	_ZN2ot5Crc166UpdateEh           @ -- Begin function _ZN2ot5Crc166UpdateEh
	.globl	_ZN2ot5Crc166UpdateEh
	.p2align	1
	.type	_ZN2ot5Crc166UpdateEh,%function
	.code	16                              @ @_ZN2ot5Crc166UpdateEh
	.thumb_func
_ZN2ot5Crc166UpdateEh:
.Lfunc_begin1:
	.loc	3 45 0                          @ ../../../components/network/thread/subg_openthread/src/core/common/crc16.cpp:45:0
	.fnstart
	.cfi_startproc
@ %bb.0:
	@DEBUG_VALUE: Update:this <- $r0
	@DEBUG_VALUE: Update:this <- $r0
	@DEBUG_VALUE: Update:aByte <- $r1
	.loc	3 48 12 prologue_end            @ ../../../components/network/thread/subg_openthread/src/core/common/crc16.cpp:48:12
	ldrh	r2, [r0, #2]
	@DEBUG_VALUE: Update:aByte <- $r1
	.loc	3 48 17 is_stmt 0               @ ../../../components/network/thread/subg_openthread/src/core/common/crc16.cpp:48:17
	eor.w	r1, r2, r1, lsl #8
.Ltmp3:
	@DEBUG_VALUE: Update:aByte <- [DW_OP_LLVM_entry_value 1] $r1
	.loc	3 0 17                          @ ../../../components/network/thread/subg_openthread/src/core/common/crc16.cpp:0:17
	movs	r2, #8
.Ltmp4:
	@DEBUG_VALUE: Update:i <- 8
	.p2align	2
.LBB1_1:                                @ =>This Inner Loop Header: Depth=1
	@DEBUG_VALUE: Update:this <- $r0
	@DEBUG_VALUE: Update:aByte <- [DW_OP_LLVM_entry_value 1] $r1
	@DEBUG_VALUE: Update:i <- $r2
	.loc	3 53 13 is_stmt 1               @ ../../../components/network/thread/subg_openthread/src/core/common/crc16.cpp:53:13
	sxth	r3, r1
.Ltmp5:
	.loc	3 53 13 is_stmt 0               @ ../../../components/network/thread/subg_openthread/src/core/common/crc16.cpp:53:13
	cmp.w	r3, #-1
.Ltmp6:
	.loc	3 0 0                           @ ../../../components/network/thread/subg_openthread/src/core/common/crc16.cpp:0:0
	lsl.w	r1, r1, #1
.Ltmp7:
	.loc	3 53 13                         @ ../../../components/network/thread/subg_openthread/src/core/common/crc16.cpp:53:13
	bgt	.LBB1_3
.Ltmp8:
@ %bb.2:                                @   in Loop: Header=BB1_1 Depth=1
	@DEBUG_VALUE: Update:i <- $r2
	@DEBUG_VALUE: Update:this <- $r0
	@DEBUG_VALUE: Update:aByte <- [DW_OP_LLVM_entry_value 1] $r1
	.loc	3 55 55 is_stmt 1               @ ../../../components/network/thread/subg_openthread/src/core/common/crc16.cpp:55:55
	ldrh	r3, [r0]
	.loc	3 55 53 is_stmt 0               @ ../../../components/network/thread/subg_openthread/src/core/common/crc16.cpp:55:53
	eors	r1, r3
.Ltmp9:
.LBB1_3:                                @   in Loop: Header=BB1_1 Depth=1
	@DEBUG_VALUE: Update:i <- $r2
	@DEBUG_VALUE: Update:this <- $r0
	@DEBUG_VALUE: Update:aByte <- [DW_OP_LLVM_entry_value 1] $r1
	.loc	3 61 14 is_stmt 1               @ ../../../components/network/thread/subg_openthread/src/core/common/crc16.cpp:61:14
	subs	r2, #1
.Ltmp10:
	@DEBUG_VALUE: Update:i <- $r2
	.loc	3 61 5 is_stmt 0                @ ../../../components/network/thread/subg_openthread/src/core/common/crc16.cpp:61:5
	lsls	r3, r2, #24
.Ltmp11:
	.loc	3 0 0                           @ ../../../components/network/thread/subg_openthread/src/core/common/crc16.cpp:0:0
	itt	eq
	strheq	r1, [r0, #2]
.Ltmp12:
	.loc	3 62 1 is_stmt 1                @ ../../../components/network/thread/subg_openthread/src/core/common/crc16.cpp:62:1
	bxeq	lr
	b	.LBB1_1
.Ltmp13:
.Lfunc_end1:
	.size	_ZN2ot5Crc166UpdateEh, .Lfunc_end1-_ZN2ot5Crc166UpdateEh
	.cfi_endproc
	.cantunwind
	.fnend
                                        @ -- End function
	.section	.debug_loc,"",%progbits
.Ldebug_loc0:
	.long	-1
	.long	.Lfunc_begin0                   @   base address
	.long	.Lfunc_begin0-.Lfunc_begin0
	.long	.Ltmp0-.Lfunc_begin0
	.short	1                               @ Loc expr size
	.byte	81                              @ DW_OP_reg1
	.long	.Ltmp0-.Lfunc_begin0
	.long	.Lfunc_end0-.Lfunc_begin0
	.short	4                               @ Loc expr size
	.byte	243                             @ DW_OP_GNU_entry_value
	.byte	1                               @ 1
	.byte	81                              @ DW_OP_reg1
	.byte	159                             @ DW_OP_stack_value
	.long	0
	.long	0
.Ldebug_loc1:
	.long	-1
	.long	.Lfunc_begin1                   @   base address
	.long	.Lfunc_begin1-.Lfunc_begin1
	.long	.Ltmp3-.Lfunc_begin1
	.short	1                               @ Loc expr size
	.byte	81                              @ DW_OP_reg1
	.long	.Ltmp3-.Lfunc_begin1
	.long	.Lfunc_end1-.Lfunc_begin1
	.short	4                               @ Loc expr size
	.byte	243                             @ DW_OP_GNU_entry_value
	.byte	1                               @ 1
	.byte	81                              @ DW_OP_reg1
	.byte	159                             @ DW_OP_stack_value
	.long	0
	.long	0
.Ldebug_loc2:
	.long	-1
	.long	.Lfunc_begin1                   @   base address
	.long	.Ltmp4-.Lfunc_begin1
	.long	.Lfunc_end1-.Lfunc_begin1
	.short	1                               @ Loc expr size
	.byte	82                              @ DW_OP_reg2
	.long	0
	.long	0
	.section	.debug_abbrev,"",%progbits
	.byte	1                               @ Abbreviation Code
	.byte	17                              @ DW_TAG_compile_unit
	.byte	1                               @ DW_CHILDREN_yes
	.byte	37                              @ DW_AT_producer
	.byte	14                              @ DW_FORM_strp
	.byte	19                              @ DW_AT_language
	.byte	5                               @ DW_FORM_data2
	.byte	3                               @ DW_AT_name
	.byte	14                              @ DW_FORM_strp
	.byte	16                              @ DW_AT_stmt_list
	.byte	23                              @ DW_FORM_sec_offset
	.byte	27                              @ DW_AT_comp_dir
	.byte	14                              @ DW_FORM_strp
	.byte	17                              @ DW_AT_low_pc
	.byte	1                               @ DW_FORM_addr
	.byte	85                              @ DW_AT_ranges
	.byte	23                              @ DW_FORM_sec_offset
	.byte	0                               @ EOM(1)
	.byte	0                               @ EOM(2)
	.byte	2                               @ Abbreviation Code
	.byte	57                              @ DW_TAG_namespace
	.byte	1                               @ DW_CHILDREN_yes
	.byte	3                               @ DW_AT_name
	.byte	14                              @ DW_FORM_strp
	.byte	0                               @ EOM(1)
	.byte	0                               @ EOM(2)
	.byte	3                               @ Abbreviation Code
	.byte	2                               @ DW_TAG_class_type
	.byte	1                               @ DW_CHILDREN_yes
	.byte	54                              @ DW_AT_calling_convention
	.byte	11                              @ DW_FORM_data1
	.byte	3                               @ DW_AT_name
	.byte	14                              @ DW_FORM_strp
	.byte	11                              @ DW_AT_byte_size
	.byte	11                              @ DW_FORM_data1
	.byte	58                              @ DW_AT_decl_file
	.byte	11                              @ DW_FORM_data1
	.byte	59                              @ DW_AT_decl_line
	.byte	11                              @ DW_FORM_data1
	.byte	0                               @ EOM(1)
	.byte	0                               @ EOM(2)
	.byte	4                               @ Abbreviation Code
	.byte	13                              @ DW_TAG_member
	.byte	0                               @ DW_CHILDREN_no
	.byte	3                               @ DW_AT_name
	.byte	14                              @ DW_FORM_strp
	.byte	73                              @ DW_AT_type
	.byte	19                              @ DW_FORM_ref4
	.byte	58                              @ DW_AT_decl_file
	.byte	11                              @ DW_FORM_data1
	.byte	59                              @ DW_AT_decl_line
	.byte	11                              @ DW_FORM_data1
	.byte	56                              @ DW_AT_data_member_location
	.byte	11                              @ DW_FORM_data1
	.byte	0                               @ EOM(1)
	.byte	0                               @ EOM(2)
	.byte	5                               @ Abbreviation Code
	.byte	46                              @ DW_TAG_subprogram
	.byte	1                               @ DW_CHILDREN_yes
	.byte	3                               @ DW_AT_name
	.byte	14                              @ DW_FORM_strp
	.byte	58                              @ DW_AT_decl_file
	.byte	11                              @ DW_FORM_data1
	.byte	59                              @ DW_AT_decl_line
	.byte	11                              @ DW_FORM_data1
	.byte	60                              @ DW_AT_declaration
	.byte	25                              @ DW_FORM_flag_present
	.byte	63                              @ DW_AT_external
	.byte	25                              @ DW_FORM_flag_present
	.byte	50                              @ DW_AT_accessibility
	.byte	11                              @ DW_FORM_data1
	.byte	99                              @ DW_AT_explicit
	.byte	25                              @ DW_FORM_flag_present
	.byte	0                               @ EOM(1)
	.byte	0                               @ EOM(2)
	.byte	6                               @ Abbreviation Code
	.byte	5                               @ DW_TAG_formal_parameter
	.byte	0                               @ DW_CHILDREN_no
	.byte	73                              @ DW_AT_type
	.byte	19                              @ DW_FORM_ref4
	.byte	52                              @ DW_AT_artificial
	.byte	25                              @ DW_FORM_flag_present
	.byte	0                               @ EOM(1)
	.byte	0                               @ EOM(2)
	.byte	7                               @ Abbreviation Code
	.byte	5                               @ DW_TAG_formal_parameter
	.byte	0                               @ DW_CHILDREN_no
	.byte	73                              @ DW_AT_type
	.byte	19                              @ DW_FORM_ref4
	.byte	0                               @ EOM(1)
	.byte	0                               @ EOM(2)
	.byte	8                               @ Abbreviation Code
	.byte	4                               @ DW_TAG_enumeration_type
	.byte	1                               @ DW_CHILDREN_yes
	.byte	73                              @ DW_AT_type
	.byte	19                              @ DW_FORM_ref4
	.byte	3                               @ DW_AT_name
	.byte	14                              @ DW_FORM_strp
	.byte	11                              @ DW_AT_byte_size
	.byte	11                              @ DW_FORM_data1
	.byte	58                              @ DW_AT_decl_file
	.byte	11                              @ DW_FORM_data1
	.byte	59                              @ DW_AT_decl_line
	.byte	11                              @ DW_FORM_data1
	.byte	0                               @ EOM(1)
	.byte	0                               @ EOM(2)
	.byte	9                               @ Abbreviation Code
	.byte	40                              @ DW_TAG_enumerator
	.byte	0                               @ DW_CHILDREN_no
	.byte	3                               @ DW_AT_name
	.byte	14                              @ DW_FORM_strp
	.byte	28                              @ DW_AT_const_value
	.byte	15                              @ DW_FORM_udata
	.byte	0                               @ EOM(1)
	.byte	0                               @ EOM(2)
	.byte	10                              @ Abbreviation Code
	.byte	46                              @ DW_TAG_subprogram
	.byte	1                               @ DW_CHILDREN_yes
	.byte	110                             @ DW_AT_linkage_name
	.byte	14                              @ DW_FORM_strp
	.byte	3                               @ DW_AT_name
	.byte	14                              @ DW_FORM_strp
	.byte	58                              @ DW_AT_decl_file
	.byte	11                              @ DW_FORM_data1
	.byte	59                              @ DW_AT_decl_line
	.byte	11                              @ DW_FORM_data1
	.byte	60                              @ DW_AT_declaration
	.byte	25                              @ DW_FORM_flag_present
	.byte	63                              @ DW_AT_external
	.byte	25                              @ DW_FORM_flag_present
	.byte	50                              @ DW_AT_accessibility
	.byte	11                              @ DW_FORM_data1
	.byte	0                               @ EOM(1)
	.byte	0                               @ EOM(2)
	.byte	11                              @ Abbreviation Code
	.byte	46                              @ DW_TAG_subprogram
	.byte	1                               @ DW_CHILDREN_yes
	.byte	110                             @ DW_AT_linkage_name
	.byte	14                              @ DW_FORM_strp
	.byte	3                               @ DW_AT_name
	.byte	14                              @ DW_FORM_strp
	.byte	58                              @ DW_AT_decl_file
	.byte	11                              @ DW_FORM_data1
	.byte	59                              @ DW_AT_decl_line
	.byte	11                              @ DW_FORM_data1
	.byte	73                              @ DW_AT_type
	.byte	19                              @ DW_FORM_ref4
	.byte	60                              @ DW_AT_declaration
	.byte	25                              @ DW_FORM_flag_present
	.byte	63                              @ DW_AT_external
	.byte	25                              @ DW_FORM_flag_present
	.byte	50                              @ DW_AT_accessibility
	.byte	11                              @ DW_FORM_data1
	.byte	0                               @ EOM(1)
	.byte	0                               @ EOM(2)
	.byte	12                              @ Abbreviation Code
	.byte	22                              @ DW_TAG_typedef
	.byte	0                               @ DW_CHILDREN_no
	.byte	73                              @ DW_AT_type
	.byte	19                              @ DW_FORM_ref4
	.byte	3                               @ DW_AT_name
	.byte	14                              @ DW_FORM_strp
	.byte	58                              @ DW_AT_decl_file
	.byte	11                              @ DW_FORM_data1
	.byte	59                              @ DW_AT_decl_line
	.byte	11                              @ DW_FORM_data1
	.byte	0                               @ EOM(1)
	.byte	0                               @ EOM(2)
	.byte	13                              @ Abbreviation Code
	.byte	36                              @ DW_TAG_base_type
	.byte	0                               @ DW_CHILDREN_no
	.byte	3                               @ DW_AT_name
	.byte	14                              @ DW_FORM_strp
	.byte	62                              @ DW_AT_encoding
	.byte	11                              @ DW_FORM_data1
	.byte	11                              @ DW_AT_byte_size
	.byte	11                              @ DW_FORM_data1
	.byte	0                               @ EOM(1)
	.byte	0                               @ EOM(2)
	.byte	14                              @ Abbreviation Code
	.byte	15                              @ DW_TAG_pointer_type
	.byte	0                               @ DW_CHILDREN_no
	.byte	73                              @ DW_AT_type
	.byte	19                              @ DW_FORM_ref4
	.byte	0                               @ EOM(1)
	.byte	0                               @ EOM(2)
	.byte	15                              @ Abbreviation Code
	.byte	38                              @ DW_TAG_const_type
	.byte	0                               @ DW_CHILDREN_no
	.byte	73                              @ DW_AT_type
	.byte	19                              @ DW_FORM_ref4
	.byte	0                               @ EOM(1)
	.byte	0                               @ EOM(2)
	.byte	16                              @ Abbreviation Code
	.byte	8                               @ DW_TAG_imported_declaration
	.byte	0                               @ DW_CHILDREN_no
	.byte	58                              @ DW_AT_decl_file
	.byte	11                              @ DW_FORM_data1
	.byte	59                              @ DW_AT_decl_line
	.byte	5                               @ DW_FORM_data2
	.byte	24                              @ DW_AT_import
	.byte	19                              @ DW_FORM_ref4
	.byte	0                               @ EOM(1)
	.byte	0                               @ EOM(2)
	.byte	17                              @ Abbreviation Code
	.byte	46                              @ DW_TAG_subprogram
	.byte	1                               @ DW_CHILDREN_yes
	.byte	71                              @ DW_AT_specification
	.byte	19                              @ DW_FORM_ref4
	.byte	32                              @ DW_AT_inline
	.byte	11                              @ DW_FORM_data1
	.byte	100                             @ DW_AT_object_pointer
	.byte	19                              @ DW_FORM_ref4
	.byte	0                               @ EOM(1)
	.byte	0                               @ EOM(2)
	.byte	18                              @ Abbreviation Code
	.byte	5                               @ DW_TAG_formal_parameter
	.byte	0                               @ DW_CHILDREN_no
	.byte	3                               @ DW_AT_name
	.byte	14                              @ DW_FORM_strp
	.byte	73                              @ DW_AT_type
	.byte	19                              @ DW_FORM_ref4
	.byte	52                              @ DW_AT_artificial
	.byte	25                              @ DW_FORM_flag_present
	.byte	0                               @ EOM(1)
	.byte	0                               @ EOM(2)
	.byte	19                              @ Abbreviation Code
	.byte	46                              @ DW_TAG_subprogram
	.byte	1                               @ DW_CHILDREN_yes
	.byte	17                              @ DW_AT_low_pc
	.byte	1                               @ DW_FORM_addr
	.byte	18                              @ DW_AT_high_pc
	.byte	6                               @ DW_FORM_data4
	.byte	64                              @ DW_AT_frame_base
	.byte	24                              @ DW_FORM_exprloc
	.byte	100                             @ DW_AT_object_pointer
	.byte	19                              @ DW_FORM_ref4
	.ascii	"\227B"                         @ DW_AT_GNU_all_call_sites
	.byte	25                              @ DW_FORM_flag_present
	.byte	58                              @ DW_AT_decl_file
	.byte	11                              @ DW_FORM_data1
	.byte	59                              @ DW_AT_decl_line
	.byte	11                              @ DW_FORM_data1
	.byte	110                             @ DW_AT_linkage_name
	.byte	14                              @ DW_FORM_strp
	.byte	71                              @ DW_AT_specification
	.byte	19                              @ DW_FORM_ref4
	.byte	0                               @ EOM(1)
	.byte	0                               @ EOM(2)
	.byte	20                              @ Abbreviation Code
	.byte	5                               @ DW_TAG_formal_parameter
	.byte	0                               @ DW_CHILDREN_no
	.byte	2                               @ DW_AT_location
	.byte	24                              @ DW_FORM_exprloc
	.byte	3                               @ DW_AT_name
	.byte	14                              @ DW_FORM_strp
	.byte	73                              @ DW_AT_type
	.byte	19                              @ DW_FORM_ref4
	.byte	52                              @ DW_AT_artificial
	.byte	25                              @ DW_FORM_flag_present
	.byte	0                               @ EOM(1)
	.byte	0                               @ EOM(2)
	.byte	21                              @ Abbreviation Code
	.byte	5                               @ DW_TAG_formal_parameter
	.byte	0                               @ DW_CHILDREN_no
	.byte	2                               @ DW_AT_location
	.byte	23                              @ DW_FORM_sec_offset
	.byte	3                               @ DW_AT_name
	.byte	14                              @ DW_FORM_strp
	.byte	58                              @ DW_AT_decl_file
	.byte	11                              @ DW_FORM_data1
	.byte	59                              @ DW_AT_decl_line
	.byte	11                              @ DW_FORM_data1
	.byte	73                              @ DW_AT_type
	.byte	19                              @ DW_FORM_ref4
	.byte	0                               @ EOM(1)
	.byte	0                               @ EOM(2)
	.byte	22                              @ Abbreviation Code
	.byte	29                              @ DW_TAG_inlined_subroutine
	.byte	1                               @ DW_CHILDREN_yes
	.byte	49                              @ DW_AT_abstract_origin
	.byte	19                              @ DW_FORM_ref4
	.byte	17                              @ DW_AT_low_pc
	.byte	1                               @ DW_FORM_addr
	.byte	18                              @ DW_AT_high_pc
	.byte	6                               @ DW_FORM_data4
	.byte	88                              @ DW_AT_call_file
	.byte	11                              @ DW_FORM_data1
	.byte	89                              @ DW_AT_call_line
	.byte	11                              @ DW_FORM_data1
	.byte	87                              @ DW_AT_call_column
	.byte	11                              @ DW_FORM_data1
	.byte	0                               @ EOM(1)
	.byte	0                               @ EOM(2)
	.byte	23                              @ Abbreviation Code
	.byte	5                               @ DW_TAG_formal_parameter
	.byte	0                               @ DW_CHILDREN_no
	.byte	2                               @ DW_AT_location
	.byte	24                              @ DW_FORM_exprloc
	.byte	49                              @ DW_AT_abstract_origin
	.byte	19                              @ DW_FORM_ref4
	.byte	0                               @ EOM(1)
	.byte	0                               @ EOM(2)
	.byte	24                              @ Abbreviation Code
	.byte	46                              @ DW_TAG_subprogram
	.byte	1                               @ DW_CHILDREN_yes
	.byte	17                              @ DW_AT_low_pc
	.byte	1                               @ DW_FORM_addr
	.byte	18                              @ DW_AT_high_pc
	.byte	6                               @ DW_FORM_data4
	.byte	64                              @ DW_AT_frame_base
	.byte	24                              @ DW_FORM_exprloc
	.byte	100                             @ DW_AT_object_pointer
	.byte	19                              @ DW_FORM_ref4
	.ascii	"\227B"                         @ DW_AT_GNU_all_call_sites
	.byte	25                              @ DW_FORM_flag_present
	.byte	58                              @ DW_AT_decl_file
	.byte	11                              @ DW_FORM_data1
	.byte	59                              @ DW_AT_decl_line
	.byte	11                              @ DW_FORM_data1
	.byte	71                              @ DW_AT_specification
	.byte	19                              @ DW_FORM_ref4
	.byte	0                               @ EOM(1)
	.byte	0                               @ EOM(2)
	.byte	25                              @ Abbreviation Code
	.byte	52                              @ DW_TAG_variable
	.byte	0                               @ DW_CHILDREN_no
	.byte	2                               @ DW_AT_location
	.byte	23                              @ DW_FORM_sec_offset
	.byte	3                               @ DW_AT_name
	.byte	14                              @ DW_FORM_strp
	.byte	58                              @ DW_AT_decl_file
	.byte	11                              @ DW_FORM_data1
	.byte	59                              @ DW_AT_decl_line
	.byte	11                              @ DW_FORM_data1
	.byte	73                              @ DW_AT_type
	.byte	19                              @ DW_FORM_ref4
	.byte	0                               @ EOM(1)
	.byte	0                               @ EOM(2)
	.byte	0                               @ EOM(3)
	.section	.debug_info,"",%progbits
.Lcu_begin0:
	.long	.Ldebug_info_end0-.Ldebug_info_start0 @ Length of Unit
.Ldebug_info_start0:
	.short	4                               @ DWARF version number
	.long	.debug_abbrev                   @ Offset Into Abbrev. Section
	.byte	4                               @ Address Size (in bytes)
	.byte	1                               @ Abbrev [1] 0xb:0x3b1 DW_TAG_compile_unit
	.long	.Linfo_string0                  @ DW_AT_producer
	.short	26                              @ DW_AT_language
	.long	.Linfo_string1                  @ DW_AT_name
	.long	.Lline_table_start0             @ DW_AT_stmt_list
	.long	.Linfo_string2                  @ DW_AT_comp_dir
	.long	0                               @ DW_AT_low_pc
	.long	.Ldebug_ranges0                 @ DW_AT_ranges
	.byte	2                               @ Abbrev [2] 0x26:0x96 DW_TAG_namespace
	.long	.Linfo_string3                  @ DW_AT_name
	.byte	3                               @ Abbrev [3] 0x2b:0x90 DW_TAG_class_type
	.byte	5                               @ DW_AT_calling_convention
	.long	.Linfo_string8                  @ DW_AT_name
	.byte	4                               @ DW_AT_byte_size
	.byte	2                               @ DW_AT_decl_file
	.byte	47                              @ DW_AT_decl_line
	.byte	4                               @ Abbrev [4] 0x34:0xc DW_TAG_member
	.long	.Linfo_string4                  @ DW_AT_name
	.long	188                             @ DW_AT_type
	.byte	2                               @ DW_AT_decl_file
	.byte	87                              @ DW_AT_decl_line
	.byte	0                               @ DW_AT_data_member_location
	.byte	4                               @ Abbrev [4] 0x40:0xc DW_TAG_member
	.long	.Linfo_string7                  @ DW_AT_name
	.long	188                             @ DW_AT_type
	.byte	2                               @ DW_AT_decl_file
	.byte	88                              @ DW_AT_decl_line
	.byte	2                               @ DW_AT_data_member_location
	.byte	5                               @ Abbrev [5] 0x4c:0x13 DW_TAG_subprogram
	.long	.Linfo_string8                  @ DW_AT_name
	.byte	2                               @ DW_AT_decl_file
	.byte	62                              @ DW_AT_decl_line
                                        @ DW_AT_declaration
                                        @ DW_AT_external
	.byte	1                               @ DW_AT_accessibility
                                        @ DW_ACCESS_public
                                        @ DW_AT_explicit
	.byte	6                               @ Abbrev [6] 0x54:0x5 DW_TAG_formal_parameter
	.long	206                             @ DW_AT_type
                                        @ DW_AT_artificial
	.byte	7                               @ Abbrev [7] 0x59:0x5 DW_TAG_formal_parameter
	.long	95                              @ DW_AT_type
	.byte	0                               @ End Of Children Mark
	.byte	8                               @ Abbrev [8] 0x5f:0x1c DW_TAG_enumeration_type
	.long	188                             @ DW_AT_type
	.long	.Linfo_string11                 @ DW_AT_name
	.byte	2                               @ DW_AT_byte_size
	.byte	2                               @ DW_AT_decl_file
	.byte	50                              @ DW_AT_decl_line
	.byte	9                               @ Abbrev [9] 0x6b:0x7 DW_TAG_enumerator
	.long	.Linfo_string9                  @ DW_AT_name
	.ascii	"\241 "                         @ DW_AT_const_value
	.byte	9                               @ Abbrev [9] 0x72:0x8 DW_TAG_enumerator
	.long	.Linfo_string10                 @ DW_AT_name
	.ascii	"\205\200\002"                  @ DW_AT_const_value
	.byte	0                               @ End Of Children Mark
	.byte	10                              @ Abbrev [10] 0x7b:0x12 DW_TAG_subprogram
	.long	.Linfo_string12                 @ DW_AT_linkage_name
	.long	.Linfo_string13                 @ DW_AT_name
	.byte	2                               @ DW_AT_decl_file
	.byte	68                              @ DW_AT_decl_line
                                        @ DW_AT_declaration
                                        @ DW_AT_external
	.byte	1                               @ DW_AT_accessibility
                                        @ DW_ACCESS_public
	.byte	6                               @ Abbrev [6] 0x87:0x5 DW_TAG_formal_parameter
	.long	206                             @ DW_AT_type
                                        @ DW_AT_artificial
	.byte	0                               @ End Of Children Mark
	.byte	10                              @ Abbrev [10] 0x8d:0x17 DW_TAG_subprogram
	.long	.Linfo_string14                 @ DW_AT_linkage_name
	.long	.Linfo_string15                 @ DW_AT_name
	.byte	2                               @ DW_AT_decl_file
	.byte	76                              @ DW_AT_decl_line
                                        @ DW_AT_declaration
                                        @ DW_AT_external
	.byte	1                               @ DW_AT_accessibility
                                        @ DW_ACCESS_public
	.byte	6                               @ Abbrev [6] 0x99:0x5 DW_TAG_formal_parameter
	.long	206                             @ DW_AT_type
                                        @ DW_AT_artificial
	.byte	7                               @ Abbrev [7] 0x9e:0x5 DW_TAG_formal_parameter
	.long	211                             @ DW_AT_type
	.byte	0                               @ End Of Children Mark
	.byte	11                              @ Abbrev [11] 0xa4:0x16 DW_TAG_subprogram
	.long	.Linfo_string18                 @ DW_AT_linkage_name
	.long	.Linfo_string19                 @ DW_AT_name
	.byte	2                               @ DW_AT_decl_file
	.byte	84                              @ DW_AT_decl_line
	.long	188                             @ DW_AT_type
                                        @ DW_AT_declaration
                                        @ DW_AT_external
	.byte	1                               @ DW_AT_accessibility
                                        @ DW_ACCESS_public
	.byte	6                               @ Abbrev [6] 0xb4:0x5 DW_TAG_formal_parameter
	.long	229                             @ DW_AT_type
                                        @ DW_AT_artificial
	.byte	0                               @ End Of Children Mark
	.byte	0                               @ End Of Children Mark
	.byte	0                               @ End Of Children Mark
	.byte	12                              @ Abbrev [12] 0xbc:0xb DW_TAG_typedef
	.long	199                             @ DW_AT_type
	.long	.Linfo_string6                  @ DW_AT_name
	.byte	1                               @ DW_AT_decl_file
	.byte	63                              @ DW_AT_decl_line
	.byte	13                              @ Abbrev [13] 0xc7:0x7 DW_TAG_base_type
	.long	.Linfo_string5                  @ DW_AT_name
	.byte	7                               @ DW_AT_encoding
	.byte	2                               @ DW_AT_byte_size
	.byte	14                              @ Abbrev [14] 0xce:0x5 DW_TAG_pointer_type
	.long	43                              @ DW_AT_type
	.byte	12                              @ Abbrev [12] 0xd3:0xb DW_TAG_typedef
	.long	222                             @ DW_AT_type
	.long	.Linfo_string17                 @ DW_AT_name
	.byte	1                               @ DW_AT_decl_file
	.byte	62                              @ DW_AT_decl_line
	.byte	13                              @ Abbrev [13] 0xde:0x7 DW_TAG_base_type
	.long	.Linfo_string16                 @ DW_AT_name
	.byte	8                               @ DW_AT_encoding
	.byte	1                               @ DW_AT_byte_size
	.byte	14                              @ Abbrev [14] 0xe5:0x5 DW_TAG_pointer_type
	.long	234                             @ DW_AT_type
	.byte	15                              @ Abbrev [15] 0xea:0x5 DW_TAG_const_type
	.long	43                              @ DW_AT_type
	.byte	12                              @ Abbrev [12] 0xef:0xb DW_TAG_typedef
	.long	250                             @ DW_AT_type
	.long	.Linfo_string21                 @ DW_AT_name
	.byte	1                               @ DW_AT_decl_file
	.byte	56                              @ DW_AT_decl_line
	.byte	13                              @ Abbrev [13] 0xfa:0x7 DW_TAG_base_type
	.long	.Linfo_string20                 @ DW_AT_name
	.byte	6                               @ DW_AT_encoding
	.byte	1                               @ DW_AT_byte_size
	.byte	16                              @ Abbrev [16] 0x101:0x8 DW_TAG_imported_declaration
	.byte	1                               @ DW_AT_decl_file
	.short	275                             @ DW_AT_decl_line
	.long	239                             @ DW_AT_import
	.byte	12                              @ Abbrev [12] 0x109:0xb DW_TAG_typedef
	.long	276                             @ DW_AT_type
	.long	.Linfo_string23                 @ DW_AT_name
	.byte	1                               @ DW_AT_decl_file
	.byte	57                              @ DW_AT_decl_line
	.byte	13                              @ Abbrev [13] 0x114:0x7 DW_TAG_base_type
	.long	.Linfo_string22                 @ DW_AT_name
	.byte	5                               @ DW_AT_encoding
	.byte	2                               @ DW_AT_byte_size
	.byte	16                              @ Abbrev [16] 0x11b:0x8 DW_TAG_imported_declaration
	.byte	1                               @ DW_AT_decl_file
	.short	276                             @ DW_AT_decl_line
	.long	265                             @ DW_AT_import
	.byte	12                              @ Abbrev [12] 0x123:0xb DW_TAG_typedef
	.long	302                             @ DW_AT_type
	.long	.Linfo_string25                 @ DW_AT_name
	.byte	1                               @ DW_AT_decl_file
	.byte	58                              @ DW_AT_decl_line
	.byte	13                              @ Abbrev [13] 0x12e:0x7 DW_TAG_base_type
	.long	.Linfo_string24                 @ DW_AT_name
	.byte	5                               @ DW_AT_encoding
	.byte	4                               @ DW_AT_byte_size
	.byte	16                              @ Abbrev [16] 0x135:0x8 DW_TAG_imported_declaration
	.byte	1                               @ DW_AT_decl_file
	.short	277                             @ DW_AT_decl_line
	.long	291                             @ DW_AT_import
	.byte	12                              @ Abbrev [12] 0x13d:0xb DW_TAG_typedef
	.long	328                             @ DW_AT_type
	.long	.Linfo_string27                 @ DW_AT_name
	.byte	1                               @ DW_AT_decl_file
	.byte	59                              @ DW_AT_decl_line
	.byte	13                              @ Abbrev [13] 0x148:0x7 DW_TAG_base_type
	.long	.Linfo_string26                 @ DW_AT_name
	.byte	5                               @ DW_AT_encoding
	.byte	8                               @ DW_AT_byte_size
	.byte	16                              @ Abbrev [16] 0x14f:0x8 DW_TAG_imported_declaration
	.byte	1                               @ DW_AT_decl_file
	.short	278                             @ DW_AT_decl_line
	.long	317                             @ DW_AT_import
	.byte	16                              @ Abbrev [16] 0x157:0x8 DW_TAG_imported_declaration
	.byte	1                               @ DW_AT_decl_file
	.short	279                             @ DW_AT_decl_line
	.long	211                             @ DW_AT_import
	.byte	16                              @ Abbrev [16] 0x15f:0x8 DW_TAG_imported_declaration
	.byte	1                               @ DW_AT_decl_file
	.short	280                             @ DW_AT_decl_line
	.long	188                             @ DW_AT_import
	.byte	12                              @ Abbrev [12] 0x167:0xb DW_TAG_typedef
	.long	370                             @ DW_AT_type
	.long	.Linfo_string29                 @ DW_AT_name
	.byte	1                               @ DW_AT_decl_file
	.byte	64                              @ DW_AT_decl_line
	.byte	13                              @ Abbrev [13] 0x172:0x7 DW_TAG_base_type
	.long	.Linfo_string28                 @ DW_AT_name
	.byte	7                               @ DW_AT_encoding
	.byte	4                               @ DW_AT_byte_size
	.byte	16                              @ Abbrev [16] 0x179:0x8 DW_TAG_imported_declaration
	.byte	1                               @ DW_AT_decl_file
	.short	281                             @ DW_AT_decl_line
	.long	359                             @ DW_AT_import
	.byte	12                              @ Abbrev [12] 0x181:0xb DW_TAG_typedef
	.long	396                             @ DW_AT_type
	.long	.Linfo_string31                 @ DW_AT_name
	.byte	1                               @ DW_AT_decl_file
	.byte	65                              @ DW_AT_decl_line
	.byte	13                              @ Abbrev [13] 0x18c:0x7 DW_TAG_base_type
	.long	.Linfo_string30                 @ DW_AT_name
	.byte	7                               @ DW_AT_encoding
	.byte	8                               @ DW_AT_byte_size
	.byte	16                              @ Abbrev [16] 0x193:0x8 DW_TAG_imported_declaration
	.byte	1                               @ DW_AT_decl_file
	.short	282                             @ DW_AT_decl_line
	.long	385                             @ DW_AT_import
	.byte	12                              @ Abbrev [12] 0x19b:0xb DW_TAG_typedef
	.long	250                             @ DW_AT_type
	.long	.Linfo_string32                 @ DW_AT_name
	.byte	1                               @ DW_AT_decl_file
	.byte	71                              @ DW_AT_decl_line
	.byte	16                              @ Abbrev [16] 0x1a6:0x8 DW_TAG_imported_declaration
	.byte	1                               @ DW_AT_decl_file
	.short	283                             @ DW_AT_decl_line
	.long	411                             @ DW_AT_import
	.byte	12                              @ Abbrev [12] 0x1ae:0xb DW_TAG_typedef
	.long	276                             @ DW_AT_type
	.long	.Linfo_string33                 @ DW_AT_name
	.byte	1                               @ DW_AT_decl_file
	.byte	72                              @ DW_AT_decl_line
	.byte	16                              @ Abbrev [16] 0x1b9:0x8 DW_TAG_imported_declaration
	.byte	1                               @ DW_AT_decl_file
	.short	284                             @ DW_AT_decl_line
	.long	430                             @ DW_AT_import
	.byte	12                              @ Abbrev [12] 0x1c1:0xb DW_TAG_typedef
	.long	302                             @ DW_AT_type
	.long	.Linfo_string34                 @ DW_AT_name
	.byte	1                               @ DW_AT_decl_file
	.byte	73                              @ DW_AT_decl_line
	.byte	16                              @ Abbrev [16] 0x1cc:0x8 DW_TAG_imported_declaration
	.byte	1                               @ DW_AT_decl_file
	.short	285                             @ DW_AT_decl_line
	.long	449                             @ DW_AT_import
	.byte	12                              @ Abbrev [12] 0x1d4:0xb DW_TAG_typedef
	.long	328                             @ DW_AT_type
	.long	.Linfo_string35                 @ DW_AT_name
	.byte	1                               @ DW_AT_decl_file
	.byte	74                              @ DW_AT_decl_line
	.byte	16                              @ Abbrev [16] 0x1df:0x8 DW_TAG_imported_declaration
	.byte	1                               @ DW_AT_decl_file
	.short	286                             @ DW_AT_decl_line
	.long	468                             @ DW_AT_import
	.byte	12                              @ Abbrev [12] 0x1e7:0xb DW_TAG_typedef
	.long	222                             @ DW_AT_type
	.long	.Linfo_string36                 @ DW_AT_name
	.byte	1                               @ DW_AT_decl_file
	.byte	77                              @ DW_AT_decl_line
	.byte	16                              @ Abbrev [16] 0x1f2:0x8 DW_TAG_imported_declaration
	.byte	1                               @ DW_AT_decl_file
	.short	287                             @ DW_AT_decl_line
	.long	487                             @ DW_AT_import
	.byte	12                              @ Abbrev [12] 0x1fa:0xb DW_TAG_typedef
	.long	199                             @ DW_AT_type
	.long	.Linfo_string37                 @ DW_AT_name
	.byte	1                               @ DW_AT_decl_file
	.byte	78                              @ DW_AT_decl_line
	.byte	16                              @ Abbrev [16] 0x205:0x8 DW_TAG_imported_declaration
	.byte	1                               @ DW_AT_decl_file
	.short	288                             @ DW_AT_decl_line
	.long	506                             @ DW_AT_import
	.byte	12                              @ Abbrev [12] 0x20d:0xb DW_TAG_typedef
	.long	370                             @ DW_AT_type
	.long	.Linfo_string38                 @ DW_AT_name
	.byte	1                               @ DW_AT_decl_file
	.byte	79                              @ DW_AT_decl_line
	.byte	16                              @ Abbrev [16] 0x218:0x8 DW_TAG_imported_declaration
	.byte	1                               @ DW_AT_decl_file
	.short	289                             @ DW_AT_decl_line
	.long	525                             @ DW_AT_import
	.byte	12                              @ Abbrev [12] 0x220:0xb DW_TAG_typedef
	.long	396                             @ DW_AT_type
	.long	.Linfo_string39                 @ DW_AT_name
	.byte	1                               @ DW_AT_decl_file
	.byte	80                              @ DW_AT_decl_line
	.byte	16                              @ Abbrev [16] 0x22b:0x8 DW_TAG_imported_declaration
	.byte	1                               @ DW_AT_decl_file
	.short	290                             @ DW_AT_decl_line
	.long	544                             @ DW_AT_import
	.byte	12                              @ Abbrev [12] 0x233:0xb DW_TAG_typedef
	.long	302                             @ DW_AT_type
	.long	.Linfo_string40                 @ DW_AT_name
	.byte	1                               @ DW_AT_decl_file
	.byte	85                              @ DW_AT_decl_line
	.byte	16                              @ Abbrev [16] 0x23e:0x8 DW_TAG_imported_declaration
	.byte	1                               @ DW_AT_decl_file
	.short	291                             @ DW_AT_decl_line
	.long	563                             @ DW_AT_import
	.byte	12                              @ Abbrev [12] 0x246:0xb DW_TAG_typedef
	.long	302                             @ DW_AT_type
	.long	.Linfo_string41                 @ DW_AT_name
	.byte	1                               @ DW_AT_decl_file
	.byte	86                              @ DW_AT_decl_line
	.byte	16                              @ Abbrev [16] 0x251:0x8 DW_TAG_imported_declaration
	.byte	1                               @ DW_AT_decl_file
	.short	292                             @ DW_AT_decl_line
	.long	582                             @ DW_AT_import
	.byte	12                              @ Abbrev [12] 0x259:0xb DW_TAG_typedef
	.long	302                             @ DW_AT_type
	.long	.Linfo_string42                 @ DW_AT_name
	.byte	1                               @ DW_AT_decl_file
	.byte	87                              @ DW_AT_decl_line
	.byte	16                              @ Abbrev [16] 0x264:0x8 DW_TAG_imported_declaration
	.byte	1                               @ DW_AT_decl_file
	.short	293                             @ DW_AT_decl_line
	.long	601                             @ DW_AT_import
	.byte	12                              @ Abbrev [12] 0x26c:0xb DW_TAG_typedef
	.long	328                             @ DW_AT_type
	.long	.Linfo_string43                 @ DW_AT_name
	.byte	1                               @ DW_AT_decl_file
	.byte	88                              @ DW_AT_decl_line
	.byte	16                              @ Abbrev [16] 0x277:0x8 DW_TAG_imported_declaration
	.byte	1                               @ DW_AT_decl_file
	.short	294                             @ DW_AT_decl_line
	.long	620                             @ DW_AT_import
	.byte	12                              @ Abbrev [12] 0x27f:0xb DW_TAG_typedef
	.long	370                             @ DW_AT_type
	.long	.Linfo_string44                 @ DW_AT_name
	.byte	1                               @ DW_AT_decl_file
	.byte	91                              @ DW_AT_decl_line
	.byte	16                              @ Abbrev [16] 0x28a:0x8 DW_TAG_imported_declaration
	.byte	1                               @ DW_AT_decl_file
	.short	295                             @ DW_AT_decl_line
	.long	639                             @ DW_AT_import
	.byte	12                              @ Abbrev [12] 0x292:0xb DW_TAG_typedef
	.long	370                             @ DW_AT_type
	.long	.Linfo_string45                 @ DW_AT_name
	.byte	1                               @ DW_AT_decl_file
	.byte	92                              @ DW_AT_decl_line
	.byte	16                              @ Abbrev [16] 0x29d:0x8 DW_TAG_imported_declaration
	.byte	1                               @ DW_AT_decl_file
	.short	296                             @ DW_AT_decl_line
	.long	658                             @ DW_AT_import
	.byte	12                              @ Abbrev [12] 0x2a5:0xb DW_TAG_typedef
	.long	370                             @ DW_AT_type
	.long	.Linfo_string46                 @ DW_AT_name
	.byte	1                               @ DW_AT_decl_file
	.byte	93                              @ DW_AT_decl_line
	.byte	16                              @ Abbrev [16] 0x2b0:0x8 DW_TAG_imported_declaration
	.byte	1                               @ DW_AT_decl_file
	.short	297                             @ DW_AT_decl_line
	.long	677                             @ DW_AT_import
	.byte	12                              @ Abbrev [12] 0x2b8:0xb DW_TAG_typedef
	.long	396                             @ DW_AT_type
	.long	.Linfo_string47                 @ DW_AT_name
	.byte	1                               @ DW_AT_decl_file
	.byte	94                              @ DW_AT_decl_line
	.byte	16                              @ Abbrev [16] 0x2c3:0x8 DW_TAG_imported_declaration
	.byte	1                               @ DW_AT_decl_file
	.short	298                             @ DW_AT_decl_line
	.long	696                             @ DW_AT_import
	.byte	12                              @ Abbrev [12] 0x2cb:0xb DW_TAG_typedef
	.long	302                             @ DW_AT_type
	.long	.Linfo_string48                 @ DW_AT_name
	.byte	1                               @ DW_AT_decl_file
	.byte	101                             @ DW_AT_decl_line
	.byte	16                              @ Abbrev [16] 0x2d6:0x8 DW_TAG_imported_declaration
	.byte	1                               @ DW_AT_decl_file
	.short	299                             @ DW_AT_decl_line
	.long	715                             @ DW_AT_import
	.byte	12                              @ Abbrev [12] 0x2de:0xb DW_TAG_typedef
	.long	370                             @ DW_AT_type
	.long	.Linfo_string49                 @ DW_AT_name
	.byte	1                               @ DW_AT_decl_file
	.byte	102                             @ DW_AT_decl_line
	.byte	16                              @ Abbrev [16] 0x2e9:0x8 DW_TAG_imported_declaration
	.byte	1                               @ DW_AT_decl_file
	.short	300                             @ DW_AT_decl_line
	.long	734                             @ DW_AT_import
	.byte	12                              @ Abbrev [12] 0x2f1:0xb DW_TAG_typedef
	.long	328                             @ DW_AT_type
	.long	.Linfo_string50                 @ DW_AT_name
	.byte	1                               @ DW_AT_decl_file
	.byte	106                             @ DW_AT_decl_line
	.byte	16                              @ Abbrev [16] 0x2fc:0x8 DW_TAG_imported_declaration
	.byte	1                               @ DW_AT_decl_file
	.short	301                             @ DW_AT_decl_line
	.long	753                             @ DW_AT_import
	.byte	12                              @ Abbrev [12] 0x304:0xb DW_TAG_typedef
	.long	396                             @ DW_AT_type
	.long	.Linfo_string51                 @ DW_AT_name
	.byte	1                               @ DW_AT_decl_file
	.byte	107                             @ DW_AT_decl_line
	.byte	16                              @ Abbrev [16] 0x30f:0x8 DW_TAG_imported_declaration
	.byte	1                               @ DW_AT_decl_file
	.short	302                             @ DW_AT_decl_line
	.long	772                             @ DW_AT_import
	.byte	17                              @ Abbrev [17] 0x317:0x14 DW_TAG_subprogram
	.long	123                             @ DW_AT_specification
	.byte	1                               @ DW_AT_inline
	.long	801                             @ DW_AT_object_pointer
	.byte	18                              @ Abbrev [18] 0x321:0x9 DW_TAG_formal_parameter
	.long	.Linfo_string52                 @ DW_AT_name
	.long	811                             @ DW_AT_type
                                        @ DW_AT_artificial
	.byte	0                               @ End Of Children Mark
	.byte	14                              @ Abbrev [14] 0x32b:0x5 DW_TAG_pointer_type
	.long	43                              @ DW_AT_type
	.byte	19                              @ Abbrev [19] 0x330:0x4c DW_TAG_subprogram
	.long	.Lfunc_begin0                   @ DW_AT_low_pc
	.long	.Lfunc_end0-.Lfunc_begin0       @ DW_AT_high_pc
	.byte	1                               @ DW_AT_frame_base
	.byte	93
	.long	841                             @ DW_AT_object_pointer
                                        @ DW_AT_GNU_all_call_sites
	.byte	3                               @ DW_AT_decl_file
	.byte	38                              @ DW_AT_decl_line
	.long	.Linfo_string53                 @ DW_AT_linkage_name
	.long	76                              @ DW_AT_specification
	.byte	20                              @ Abbrev [20] 0x349:0xb DW_TAG_formal_parameter
	.byte	1                               @ DW_AT_location
	.byte	80
	.long	.Linfo_string52                 @ DW_AT_name
	.long	811                             @ DW_AT_type
                                        @ DW_AT_artificial
	.byte	21                              @ Abbrev [21] 0x354:0xf DW_TAG_formal_parameter
	.long	.Ldebug_loc0                    @ DW_AT_location
	.long	.Linfo_string54                 @ DW_AT_name
	.byte	3                               @ DW_AT_decl_file
	.byte	38                              @ DW_AT_decl_line
	.long	95                              @ DW_AT_type
	.byte	22                              @ Abbrev [22] 0x363:0x18 DW_TAG_inlined_subroutine
	.long	791                             @ DW_AT_abstract_origin
	.long	.Ltmp0                          @ DW_AT_low_pc
	.long	.Ltmp1-.Ltmp0                   @ DW_AT_high_pc
	.byte	3                               @ DW_AT_call_file
	.byte	41                              @ DW_AT_call_line
	.byte	5                               @ DW_AT_call_column
	.byte	23                              @ Abbrev [23] 0x373:0x7 DW_TAG_formal_parameter
	.byte	1                               @ DW_AT_location
	.byte	80
	.long	801                             @ DW_AT_abstract_origin
	.byte	0                               @ End Of Children Mark
	.byte	0                               @ End Of Children Mark
	.byte	24                              @ Abbrev [24] 0x37c:0x3f DW_TAG_subprogram
	.long	.Lfunc_begin1                   @ DW_AT_low_pc
	.long	.Lfunc_end1-.Lfunc_begin1       @ DW_AT_high_pc
	.byte	1                               @ DW_AT_frame_base
	.byte	93
	.long	913                             @ DW_AT_object_pointer
                                        @ DW_AT_GNU_all_call_sites
	.byte	3                               @ DW_AT_decl_file
	.byte	44                              @ DW_AT_decl_line
	.long	141                             @ DW_AT_specification
	.byte	20                              @ Abbrev [20] 0x391:0xb DW_TAG_formal_parameter
	.byte	1                               @ DW_AT_location
	.byte	80
	.long	.Linfo_string52                 @ DW_AT_name
	.long	811                             @ DW_AT_type
                                        @ DW_AT_artificial
	.byte	21                              @ Abbrev [21] 0x39c:0xf DW_TAG_formal_parameter
	.long	.Ldebug_loc1                    @ DW_AT_location
	.long	.Linfo_string55                 @ DW_AT_name
	.byte	3                               @ DW_AT_decl_file
	.byte	44                              @ DW_AT_decl_line
	.long	211                             @ DW_AT_type
	.byte	25                              @ Abbrev [25] 0x3ab:0xf DW_TAG_variable
	.long	.Ldebug_loc2                    @ DW_AT_location
	.long	.Linfo_string56                 @ DW_AT_name
	.byte	3                               @ DW_AT_decl_file
	.byte	46                              @ DW_AT_decl_line
	.long	211                             @ DW_AT_type
	.byte	0                               @ End Of Children Mark
	.byte	0                               @ End Of Children Mark
.Ldebug_info_end0:
	.section	.debug_ranges,"",%progbits
.Ldebug_ranges0:
	.long	.Lfunc_begin0
	.long	.Lfunc_end0
	.long	.Lfunc_begin1
	.long	.Lfunc_end1
	.long	0
	.long	0
	.section	.debug_str,"MS",%progbits,1
.Linfo_string0:
	.asciz	"Component: Arm Compiler for Embedded 6.21 Tool: armclang [5dfeb700]" @ string offset=0
.Linfo_string1:
	.asciz	"../../../components/network/thread/subg_openthread/src/core/common\\crc16.cpp" @ string offset=68
.Linfo_string2:
	.asciz	"C:\\Users\\testo\\Desktop\\rafael-iot-sdk-das -0515\\examples\\das_subg_thread\\keil" @ string offset=145
.Linfo_string3:
	.asciz	"ot"                            @ string offset=223
.Linfo_string4:
	.asciz	"mPolynomial"                   @ string offset=226
.Linfo_string5:
	.asciz	"unsigned short"                @ string offset=238
.Linfo_string6:
	.asciz	"uint16_t"                      @ string offset=253
.Linfo_string7:
	.asciz	"mCrc"                          @ string offset=262
.Linfo_string8:
	.asciz	"Crc16"                         @ string offset=267
.Linfo_string9:
	.asciz	"kCcitt"                        @ string offset=273
.Linfo_string10:
	.asciz	"kAnsi"                         @ string offset=280
.Linfo_string11:
	.asciz	"Polynomial"                    @ string offset=286
.Linfo_string12:
	.asciz	"_ZN2ot5Crc164InitEv"           @ string offset=297
.Linfo_string13:
	.asciz	"Init"                          @ string offset=317
.Linfo_string14:
	.asciz	"_ZN2ot5Crc166UpdateEh"         @ string offset=322
.Linfo_string15:
	.asciz	"Update"                        @ string offset=344
.Linfo_string16:
	.asciz	"unsigned char"                 @ string offset=351
.Linfo_string17:
	.asciz	"uint8_t"                       @ string offset=365
.Linfo_string18:
	.asciz	"_ZNK2ot5Crc163GetEv"           @ string offset=373
.Linfo_string19:
	.asciz	"Get"                           @ string offset=393
.Linfo_string20:
	.asciz	"signed char"                   @ string offset=397
.Linfo_string21:
	.asciz	"int8_t"                        @ string offset=409
.Linfo_string22:
	.asciz	"short"                         @ string offset=416
.Linfo_string23:
	.asciz	"int16_t"                       @ string offset=422
.Linfo_string24:
	.asciz	"int"                           @ string offset=430
.Linfo_string25:
	.asciz	"int32_t"                       @ string offset=434
.Linfo_string26:
	.asciz	"long long int"                 @ string offset=442
.Linfo_string27:
	.asciz	"int64_t"                       @ string offset=456
.Linfo_string28:
	.asciz	"unsigned int"                  @ string offset=464
.Linfo_string29:
	.asciz	"uint32_t"                      @ string offset=477
.Linfo_string30:
	.asciz	"long long unsigned int"        @ string offset=486
.Linfo_string31:
	.asciz	"uint64_t"                      @ string offset=509
.Linfo_string32:
	.asciz	"int_least8_t"                  @ string offset=518
.Linfo_string33:
	.asciz	"int_least16_t"                 @ string offset=531
.Linfo_string34:
	.asciz	"int_least32_t"                 @ string offset=545
.Linfo_string35:
	.asciz	"int_least64_t"                 @ string offset=559
.Linfo_string36:
	.asciz	"uint_least8_t"                 @ string offset=573
.Linfo_string37:
	.asciz	"uint_least16_t"                @ string offset=587
.Linfo_string38:
	.asciz	"uint_least32_t"                @ string offset=602
.Linfo_string39:
	.asciz	"uint_least64_t"                @ string offset=617
.Linfo_string40:
	.asciz	"int_fast8_t"                   @ string offset=632
.Linfo_string41:
	.asciz	"int_fast16_t"                  @ string offset=644
.Linfo_string42:
	.asciz	"int_fast32_t"                  @ string offset=657
.Linfo_string43:
	.asciz	"int_fast64_t"                  @ string offset=670
.Linfo_string44:
	.asciz	"uint_fast8_t"                  @ string offset=683
.Linfo_string45:
	.asciz	"uint_fast16_t"                 @ string offset=696
.Linfo_string46:
	.asciz	"uint_fast32_t"                 @ string offset=710
.Linfo_string47:
	.asciz	"uint_fast64_t"                 @ string offset=724
.Linfo_string48:
	.asciz	"intptr_t"                      @ string offset=738
.Linfo_string49:
	.asciz	"uintptr_t"                     @ string offset=747
.Linfo_string50:
	.asciz	"intmax_t"                      @ string offset=757
.Linfo_string51:
	.asciz	"uintmax_t"                     @ string offset=766
.Linfo_string52:
	.asciz	"this"                          @ string offset=776
.Linfo_string53:
	.asciz	"_ZN2ot5Crc16C2ENS0_10PolynomialE" @ string offset=781
.Linfo_string54:
	.asciz	"aPolynomial"                   @ string offset=814
.Linfo_string55:
	.asciz	"aByte"                         @ string offset=826
.Linfo_string56:
	.asciz	"i"                             @ string offset=832
	.globl	_ZN2ot5Crc16C1ENS0_10PolynomialE
	.type	_ZN2ot5Crc16C1ENS0_10PolynomialE,%function
	.hidden	_ZN2ot5Crc16C1ENS0_10PolynomialE
.set _ZN2ot5Crc16C1ENS0_10PolynomialE, _ZN2ot5Crc16C2ENS0_10PolynomialE
	.ident	"Component: Arm Compiler for Embedded 6.21 Tool: armclang [5dfeb700]"
	.section	".note.GNU-stack","",%progbits
	.eabi_attribute	30, 3	@ Tag_ABI_optimization_goals
	.ARM_attribute	16, 1	@ Tag_AV_eba
	.section	.debug_line,"",%progbits
.Lline_table_start0:
