	.text
	.syntax unified
	.eabi_attribute	67, "2.09"	@ Tag_conformance
	.cpu	cortex-m3
	.eabi_attribute	6, 10	@ Tag_CPU_arch
	.eabi_attribute	7, 77	@ Tag_CPU_arch_profile
	.eabi_attribute	8, 0	@ Tag_ARM_ISA_use
	.eabi_attribute	9, 2	@ Tag_THUMB_ISA_use
	.eabi_attribute	34, 1	@ Tag_CPU_unaligned_access
	.eabi_attribute	17, 1	@ Tag_ABI_PCS_GOT_use
	.eabi_attribute	20, 2	@ Tag_ABI_FP_denormal
	.eabi_attribute	21, 0	@ Tag_ABI_FP_exceptions
	.eabi_attribute	23, 1	@ Tag_ABI_FP_number_model
	.eabi_attribute	24, 1	@ Tag_ABI_align_needed
	.eabi_attribute	25, 1	@ Tag_ABI_align_preserved
	.eabi_attribute	38, 1	@ Tag_ABI_FP_16bit_format
	.eabi_attribute	18, 4	@ Tag_ABI_PCS_wchar_t
	.eabi_attribute	26, 2	@ Tag_ABI_enum_size
	.eabi_attribute	14, 0	@ Tag_ABI_PCS_R9_use
	.file	"efd_utils.c"
	.file	1 "C:\\Keil_v5\\ARM\\ARMCLANG\\Bin\\..\\include" "stdint.h"
	.file	2 "D:\\20240115\\rafael-iot-sdk-das\\examples\\das_subg_thread\\keil" "../../../components/utility/EnhancedFlashDataset/Src/efd_utils.c"
	.section	.text.efd_calc_crc32,"ax",%progbits
	.hidden	efd_calc_crc32                  @ -- Begin function efd_calc_crc32
	.globl	efd_calc_crc32
	.p2align	1
	.type	efd_calc_crc32,%function
	.code	16                              @ @efd_calc_crc32
	.thumb_func
efd_calc_crc32:
.Lfunc_begin0:
	.loc	2 44 0                          @ ../../../components/utility/EnhancedFlashDataset/Src/efd_utils.c:44:0
	.fnstart
	.cfi_sections .debug_frame
	.cfi_startproc
@ %bb.0:
	@DEBUG_VALUE: efd_calc_crc32:crc <- $r0
	@DEBUG_VALUE: efd_calc_crc32:crc <- $r0
	@DEBUG_VALUE: efd_calc_crc32:buf <- $r1
	@DEBUG_VALUE: efd_calc_crc32:buf <- $r1
	@DEBUG_VALUE: efd_calc_crc32:size <- $r2
	@DEBUG_VALUE: efd_calc_crc32:size <- $r2
	.save	{r7, lr}
	push	{r7, lr}
	.cfi_def_cfa_offset 8
	.cfi_offset lr, -4
	.cfi_offset r7, -8
.Ltmp0:
	@DEBUG_VALUE: efd_calc_crc32:p <- $r1
	@DEBUG_VALUE: efd_calc_crc32:p <- $r1
	.loc	2 48 15 prologue_end            @ ../../../components/utility/EnhancedFlashDataset/Src/efd_utils.c:48:15
	mvn.w	r0, r0
.Ltmp1:
	@DEBUG_VALUE: efd_calc_crc32:crc <- [DW_OP_LLVM_entry_value 1] $r0
	@DEBUG_VALUE: efd_calc_crc32:p <- undef
	@DEBUG_VALUE: efd_calc_crc32:size <- [DW_OP_constu 1, DW_OP_minus, DW_OP_stack_value] $r2
	@DEBUG_VALUE: efd_calc_crc32:crc <- $r0
	.loc	2 50 5                          @ ../../../components/utility/EnhancedFlashDataset/Src/efd_utils.c:50:5
	cbz	r2, .LBB0_3
.Ltmp2:
@ %bb.1:
	@DEBUG_VALUE: efd_calc_crc32:size <- [DW_OP_constu 1, DW_OP_minus, DW_OP_stack_value] $r2
	@DEBUG_VALUE: efd_calc_crc32:buf <- $r1
	@DEBUG_VALUE: efd_calc_crc32:crc <- $r0
	.loc	2 0 5 is_stmt 0                 @ ../../../components/utility/EnhancedFlashDataset/Src/efd_utils.c:0:5
	movw	r12, :lower16:crc32_table
	movt	r12, :upper16:crc32_table
.Ltmp3:
	.p2align	2
.LBB0_2:                                @ =>This Inner Loop Header: Depth=1
	@DEBUG_VALUE: efd_calc_crc32:crc <- $r0
	@DEBUG_VALUE: efd_calc_crc32:crc <- $r0
	@DEBUG_VALUE: efd_calc_crc32:size <- $r2
	@DEBUG_VALUE: efd_calc_crc32:p <- $r1
	.loc	2 52 34 is_stmt 1               @ ../../../components/utility/EnhancedFlashDataset/Src/efd_utils.c:52:34
	ldrb	lr, [r1], #1
.Ltmp4:
	@DEBUG_VALUE: efd_calc_crc32:buf <- [DW_OP_LLVM_entry_value 1] $r1
	@DEBUG_VALUE: efd_calc_crc32:p <- $r1
	.loc	2 52 40 is_stmt 0               @ ../../../components/utility/EnhancedFlashDataset/Src/efd_utils.c:52:40
	uxtb	r3, r0
	eor.w	r3, r3, lr
	.loc	2 52 15                         @ ../../../components/utility/EnhancedFlashDataset/Src/efd_utils.c:52:15
	ldr.w	r3, [r12, r3, lsl #2]
.Ltmp5:
	.loc	2 50 16 is_stmt 1               @ ../../../components/utility/EnhancedFlashDataset/Src/efd_utils.c:50:16
	subs	r2, #1
.Ltmp6:
	@DEBUG_VALUE: efd_calc_crc32:size <- $r2
	.loc	2 52 48                         @ ../../../components/utility/EnhancedFlashDataset/Src/efd_utils.c:52:48
	eor.w	r0, r3, r0, lsr #8
.Ltmp7:
	@DEBUG_VALUE: efd_calc_crc32:crc <- [DW_OP_LLVM_entry_value 1] $r0
	@DEBUG_VALUE: efd_calc_crc32:crc <- [DW_OP_LLVM_entry_value 1] $r0
	@DEBUG_VALUE: efd_calc_crc32:size <- [DW_OP_constu 1, DW_OP_minus, DW_OP_stack_value] undef
	@DEBUG_VALUE: efd_calc_crc32:crc <- $r0
	.loc	2 50 5                          @ ../../../components/utility/EnhancedFlashDataset/Src/efd_utils.c:50:5
	bne	.LBB0_2
.Ltmp8:
.LBB0_3:
	@DEBUG_VALUE: efd_calc_crc32:crc <- $r0
	.loc	2 55 16                         @ ../../../components/utility/EnhancedFlashDataset/Src/efd_utils.c:55:16
	mvns	r0, r0
.Ltmp9:
	@DEBUG_VALUE: efd_calc_crc32:crc <- [DW_OP_LLVM_entry_value 1] $r0
	.loc	2 55 5 is_stmt 0                @ ../../../components/utility/EnhancedFlashDataset/Src/efd_utils.c:55:5
	pop	{r7, pc}
.Ltmp10:
.Lfunc_end0:
	.size	efd_calc_crc32, .Lfunc_end0-efd_calc_crc32
	.cfi_endproc
	.cantunwind
	.fnend
                                        @ -- End function
	.type	crc32_table,%object             @ @crc32_table
	.section	.rodata.crc32_table,"a",%progbits
	.p2align	2
crc32_table:
	.long	0                               @ 0x0
	.long	1996959894                      @ 0x77073096
	.long	3993919788                      @ 0xee0e612c
	.long	2567524794                      @ 0x990951ba
	.long	124634137                       @ 0x76dc419
	.long	1886057615                      @ 0x706af48f
	.long	3915621685                      @ 0xe963a535
	.long	2657392035                      @ 0x9e6495a3
	.long	249268274                       @ 0xedb8832
	.long	2044508324                      @ 0x79dcb8a4
	.long	3772115230                      @ 0xe0d5e91e
	.long	2547177864                      @ 0x97d2d988
	.long	162941995                       @ 0x9b64c2b
	.long	2125561021                      @ 0x7eb17cbd
	.long	3887607047                      @ 0xe7b82d07
	.long	2428444049                      @ 0x90bf1d91
	.long	498536548                       @ 0x1db71064
	.long	1789927666                      @ 0x6ab020f2
	.long	4089016648                      @ 0xf3b97148
	.long	2227061214                      @ 0x84be41de
	.long	450548861                       @ 0x1adad47d
	.long	1843258603                      @ 0x6ddde4eb
	.long	4107580753                      @ 0xf4d4b551
	.long	2211677639                      @ 0x83d385c7
	.long	325883990                       @ 0x136c9856
	.long	1684777152                      @ 0x646ba8c0
	.long	4251122042                      @ 0xfd62f97a
	.long	2321926636                      @ 0x8a65c9ec
	.long	335633487                       @ 0x14015c4f
	.long	1661365465                      @ 0x63066cd9
	.long	4195302755                      @ 0xfa0f3d63
	.long	2366115317                      @ 0x8d080df5
	.long	997073096                       @ 0x3b6e20c8
	.long	1281953886                      @ 0x4c69105e
	.long	3579855332                      @ 0xd56041e4
	.long	2724688242                      @ 0xa2677172
	.long	1006888145                      @ 0x3c03e4d1
	.long	1258607687                      @ 0x4b04d447
	.long	3524101629                      @ 0xd20d85fd
	.long	2768942443                      @ 0xa50ab56b
	.long	901097722                       @ 0x35b5a8fa
	.long	1119000684                      @ 0x42b2986c
	.long	3686517206                      @ 0xdbbbc9d6
	.long	2898065728                      @ 0xacbcf940
	.long	853044451                       @ 0x32d86ce3
	.long	1172266101                      @ 0x45df5c75
	.long	3705015759                      @ 0xdcd60dcf
	.long	2882616665                      @ 0xabd13d59
	.long	651767980                       @ 0x26d930ac
	.long	1373503546                      @ 0x51de003a
	.long	3369554304                      @ 0xc8d75180
	.long	3218104598                      @ 0xbfd06116
	.long	565507253                       @ 0x21b4f4b5
	.long	1454621731                      @ 0x56b3c423
	.long	3485111705                      @ 0xcfba9599
	.long	3099436303                      @ 0xb8bda50f
	.long	671266974                       @ 0x2802b89e
	.long	1594198024                      @ 0x5f058808
	.long	3322730930                      @ 0xc60cd9b2
	.long	2970347812                      @ 0xb10be924
	.long	795835527                       @ 0x2f6f7c87
	.long	1483230225                      @ 0x58684c11
	.long	3244367275                      @ 0xc1611dab
	.long	3060149565                      @ 0xb6662d3d
	.long	1994146192                      @ 0x76dc4190
	.long	31158534                        @ 0x1db7106
	.long	2563907772                      @ 0x98d220bc
	.long	4023717930                      @ 0xefd5102a
	.long	1907459465                      @ 0x71b18589
	.long	112637215                       @ 0x6b6b51f
	.long	2680153253                      @ 0x9fbfe4a5
	.long	3904427059                      @ 0xe8b8d433
	.long	2013776290                      @ 0x7807c9a2
	.long	251722036                       @ 0xf00f934
	.long	2517215374                      @ 0x9609a88e
	.long	3775830040                      @ 0xe10e9818
	.long	2137656763                      @ 0x7f6a0dbb
	.long	141376813                       @ 0x86d3d2d
	.long	2439277719                      @ 0x91646c97
	.long	3865271297                      @ 0xe6635c01
	.long	1802195444                      @ 0x6b6b51f4
	.long	476864866                       @ 0x1c6c6162
	.long	2238001368                      @ 0x856530d8
	.long	4066508878                      @ 0xf262004e
	.long	1812370925                      @ 0x6c0695ed
	.long	453092731                       @ 0x1b01a57b
	.long	2181625025                      @ 0x8208f4c1
	.long	4111451223                      @ 0xf50fc457
	.long	1706088902                      @ 0x65b0d9c6
	.long	314042704                       @ 0x12b7e950
	.long	2344532202                      @ 0x8bbeb8ea
	.long	4240017532                      @ 0xfcb9887c
	.long	1658658271                      @ 0x62dd1ddf
	.long	366619977                       @ 0x15da2d49
	.long	2362670323                      @ 0x8cd37cf3
	.long	4224994405                      @ 0xfbd44c65
	.long	1303535960                      @ 0x4db26158
	.long	984961486                       @ 0x3ab551ce
	.long	2747007092                      @ 0xa3bc0074
	.long	3569037538                      @ 0xd4bb30e2
	.long	1256170817                      @ 0x4adfa541
	.long	1037604311                      @ 0x3dd895d7
	.long	2765210733                      @ 0xa4d1c46d
	.long	3554079995                      @ 0xd3d6f4fb
	.long	1131014506                      @ 0x4369e96a
	.long	879679996                       @ 0x346ed9fc
	.long	2909243462                      @ 0xad678846
	.long	3663771856                      @ 0xda60b8d0
	.long	1141124467                      @ 0x44042d73
	.long	855842277                       @ 0x33031de5
	.long	2852801631                      @ 0xaa0a4c5f
	.long	3708648649                      @ 0xdd0d7cc9
	.long	1342533948                      @ 0x5005713c
	.long	654459306                       @ 0x270241aa
	.long	3188396048                      @ 0xbe0b1010
	.long	3373015174                      @ 0xc90c2086
	.long	1466479909                      @ 0x5768b525
	.long	544179635                       @ 0x206f85b3
	.long	3110523913                      @ 0xb966d409
	.long	3462522015                      @ 0xce61e49f
	.long	1591671054                      @ 0x5edef90e
	.long	702138776                       @ 0x29d9c998
	.long	2966460450                      @ 0xb0d09822
	.long	3352799412                      @ 0xc7d7a8b4
	.long	1504918807                      @ 0x59b33d17
	.long	783551873                       @ 0x2eb40d81
	.long	3082640443                      @ 0xb7bd5c3b
	.long	3233442989                      @ 0xc0ba6cad
	.long	3988292384                      @ 0xedb88320
	.long	2596254646                      @ 0x9abfb3b6
	.long	62317068                        @ 0x3b6e20c
	.long	1957810842                      @ 0x74b1d29a
	.long	3939845945                      @ 0xead54739
	.long	2647816111                      @ 0x9dd277af
	.long	81470997                        @ 0x4db2615
	.long	1943803523                      @ 0x73dc1683
	.long	3814918930                      @ 0xe3630b12
	.long	2489596804                      @ 0x94643b84
	.long	225274430                       @ 0xd6d6a3e
	.long	2053790376                      @ 0x7a6a5aa8
	.long	3826175755                      @ 0xe40ecf0b
	.long	2466906013                      @ 0x9309ff9d
	.long	167816743                       @ 0xa00ae27
	.long	2097651377                      @ 0x7d079eb1
	.long	4027552580                      @ 0xf00f9344
	.long	2265490386                      @ 0x8708a3d2
	.long	503444072                       @ 0x1e01f268
	.long	1762050814                      @ 0x6906c2fe
	.long	4150417245                      @ 0xf762575d
	.long	2154129355                      @ 0x806567cb
	.long	426522225                       @ 0x196c3671
	.long	1852507879                      @ 0x6e6b06e7
	.long	4275313526                      @ 0xfed41b76
	.long	2312317920                      @ 0x89d32be0
	.long	282753626                       @ 0x10da7a5a
	.long	1742555852                      @ 0x67dd4acc
	.long	4189708143                      @ 0xf9b9df6f
	.long	2394877945                      @ 0x8ebeeff9
	.long	397917763                       @ 0x17b7be43
	.long	1622183637                      @ 0x60b08ed5
	.long	3604390888                      @ 0xd6d6a3e8
	.long	2714866558                      @ 0xa1d1937e
	.long	953729732                       @ 0x38d8c2c4
	.long	1340076626                      @ 0x4fdff252
	.long	3518719985                      @ 0xd1bb67f1
	.long	2797360999                      @ 0xa6bc5767
	.long	1068828381                      @ 0x3fb506dd
	.long	1219638859                      @ 0x48b2364b
	.long	3624741850                      @ 0xd80d2bda
	.long	2936675148                      @ 0xaf0a1b4c
	.long	906185462                       @ 0x36034af6
	.long	1090812512                      @ 0x41047a60
	.long	3747672003                      @ 0xdf60efc3
	.long	2825379669                      @ 0xa867df55
	.long	829329135                       @ 0x316e8eef
	.long	1181335161                      @ 0x4669be79
	.long	3412177804                      @ 0xcb61b38c
	.long	3160834842                      @ 0xbc66831a
	.long	628085408                       @ 0x256fd2a0
	.long	1382605366                      @ 0x5268e236
	.long	3423369109                      @ 0xcc0c7795
	.long	3138078467                      @ 0xbb0b4703
	.long	570562233                       @ 0x220216b9
	.long	1426400815                      @ 0x5505262f
	.long	3317316542                      @ 0xc5ba3bbe
	.long	2998733608                      @ 0xb2bd0b28
	.long	733239954                       @ 0x2bb45a92
	.long	1555261956                      @ 0x5cb36a04
	.long	3268935591                      @ 0xc2d7ffa7
	.long	3050360625                      @ 0xb5d0cf31
	.long	752459403                       @ 0x2cd99e8b
	.long	1541320221                      @ 0x5bdeae1d
	.long	2607071920                      @ 0x9b64c2b0
	.long	3965973030                      @ 0xec63f226
	.long	1969922972                      @ 0x756aa39c
	.long	40735498                        @ 0x26d930a
	.long	2617837225                      @ 0x9c0906a9
	.long	3943577151                      @ 0xeb0e363f
	.long	1913087877                      @ 0x72076785
	.long	83908371                        @ 0x5005713
	.long	2512341634                      @ 0x95bf4a82
	.long	3803740692                      @ 0xe2b87a14
	.long	2075208622                      @ 0x7bb12bae
	.long	213261112                       @ 0xcb61b38
	.long	2463272603                      @ 0x92d28e9b
	.long	3855990285                      @ 0xe5d5be0d
	.long	2094854071                      @ 0x7cdcefb7
	.long	198958881                       @ 0xbdbdf21
	.long	2262029012                      @ 0x86d3d2d4
	.long	4057260610                      @ 0xf1d4e242
	.long	1759359992                      @ 0x68ddb3f8
	.long	534414190                       @ 0x1fda836e
	.long	2176718541                      @ 0x81be16cd
	.long	4139329115                      @ 0xf6b9265b
	.long	1873836001                      @ 0x6fb077e1
	.long	414664567                       @ 0x18b74777
	.long	2282248934                      @ 0x88085ae6
	.long	4279200368                      @ 0xff0f6a70
	.long	1711684554                      @ 0x66063bca
	.long	285281116                       @ 0x11010b5c
	.long	2405801727                      @ 0x8f659eff
	.long	4167216745                      @ 0xf862ae69
	.long	1634467795                      @ 0x616bffd3
	.long	376229701                       @ 0x166ccf45
	.long	2685067896                      @ 0xa00ae278
	.long	3608007406                      @ 0xd70dd2ee
	.long	1308918612                      @ 0x4e048354
	.long	956543938                       @ 0x3903b3c2
	.long	2808555105                      @ 0xa7672661
	.long	3495958263                      @ 0xd06016f7
	.long	1231636301                      @ 0x4969474d
	.long	1047427035                      @ 0x3e6e77db
	.long	2932959818                      @ 0xaed16a4a
	.long	3654703836                      @ 0xd9d65adc
	.long	1088359270                      @ 0x40df0b66
	.long	936918000                       @ 0x37d83bf0
	.long	2847714899                      @ 0xa9bcae53
	.long	3736837829                      @ 0xdebb9ec5
	.long	1202900863                      @ 0x47b2cf7f
	.long	817233897                       @ 0x30b5ffe9
	.long	3183342108                      @ 0xbdbdf21c
	.long	3401237130                      @ 0xcabac28a
	.long	1404277552                      @ 0x53b39330
	.long	615818150                       @ 0x24b4a3a6
	.long	3134207493                      @ 0xbad03605
	.long	3453421203                      @ 0xcdd70693
	.long	1423857449                      @ 0x54de5729
	.long	601450431                       @ 0x23d967bf
	.long	3009837614                      @ 0xb3667a2e
	.long	3294710456                      @ 0xc4614ab8
	.long	1567103746                      @ 0x5d681b02
	.long	711928724                       @ 0x2a6f2b94
	.long	3020668471                      @ 0xb40bbe37
	.long	3272380065                      @ 0xc30c8ea1
	.long	1510334235                      @ 0x5a05df1b
	.long	755167117                       @ 0x2d02ef8d
	.size	crc32_table, 1024

	.file	3 "C:\\Keil_v5\\ARM\\ARMCLANG\\Bin\\..\\include" "stddef.h"
	.section	.debug_loc,"",%progbits
.Ldebug_loc0:
	.long	.Lfunc_begin0-.Lfunc_begin0
	.long	.Ltmp9-.Lfunc_begin0
	.short	1                               @ Loc expr size
	.byte	80                              @ DW_OP_reg0
	.long	.Ltmp9-.Lfunc_begin0
	.long	.Lfunc_end0-.Lfunc_begin0
	.short	4                               @ Loc expr size
	.byte	243                             @ DW_OP_GNU_entry_value
	.byte	1                               @ 1
	.byte	80                              @ DW_OP_reg0
	.byte	159                             @ DW_OP_stack_value
	.long	0
	.long	0
.Ldebug_loc1:
	.long	.Lfunc_begin0-.Lfunc_begin0
	.long	.Ltmp3-.Lfunc_begin0
	.short	1                               @ Loc expr size
	.byte	81                              @ DW_OP_reg1
	.long	.Ltmp4-.Lfunc_begin0
	.long	.Ltmp8-.Lfunc_begin0
	.short	4                               @ Loc expr size
	.byte	243                             @ DW_OP_GNU_entry_value
	.byte	1                               @ 1
	.byte	81                              @ DW_OP_reg1
	.byte	159                             @ DW_OP_stack_value
	.long	0
	.long	0
.Ldebug_loc2:
	.long	.Lfunc_begin0-.Lfunc_begin0
	.long	.Ltmp1-.Lfunc_begin0
	.short	1                               @ Loc expr size
	.byte	82                              @ DW_OP_reg2
	.long	.Ltmp1-.Lfunc_begin0
	.long	.Ltmp3-.Lfunc_begin0
	.short	3                               @ Loc expr size
	.byte	114                             @ DW_OP_breg2
	.byte	127                             @ -1
	.byte	159                             @ DW_OP_stack_value
	.long	.Ltmp3-.Lfunc_begin0
	.long	.Ltmp7-.Lfunc_begin0
	.short	1                               @ Loc expr size
	.byte	82                              @ DW_OP_reg2
	.long	0
	.long	0
.Ldebug_loc3:
	.long	.Ltmp0-.Lfunc_begin0
	.long	.Ltmp1-.Lfunc_begin0
	.short	1                               @ Loc expr size
	.byte	81                              @ DW_OP_reg1
	.long	.Ltmp3-.Lfunc_begin0
	.long	.Ltmp8-.Lfunc_begin0
	.short	1                               @ Loc expr size
	.byte	81                              @ DW_OP_reg1
	.long	0
	.long	0
	.section	.debug_abbrev,"",%progbits
	.byte	1                               @ Abbreviation Code
	.byte	17                              @ DW_TAG_compile_unit
	.byte	1                               @ DW_CHILDREN_yes
	.byte	37                              @ DW_AT_producer
	.byte	14                              @ DW_FORM_strp
	.byte	19                              @ DW_AT_language
	.byte	5                               @ DW_FORM_data2
	.byte	3                               @ DW_AT_name
	.byte	14                              @ DW_FORM_strp
	.byte	16                              @ DW_AT_stmt_list
	.byte	23                              @ DW_FORM_sec_offset
	.byte	27                              @ DW_AT_comp_dir
	.byte	14                              @ DW_FORM_strp
	.byte	17                              @ DW_AT_low_pc
	.byte	1                               @ DW_FORM_addr
	.byte	18                              @ DW_AT_high_pc
	.byte	6                               @ DW_FORM_data4
	.byte	0                               @ EOM(1)
	.byte	0                               @ EOM(2)
	.byte	2                               @ Abbreviation Code
	.byte	52                              @ DW_TAG_variable
	.byte	0                               @ DW_CHILDREN_no
	.byte	3                               @ DW_AT_name
	.byte	14                              @ DW_FORM_strp
	.byte	73                              @ DW_AT_type
	.byte	19                              @ DW_FORM_ref4
	.byte	58                              @ DW_AT_decl_file
	.byte	11                              @ DW_FORM_data1
	.byte	59                              @ DW_AT_decl_line
	.byte	11                              @ DW_FORM_data1
	.byte	2                               @ DW_AT_location
	.byte	24                              @ DW_FORM_exprloc
	.byte	0                               @ EOM(1)
	.byte	0                               @ EOM(2)
	.byte	3                               @ Abbreviation Code
	.byte	1                               @ DW_TAG_array_type
	.byte	1                               @ DW_CHILDREN_yes
	.byte	73                              @ DW_AT_type
	.byte	19                              @ DW_FORM_ref4
	.byte	0                               @ EOM(1)
	.byte	0                               @ EOM(2)
	.byte	4                               @ Abbreviation Code
	.byte	33                              @ DW_TAG_subrange_type
	.byte	0                               @ DW_CHILDREN_no
	.byte	73                              @ DW_AT_type
	.byte	19                              @ DW_FORM_ref4
	.byte	55                              @ DW_AT_count
	.byte	5                               @ DW_FORM_data2
	.byte	0                               @ EOM(1)
	.byte	0                               @ EOM(2)
	.byte	5                               @ Abbreviation Code
	.byte	38                              @ DW_TAG_const_type
	.byte	0                               @ DW_CHILDREN_no
	.byte	73                              @ DW_AT_type
	.byte	19                              @ DW_FORM_ref4
	.byte	0                               @ EOM(1)
	.byte	0                               @ EOM(2)
	.byte	6                               @ Abbreviation Code
	.byte	22                              @ DW_TAG_typedef
	.byte	0                               @ DW_CHILDREN_no
	.byte	73                              @ DW_AT_type
	.byte	19                              @ DW_FORM_ref4
	.byte	3                               @ DW_AT_name
	.byte	14                              @ DW_FORM_strp
	.byte	58                              @ DW_AT_decl_file
	.byte	11                              @ DW_FORM_data1
	.byte	59                              @ DW_AT_decl_line
	.byte	11                              @ DW_FORM_data1
	.byte	0                               @ EOM(1)
	.byte	0                               @ EOM(2)
	.byte	7                               @ Abbreviation Code
	.byte	36                              @ DW_TAG_base_type
	.byte	0                               @ DW_CHILDREN_no
	.byte	3                               @ DW_AT_name
	.byte	14                              @ DW_FORM_strp
	.byte	62                              @ DW_AT_encoding
	.byte	11                              @ DW_FORM_data1
	.byte	11                              @ DW_AT_byte_size
	.byte	11                              @ DW_FORM_data1
	.byte	0                               @ EOM(1)
	.byte	0                               @ EOM(2)
	.byte	8                               @ Abbreviation Code
	.byte	36                              @ DW_TAG_base_type
	.byte	0                               @ DW_CHILDREN_no
	.byte	3                               @ DW_AT_name
	.byte	14                              @ DW_FORM_strp
	.byte	11                              @ DW_AT_byte_size
	.byte	11                              @ DW_FORM_data1
	.byte	62                              @ DW_AT_encoding
	.byte	11                              @ DW_FORM_data1
	.byte	0                               @ EOM(1)
	.byte	0                               @ EOM(2)
	.byte	9                               @ Abbreviation Code
	.byte	15                              @ DW_TAG_pointer_type
	.byte	0                               @ DW_CHILDREN_no
	.byte	73                              @ DW_AT_type
	.byte	19                              @ DW_FORM_ref4
	.byte	0                               @ EOM(1)
	.byte	0                               @ EOM(2)
	.byte	10                              @ Abbreviation Code
	.byte	46                              @ DW_TAG_subprogram
	.byte	1                               @ DW_CHILDREN_yes
	.byte	17                              @ DW_AT_low_pc
	.byte	1                               @ DW_FORM_addr
	.byte	18                              @ DW_AT_high_pc
	.byte	6                               @ DW_FORM_data4
	.byte	64                              @ DW_AT_frame_base
	.byte	24                              @ DW_FORM_exprloc
	.ascii	"\227B"                         @ DW_AT_GNU_all_call_sites
	.byte	25                              @ DW_FORM_flag_present
	.byte	3                               @ DW_AT_name
	.byte	14                              @ DW_FORM_strp
	.byte	58                              @ DW_AT_decl_file
	.byte	11                              @ DW_FORM_data1
	.byte	59                              @ DW_AT_decl_line
	.byte	11                              @ DW_FORM_data1
	.byte	39                              @ DW_AT_prototyped
	.byte	25                              @ DW_FORM_flag_present
	.byte	73                              @ DW_AT_type
	.byte	19                              @ DW_FORM_ref4
	.byte	63                              @ DW_AT_external
	.byte	25                              @ DW_FORM_flag_present
	.byte	0                               @ EOM(1)
	.byte	0                               @ EOM(2)
	.byte	11                              @ Abbreviation Code
	.byte	5                               @ DW_TAG_formal_parameter
	.byte	0                               @ DW_CHILDREN_no
	.byte	2                               @ DW_AT_location
	.byte	23                              @ DW_FORM_sec_offset
	.byte	3                               @ DW_AT_name
	.byte	14                              @ DW_FORM_strp
	.byte	58                              @ DW_AT_decl_file
	.byte	11                              @ DW_FORM_data1
	.byte	59                              @ DW_AT_decl_line
	.byte	11                              @ DW_FORM_data1
	.byte	73                              @ DW_AT_type
	.byte	19                              @ DW_FORM_ref4
	.byte	0                               @ EOM(1)
	.byte	0                               @ EOM(2)
	.byte	12                              @ Abbreviation Code
	.byte	52                              @ DW_TAG_variable
	.byte	0                               @ DW_CHILDREN_no
	.byte	2                               @ DW_AT_location
	.byte	23                              @ DW_FORM_sec_offset
	.byte	3                               @ DW_AT_name
	.byte	14                              @ DW_FORM_strp
	.byte	58                              @ DW_AT_decl_file
	.byte	11                              @ DW_FORM_data1
	.byte	59                              @ DW_AT_decl_line
	.byte	11                              @ DW_FORM_data1
	.byte	73                              @ DW_AT_type
	.byte	19                              @ DW_FORM_ref4
	.byte	0                               @ EOM(1)
	.byte	0                               @ EOM(2)
	.byte	13                              @ Abbreviation Code
	.byte	38                              @ DW_TAG_const_type
	.byte	0                               @ DW_CHILDREN_no
	.byte	0                               @ EOM(1)
	.byte	0                               @ EOM(2)
	.byte	0                               @ EOM(3)
	.section	.debug_info,"",%progbits
.Lcu_begin0:
	.long	.Ldebug_info_end0-.Ldebug_info_start0 @ Length of Unit
.Ldebug_info_start0:
	.short	4                               @ DWARF version number
	.long	.debug_abbrev                   @ Offset Into Abbrev. Section
	.byte	4                               @ Address Size (in bytes)
	.byte	1                               @ Abbrev [1] 0xb:0xd7 DW_TAG_compile_unit
	.long	.Linfo_string0                  @ DW_AT_producer
	.short	12                              @ DW_AT_language
	.long	.Linfo_string1                  @ DW_AT_name
	.long	.Lline_table_start0             @ DW_AT_stmt_list
	.long	.Linfo_string2                  @ DW_AT_comp_dir
	.long	.Lfunc_begin0                   @ DW_AT_low_pc
	.long	.Lfunc_end0-.Lfunc_begin0       @ DW_AT_high_pc
	.byte	2                               @ Abbrev [2] 0x26:0x11 DW_TAG_variable
	.long	.Linfo_string3                  @ DW_AT_name
	.long	55                              @ DW_AT_type
	.byte	2                               @ DW_AT_decl_file
	.byte	4                               @ DW_AT_decl_line
	.byte	5                               @ DW_AT_location
	.byte	3
	.long	crc32_table
	.byte	3                               @ Abbrev [3] 0x37:0xd DW_TAG_array_type
	.long	68                              @ DW_AT_type
	.byte	4                               @ Abbrev [4] 0x3c:0x7 DW_TAG_subrange_type
	.long	91                              @ DW_AT_type
	.short	256                             @ DW_AT_count
	.byte	0                               @ End Of Children Mark
	.byte	5                               @ Abbrev [5] 0x44:0x5 DW_TAG_const_type
	.long	73                              @ DW_AT_type
	.byte	6                               @ Abbrev [6] 0x49:0xb DW_TAG_typedef
	.long	84                              @ DW_AT_type
	.long	.Linfo_string5                  @ DW_AT_name
	.byte	1                               @ DW_AT_decl_file
	.byte	64                              @ DW_AT_decl_line
	.byte	7                               @ Abbrev [7] 0x54:0x7 DW_TAG_base_type
	.long	.Linfo_string4                  @ DW_AT_name
	.byte	7                               @ DW_AT_encoding
	.byte	4                               @ DW_AT_byte_size
	.byte	8                               @ Abbrev [8] 0x5b:0x7 DW_TAG_base_type
	.long	.Linfo_string6                  @ DW_AT_name
	.byte	8                               @ DW_AT_byte_size
	.byte	7                               @ DW_AT_encoding
	.byte	9                               @ Abbrev [9] 0x62:0x5 DW_TAG_pointer_type
	.long	103                             @ DW_AT_type
	.byte	5                               @ Abbrev [5] 0x67:0x5 DW_TAG_const_type
	.long	108                             @ DW_AT_type
	.byte	6                               @ Abbrev [6] 0x6c:0xb DW_TAG_typedef
	.long	119                             @ DW_AT_type
	.long	.Linfo_string8                  @ DW_AT_name
	.byte	1                               @ DW_AT_decl_file
	.byte	62                              @ DW_AT_decl_line
	.byte	7                               @ Abbrev [7] 0x77:0x7 DW_TAG_base_type
	.long	.Linfo_string7                  @ DW_AT_name
	.byte	8                               @ DW_AT_encoding
	.byte	1                               @ DW_AT_byte_size
	.byte	10                              @ Abbrev [10] 0x7e:0x52 DW_TAG_subprogram
	.long	.Lfunc_begin0                   @ DW_AT_low_pc
	.long	.Lfunc_end0-.Lfunc_begin0       @ DW_AT_high_pc
	.byte	1                               @ DW_AT_frame_base
	.byte	93
                                        @ DW_AT_GNU_all_call_sites
	.long	.Linfo_string9                  @ DW_AT_name
	.byte	2                               @ DW_AT_decl_file
	.byte	43                              @ DW_AT_decl_line
                                        @ DW_AT_prototyped
	.long	73                              @ DW_AT_type
                                        @ DW_AT_external
	.byte	11                              @ Abbrev [11] 0x93:0xf DW_TAG_formal_parameter
	.long	.Ldebug_loc0                    @ DW_AT_location
	.long	.Linfo_string10                 @ DW_AT_name
	.byte	2                               @ DW_AT_decl_file
	.byte	43                              @ DW_AT_decl_line
	.long	73                              @ DW_AT_type
	.byte	11                              @ Abbrev [11] 0xa2:0xf DW_TAG_formal_parameter
	.long	.Ldebug_loc1                    @ DW_AT_location
	.long	.Linfo_string11                 @ DW_AT_name
	.byte	2                               @ DW_AT_decl_file
	.byte	43                              @ DW_AT_decl_line
	.long	208                             @ DW_AT_type
	.byte	11                              @ Abbrev [11] 0xb1:0xf DW_TAG_formal_parameter
	.long	.Ldebug_loc2                    @ DW_AT_location
	.long	.Linfo_string12                 @ DW_AT_name
	.byte	2                               @ DW_AT_decl_file
	.byte	43                              @ DW_AT_decl_line
	.long	214                             @ DW_AT_type
	.byte	12                              @ Abbrev [12] 0xc0:0xf DW_TAG_variable
	.long	.Ldebug_loc3                    @ DW_AT_location
	.long	.Linfo_string14                 @ DW_AT_name
	.byte	2                               @ DW_AT_decl_file
	.byte	45                              @ DW_AT_decl_line
	.long	98                              @ DW_AT_type
	.byte	0                               @ End Of Children Mark
	.byte	9                               @ Abbrev [9] 0xd0:0x5 DW_TAG_pointer_type
	.long	213                             @ DW_AT_type
	.byte	13                              @ Abbrev [13] 0xd5:0x1 DW_TAG_const_type
	.byte	6                               @ Abbrev [6] 0xd6:0xb DW_TAG_typedef
	.long	84                              @ DW_AT_type
	.long	.Linfo_string13                 @ DW_AT_name
	.byte	3                               @ DW_AT_decl_file
	.byte	53                              @ DW_AT_decl_line
	.byte	0                               @ End Of Children Mark
.Ldebug_info_end0:
	.section	.debug_str,"MS",%progbits,1
.Linfo_string0:
	.asciz	"Component: ARM Compiler 6.16 Tool: armclang [5dfeb700]" @ string offset=0
.Linfo_string1:
	.asciz	"../../../components/utility/EnhancedFlashDataset/Src\\efd_utils.c" @ string offset=55
.Linfo_string2:
	.asciz	"D:\\20240115\\rafael-iot-sdk-das\\examples\\das_subg_thread\\keil" @ string offset=120
.Linfo_string3:
	.asciz	"crc32_table"                   @ string offset=181
.Linfo_string4:
	.asciz	"unsigned int"                  @ string offset=193
.Linfo_string5:
	.asciz	"uint32_t"                      @ string offset=206
.Linfo_string6:
	.asciz	"__ARRAY_SIZE_TYPE__"           @ string offset=215
.Linfo_string7:
	.asciz	"unsigned char"                 @ string offset=235
.Linfo_string8:
	.asciz	"uint8_t"                       @ string offset=249
.Linfo_string9:
	.asciz	"efd_calc_crc32"                @ string offset=257
.Linfo_string10:
	.asciz	"crc"                           @ string offset=272
.Linfo_string11:
	.asciz	"buf"                           @ string offset=276
.Linfo_string12:
	.asciz	"size"                          @ string offset=280
.Linfo_string13:
	.asciz	"size_t"                        @ string offset=285
.Linfo_string14:
	.asciz	"p"                             @ string offset=292
	.ident	"Component: ARM Compiler 6.16 Tool: armclang [5dfeb700]"
	.section	".note.GNU-stack","",%progbits
	.eabi_attribute	30, 3	@ Tag_ABI_optimization_goals
	.ARM_attribute	16, 1	@ Tag_AV_eba
	.section	.debug_line,"",%progbits
.Lline_table_start0:
