	.text
	.syntax unified
	.eabi_attribute	67, "2.09"	@ Tag_conformance
	.cpu	cortex-m3
	.eabi_attribute	6, 10	@ Tag_CPU_arch
	.eabi_attribute	7, 77	@ Tag_CPU_arch_profile
	.eabi_attribute	8, 0	@ Tag_ARM_ISA_use
	.eabi_attribute	9, 2	@ Tag_THUMB_ISA_use
	.eabi_attribute	34, 1	@ Tag_CPU_unaligned_access
	.eabi_attribute	17, 1	@ Tag_ABI_PCS_GOT_use
	.eabi_attribute	20, 2	@ Tag_ABI_FP_denormal
	.eabi_attribute	21, 0	@ Tag_ABI_FP_exceptions
	.eabi_attribute	23, 1	@ Tag_ABI_FP_number_model
	.eabi_attribute	24, 1	@ Tag_ABI_align_needed
	.eabi_attribute	25, 1	@ Tag_ABI_align_preserved
	.eabi_attribute	38, 1	@ Tag_ABI_FP_16bit_format
	.eabi_attribute	18, 4	@ Tag_ABI_PCS_wchar_t
	.eabi_attribute	26, 2	@ Tag_ABI_enum_size
	.eabi_attribute	14, 0	@ Tag_ABI_PCS_R9_use
	.file	"EnhancedFlashDataset.c"
	.file	1 "C:\\Users\\testo\\Desktop\\rafael-iot-sdk-das - \350\244\207\350\243\275 (2)\\examples\\das_subg_thread\\keil" "../../../components/utility/EnhancedFlashDataset/Src/EnhancedFlashDataset.c"
	.file	2 "C:\\Users\\testo\\Desktop\\rafael-iot-sdk-das - \350\244\207\350\243\275 (2)\\examples\\das_subg_thread\\keil" "../../../components/utility/EnhancedFlashDataset/Inc\\efd_def.h"
	.section	.text.enhanced_flash_dataset_init,"ax",%progbits
	.hidden	enhanced_flash_dataset_init     @ -- Begin function enhanced_flash_dataset_init
	.globl	enhanced_flash_dataset_init
	.p2align	2
	.type	enhanced_flash_dataset_init,%function
	.code	16                              @ @enhanced_flash_dataset_init
	.thumb_func
enhanced_flash_dataset_init:
.Lfunc_begin0:
	.loc	1 17 0                          @ ../../../components/utility/EnhancedFlashDataset/Src/EnhancedFlashDataset.c:17:0
	.fnstart
	.cfi_sections .debug_frame
	.cfi_startproc
@ %bb.0:
	.save	{r4, r5, r7, lr}
	push	{r4, r5, r7, lr}
	.cfi_def_cfa_offset 16
	.cfi_offset lr, -4
	.cfi_offset r7, -8
	.cfi_offset r5, -12
	.cfi_offset r4, -16
	.pad	#8
	sub	sp, #8
	.cfi_def_cfa_offset 24
.Ltmp0:
	.loc	1 28 9 prologue_end             @ ../../../components/utility/EnhancedFlashDataset/Src/EnhancedFlashDataset.c:28:9
	movw	r5, :lower16:enhanced_flash_dataset_init.init_ok
	movt	r5, :upper16:enhanced_flash_dataset_init.init_ok
	ldrb	r0, [r5]
	movs	r4, #0
.Ltmp1:
	@DEBUG_VALUE: enhanced_flash_dataset_init:default_env_set_size <- 0
	.loc	1 23 12                         @ ../../../components/utility/EnhancedFlashDataset/Src/EnhancedFlashDataset.c:23:12
	str	r4, [sp, #4]
.Ltmp2:
	@DEBUG_VALUE: enhanced_flash_dataset_init:result <- 0
	.loc	1 28 9                          @ ../../../components/utility/EnhancedFlashDataset/Src/EnhancedFlashDataset.c:28:9
	cbnz	r0, .LBB0_5
.Ltmp3:
@ %bb.1:
	@DEBUG_VALUE: enhanced_flash_dataset_init:result <- 0
	@DEBUG_VALUE: enhanced_flash_dataset_init:default_env_set_size <- 0
	@DEBUG_VALUE: enhanced_flash_dataset_init:default_env_set_size <- [DW_OP_plus_uconst 4, DW_OP_deref] $sp
	@DEBUG_VALUE: enhanced_flash_dataset_init:default_env_set <- [DW_OP_deref] $sp
	.loc	1 0 9 is_stmt 0                 @ ../../../components/utility/EnhancedFlashDataset/Src/EnhancedFlashDataset.c:0:9
	mov	r0, sp
	add	r1, sp, #4
	.loc	1 33 14 is_stmt 1               @ ../../../components/utility/EnhancedFlashDataset/Src/EnhancedFlashDataset.c:33:14
	bl	efd_port_init
.Ltmp4:
	@DEBUG_VALUE: enhanced_flash_dataset_init:result <- $r0
	.loc	1 36 9                          @ ../../../components/utility/EnhancedFlashDataset/Src/EnhancedFlashDataset.c:36:9
	cbnz	r0, .LBB0_3
.Ltmp5:
@ %bb.2:
	@DEBUG_VALUE: enhanced_flash_dataset_init:result <- $r0
	@DEBUG_VALUE: enhanced_flash_dataset_init:default_env_set <- [DW_OP_deref] $sp
	@DEBUG_VALUE: enhanced_flash_dataset_init:default_env_set_size <- [DW_OP_plus_uconst 4, DW_OP_deref] $sp
	@DEBUG_VALUE: enhanced_flash_dataset_init:default_env_set <- $r0
	.loc	1 38 31                         @ ../../../components/utility/EnhancedFlashDataset/Src/EnhancedFlashDataset.c:38:31
	ldrd	r0, r1, [sp]
.Ltmp6:
	@DEBUG_VALUE: enhanced_flash_dataset_init:default_env_set_size <- $r1
	.loc	1 38 18 is_stmt 0               @ ../../../components/utility/EnhancedFlashDataset/Src/EnhancedFlashDataset.c:38:18
	bl	efd_env_init
.Ltmp7:
	@DEBUG_VALUE: enhanced_flash_dataset_init:result <- $r0
	.loc	1 56 9 is_stmt 1                @ ../../../components/utility/EnhancedFlashDataset/Src/EnhancedFlashDataset.c:56:9
	cbz	r0, .LBB0_6
.Ltmp8:
.LBB0_3:
	@DEBUG_VALUE: enhanced_flash_dataset_init:result <- $r0
	.loc	1 0 9 is_stmt 0                 @ ../../../components/utility/EnhancedFlashDataset/Src/EnhancedFlashDataset.c:0:9
	mov	r4, r0
.Ltmp9:
	@DEBUG_VALUE: enhanced_flash_dataset_init:result <- $r4
	@DEBUG_VALUE: enhanced_flash_dataset_init:result <- $r4
	movw	r0, :lower16:.L.str.2
	movt	r0, :upper16:.L.str.2
.Ltmp10:
.LBB0_4:
	adr	r1, .LCPI0_1
	bl	__2printf
.Ltmp11:
.LBB0_5:
	.loc	1 66 1 is_stmt 1                @ ../../../components/utility/EnhancedFlashDataset/Src/EnhancedFlashDataset.c:66:1
	mov	r0, r4
	add	sp, #8
	pop	{r4, r5, r7, pc}
.LBB0_6:
.Ltmp12:
	@DEBUG_VALUE: enhanced_flash_dataset_init:result <- $r0
	.loc	1 0 1 is_stmt 0                 @ ../../../components/utility/EnhancedFlashDataset/Src/EnhancedFlashDataset.c:0:1
	movs	r0, #1
.Ltmp13:
	.loc	1 58 17 is_stmt 1               @ ../../../components/utility/EnhancedFlashDataset/Src/EnhancedFlashDataset.c:58:17
	strb	r0, [r5]
	movs	r4, #0
	adr	r0, .LCPI0_0
	b	.LBB0_4
.Ltmp14:
	.p2align	2
@ %bb.7:
	.loc	1 0 17 is_stmt 0                @ ../../../components/utility/EnhancedFlashDataset/Src/EnhancedFlashDataset.c:0:17
.LCPI0_0:
.L.str:
	.asciz	"EnhancedFlashDataset V%s is initialize success.\n\000\000\000"
.LCPI0_1:
.L.str.1:
	.asciz	"1.0.0\000\000"
.Lfunc_end0:
	.size	enhanced_flash_dataset_init, .Lfunc_end0-enhanced_flash_dataset_init
	.cfi_endproc
	.cantunwind
	.fnend
                                        @ -- End function
	.type	enhanced_flash_dataset_init.init_ok,%object @ @enhanced_flash_dataset_init.init_ok
	.section	.bss.enhanced_flash_dataset_init.init_ok,"aw",%nobits
enhanced_flash_dataset_init.init_ok:
	.byte	0                               @ 0x0
	.size	enhanced_flash_dataset_init.init_ok, 1

	.type	.L.str.2,%object                @ @.str.2
	.section	.rodata.str1.1,"aMS",%progbits,1
.L.str.2:
	.asciz	"EnhancedFlashDataset V%s is initialize fail.\n"
	.size	.L.str.2, 46

	.globl	_printf_percent
	.globl	_printf_flags
	.globl	_printf_widthprec
	.globl	_printf_pre_padding
	.globl	_printf_sizespec
	.globl	_printf_s
	.globl	_printf_n
	.globl	_printf_charcount
	.globl	_printf_p
	.globl	_printf_charcount
	.globl	_printf_longlong_hex
	.globl	_printf_str
	.hidden	_printf_percent
	.hidden	_printf_flags
	.hidden	_printf_widthprec
	.hidden	_printf_pre_padding
	.hidden	_printf_sizespec
	.hidden	_printf_s
	.hidden	_printf_n
	.hidden	_printf_charcount
	.hidden	_printf_p
	.hidden	_printf_longlong_hex
	.hidden	_printf_str
	.file	3 "C:\\" "Keil_v5\\ARM\\ARMCLANG\\Bin\\..\\include\\stddef.h"
	.section	.debug_loc,"",%progbits
.Ldebug_loc0:
	.long	.Ltmp1-.Lfunc_begin0
	.long	.Ltmp3-.Lfunc_begin0
	.short	2                               @ Loc expr size
	.byte	48                              @ DW_OP_lit0
	.byte	159                             @ DW_OP_stack_value
	.long	.Ltmp3-.Lfunc_begin0
	.long	.Ltmp6-.Lfunc_begin0
	.short	2                               @ Loc expr size
	.byte	125                             @ DW_OP_breg13
	.byte	4                               @ 4
	.long	.Ltmp6-.Lfunc_begin0
	.long	.Ltmp7-.Lfunc_begin0
	.short	1                               @ Loc expr size
	.byte	81                              @ DW_OP_reg1
	.long	0
	.long	0
.Ldebug_loc1:
	.long	.Ltmp2-.Lfunc_begin0
	.long	.Ltmp4-.Lfunc_begin0
	.short	2                               @ Loc expr size
	.byte	48                              @ DW_OP_lit0
	.byte	159                             @ DW_OP_stack_value
	.long	.Ltmp4-.Lfunc_begin0
	.long	.Ltmp6-.Lfunc_begin0
	.short	1                               @ Loc expr size
	.byte	80                              @ DW_OP_reg0
	.long	.Ltmp7-.Lfunc_begin0
	.long	.Ltmp9-.Lfunc_begin0
	.short	1                               @ Loc expr size
	.byte	80                              @ DW_OP_reg0
	.long	.Ltmp9-.Lfunc_begin0
	.long	.Ltmp10-.Lfunc_begin0
	.short	1                               @ Loc expr size
	.byte	84                              @ DW_OP_reg4
	.long	.Ltmp12-.Lfunc_begin0
	.long	.Ltmp13-.Lfunc_begin0
	.short	1                               @ Loc expr size
	.byte	80                              @ DW_OP_reg0
	.long	0
	.long	0
.Ldebug_loc2:
	.long	.Ltmp3-.Lfunc_begin0
	.long	.Ltmp5-.Lfunc_begin0
	.short	2                               @ Loc expr size
	.byte	125                             @ DW_OP_breg13
	.byte	0                               @ 0
	.long	.Ltmp5-.Lfunc_begin0
	.long	.Ltmp6-.Lfunc_begin0
	.short	1                               @ Loc expr size
	.byte	80                              @ DW_OP_reg0
	.long	0
	.long	0
	.section	.debug_abbrev,"",%progbits
	.byte	1                               @ Abbreviation Code
	.byte	17                              @ DW_TAG_compile_unit
	.byte	1                               @ DW_CHILDREN_yes
	.byte	37                              @ DW_AT_producer
	.byte	14                              @ DW_FORM_strp
	.byte	19                              @ DW_AT_language
	.byte	5                               @ DW_FORM_data2
	.byte	3                               @ DW_AT_name
	.byte	14                              @ DW_FORM_strp
	.byte	16                              @ DW_AT_stmt_list
	.byte	23                              @ DW_FORM_sec_offset
	.byte	27                              @ DW_AT_comp_dir
	.byte	14                              @ DW_FORM_strp
	.byte	17                              @ DW_AT_low_pc
	.byte	1                               @ DW_FORM_addr
	.byte	18                              @ DW_AT_high_pc
	.byte	6                               @ DW_FORM_data4
	.byte	0                               @ EOM(1)
	.byte	0                               @ EOM(2)
	.byte	2                               @ Abbreviation Code
	.byte	46                              @ DW_TAG_subprogram
	.byte	1                               @ DW_CHILDREN_yes
	.byte	17                              @ DW_AT_low_pc
	.byte	1                               @ DW_FORM_addr
	.byte	18                              @ DW_AT_high_pc
	.byte	6                               @ DW_FORM_data4
	.byte	64                              @ DW_AT_frame_base
	.byte	24                              @ DW_FORM_exprloc
	.ascii	"\227B"                         @ DW_AT_GNU_all_call_sites
	.byte	25                              @ DW_FORM_flag_present
	.byte	3                               @ DW_AT_name
	.byte	14                              @ DW_FORM_strp
	.byte	58                              @ DW_AT_decl_file
	.byte	11                              @ DW_FORM_data1
	.byte	59                              @ DW_AT_decl_line
	.byte	11                              @ DW_FORM_data1
	.byte	39                              @ DW_AT_prototyped
	.byte	25                              @ DW_FORM_flag_present
	.byte	73                              @ DW_AT_type
	.byte	19                              @ DW_FORM_ref4
	.byte	63                              @ DW_AT_external
	.byte	25                              @ DW_FORM_flag_present
	.byte	0                               @ EOM(1)
	.byte	0                               @ EOM(2)
	.byte	3                               @ Abbreviation Code
	.byte	52                              @ DW_TAG_variable
	.byte	0                               @ DW_CHILDREN_no
	.byte	3                               @ DW_AT_name
	.byte	14                              @ DW_FORM_strp
	.byte	73                              @ DW_AT_type
	.byte	19                              @ DW_FORM_ref4
	.byte	58                              @ DW_AT_decl_file
	.byte	11                              @ DW_FORM_data1
	.byte	59                              @ DW_AT_decl_line
	.byte	11                              @ DW_FORM_data1
	.byte	2                               @ DW_AT_location
	.byte	24                              @ DW_FORM_exprloc
	.byte	0                               @ EOM(1)
	.byte	0                               @ EOM(2)
	.byte	4                               @ Abbreviation Code
	.byte	52                              @ DW_TAG_variable
	.byte	0                               @ DW_CHILDREN_no
	.byte	2                               @ DW_AT_location
	.byte	23                              @ DW_FORM_sec_offset
	.byte	3                               @ DW_AT_name
	.byte	14                              @ DW_FORM_strp
	.byte	58                              @ DW_AT_decl_file
	.byte	11                              @ DW_FORM_data1
	.byte	59                              @ DW_AT_decl_line
	.byte	11                              @ DW_FORM_data1
	.byte	73                              @ DW_AT_type
	.byte	19                              @ DW_FORM_ref4
	.byte	0                               @ EOM(1)
	.byte	0                               @ EOM(2)
	.byte	5                               @ Abbreviation Code
	.byte	36                              @ DW_TAG_base_type
	.byte	0                               @ DW_CHILDREN_no
	.byte	3                               @ DW_AT_name
	.byte	14                              @ DW_FORM_strp
	.byte	62                              @ DW_AT_encoding
	.byte	11                              @ DW_FORM_data1
	.byte	11                              @ DW_AT_byte_size
	.byte	11                              @ DW_FORM_data1
	.byte	0                               @ EOM(1)
	.byte	0                               @ EOM(2)
	.byte	6                               @ Abbreviation Code
	.byte	4                               @ DW_TAG_enumeration_type
	.byte	1                               @ DW_CHILDREN_yes
	.byte	73                              @ DW_AT_type
	.byte	19                              @ DW_FORM_ref4
	.byte	11                              @ DW_AT_byte_size
	.byte	11                              @ DW_FORM_data1
	.byte	58                              @ DW_AT_decl_file
	.byte	11                              @ DW_FORM_data1
	.byte	59                              @ DW_AT_decl_line
	.byte	11                              @ DW_FORM_data1
	.byte	0                               @ EOM(1)
	.byte	0                               @ EOM(2)
	.byte	7                               @ Abbreviation Code
	.byte	40                              @ DW_TAG_enumerator
	.byte	0                               @ DW_CHILDREN_no
	.byte	3                               @ DW_AT_name
	.byte	14                              @ DW_FORM_strp
	.byte	28                              @ DW_AT_const_value
	.byte	15                              @ DW_FORM_udata
	.byte	0                               @ EOM(1)
	.byte	0                               @ EOM(2)
	.byte	8                               @ Abbreviation Code
	.byte	22                              @ DW_TAG_typedef
	.byte	0                               @ DW_CHILDREN_no
	.byte	73                              @ DW_AT_type
	.byte	19                              @ DW_FORM_ref4
	.byte	3                               @ DW_AT_name
	.byte	14                              @ DW_FORM_strp
	.byte	58                              @ DW_AT_decl_file
	.byte	11                              @ DW_FORM_data1
	.byte	59                              @ DW_AT_decl_line
	.byte	11                              @ DW_FORM_data1
	.byte	0                               @ EOM(1)
	.byte	0                               @ EOM(2)
	.byte	9                               @ Abbreviation Code
	.byte	15                              @ DW_TAG_pointer_type
	.byte	0                               @ DW_CHILDREN_no
	.byte	73                              @ DW_AT_type
	.byte	19                              @ DW_FORM_ref4
	.byte	0                               @ EOM(1)
	.byte	0                               @ EOM(2)
	.byte	10                              @ Abbreviation Code
	.byte	38                              @ DW_TAG_const_type
	.byte	0                               @ DW_CHILDREN_no
	.byte	73                              @ DW_AT_type
	.byte	19                              @ DW_FORM_ref4
	.byte	0                               @ EOM(1)
	.byte	0                               @ EOM(2)
	.byte	11                              @ Abbreviation Code
	.byte	19                              @ DW_TAG_structure_type
	.byte	1                               @ DW_CHILDREN_yes
	.byte	3                               @ DW_AT_name
	.byte	14                              @ DW_FORM_strp
	.byte	11                              @ DW_AT_byte_size
	.byte	11                              @ DW_FORM_data1
	.byte	58                              @ DW_AT_decl_file
	.byte	11                              @ DW_FORM_data1
	.byte	59                              @ DW_AT_decl_line
	.byte	11                              @ DW_FORM_data1
	.byte	0                               @ EOM(1)
	.byte	0                               @ EOM(2)
	.byte	12                              @ Abbreviation Code
	.byte	13                              @ DW_TAG_member
	.byte	0                               @ DW_CHILDREN_no
	.byte	3                               @ DW_AT_name
	.byte	14                              @ DW_FORM_strp
	.byte	73                              @ DW_AT_type
	.byte	19                              @ DW_FORM_ref4
	.byte	58                              @ DW_AT_decl_file
	.byte	11                              @ DW_FORM_data1
	.byte	59                              @ DW_AT_decl_line
	.byte	11                              @ DW_FORM_data1
	.byte	56                              @ DW_AT_data_member_location
	.byte	11                              @ DW_FORM_data1
	.byte	0                               @ EOM(1)
	.byte	0                               @ EOM(2)
	.byte	13                              @ Abbreviation Code
	.byte	15                              @ DW_TAG_pointer_type
	.byte	0                               @ DW_CHILDREN_no
	.byte	0                               @ EOM(1)
	.byte	0                               @ EOM(2)
	.byte	0                               @ EOM(3)
	.section	.debug_info,"",%progbits
.Lcu_begin0:
	.long	.Ldebug_info_end0-.Ldebug_info_start0 @ Length of Unit
.Ldebug_info_start0:
	.short	4                               @ DWARF version number
	.long	.debug_abbrev                   @ Offset Into Abbrev. Section
	.byte	4                               @ Address Size (in bytes)
	.byte	1                               @ Abbrev [1] 0xb:0x129 DW_TAG_compile_unit
	.long	.Linfo_string0                  @ DW_AT_producer
	.short	12                              @ DW_AT_language
	.long	.Linfo_string1                  @ DW_AT_name
	.long	.Lline_table_start0             @ DW_AT_stmt_list
	.long	.Linfo_string2                  @ DW_AT_comp_dir
	.long	.Lfunc_begin0                   @ DW_AT_low_pc
	.long	.Lfunc_end0-.Lfunc_begin0       @ DW_AT_high_pc
	.byte	2                               @ Abbrev [2] 0x26:0x5b DW_TAG_subprogram
	.long	.Lfunc_begin0                   @ DW_AT_low_pc
	.long	.Lfunc_end0-.Lfunc_begin0       @ DW_AT_high_pc
	.byte	1                               @ DW_AT_frame_base
	.byte	93
                                        @ DW_AT_GNU_all_call_sites
	.long	.Linfo_string15                 @ DW_AT_name
	.byte	1                               @ DW_AT_decl_file
	.byte	16                              @ DW_AT_decl_line
                                        @ DW_AT_prototyped
	.long	206                             @ DW_AT_type
                                        @ DW_AT_external
	.byte	3                               @ Abbrev [3] 0x3b:0x18 DW_TAG_variable
	.long	.Linfo_string3                  @ DW_AT_name
	.long	129                             @ DW_AT_type
	.byte	1                               @ DW_AT_decl_file
	.byte	26                              @ DW_AT_decl_line
	.byte	12                              @ DW_AT_location
	.byte	3
	.long	enhanced_flash_dataset_init.init_ok
	.byte	148
	.byte	1
	.byte	49
	.byte	30
	.byte	48
	.byte	34
	.byte	159
	.byte	4                               @ Abbrev [4] 0x53:0xf DW_TAG_variable
	.long	.Ldebug_loc0                    @ DW_AT_location
	.long	.Linfo_string17                 @ DW_AT_name
	.byte	1                               @ DW_AT_decl_file
	.byte	23                              @ DW_AT_decl_line
	.long	217                             @ DW_AT_type
	.byte	4                               @ Abbrev [4] 0x62:0xf DW_TAG_variable
	.long	.Ldebug_loc1                    @ DW_AT_location
	.long	.Linfo_string19                 @ DW_AT_name
	.byte	1                               @ DW_AT_decl_file
	.byte	25                              @ DW_AT_decl_line
	.long	206                             @ DW_AT_type
	.byte	4                               @ Abbrev [4] 0x71:0xf DW_TAG_variable
	.long	.Ldebug_loc2                    @ DW_AT_location
	.long	.Linfo_string20                 @ DW_AT_name
	.byte	1                               @ DW_AT_decl_file
	.byte	24                              @ DW_AT_decl_line
	.long	228                             @ DW_AT_type
	.byte	0                               @ End Of Children Mark
	.byte	5                               @ Abbrev [5] 0x81:0x7 DW_TAG_base_type
	.long	.Linfo_string4                  @ DW_AT_name
	.byte	2                               @ DW_AT_encoding
	.byte	1                               @ DW_AT_byte_size
	.byte	6                               @ Abbrev [6] 0x88:0x3f DW_TAG_enumeration_type
	.long	199                             @ DW_AT_type
	.byte	4                               @ DW_AT_byte_size
	.byte	2                               @ DW_AT_decl_file
	.byte	53                              @ DW_AT_decl_line
	.byte	7                               @ Abbrev [7] 0x90:0x6 DW_TAG_enumerator
	.long	.Linfo_string6                  @ DW_AT_name
	.byte	0                               @ DW_AT_const_value
	.byte	7                               @ Abbrev [7] 0x96:0x6 DW_TAG_enumerator
	.long	.Linfo_string7                  @ DW_AT_name
	.byte	1                               @ DW_AT_const_value
	.byte	7                               @ Abbrev [7] 0x9c:0x6 DW_TAG_enumerator
	.long	.Linfo_string8                  @ DW_AT_name
	.byte	2                               @ DW_AT_const_value
	.byte	7                               @ Abbrev [7] 0xa2:0x6 DW_TAG_enumerator
	.long	.Linfo_string9                  @ DW_AT_name
	.byte	3                               @ DW_AT_const_value
	.byte	7                               @ Abbrev [7] 0xa8:0x6 DW_TAG_enumerator
	.long	.Linfo_string10                 @ DW_AT_name
	.byte	4                               @ DW_AT_const_value
	.byte	7                               @ Abbrev [7] 0xae:0x6 DW_TAG_enumerator
	.long	.Linfo_string11                 @ DW_AT_name
	.byte	5                               @ DW_AT_const_value
	.byte	7                               @ Abbrev [7] 0xb4:0x6 DW_TAG_enumerator
	.long	.Linfo_string12                 @ DW_AT_name
	.byte	6                               @ DW_AT_const_value
	.byte	7                               @ Abbrev [7] 0xba:0x6 DW_TAG_enumerator
	.long	.Linfo_string13                 @ DW_AT_name
	.byte	7                               @ DW_AT_const_value
	.byte	7                               @ Abbrev [7] 0xc0:0x6 DW_TAG_enumerator
	.long	.Linfo_string14                 @ DW_AT_name
	.byte	8                               @ DW_AT_const_value
	.byte	0                               @ End Of Children Mark
	.byte	5                               @ Abbrev [5] 0xc7:0x7 DW_TAG_base_type
	.long	.Linfo_string5                  @ DW_AT_name
	.byte	7                               @ DW_AT_encoding
	.byte	4                               @ DW_AT_byte_size
	.byte	8                               @ Abbrev [8] 0xce:0xb DW_TAG_typedef
	.long	136                             @ DW_AT_type
	.long	.Linfo_string16                 @ DW_AT_name
	.byte	2                               @ DW_AT_decl_file
	.byte	64                              @ DW_AT_decl_line
	.byte	8                               @ Abbrev [8] 0xd9:0xb DW_TAG_typedef
	.long	199                             @ DW_AT_type
	.long	.Linfo_string18                 @ DW_AT_name
	.byte	3                               @ DW_AT_decl_file
	.byte	53                              @ DW_AT_decl_line
	.byte	9                               @ Abbrev [9] 0xe4:0x5 DW_TAG_pointer_type
	.long	233                             @ DW_AT_type
	.byte	10                              @ Abbrev [10] 0xe9:0x5 DW_TAG_const_type
	.long	238                             @ DW_AT_type
	.byte	8                               @ Abbrev [8] 0xee:0xb DW_TAG_typedef
	.long	249                             @ DW_AT_type
	.long	.Linfo_string26                 @ DW_AT_name
	.byte	2                               @ DW_AT_decl_file
	.byte	50                              @ DW_AT_decl_line
	.byte	11                              @ Abbrev [11] 0xf9:0x2d DW_TAG_structure_type
	.long	.Linfo_string25                 @ DW_AT_name
	.byte	12                              @ DW_AT_byte_size
	.byte	2                               @ DW_AT_decl_file
	.byte	45                              @ DW_AT_decl_line
	.byte	12                              @ Abbrev [12] 0x101:0xc DW_TAG_member
	.long	.Linfo_string21                 @ DW_AT_name
	.long	294                             @ DW_AT_type
	.byte	2                               @ DW_AT_decl_file
	.byte	47                              @ DW_AT_decl_line
	.byte	0                               @ DW_AT_data_member_location
	.byte	12                              @ Abbrev [12] 0x10d:0xc DW_TAG_member
	.long	.Linfo_string23                 @ DW_AT_name
	.long	306                             @ DW_AT_type
	.byte	2                               @ DW_AT_decl_file
	.byte	48                              @ DW_AT_decl_line
	.byte	4                               @ DW_AT_data_member_location
	.byte	12                              @ Abbrev [12] 0x119:0xc DW_TAG_member
	.long	.Linfo_string24                 @ DW_AT_name
	.long	217                             @ DW_AT_type
	.byte	2                               @ DW_AT_decl_file
	.byte	49                              @ DW_AT_decl_line
	.byte	8                               @ DW_AT_data_member_location
	.byte	0                               @ End Of Children Mark
	.byte	9                               @ Abbrev [9] 0x126:0x5 DW_TAG_pointer_type
	.long	299                             @ DW_AT_type
	.byte	5                               @ Abbrev [5] 0x12b:0x7 DW_TAG_base_type
	.long	.Linfo_string22                 @ DW_AT_name
	.byte	8                               @ DW_AT_encoding
	.byte	1                               @ DW_AT_byte_size
	.byte	13                              @ Abbrev [13] 0x132:0x1 DW_TAG_pointer_type
	.byte	0                               @ End Of Children Mark
.Ldebug_info_end0:
	.section	.debug_str,"MS",%progbits,1
.Linfo_string0:
	.asciz	"Component: Arm Compiler for Embedded 6.21 Tool: armclang [5dfeb700]" @ string offset=0
.Linfo_string1:
	.asciz	"../../../components/utility/EnhancedFlashDataset/Src\\EnhancedFlashDataset.c" @ string offset=68
.Linfo_string2:
	.asciz	"C:\\Users\\testo\\Desktop\\rafael-iot-sdk-das - \350\244\207\350\243\275 (2)\\examples\\das_subg_thread\\keil" @ string offset=144
.Linfo_string3:
	.asciz	"init_ok"                       @ string offset=229
.Linfo_string4:
	.asciz	"_Bool"                         @ string offset=237
.Linfo_string5:
	.asciz	"unsigned int"                  @ string offset=243
.Linfo_string6:
	.asciz	"EFD_NO_ERR"                    @ string offset=256
.Linfo_string7:
	.asciz	"EFD_ERASE_ERR"                 @ string offset=267
.Linfo_string8:
	.asciz	"EFD_READ_ERR"                  @ string offset=281
.Linfo_string9:
	.asciz	"EFD_WRITE_ERR"                 @ string offset=294
.Linfo_string10:
	.asciz	"EFD_ENV_NAME_ERR"              @ string offset=308
.Linfo_string11:
	.asciz	"EFD_ENV_NAME_EXIST"            @ string offset=325
.Linfo_string12:
	.asciz	"EFD_ENV_FULL"                  @ string offset=344
.Linfo_string13:
	.asciz	"EFD_ENV_INIT_FAILED"           @ string offset=357
.Linfo_string14:
	.asciz	"EFD_ENV_ARG_ERR"               @ string offset=377
.Linfo_string15:
	.asciz	"enhanced_flash_dataset_init"   @ string offset=393
.Linfo_string16:
	.asciz	"EfErrCode"                     @ string offset=421
.Linfo_string17:
	.asciz	"default_env_set_size"          @ string offset=431
.Linfo_string18:
	.asciz	"size_t"                        @ string offset=452
.Linfo_string19:
	.asciz	"result"                        @ string offset=459
.Linfo_string20:
	.asciz	"default_env_set"               @ string offset=466
.Linfo_string21:
	.asciz	"key"                           @ string offset=482
.Linfo_string22:
	.asciz	"char"                          @ string offset=486
.Linfo_string23:
	.asciz	"value"                         @ string offset=491
.Linfo_string24:
	.asciz	"value_len"                     @ string offset=497
.Linfo_string25:
	.asciz	"_efd_env"                      @ string offset=507
.Linfo_string26:
	.asciz	"efd_env"                       @ string offset=516
	.ident	"Component: Arm Compiler for Embedded 6.21 Tool: armclang [5dfeb700]"
	.section	".note.GNU-stack","",%progbits
	.eabi_attribute	30, 3	@ Tag_ABI_optimization_goals
	.ARM_attribute	16, 1	@ Tag_AV_eba
	.section	.debug_line,"",%progbits
.Lline_table_start0:
