	.text
	.syntax unified
	.eabi_attribute	67, "2.09"	@ Tag_conformance
	.cpu	cortex-m3
	.eabi_attribute	6, 10	@ Tag_CPU_arch
	.eabi_attribute	7, 77	@ Tag_CPU_arch_profile
	.eabi_attribute	8, 0	@ Tag_ARM_ISA_use
	.eabi_attribute	9, 2	@ Tag_THUMB_ISA_use
	.eabi_attribute	34, 1	@ Tag_CPU_unaligned_access
	.eabi_attribute	17, 1	@ Tag_ABI_PCS_GOT_use
	.eabi_attribute	20, 2	@ Tag_ABI_FP_denormal
	.eabi_attribute	21, 0	@ Tag_ABI_FP_exceptions
	.eabi_attribute	23, 1	@ Tag_ABI_FP_number_model
	.eabi_attribute	24, 1	@ Tag_ABI_align_needed
	.eabi_attribute	25, 1	@ Tag_ABI_align_preserved
	.eabi_attribute	38, 1	@ Tag_ABI_FP_16bit_format
	.eabi_attribute	18, 4	@ Tag_ABI_PCS_wchar_t
	.eabi_attribute	26, 2	@ Tag_ABI_enum_size
	.eabi_attribute	14, 0	@ Tag_ABI_PCS_R9_use
	.file	"error.cpp"
	.file	1 "D:\\Rafael-IoT-SDK-Internal-main\\examples\\das_subg_thread\\keil" "../../../components/network/thread/subg_openthread/src/core/common/error.cpp"
	.file	2 "D:\\Rafael-IoT-SDK-Internal-main\\examples\\das_subg_thread\\keil" "../../../components/network/thread/subg_openthread/include\\openthread/error.h"
	.file	3 "C:\\Keil_v5\\ARM\\ARMCLANG\\Bin\\..\\include" "stdint.h"
	.section	.text._ZN2ot13ErrorToStringE7otError,"ax",%progbits
	.hidden	_ZN2ot13ErrorToStringE7otError  @ -- Begin function _ZN2ot13ErrorToStringE7otError
	.globl	_ZN2ot13ErrorToStringE7otError
	.p2align	2
	.type	_ZN2ot13ErrorToStringE7otError,%function
	.code	16                              @ @_ZN2ot13ErrorToStringE7otError
	.thumb_func
_ZN2ot13ErrorToStringE7otError:
.Lfunc_begin0:
	.loc	1 42 0                          @ ../../../components/network/thread/subg_openthread/src/core/common/error.cpp:42:0
	.fnstart
	.cfi_sections .debug_frame
	.cfi_startproc
@ %bb.0:
	@DEBUG_VALUE: ErrorToString:aError <- $r0
	@DEBUG_VALUE: ErrorToString:aError <- $r0
	.loc	1 84 12 prologue_end            @ ../../../components/network/thread/subg_openthread/src/core/common/error.cpp:84:12
	cmp	r0, #37
	iteee	gt
	adrgt	r0, .LCPI0_0
.Ltmp0:
	@DEBUG_VALUE: ErrorToString:aError <- [DW_OP_LLVM_entry_value 1] $r0
	.loc	1 84 53 is_stmt 0               @ ../../../components/network/thread/subg_openthread/src/core/common/error.cpp:84:53
	movwle	r1, :lower16:_ZZN2ot13ErrorToStringE7otErrorE13kErrorStrings
	movtle	r1, :upper16:_ZZN2ot13ErrorToStringE7otErrorE13kErrorStrings
	ldrle.w	r0, [r1, r0, lsl #2]
	.loc	1 84 5                          @ ../../../components/network/thread/subg_openthread/src/core/common/error.cpp:84:5
	bx	lr
.Ltmp1:
	.p2align	2
@ %bb.1:
	.loc	1 0 5                           @ ../../../components/network/thread/subg_openthread/src/core/common/error.cpp:0:5
.LCPI0_0:
.L.str.38:
	.asciz	"UnknownErrorType\000\000\000"
.Lfunc_end0:
	.size	_ZN2ot13ErrorToStringE7otError, .Lfunc_end0-_ZN2ot13ErrorToStringE7otError
	.cfi_endproc
	.cantunwind
	.fnend
                                        @ -- End function
	.type	_ZZN2ot13ErrorToStringE7otErrorE13kErrorStrings,%object @ @_ZZN2ot13ErrorToStringE7otErrorE13kErrorStrings
	.section	.rodata._ZZN2ot13ErrorToStringE7otErrorE13kErrorStrings,"a",%progbits
	.p2align	2
_ZZN2ot13ErrorToStringE7otErrorE13kErrorStrings:
	.long	.L.str
	.long	.L.str.1
	.long	.L.str.2
	.long	.L.str.3
	.long	.L.str.4
	.long	.L.str.5
	.long	.L.str.6
	.long	.L.str.7
	.long	.L.str.8
	.long	.L.str.9
	.long	.L.str.10
	.long	.L.str.11
	.long	.L.str.12
	.long	.L.str.13
	.long	.L.str.14
	.long	.L.str.15
	.long	.L.str.16
	.long	.L.str.17
	.long	.L.str.18
	.long	.L.str.19
	.long	.L.str.20
	.long	.L.str.21
	.long	.L.str.22
	.long	.L.str.23
	.long	.L.str.24
	.long	.L.str.25
	.long	.L.str.26
	.long	.L.str.27
	.long	.L.str.28
	.long	.L.str.29
	.long	.L.str.30
	.long	.L.str.31
	.long	.L.str.32
	.long	.L.str.33
	.long	.L.str.34
	.long	.L.str.35
	.long	.L.str.36
	.long	.L.str.37
	.size	_ZZN2ot13ErrorToStringE7otErrorE13kErrorStrings, 152

	.type	.L.str,%object                  @ @.str
	.section	.rodata.str1.1,"aMS",%progbits,1
.L.str:
	.asciz	"OK"
	.size	.L.str, 3

	.type	.L.str.1,%object                @ @.str.1
.L.str.1:
	.asciz	"Failed"
	.size	.L.str.1, 7

	.type	.L.str.2,%object                @ @.str.2
.L.str.2:
	.asciz	"Drop"
	.size	.L.str.2, 5

	.type	.L.str.3,%object                @ @.str.3
.L.str.3:
	.asciz	"NoBufs"
	.size	.L.str.3, 7

	.type	.L.str.4,%object                @ @.str.4
.L.str.4:
	.asciz	"NoRoute"
	.size	.L.str.4, 8

	.type	.L.str.5,%object                @ @.str.5
.L.str.5:
	.asciz	"Busy"
	.size	.L.str.5, 5

	.type	.L.str.6,%object                @ @.str.6
.L.str.6:
	.asciz	"Parse"
	.size	.L.str.6, 6

	.type	.L.str.7,%object                @ @.str.7
.L.str.7:
	.asciz	"InvalidArgs"
	.size	.L.str.7, 12

	.type	.L.str.8,%object                @ @.str.8
.L.str.8:
	.asciz	"Security"
	.size	.L.str.8, 9

	.type	.L.str.9,%object                @ @.str.9
.L.str.9:
	.asciz	"AddressQuery"
	.size	.L.str.9, 13

	.type	.L.str.10,%object               @ @.str.10
.L.str.10:
	.asciz	"NoAddress"
	.size	.L.str.10, 10

	.type	.L.str.11,%object               @ @.str.11
.L.str.11:
	.asciz	"Abort"
	.size	.L.str.11, 6

	.type	.L.str.12,%object               @ @.str.12
.L.str.12:
	.asciz	"NotImplemented"
	.size	.L.str.12, 15

	.type	.L.str.13,%object               @ @.str.13
.L.str.13:
	.asciz	"InvalidState"
	.size	.L.str.13, 13

	.type	.L.str.14,%object               @ @.str.14
.L.str.14:
	.asciz	"NoAck"
	.size	.L.str.14, 6

	.type	.L.str.15,%object               @ @.str.15
.L.str.15:
	.asciz	"ChannelAccessFailure"
	.size	.L.str.15, 21

	.type	.L.str.16,%object               @ @.str.16
.L.str.16:
	.asciz	"Detached"
	.size	.L.str.16, 9

	.type	.L.str.17,%object               @ @.str.17
.L.str.17:
	.asciz	"FcsErr"
	.size	.L.str.17, 7

	.type	.L.str.18,%object               @ @.str.18
.L.str.18:
	.asciz	"NoFrameReceived"
	.size	.L.str.18, 16

	.type	.L.str.19,%object               @ @.str.19
.L.str.19:
	.asciz	"UnknownNeighbor"
	.size	.L.str.19, 16

	.type	.L.str.20,%object               @ @.str.20
.L.str.20:
	.asciz	"InvalidSourceAddress"
	.size	.L.str.20, 21

	.type	.L.str.21,%object               @ @.str.21
.L.str.21:
	.asciz	"AddressFiltered"
	.size	.L.str.21, 16

	.type	.L.str.22,%object               @ @.str.22
.L.str.22:
	.asciz	"DestinationAddressFiltered"
	.size	.L.str.22, 27

	.type	.L.str.23,%object               @ @.str.23
.L.str.23:
	.asciz	"NotFound"
	.size	.L.str.23, 9

	.type	.L.str.24,%object               @ @.str.24
.L.str.24:
	.asciz	"Already"
	.size	.L.str.24, 8

	.type	.L.str.25,%object               @ @.str.25
.L.str.25:
	.asciz	"ReservedError25"
	.size	.L.str.25, 16

	.type	.L.str.26,%object               @ @.str.26
.L.str.26:
	.asciz	"Ipv6AddressCreationFailure"
	.size	.L.str.26, 27

	.type	.L.str.27,%object               @ @.str.27
.L.str.27:
	.asciz	"NotCapable"
	.size	.L.str.27, 11

	.type	.L.str.28,%object               @ @.str.28
.L.str.28:
	.asciz	"ResponseTimeout"
	.size	.L.str.28, 16

	.type	.L.str.29,%object               @ @.str.29
.L.str.29:
	.asciz	"Duplicated"
	.size	.L.str.29, 11

	.type	.L.str.30,%object               @ @.str.30
.L.str.30:
	.asciz	"ReassemblyTimeout"
	.size	.L.str.30, 18

	.type	.L.str.31,%object               @ @.str.31
.L.str.31:
	.asciz	"NotTmf"
	.size	.L.str.31, 7

	.type	.L.str.32,%object               @ @.str.32
.L.str.32:
	.asciz	"NonLowpanDataFrame"
	.size	.L.str.32, 19

	.type	.L.str.33,%object               @ @.str.33
.L.str.33:
	.asciz	"ReservedError33"
	.size	.L.str.33, 16

	.type	.L.str.34,%object               @ @.str.34
.L.str.34:
	.asciz	"LinkMarginLow"
	.size	.L.str.34, 14

	.type	.L.str.35,%object               @ @.str.35
.L.str.35:
	.asciz	"InvalidCommand"
	.size	.L.str.35, 15

	.type	.L.str.36,%object               @ @.str.36
.L.str.36:
	.asciz	"Pending"
	.size	.L.str.36, 8

	.type	.L.str.37,%object               @ @.str.37
.L.str.37:
	.asciz	"Rejected"
	.size	.L.str.37, 9

	.file	4 "D:\\Rafael-IoT-SDK-Internal-main\\examples\\das_subg_thread\\keil" "../../../components/network/thread/subg_openthread/src/core\\common/error.hpp"
	.section	.debug_loc,"",%progbits
.Ldebug_loc0:
	.long	.Lfunc_begin0-.Lfunc_begin0
	.long	.Ltmp0-.Lfunc_begin0
	.short	1                               @ Loc expr size
	.byte	80                              @ DW_OP_reg0
	.long	.Ltmp0-.Lfunc_begin0
	.long	.Ltmp1-.Lfunc_begin0
	.short	4                               @ Loc expr size
	.byte	243                             @ DW_OP_GNU_entry_value
	.byte	1                               @ 1
	.byte	80                              @ DW_OP_reg0
	.byte	159                             @ DW_OP_stack_value
	.long	0
	.long	0
	.section	.debug_abbrev,"",%progbits
	.byte	1                               @ Abbreviation Code
	.byte	17                              @ DW_TAG_compile_unit
	.byte	1                               @ DW_CHILDREN_yes
	.byte	37                              @ DW_AT_producer
	.byte	14                              @ DW_FORM_strp
	.byte	19                              @ DW_AT_language
	.byte	5                               @ DW_FORM_data2
	.byte	3                               @ DW_AT_name
	.byte	14                              @ DW_FORM_strp
	.byte	16                              @ DW_AT_stmt_list
	.byte	23                              @ DW_FORM_sec_offset
	.byte	27                              @ DW_AT_comp_dir
	.byte	14                              @ DW_FORM_strp
	.byte	17                              @ DW_AT_low_pc
	.byte	1                               @ DW_FORM_addr
	.byte	18                              @ DW_AT_high_pc
	.byte	6                               @ DW_FORM_data4
	.byte	0                               @ EOM(1)
	.byte	0                               @ EOM(2)
	.byte	2                               @ Abbreviation Code
	.byte	57                              @ DW_TAG_namespace
	.byte	1                               @ DW_CHILDREN_yes
	.byte	3                               @ DW_AT_name
	.byte	14                              @ DW_FORM_strp
	.byte	0                               @ EOM(1)
	.byte	0                               @ EOM(2)
	.byte	3                               @ Abbreviation Code
	.byte	46                              @ DW_TAG_subprogram
	.byte	1                               @ DW_CHILDREN_yes
	.byte	17                              @ DW_AT_low_pc
	.byte	1                               @ DW_FORM_addr
	.byte	18                              @ DW_AT_high_pc
	.byte	6                               @ DW_FORM_data4
	.byte	64                              @ DW_AT_frame_base
	.byte	24                              @ DW_FORM_exprloc
	.ascii	"\227B"                         @ DW_AT_GNU_all_call_sites
	.byte	25                              @ DW_FORM_flag_present
	.byte	110                             @ DW_AT_linkage_name
	.byte	14                              @ DW_FORM_strp
	.byte	3                               @ DW_AT_name
	.byte	14                              @ DW_FORM_strp
	.byte	58                              @ DW_AT_decl_file
	.byte	11                              @ DW_FORM_data1
	.byte	59                              @ DW_AT_decl_line
	.byte	11                              @ DW_FORM_data1
	.byte	73                              @ DW_AT_type
	.byte	19                              @ DW_FORM_ref4
	.byte	63                              @ DW_AT_external
	.byte	25                              @ DW_FORM_flag_present
	.byte	0                               @ EOM(1)
	.byte	0                               @ EOM(2)
	.byte	4                               @ Abbreviation Code
	.byte	52                              @ DW_TAG_variable
	.byte	0                               @ DW_CHILDREN_no
	.byte	3                               @ DW_AT_name
	.byte	14                              @ DW_FORM_strp
	.byte	73                              @ DW_AT_type
	.byte	19                              @ DW_FORM_ref4
	.byte	58                              @ DW_AT_decl_file
	.byte	11                              @ DW_FORM_data1
	.byte	59                              @ DW_AT_decl_line
	.byte	11                              @ DW_FORM_data1
	.byte	2                               @ DW_AT_location
	.byte	24                              @ DW_FORM_exprloc
	.byte	0                               @ EOM(1)
	.byte	0                               @ EOM(2)
	.byte	5                               @ Abbreviation Code
	.byte	5                               @ DW_TAG_formal_parameter
	.byte	0                               @ DW_CHILDREN_no
	.byte	2                               @ DW_AT_location
	.byte	23                              @ DW_FORM_sec_offset
	.byte	3                               @ DW_AT_name
	.byte	14                              @ DW_FORM_strp
	.byte	58                              @ DW_AT_decl_file
	.byte	11                              @ DW_FORM_data1
	.byte	59                              @ DW_AT_decl_line
	.byte	11                              @ DW_FORM_data1
	.byte	73                              @ DW_AT_type
	.byte	19                              @ DW_FORM_ref4
	.byte	0                               @ EOM(1)
	.byte	0                               @ EOM(2)
	.byte	6                               @ Abbreviation Code
	.byte	22                              @ DW_TAG_typedef
	.byte	0                               @ DW_CHILDREN_no
	.byte	73                              @ DW_AT_type
	.byte	19                              @ DW_FORM_ref4
	.byte	3                               @ DW_AT_name
	.byte	14                              @ DW_FORM_strp
	.byte	58                              @ DW_AT_decl_file
	.byte	11                              @ DW_FORM_data1
	.byte	59                              @ DW_AT_decl_line
	.byte	11                              @ DW_FORM_data1
	.byte	0                               @ EOM(1)
	.byte	0                               @ EOM(2)
	.byte	7                               @ Abbreviation Code
	.byte	1                               @ DW_TAG_array_type
	.byte	1                               @ DW_CHILDREN_yes
	.byte	73                              @ DW_AT_type
	.byte	19                              @ DW_FORM_ref4
	.byte	0                               @ EOM(1)
	.byte	0                               @ EOM(2)
	.byte	8                               @ Abbreviation Code
	.byte	33                              @ DW_TAG_subrange_type
	.byte	0                               @ DW_CHILDREN_no
	.byte	73                              @ DW_AT_type
	.byte	19                              @ DW_FORM_ref4
	.byte	55                              @ DW_AT_count
	.byte	11                              @ DW_FORM_data1
	.byte	0                               @ EOM(1)
	.byte	0                               @ EOM(2)
	.byte	9                               @ Abbreviation Code
	.byte	38                              @ DW_TAG_const_type
	.byte	0                               @ DW_CHILDREN_no
	.byte	73                              @ DW_AT_type
	.byte	19                              @ DW_FORM_ref4
	.byte	0                               @ EOM(1)
	.byte	0                               @ EOM(2)
	.byte	10                              @ Abbreviation Code
	.byte	15                              @ DW_TAG_pointer_type
	.byte	0                               @ DW_CHILDREN_no
	.byte	73                              @ DW_AT_type
	.byte	19                              @ DW_FORM_ref4
	.byte	0                               @ EOM(1)
	.byte	0                               @ EOM(2)
	.byte	11                              @ Abbreviation Code
	.byte	36                              @ DW_TAG_base_type
	.byte	0                               @ DW_CHILDREN_no
	.byte	3                               @ DW_AT_name
	.byte	14                              @ DW_FORM_strp
	.byte	62                              @ DW_AT_encoding
	.byte	11                              @ DW_FORM_data1
	.byte	11                              @ DW_AT_byte_size
	.byte	11                              @ DW_FORM_data1
	.byte	0                               @ EOM(1)
	.byte	0                               @ EOM(2)
	.byte	12                              @ Abbreviation Code
	.byte	36                              @ DW_TAG_base_type
	.byte	0                               @ DW_CHILDREN_no
	.byte	3                               @ DW_AT_name
	.byte	14                              @ DW_FORM_strp
	.byte	11                              @ DW_AT_byte_size
	.byte	11                              @ DW_FORM_data1
	.byte	62                              @ DW_AT_encoding
	.byte	11                              @ DW_FORM_data1
	.byte	0                               @ EOM(1)
	.byte	0                               @ EOM(2)
	.byte	13                              @ Abbreviation Code
	.byte	4                               @ DW_TAG_enumeration_type
	.byte	1                               @ DW_CHILDREN_yes
	.byte	73                              @ DW_AT_type
	.byte	19                              @ DW_FORM_ref4
	.byte	3                               @ DW_AT_name
	.byte	14                              @ DW_FORM_strp
	.byte	11                              @ DW_AT_byte_size
	.byte	11                              @ DW_FORM_data1
	.byte	58                              @ DW_AT_decl_file
	.byte	11                              @ DW_FORM_data1
	.byte	59                              @ DW_AT_decl_line
	.byte	11                              @ DW_FORM_data1
	.byte	0                               @ EOM(1)
	.byte	0                               @ EOM(2)
	.byte	14                              @ Abbreviation Code
	.byte	40                              @ DW_TAG_enumerator
	.byte	0                               @ DW_CHILDREN_no
	.byte	3                               @ DW_AT_name
	.byte	14                              @ DW_FORM_strp
	.byte	28                              @ DW_AT_const_value
	.byte	15                              @ DW_FORM_udata
	.byte	0                               @ EOM(1)
	.byte	0                               @ EOM(2)
	.byte	15                              @ Abbreviation Code
	.byte	8                               @ DW_TAG_imported_declaration
	.byte	0                               @ DW_CHILDREN_no
	.byte	58                              @ DW_AT_decl_file
	.byte	11                              @ DW_FORM_data1
	.byte	59                              @ DW_AT_decl_line
	.byte	5                               @ DW_FORM_data2
	.byte	24                              @ DW_AT_import
	.byte	19                              @ DW_FORM_ref4
	.byte	0                               @ EOM(1)
	.byte	0                               @ EOM(2)
	.byte	0                               @ EOM(3)
	.section	.debug_info,"",%progbits
.Lcu_begin0:
	.long	.Ldebug_info_end0-.Ldebug_info_start0 @ Length of Unit
.Ldebug_info_start0:
	.short	4                               @ DWARF version number
	.long	.debug_abbrev                   @ Offset Into Abbrev. Section
	.byte	4                               @ Address Size (in bytes)
	.byte	1                               @ Abbrev [1] 0xb:0x3d9 DW_TAG_compile_unit
	.long	.Linfo_string0                  @ DW_AT_producer
	.short	26                              @ DW_AT_language
	.long	.Linfo_string1                  @ DW_AT_name
	.long	.Lline_table_start0             @ DW_AT_stmt_list
	.long	.Linfo_string2                  @ DW_AT_comp_dir
	.long	.Lfunc_begin0                   @ DW_AT_low_pc
	.long	.Lfunc_end0-.Lfunc_begin0       @ DW_AT_high_pc
	.byte	2                               @ Abbrev [2] 0x26:0x4b DW_TAG_namespace
	.long	.Linfo_string3                  @ DW_AT_name
	.byte	3                               @ Abbrev [3] 0x2b:0x3a DW_TAG_subprogram
	.long	.Lfunc_begin0                   @ DW_AT_low_pc
	.long	.Lfunc_end0-.Lfunc_begin0       @ DW_AT_high_pc
	.byte	1                               @ DW_AT_frame_base
	.byte	93
                                        @ DW_AT_GNU_all_call_sites
	.long	.Linfo_string82                 @ DW_AT_linkage_name
	.long	.Linfo_string83                 @ DW_AT_name
	.byte	1                               @ DW_AT_decl_file
	.byte	41                              @ DW_AT_decl_line
	.long	130                             @ DW_AT_type
                                        @ DW_AT_external
	.byte	4                               @ Abbrev [4] 0x44:0x11 DW_TAG_variable
	.long	.Linfo_string4                  @ DW_AT_name
	.long	113                             @ DW_AT_type
	.byte	1                               @ DW_AT_decl_file
	.byte	43                              @ DW_AT_decl_line
	.byte	5                               @ DW_AT_location
	.byte	3
	.long	_ZZN2ot13ErrorToStringE7otErrorE13kErrorStrings
	.byte	5                               @ Abbrev [5] 0x55:0xf DW_TAG_formal_parameter
	.long	.Ldebug_loc0                    @ DW_AT_location
	.long	.Linfo_string84                 @ DW_AT_name
	.byte	1                               @ DW_AT_decl_file
	.byte	41                              @ DW_AT_decl_line
	.long	101                             @ DW_AT_type
	.byte	0                               @ End Of Children Mark
	.byte	6                               @ Abbrev [6] 0x65:0xb DW_TAG_typedef
	.long	984                             @ DW_AT_type
	.long	.Linfo_string85                 @ DW_AT_name
	.byte	4                               @ DW_AT_decl_file
	.byte	49                              @ DW_AT_decl_line
	.byte	0                               @ End Of Children Mark
	.byte	7                               @ Abbrev [7] 0x71:0xc DW_TAG_array_type
	.long	125                             @ DW_AT_type
	.byte	8                               @ Abbrev [8] 0x76:0x6 DW_TAG_subrange_type
	.long	147                             @ DW_AT_type
	.byte	38                              @ DW_AT_count
	.byte	0                               @ End Of Children Mark
	.byte	9                               @ Abbrev [9] 0x7d:0x5 DW_TAG_const_type
	.long	130                             @ DW_AT_type
	.byte	10                              @ Abbrev [10] 0x82:0x5 DW_TAG_pointer_type
	.long	135                             @ DW_AT_type
	.byte	9                               @ Abbrev [9] 0x87:0x5 DW_TAG_const_type
	.long	140                             @ DW_AT_type
	.byte	11                              @ Abbrev [11] 0x8c:0x7 DW_TAG_base_type
	.long	.Linfo_string5                  @ DW_AT_name
	.byte	8                               @ DW_AT_encoding
	.byte	1                               @ DW_AT_byte_size
	.byte	12                              @ Abbrev [12] 0x93:0x7 DW_TAG_base_type
	.long	.Linfo_string6                  @ DW_AT_name
	.byte	8                               @ DW_AT_byte_size
	.byte	7                               @ DW_AT_encoding
	.byte	13                              @ Abbrev [13] 0x9a:0xf2 DW_TAG_enumeration_type
	.long	396                             @ DW_AT_type
	.long	.Linfo_string46                 @ DW_AT_name
	.byte	4                               @ DW_AT_byte_size
	.byte	2                               @ DW_AT_decl_file
	.byte	58                              @ DW_AT_decl_line
	.byte	14                              @ Abbrev [14] 0xa6:0x6 DW_TAG_enumerator
	.long	.Linfo_string8                  @ DW_AT_name
	.byte	0                               @ DW_AT_const_value
	.byte	14                              @ Abbrev [14] 0xac:0x6 DW_TAG_enumerator
	.long	.Linfo_string9                  @ DW_AT_name
	.byte	1                               @ DW_AT_const_value
	.byte	14                              @ Abbrev [14] 0xb2:0x6 DW_TAG_enumerator
	.long	.Linfo_string10                 @ DW_AT_name
	.byte	2                               @ DW_AT_const_value
	.byte	14                              @ Abbrev [14] 0xb8:0x6 DW_TAG_enumerator
	.long	.Linfo_string11                 @ DW_AT_name
	.byte	3                               @ DW_AT_const_value
	.byte	14                              @ Abbrev [14] 0xbe:0x6 DW_TAG_enumerator
	.long	.Linfo_string12                 @ DW_AT_name
	.byte	4                               @ DW_AT_const_value
	.byte	14                              @ Abbrev [14] 0xc4:0x6 DW_TAG_enumerator
	.long	.Linfo_string13                 @ DW_AT_name
	.byte	5                               @ DW_AT_const_value
	.byte	14                              @ Abbrev [14] 0xca:0x6 DW_TAG_enumerator
	.long	.Linfo_string14                 @ DW_AT_name
	.byte	6                               @ DW_AT_const_value
	.byte	14                              @ Abbrev [14] 0xd0:0x6 DW_TAG_enumerator
	.long	.Linfo_string15                 @ DW_AT_name
	.byte	7                               @ DW_AT_const_value
	.byte	14                              @ Abbrev [14] 0xd6:0x6 DW_TAG_enumerator
	.long	.Linfo_string16                 @ DW_AT_name
	.byte	8                               @ DW_AT_const_value
	.byte	14                              @ Abbrev [14] 0xdc:0x6 DW_TAG_enumerator
	.long	.Linfo_string17                 @ DW_AT_name
	.byte	9                               @ DW_AT_const_value
	.byte	14                              @ Abbrev [14] 0xe2:0x6 DW_TAG_enumerator
	.long	.Linfo_string18                 @ DW_AT_name
	.byte	10                              @ DW_AT_const_value
	.byte	14                              @ Abbrev [14] 0xe8:0x6 DW_TAG_enumerator
	.long	.Linfo_string19                 @ DW_AT_name
	.byte	11                              @ DW_AT_const_value
	.byte	14                              @ Abbrev [14] 0xee:0x6 DW_TAG_enumerator
	.long	.Linfo_string20                 @ DW_AT_name
	.byte	12                              @ DW_AT_const_value
	.byte	14                              @ Abbrev [14] 0xf4:0x6 DW_TAG_enumerator
	.long	.Linfo_string21                 @ DW_AT_name
	.byte	13                              @ DW_AT_const_value
	.byte	14                              @ Abbrev [14] 0xfa:0x6 DW_TAG_enumerator
	.long	.Linfo_string22                 @ DW_AT_name
	.byte	14                              @ DW_AT_const_value
	.byte	14                              @ Abbrev [14] 0x100:0x6 DW_TAG_enumerator
	.long	.Linfo_string23                 @ DW_AT_name
	.byte	15                              @ DW_AT_const_value
	.byte	14                              @ Abbrev [14] 0x106:0x6 DW_TAG_enumerator
	.long	.Linfo_string24                 @ DW_AT_name
	.byte	16                              @ DW_AT_const_value
	.byte	14                              @ Abbrev [14] 0x10c:0x6 DW_TAG_enumerator
	.long	.Linfo_string25                 @ DW_AT_name
	.byte	17                              @ DW_AT_const_value
	.byte	14                              @ Abbrev [14] 0x112:0x6 DW_TAG_enumerator
	.long	.Linfo_string26                 @ DW_AT_name
	.byte	18                              @ DW_AT_const_value
	.byte	14                              @ Abbrev [14] 0x118:0x6 DW_TAG_enumerator
	.long	.Linfo_string27                 @ DW_AT_name
	.byte	19                              @ DW_AT_const_value
	.byte	14                              @ Abbrev [14] 0x11e:0x6 DW_TAG_enumerator
	.long	.Linfo_string28                 @ DW_AT_name
	.byte	20                              @ DW_AT_const_value
	.byte	14                              @ Abbrev [14] 0x124:0x6 DW_TAG_enumerator
	.long	.Linfo_string29                 @ DW_AT_name
	.byte	21                              @ DW_AT_const_value
	.byte	14                              @ Abbrev [14] 0x12a:0x6 DW_TAG_enumerator
	.long	.Linfo_string30                 @ DW_AT_name
	.byte	22                              @ DW_AT_const_value
	.byte	14                              @ Abbrev [14] 0x130:0x6 DW_TAG_enumerator
	.long	.Linfo_string31                 @ DW_AT_name
	.byte	23                              @ DW_AT_const_value
	.byte	14                              @ Abbrev [14] 0x136:0x6 DW_TAG_enumerator
	.long	.Linfo_string32                 @ DW_AT_name
	.byte	24                              @ DW_AT_const_value
	.byte	14                              @ Abbrev [14] 0x13c:0x6 DW_TAG_enumerator
	.long	.Linfo_string33                 @ DW_AT_name
	.byte	26                              @ DW_AT_const_value
	.byte	14                              @ Abbrev [14] 0x142:0x6 DW_TAG_enumerator
	.long	.Linfo_string34                 @ DW_AT_name
	.byte	27                              @ DW_AT_const_value
	.byte	14                              @ Abbrev [14] 0x148:0x6 DW_TAG_enumerator
	.long	.Linfo_string35                 @ DW_AT_name
	.byte	28                              @ DW_AT_const_value
	.byte	14                              @ Abbrev [14] 0x14e:0x6 DW_TAG_enumerator
	.long	.Linfo_string36                 @ DW_AT_name
	.byte	29                              @ DW_AT_const_value
	.byte	14                              @ Abbrev [14] 0x154:0x6 DW_TAG_enumerator
	.long	.Linfo_string37                 @ DW_AT_name
	.byte	30                              @ DW_AT_const_value
	.byte	14                              @ Abbrev [14] 0x15a:0x6 DW_TAG_enumerator
	.long	.Linfo_string38                 @ DW_AT_name
	.byte	31                              @ DW_AT_const_value
	.byte	14                              @ Abbrev [14] 0x160:0x6 DW_TAG_enumerator
	.long	.Linfo_string39                 @ DW_AT_name
	.byte	32                              @ DW_AT_const_value
	.byte	14                              @ Abbrev [14] 0x166:0x6 DW_TAG_enumerator
	.long	.Linfo_string40                 @ DW_AT_name
	.byte	34                              @ DW_AT_const_value
	.byte	14                              @ Abbrev [14] 0x16c:0x6 DW_TAG_enumerator
	.long	.Linfo_string41                 @ DW_AT_name
	.byte	35                              @ DW_AT_const_value
	.byte	14                              @ Abbrev [14] 0x172:0x6 DW_TAG_enumerator
	.long	.Linfo_string42                 @ DW_AT_name
	.byte	36                              @ DW_AT_const_value
	.byte	14                              @ Abbrev [14] 0x178:0x6 DW_TAG_enumerator
	.long	.Linfo_string43                 @ DW_AT_name
	.byte	37                              @ DW_AT_const_value
	.byte	14                              @ Abbrev [14] 0x17e:0x6 DW_TAG_enumerator
	.long	.Linfo_string44                 @ DW_AT_name
	.byte	38                              @ DW_AT_const_value
	.byte	14                              @ Abbrev [14] 0x184:0x7 DW_TAG_enumerator
	.long	.Linfo_string45                 @ DW_AT_name
	.ascii	"\377\001"                      @ DW_AT_const_value
	.byte	0                               @ End Of Children Mark
	.byte	11                              @ Abbrev [11] 0x18c:0x7 DW_TAG_base_type
	.long	.Linfo_string7                  @ DW_AT_name
	.byte	7                               @ DW_AT_encoding
	.byte	4                               @ DW_AT_byte_size
	.byte	6                               @ Abbrev [6] 0x193:0xb DW_TAG_typedef
	.long	414                             @ DW_AT_type
	.long	.Linfo_string48                 @ DW_AT_name
	.byte	3                               @ DW_AT_decl_file
	.byte	56                              @ DW_AT_decl_line
	.byte	11                              @ Abbrev [11] 0x19e:0x7 DW_TAG_base_type
	.long	.Linfo_string47                 @ DW_AT_name
	.byte	6                               @ DW_AT_encoding
	.byte	1                               @ DW_AT_byte_size
	.byte	15                              @ Abbrev [15] 0x1a5:0x8 DW_TAG_imported_declaration
	.byte	3                               @ DW_AT_decl_file
	.short	275                             @ DW_AT_decl_line
	.long	403                             @ DW_AT_import
	.byte	6                               @ Abbrev [6] 0x1ad:0xb DW_TAG_typedef
	.long	440                             @ DW_AT_type
	.long	.Linfo_string50                 @ DW_AT_name
	.byte	3                               @ DW_AT_decl_file
	.byte	57                              @ DW_AT_decl_line
	.byte	11                              @ Abbrev [11] 0x1b8:0x7 DW_TAG_base_type
	.long	.Linfo_string49                 @ DW_AT_name
	.byte	5                               @ DW_AT_encoding
	.byte	2                               @ DW_AT_byte_size
	.byte	15                              @ Abbrev [15] 0x1bf:0x8 DW_TAG_imported_declaration
	.byte	3                               @ DW_AT_decl_file
	.short	276                             @ DW_AT_decl_line
	.long	429                             @ DW_AT_import
	.byte	6                               @ Abbrev [6] 0x1c7:0xb DW_TAG_typedef
	.long	466                             @ DW_AT_type
	.long	.Linfo_string52                 @ DW_AT_name
	.byte	3                               @ DW_AT_decl_file
	.byte	58                              @ DW_AT_decl_line
	.byte	11                              @ Abbrev [11] 0x1d2:0x7 DW_TAG_base_type
	.long	.Linfo_string51                 @ DW_AT_name
	.byte	5                               @ DW_AT_encoding
	.byte	4                               @ DW_AT_byte_size
	.byte	15                              @ Abbrev [15] 0x1d9:0x8 DW_TAG_imported_declaration
	.byte	3                               @ DW_AT_decl_file
	.short	277                             @ DW_AT_decl_line
	.long	455                             @ DW_AT_import
	.byte	6                               @ Abbrev [6] 0x1e1:0xb DW_TAG_typedef
	.long	492                             @ DW_AT_type
	.long	.Linfo_string54                 @ DW_AT_name
	.byte	3                               @ DW_AT_decl_file
	.byte	59                              @ DW_AT_decl_line
	.byte	11                              @ Abbrev [11] 0x1ec:0x7 DW_TAG_base_type
	.long	.Linfo_string53                 @ DW_AT_name
	.byte	5                               @ DW_AT_encoding
	.byte	8                               @ DW_AT_byte_size
	.byte	15                              @ Abbrev [15] 0x1f3:0x8 DW_TAG_imported_declaration
	.byte	3                               @ DW_AT_decl_file
	.short	278                             @ DW_AT_decl_line
	.long	481                             @ DW_AT_import
	.byte	6                               @ Abbrev [6] 0x1fb:0xb DW_TAG_typedef
	.long	518                             @ DW_AT_type
	.long	.Linfo_string56                 @ DW_AT_name
	.byte	3                               @ DW_AT_decl_file
	.byte	62                              @ DW_AT_decl_line
	.byte	11                              @ Abbrev [11] 0x206:0x7 DW_TAG_base_type
	.long	.Linfo_string55                 @ DW_AT_name
	.byte	8                               @ DW_AT_encoding
	.byte	1                               @ DW_AT_byte_size
	.byte	15                              @ Abbrev [15] 0x20d:0x8 DW_TAG_imported_declaration
	.byte	3                               @ DW_AT_decl_file
	.short	279                             @ DW_AT_decl_line
	.long	507                             @ DW_AT_import
	.byte	6                               @ Abbrev [6] 0x215:0xb DW_TAG_typedef
	.long	544                             @ DW_AT_type
	.long	.Linfo_string58                 @ DW_AT_name
	.byte	3                               @ DW_AT_decl_file
	.byte	63                              @ DW_AT_decl_line
	.byte	11                              @ Abbrev [11] 0x220:0x7 DW_TAG_base_type
	.long	.Linfo_string57                 @ DW_AT_name
	.byte	7                               @ DW_AT_encoding
	.byte	2                               @ DW_AT_byte_size
	.byte	15                              @ Abbrev [15] 0x227:0x8 DW_TAG_imported_declaration
	.byte	3                               @ DW_AT_decl_file
	.short	280                             @ DW_AT_decl_line
	.long	533                             @ DW_AT_import
	.byte	6                               @ Abbrev [6] 0x22f:0xb DW_TAG_typedef
	.long	396                             @ DW_AT_type
	.long	.Linfo_string59                 @ DW_AT_name
	.byte	3                               @ DW_AT_decl_file
	.byte	64                              @ DW_AT_decl_line
	.byte	15                              @ Abbrev [15] 0x23a:0x8 DW_TAG_imported_declaration
	.byte	3                               @ DW_AT_decl_file
	.short	281                             @ DW_AT_decl_line
	.long	559                             @ DW_AT_import
	.byte	6                               @ Abbrev [6] 0x242:0xb DW_TAG_typedef
	.long	589                             @ DW_AT_type
	.long	.Linfo_string61                 @ DW_AT_name
	.byte	3                               @ DW_AT_decl_file
	.byte	65                              @ DW_AT_decl_line
	.byte	11                              @ Abbrev [11] 0x24d:0x7 DW_TAG_base_type
	.long	.Linfo_string60                 @ DW_AT_name
	.byte	7                               @ DW_AT_encoding
	.byte	8                               @ DW_AT_byte_size
	.byte	15                              @ Abbrev [15] 0x254:0x8 DW_TAG_imported_declaration
	.byte	3                               @ DW_AT_decl_file
	.short	282                             @ DW_AT_decl_line
	.long	578                             @ DW_AT_import
	.byte	6                               @ Abbrev [6] 0x25c:0xb DW_TAG_typedef
	.long	414                             @ DW_AT_type
	.long	.Linfo_string62                 @ DW_AT_name
	.byte	3                               @ DW_AT_decl_file
	.byte	71                              @ DW_AT_decl_line
	.byte	15                              @ Abbrev [15] 0x267:0x8 DW_TAG_imported_declaration
	.byte	3                               @ DW_AT_decl_file
	.short	283                             @ DW_AT_decl_line
	.long	604                             @ DW_AT_import
	.byte	6                               @ Abbrev [6] 0x26f:0xb DW_TAG_typedef
	.long	440                             @ DW_AT_type
	.long	.Linfo_string63                 @ DW_AT_name
	.byte	3                               @ DW_AT_decl_file
	.byte	72                              @ DW_AT_decl_line
	.byte	15                              @ Abbrev [15] 0x27a:0x8 DW_TAG_imported_declaration
	.byte	3                               @ DW_AT_decl_file
	.short	284                             @ DW_AT_decl_line
	.long	623                             @ DW_AT_import
	.byte	6                               @ Abbrev [6] 0x282:0xb DW_TAG_typedef
	.long	466                             @ DW_AT_type
	.long	.Linfo_string64                 @ DW_AT_name
	.byte	3                               @ DW_AT_decl_file
	.byte	73                              @ DW_AT_decl_line
	.byte	15                              @ Abbrev [15] 0x28d:0x8 DW_TAG_imported_declaration
	.byte	3                               @ DW_AT_decl_file
	.short	285                             @ DW_AT_decl_line
	.long	642                             @ DW_AT_import
	.byte	6                               @ Abbrev [6] 0x295:0xb DW_TAG_typedef
	.long	492                             @ DW_AT_type
	.long	.Linfo_string65                 @ DW_AT_name
	.byte	3                               @ DW_AT_decl_file
	.byte	74                              @ DW_AT_decl_line
	.byte	15                              @ Abbrev [15] 0x2a0:0x8 DW_TAG_imported_declaration
	.byte	3                               @ DW_AT_decl_file
	.short	286                             @ DW_AT_decl_line
	.long	661                             @ DW_AT_import
	.byte	6                               @ Abbrev [6] 0x2a8:0xb DW_TAG_typedef
	.long	518                             @ DW_AT_type
	.long	.Linfo_string66                 @ DW_AT_name
	.byte	3                               @ DW_AT_decl_file
	.byte	77                              @ DW_AT_decl_line
	.byte	15                              @ Abbrev [15] 0x2b3:0x8 DW_TAG_imported_declaration
	.byte	3                               @ DW_AT_decl_file
	.short	287                             @ DW_AT_decl_line
	.long	680                             @ DW_AT_import
	.byte	6                               @ Abbrev [6] 0x2bb:0xb DW_TAG_typedef
	.long	544                             @ DW_AT_type
	.long	.Linfo_string67                 @ DW_AT_name
	.byte	3                               @ DW_AT_decl_file
	.byte	78                              @ DW_AT_decl_line
	.byte	15                              @ Abbrev [15] 0x2c6:0x8 DW_TAG_imported_declaration
	.byte	3                               @ DW_AT_decl_file
	.short	288                             @ DW_AT_decl_line
	.long	699                             @ DW_AT_import
	.byte	6                               @ Abbrev [6] 0x2ce:0xb DW_TAG_typedef
	.long	396                             @ DW_AT_type
	.long	.Linfo_string68                 @ DW_AT_name
	.byte	3                               @ DW_AT_decl_file
	.byte	79                              @ DW_AT_decl_line
	.byte	15                              @ Abbrev [15] 0x2d9:0x8 DW_TAG_imported_declaration
	.byte	3                               @ DW_AT_decl_file
	.short	289                             @ DW_AT_decl_line
	.long	718                             @ DW_AT_import
	.byte	6                               @ Abbrev [6] 0x2e1:0xb DW_TAG_typedef
	.long	589                             @ DW_AT_type
	.long	.Linfo_string69                 @ DW_AT_name
	.byte	3                               @ DW_AT_decl_file
	.byte	80                              @ DW_AT_decl_line
	.byte	15                              @ Abbrev [15] 0x2ec:0x8 DW_TAG_imported_declaration
	.byte	3                               @ DW_AT_decl_file
	.short	290                             @ DW_AT_decl_line
	.long	737                             @ DW_AT_import
	.byte	6                               @ Abbrev [6] 0x2f4:0xb DW_TAG_typedef
	.long	466                             @ DW_AT_type
	.long	.Linfo_string70                 @ DW_AT_name
	.byte	3                               @ DW_AT_decl_file
	.byte	85                              @ DW_AT_decl_line
	.byte	15                              @ Abbrev [15] 0x2ff:0x8 DW_TAG_imported_declaration
	.byte	3                               @ DW_AT_decl_file
	.short	291                             @ DW_AT_decl_line
	.long	756                             @ DW_AT_import
	.byte	6                               @ Abbrev [6] 0x307:0xb DW_TAG_typedef
	.long	466                             @ DW_AT_type
	.long	.Linfo_string71                 @ DW_AT_name
	.byte	3                               @ DW_AT_decl_file
	.byte	86                              @ DW_AT_decl_line
	.byte	15                              @ Abbrev [15] 0x312:0x8 DW_TAG_imported_declaration
	.byte	3                               @ DW_AT_decl_file
	.short	292                             @ DW_AT_decl_line
	.long	775                             @ DW_AT_import
	.byte	6                               @ Abbrev [6] 0x31a:0xb DW_TAG_typedef
	.long	466                             @ DW_AT_type
	.long	.Linfo_string72                 @ DW_AT_name
	.byte	3                               @ DW_AT_decl_file
	.byte	87                              @ DW_AT_decl_line
	.byte	15                              @ Abbrev [15] 0x325:0x8 DW_TAG_imported_declaration
	.byte	3                               @ DW_AT_decl_file
	.short	293                             @ DW_AT_decl_line
	.long	794                             @ DW_AT_import
	.byte	6                               @ Abbrev [6] 0x32d:0xb DW_TAG_typedef
	.long	492                             @ DW_AT_type
	.long	.Linfo_string73                 @ DW_AT_name
	.byte	3                               @ DW_AT_decl_file
	.byte	88                              @ DW_AT_decl_line
	.byte	15                              @ Abbrev [15] 0x338:0x8 DW_TAG_imported_declaration
	.byte	3                               @ DW_AT_decl_file
	.short	294                             @ DW_AT_decl_line
	.long	813                             @ DW_AT_import
	.byte	6                               @ Abbrev [6] 0x340:0xb DW_TAG_typedef
	.long	396                             @ DW_AT_type
	.long	.Linfo_string74                 @ DW_AT_name
	.byte	3                               @ DW_AT_decl_file
	.byte	91                              @ DW_AT_decl_line
	.byte	15                              @ Abbrev [15] 0x34b:0x8 DW_TAG_imported_declaration
	.byte	3                               @ DW_AT_decl_file
	.short	295                             @ DW_AT_decl_line
	.long	832                             @ DW_AT_import
	.byte	6                               @ Abbrev [6] 0x353:0xb DW_TAG_typedef
	.long	396                             @ DW_AT_type
	.long	.Linfo_string75                 @ DW_AT_name
	.byte	3                               @ DW_AT_decl_file
	.byte	92                              @ DW_AT_decl_line
	.byte	15                              @ Abbrev [15] 0x35e:0x8 DW_TAG_imported_declaration
	.byte	3                               @ DW_AT_decl_file
	.short	296                             @ DW_AT_decl_line
	.long	851                             @ DW_AT_import
	.byte	6                               @ Abbrev [6] 0x366:0xb DW_TAG_typedef
	.long	396                             @ DW_AT_type
	.long	.Linfo_string76                 @ DW_AT_name
	.byte	3                               @ DW_AT_decl_file
	.byte	93                              @ DW_AT_decl_line
	.byte	15                              @ Abbrev [15] 0x371:0x8 DW_TAG_imported_declaration
	.byte	3                               @ DW_AT_decl_file
	.short	297                             @ DW_AT_decl_line
	.long	870                             @ DW_AT_import
	.byte	6                               @ Abbrev [6] 0x379:0xb DW_TAG_typedef
	.long	589                             @ DW_AT_type
	.long	.Linfo_string77                 @ DW_AT_name
	.byte	3                               @ DW_AT_decl_file
	.byte	94                              @ DW_AT_decl_line
	.byte	15                              @ Abbrev [15] 0x384:0x8 DW_TAG_imported_declaration
	.byte	3                               @ DW_AT_decl_file
	.short	298                             @ DW_AT_decl_line
	.long	889                             @ DW_AT_import
	.byte	6                               @ Abbrev [6] 0x38c:0xb DW_TAG_typedef
	.long	466                             @ DW_AT_type
	.long	.Linfo_string78                 @ DW_AT_name
	.byte	3                               @ DW_AT_decl_file
	.byte	101                             @ DW_AT_decl_line
	.byte	15                              @ Abbrev [15] 0x397:0x8 DW_TAG_imported_declaration
	.byte	3                               @ DW_AT_decl_file
	.short	299                             @ DW_AT_decl_line
	.long	908                             @ DW_AT_import
	.byte	6                               @ Abbrev [6] 0x39f:0xb DW_TAG_typedef
	.long	396                             @ DW_AT_type
	.long	.Linfo_string79                 @ DW_AT_name
	.byte	3                               @ DW_AT_decl_file
	.byte	102                             @ DW_AT_decl_line
	.byte	15                              @ Abbrev [15] 0x3aa:0x8 DW_TAG_imported_declaration
	.byte	3                               @ DW_AT_decl_file
	.short	300                             @ DW_AT_decl_line
	.long	927                             @ DW_AT_import
	.byte	6                               @ Abbrev [6] 0x3b2:0xb DW_TAG_typedef
	.long	492                             @ DW_AT_type
	.long	.Linfo_string80                 @ DW_AT_name
	.byte	3                               @ DW_AT_decl_file
	.byte	106                             @ DW_AT_decl_line
	.byte	15                              @ Abbrev [15] 0x3bd:0x8 DW_TAG_imported_declaration
	.byte	3                               @ DW_AT_decl_file
	.short	301                             @ DW_AT_decl_line
	.long	946                             @ DW_AT_import
	.byte	6                               @ Abbrev [6] 0x3c5:0xb DW_TAG_typedef
	.long	589                             @ DW_AT_type
	.long	.Linfo_string81                 @ DW_AT_name
	.byte	3                               @ DW_AT_decl_file
	.byte	107                             @ DW_AT_decl_line
	.byte	15                              @ Abbrev [15] 0x3d0:0x8 DW_TAG_imported_declaration
	.byte	3                               @ DW_AT_decl_file
	.short	302                             @ DW_AT_decl_line
	.long	965                             @ DW_AT_import
	.byte	6                               @ Abbrev [6] 0x3d8:0xb DW_TAG_typedef
	.long	154                             @ DW_AT_type
	.long	.Linfo_string46                 @ DW_AT_name
	.byte	2                               @ DW_AT_decl_file
	.byte	251                             @ DW_AT_decl_line
	.byte	0                               @ End Of Children Mark
.Ldebug_info_end0:
	.section	.debug_str,"MS",%progbits,1
.Linfo_string0:
	.asciz	"Component: ARM Compiler 6.16 Tool: armclang [5dfeb700]" @ string offset=0
.Linfo_string1:
	.asciz	"../../../components/network/thread/subg_openthread/src/core/common\\error.cpp" @ string offset=55
.Linfo_string2:
	.asciz	"D:\\Rafael-IoT-SDK-Internal-main\\examples\\das_subg_thread\\keil" @ string offset=132
.Linfo_string3:
	.asciz	"ot"                            @ string offset=194
.Linfo_string4:
	.asciz	"kErrorStrings"                 @ string offset=197
.Linfo_string5:
	.asciz	"char"                          @ string offset=211
.Linfo_string6:
	.asciz	"__ARRAY_SIZE_TYPE__"           @ string offset=216
.Linfo_string7:
	.asciz	"unsigned int"                  @ string offset=236
.Linfo_string8:
	.asciz	"OT_ERROR_NONE"                 @ string offset=249
.Linfo_string9:
	.asciz	"OT_ERROR_FAILED"               @ string offset=263
.Linfo_string10:
	.asciz	"OT_ERROR_DROP"                 @ string offset=279
.Linfo_string11:
	.asciz	"OT_ERROR_NO_BUFS"              @ string offset=293
.Linfo_string12:
	.asciz	"OT_ERROR_NO_ROUTE"             @ string offset=310
.Linfo_string13:
	.asciz	"OT_ERROR_BUSY"                 @ string offset=328
.Linfo_string14:
	.asciz	"OT_ERROR_PARSE"                @ string offset=342
.Linfo_string15:
	.asciz	"OT_ERROR_INVALID_ARGS"         @ string offset=357
.Linfo_string16:
	.asciz	"OT_ERROR_SECURITY"             @ string offset=379
.Linfo_string17:
	.asciz	"OT_ERROR_ADDRESS_QUERY"        @ string offset=397
.Linfo_string18:
	.asciz	"OT_ERROR_NO_ADDRESS"           @ string offset=420
.Linfo_string19:
	.asciz	"OT_ERROR_ABORT"                @ string offset=440
.Linfo_string20:
	.asciz	"OT_ERROR_NOT_IMPLEMENTED"      @ string offset=455
.Linfo_string21:
	.asciz	"OT_ERROR_INVALID_STATE"        @ string offset=480
.Linfo_string22:
	.asciz	"OT_ERROR_NO_ACK"               @ string offset=503
.Linfo_string23:
	.asciz	"OT_ERROR_CHANNEL_ACCESS_FAILURE" @ string offset=519
.Linfo_string24:
	.asciz	"OT_ERROR_DETACHED"             @ string offset=551
.Linfo_string25:
	.asciz	"OT_ERROR_FCS"                  @ string offset=569
.Linfo_string26:
	.asciz	"OT_ERROR_NO_FRAME_RECEIVED"    @ string offset=582
.Linfo_string27:
	.asciz	"OT_ERROR_UNKNOWN_NEIGHBOR"     @ string offset=609
.Linfo_string28:
	.asciz	"OT_ERROR_INVALID_SOURCE_ADDRESS" @ string offset=635
.Linfo_string29:
	.asciz	"OT_ERROR_ADDRESS_FILTERED"     @ string offset=667
.Linfo_string30:
	.asciz	"OT_ERROR_DESTINATION_ADDRESS_FILTERED" @ string offset=693
.Linfo_string31:
	.asciz	"OT_ERROR_NOT_FOUND"            @ string offset=731
.Linfo_string32:
	.asciz	"OT_ERROR_ALREADY"              @ string offset=750
.Linfo_string33:
	.asciz	"OT_ERROR_IP6_ADDRESS_CREATION_FAILURE" @ string offset=767
.Linfo_string34:
	.asciz	"OT_ERROR_NOT_CAPABLE"          @ string offset=805
.Linfo_string35:
	.asciz	"OT_ERROR_RESPONSE_TIMEOUT"     @ string offset=826
.Linfo_string36:
	.asciz	"OT_ERROR_DUPLICATED"           @ string offset=852
.Linfo_string37:
	.asciz	"OT_ERROR_REASSEMBLY_TIMEOUT"   @ string offset=872
.Linfo_string38:
	.asciz	"OT_ERROR_NOT_TMF"              @ string offset=900
.Linfo_string39:
	.asciz	"OT_ERROR_NOT_LOWPAN_DATA_FRAME" @ string offset=917
.Linfo_string40:
	.asciz	"OT_ERROR_LINK_MARGIN_LOW"      @ string offset=948
.Linfo_string41:
	.asciz	"OT_ERROR_INVALID_COMMAND"      @ string offset=973
.Linfo_string42:
	.asciz	"OT_ERROR_PENDING"              @ string offset=998
.Linfo_string43:
	.asciz	"OT_ERROR_REJECTED"             @ string offset=1015
.Linfo_string44:
	.asciz	"OT_NUM_ERRORS"                 @ string offset=1033
.Linfo_string45:
	.asciz	"OT_ERROR_GENERIC"              @ string offset=1047
.Linfo_string46:
	.asciz	"otError"                       @ string offset=1064
.Linfo_string47:
	.asciz	"signed char"                   @ string offset=1072
.Linfo_string48:
	.asciz	"int8_t"                        @ string offset=1084
.Linfo_string49:
	.asciz	"short"                         @ string offset=1091
.Linfo_string50:
	.asciz	"int16_t"                       @ string offset=1097
.Linfo_string51:
	.asciz	"int"                           @ string offset=1105
.Linfo_string52:
	.asciz	"int32_t"                       @ string offset=1109
.Linfo_string53:
	.asciz	"long long int"                 @ string offset=1117
.Linfo_string54:
	.asciz	"int64_t"                       @ string offset=1131
.Linfo_string55:
	.asciz	"unsigned char"                 @ string offset=1139
.Linfo_string56:
	.asciz	"uint8_t"                       @ string offset=1153
.Linfo_string57:
	.asciz	"unsigned short"                @ string offset=1161
.Linfo_string58:
	.asciz	"uint16_t"                      @ string offset=1176
.Linfo_string59:
	.asciz	"uint32_t"                      @ string offset=1185
.Linfo_string60:
	.asciz	"long long unsigned int"        @ string offset=1194
.Linfo_string61:
	.asciz	"uint64_t"                      @ string offset=1217
.Linfo_string62:
	.asciz	"int_least8_t"                  @ string offset=1226
.Linfo_string63:
	.asciz	"int_least16_t"                 @ string offset=1239
.Linfo_string64:
	.asciz	"int_least32_t"                 @ string offset=1253
.Linfo_string65:
	.asciz	"int_least64_t"                 @ string offset=1267
.Linfo_string66:
	.asciz	"uint_least8_t"                 @ string offset=1281
.Linfo_string67:
	.asciz	"uint_least16_t"                @ string offset=1295
.Linfo_string68:
	.asciz	"uint_least32_t"                @ string offset=1310
.Linfo_string69:
	.asciz	"uint_least64_t"                @ string offset=1325
.Linfo_string70:
	.asciz	"int_fast8_t"                   @ string offset=1340
.Linfo_string71:
	.asciz	"int_fast16_t"                  @ string offset=1352
.Linfo_string72:
	.asciz	"int_fast32_t"                  @ string offset=1365
.Linfo_string73:
	.asciz	"int_fast64_t"                  @ string offset=1378
.Linfo_string74:
	.asciz	"uint_fast8_t"                  @ string offset=1391
.Linfo_string75:
	.asciz	"uint_fast16_t"                 @ string offset=1404
.Linfo_string76:
	.asciz	"uint_fast32_t"                 @ string offset=1418
.Linfo_string77:
	.asciz	"uint_fast64_t"                 @ string offset=1432
.Linfo_string78:
	.asciz	"intptr_t"                      @ string offset=1446
.Linfo_string79:
	.asciz	"uintptr_t"                     @ string offset=1455
.Linfo_string80:
	.asciz	"intmax_t"                      @ string offset=1465
.Linfo_string81:
	.asciz	"uintmax_t"                     @ string offset=1474
.Linfo_string82:
	.asciz	"_ZN2ot13ErrorToStringE7otError" @ string offset=1484
.Linfo_string83:
	.asciz	"ErrorToString"                 @ string offset=1515
.Linfo_string84:
	.asciz	"aError"                        @ string offset=1529
.Linfo_string85:
	.asciz	"Error"                         @ string offset=1536
	.ident	"Component: ARM Compiler 6.16 Tool: armclang [5dfeb700]"
	.section	".note.GNU-stack","",%progbits
	.eabi_attribute	30, 3	@ Tag_ABI_optimization_goals
	.ARM_attribute	16, 1	@ Tag_AV_eba
	.section	.debug_line,"",%progbits
.Lline_table_start0:
