	.text
	.syntax unified
	.eabi_attribute	67, "2.09"	@ Tag_conformance
	.cpu	cortex-m3
	.eabi_attribute	6, 10	@ Tag_CPU_arch
	.eabi_attribute	7, 77	@ Tag_CPU_arch_profile
	.eabi_attribute	8, 0	@ Tag_ARM_ISA_use
	.eabi_attribute	9, 2	@ Tag_THUMB_ISA_use
	.eabi_attribute	34, 1	@ Tag_CPU_unaligned_access
	.eabi_attribute	17, 1	@ Tag_ABI_PCS_GOT_use
	.eabi_attribute	20, 2	@ Tag_ABI_FP_denormal
	.eabi_attribute	21, 0	@ Tag_ABI_FP_exceptions
	.eabi_attribute	23, 1	@ Tag_ABI_FP_number_model
	.eabi_attribute	24, 1	@ Tag_ABI_align_needed
	.eabi_attribute	25, 1	@ Tag_ABI_align_preserved
	.eabi_attribute	38, 1	@ Tag_ABI_FP_16bit_format
	.eabi_attribute	18, 4	@ Tag_ABI_PCS_wchar_t
	.eabi_attribute	26, 2	@ Tag_ABI_enum_size
	.eabi_attribute	14, 0	@ Tag_ABI_PCS_R9_use
	.file	"gpio.c"
	.file	1 "C:\\" "Keil_v5\\ARM\\ARMCLANG\\Bin\\..\\include\\stdint.h"
	.file	2 "C:\\Users\\testo\\Desktop\\rafael-iot-sdk-das - \350\244\207\350\243\275 (2)\\examples\\das_subg_thread\\keil" "../../../components/platform/soc/rt582/rt582_driver/Inc/gpio.h"
	.file	3 "C:\\Users\\testo\\Desktop\\rafael-iot-sdk-das - \350\244\207\350\243\275 (2)\\examples\\das_subg_thread\\keil" "../../../components/platform/soc/rt582/rt582_driver/Src/gpio.c"
	.file	4 "C:\\Users\\testo\\Desktop\\rafael-iot-sdk-das - \350\244\207\350\243\275 (2)\\examples\\das_subg_thread\\keil" "../../../components/platform/soc/rt582/rt582_driver/Inc/cm3_mcu.h"
	.file	5 "C:\\Users\\testo\\Desktop\\rafael-iot-sdk-das - \350\244\207\350\243\275 (2)\\examples\\das_subg_thread\\keil" "../../../components/platform/soc/rt582/rt582_driver/Inc/gpio_reg.h"
	.file	6 "C:/Keil_v5/ARM/Pack/ARM/CMSIS/6.0.0/CMSIS/Core/Include" "core_cm3.h"
	.section	.text.gpio_cfg,"ax",%progbits
	.hidden	gpio_cfg                        @ -- Begin function gpio_cfg
	.globl	gpio_cfg
	.p2align	2
	.type	gpio_cfg,%function
	.code	16                              @ @gpio_cfg
	.thumb_func
gpio_cfg:
.Lfunc_begin0:
	.loc	3 27 0                          @ ../../../components/platform/soc/rt582/rt582_driver/Src/gpio.c:27:0
	.fnstart
	.cfi_sections .debug_frame
	.cfi_startproc
@ %bb.0:
	@DEBUG_VALUE: gpio_cfg:pin_number <- $r0
	@DEBUG_VALUE: gpio_cfg:dir <- $r1
	@DEBUG_VALUE: gpio_cfg:int_mode <- $r2
	.save	{r4, r5, r6, r7, lr}
	push	{r4, r5, r6, r7, lr}
	.cfi_def_cfa_offset 20
	.cfi_offset lr, -4
	.cfi_offset r7, -8
	.cfi_offset r6, -12
	.cfi_offset r5, -16
	.cfi_offset r4, -20
	.pad	#4
	sub	sp, #4
	.cfi_def_cfa_offset 24
	mov	r5, r0
.Ltmp0:
	@DEBUG_VALUE: gpio_cfg:pin_number <- $r5
	movs	r6, #8
	movs	r0, #1
.Ltmp1:
	@DEBUG_VALUE: gpio_cfg:int_mode <- $r4
	@DEBUG_VALUE: gpio_cfg:dir <- $r1
	@DEBUG_VALUE: gpio_cfg:pin_number <- $r5
	mov	r4, r2
.Ltmp2:
	movt	r6, #16384
.Ltmp3:
	.loc	3 33 15 prologue_end            @ ../../../components/platform/soc/rt582/rt582_driver/Src/gpio.c:33:15
	lsl.w	r7, r0, r5
.Ltmp4:
	@DEBUG_VALUE: gpio_cfg:MASK <- $r7
	.loc	3 35 9                          @ ../../../components/platform/soc/rt582/rt582_driver/Src/gpio.c:35:9
	cbz	r1, .LBB0_2
.Ltmp5:
@ %bb.1:
	@DEBUG_VALUE: gpio_cfg:MASK <- $r7
	@DEBUG_VALUE: gpio_cfg:pin_number <- $r5
	@DEBUG_VALUE: gpio_cfg:dir <- $r1
	.loc	3 47 9                          @ ../../../components/platform/soc/rt582/rt582_driver/Src/gpio.c:47:9
	mov	r0, r5
	movs	r1, #0
.Ltmp6:
	@DEBUG_VALUE: gpio_cfg:dir <- [DW_OP_LLVM_entry_value 1] $r1
	.loc	3 41 25                         @ ../../../components/platform/soc/rt582/rt582_driver/Src/gpio.c:41:25
	str	r7, [r6]
	.loc	3 47 9                          @ ../../../components/platform/soc/rt582/rt582_driver/Src/gpio.c:47:9
	bl	pin_set_pullopt
.Ltmp7:
	.loc	3 0 9 is_stmt 0                 @ ../../../components/platform/soc/rt582/rt582_driver/Src/gpio.c:0:9
	b	.LBB0_3
.Ltmp8:
.LBB0_2:
	@DEBUG_VALUE: gpio_cfg:MASK <- $r7
	@DEBUG_VALUE: gpio_cfg:pin_number <- $r5
	@DEBUG_VALUE: gpio_cfg:dir <- $r1
	.loc	3 37 24 is_stmt 1               @ ../../../components/platform/soc/rt582/rt582_driver/Src/gpio.c:37:24
	str	r7, [r6, #4]
.Ltmp9:
.LBB0_3:
	@DEBUG_VALUE: gpio_cfg:MASK <- $r7
	@DEBUG_VALUE: gpio_cfg:pin_number <- $r5
	.loc	3 51 26                         @ ../../../components/platform/soc/rt582/rt582_driver/Src/gpio.c:51:26
	movw	r1, :lower16:user_isr
	.loc	3 53 5                          @ ../../../components/platform/soc/rt582/rt582_driver/Src/gpio.c:53:5
	subs	r0, r4, #1
	.loc	3 51 26                         @ ../../../components/platform/soc/rt582/rt582_driver/Src/gpio.c:51:26
	movt	r1, :upper16:user_isr
	movs	r2, #0
	.loc	3 53 5                          @ ../../../components/platform/soc/rt582/rt582_driver/Src/gpio.c:53:5
	cmp	r0, #4
	.loc	3 51 39                         @ ../../../components/platform/soc/rt582/rt582_driver/Src/gpio.c:51:39
	str.w	r2, [r1, r5, lsl #3]
	.loc	3 53 5                          @ ../../../components/platform/soc/rt582/rt582_driver/Src/gpio.c:53:5
	bhi	.LBB0_7
.Ltmp10:
@ %bb.4:
	@DEBUG_VALUE: gpio_cfg:MASK <- $r7
	@DEBUG_VALUE: gpio_cfg:pin_number <- $r5
	.loc	3 0 5 is_stmt 0                 @ ../../../components/platform/soc/rt582/rt582_driver/Src/gpio.c:0:5
.LCPI0_0:
	tbb	[pc, r0]
.Ltmp11:
@ %bb.5:
.LJTI0_0:
	.byte	(.LBB0_6-(.LCPI0_0+4))/2
	.byte	(.LBB0_8-(.LCPI0_0+4))/2
	.byte	(.LBB0_10-(.LCPI0_0+4))/2
	.byte	(.LBB0_11-(.LCPI0_0+4))/2
	.byte	(.LBB0_12-(.LCPI0_0+4))/2
	.p2align	1
.LBB0_6:
.Ltmp12:
	@DEBUG_VALUE: gpio_cfg:MASK <- $r7
	@DEBUG_VALUE: gpio_cfg:pin_number <- $r5
	.loc	3 56 26 is_stmt 1               @ ../../../components/platform/soc/rt582/rt582_driver/Src/gpio.c:56:26
	str	r7, [r6, #28]
	b	.LBB0_9
.Ltmp13:
.LBB0_7:
	@DEBUG_VALUE: gpio_cfg:MASK <- $r7
	@DEBUG_VALUE: gpio_cfg:pin_number <- $r5
	.loc	3 82 27                         @ ../../../components/platform/soc/rt582/rt582_driver/Src/gpio.c:82:27
	str	r7, [r6, #12]
	b	.LBB0_14
.Ltmp14:
.LBB0_8:
	@DEBUG_VALUE: gpio_cfg:MASK <- $r7
	@DEBUG_VALUE: gpio_cfg:pin_number <- $r5
	.loc	3 61 26                         @ ../../../components/platform/soc/rt582/rt582_driver/Src/gpio.c:61:26
	str	r7, [r6, #24]
.Ltmp15:
.LBB0_9:
	@DEBUG_VALUE: gpio_cfg:MASK <- $r7
	@DEBUG_VALUE: gpio_cfg:pin_number <- $r5
	.loc	3 0 0 is_stmt 0                 @ ../../../components/platform/soc/rt582/rt582_driver/Src/gpio.c:0:0
	str	r7, [r6, #20]
	b	.LBB0_14
.Ltmp16:
.LBB0_10:
	@DEBUG_VALUE: gpio_cfg:MASK <- $r7
	@DEBUG_VALUE: gpio_cfg:pin_number <- $r5
	.loc	3 66 26 is_stmt 1               @ ../../../components/platform/soc/rt582/rt582_driver/Src/gpio.c:66:26
	str	r7, [r6, #24]
	b	.LBB0_13
.Ltmp17:
.LBB0_11:
	@DEBUG_VALUE: gpio_cfg:MASK <- $r7
	@DEBUG_VALUE: gpio_cfg:pin_number <- $r5
	.loc	3 71 26                         @ ../../../components/platform/soc/rt582/rt582_driver/Src/gpio.c:71:26
	str	r7, [r6, #28]
	b	.LBB0_13
.Ltmp18:
.LBB0_12:
	@DEBUG_VALUE: gpio_cfg:MASK <- $r7
	@DEBUG_VALUE: gpio_cfg:pin_number <- $r5
	.loc	3 76 28                         @ ../../../components/platform/soc/rt582/rt582_driver/Src/gpio.c:76:28
	str	r7, [r6, #32]
.Ltmp19:
.LBB0_13:
	@DEBUG_VALUE: gpio_cfg:MASK <- $r7
	@DEBUG_VALUE: gpio_cfg:pin_number <- $r5
	.loc	3 0 0 is_stmt 0                 @ ../../../components/platform/soc/rt582/rt582_driver/Src/gpio.c:0:0
	str	r7, [r6, #16]
.Ltmp20:
.LBB0_14:
	@DEBUG_VALUE: gpio_cfg:MASK <- $r7
	@DEBUG_VALUE: gpio_cfg:pin_number <- $r5
	.loc	3 87 1 is_stmt 1                @ ../../../components/platform/soc/rt582/rt582_driver/Src/gpio.c:87:1
	add	sp, #4
	pop	{r4, r5, r6, r7, pc}
.Ltmp21:
.Lfunc_end0:
	.size	gpio_cfg, .Lfunc_end0-gpio_cfg
	.cfi_endproc
	.cantunwind
	.fnend
                                        @ -- End function
	.section	.text.gpio_register_isr,"ax",%progbits
	.hidden	gpio_register_isr               @ -- Begin function gpio_register_isr
	.globl	gpio_register_isr
	.p2align	1
	.type	gpio_register_isr,%function
	.code	16                              @ @gpio_register_isr
	.thumb_func
gpio_register_isr:
.Lfunc_begin1:
	.loc	3 94 0                          @ ../../../components/platform/soc/rt582/rt582_driver/Src/gpio.c:94:0
	.fnstart
	.cfi_startproc
@ %bb.0:
	@DEBUG_VALUE: gpio_register_isr:pin <- $r0
	@DEBUG_VALUE: gpio_register_isr:pin <- $r0
	@DEBUG_VALUE: gpio_register_isr:app_gpio_callback <- $r1
	@DEBUG_VALUE: gpio_register_isr:app_gpio_callback <- $r1
	@DEBUG_VALUE: gpio_register_isr:param <- $r2
	@DEBUG_VALUE: gpio_register_isr:param <- $r2
	.loc	3 98 19 prologue_end            @ ../../../components/platform/soc/rt582/rt582_driver/Src/gpio.c:98:19
	movw	r12, :lower16:user_isr
	movt	r12, :upper16:user_isr
	add.w	r3, r12, r0, lsl #3
	.loc	3 98 32 is_stmt 0               @ ../../../components/platform/soc/rt582/rt582_driver/Src/gpio.c:98:32
	str.w	r1, [r12, r0, lsl #3]
	movw	r0, #57600
.Ltmp22:
	@DEBUG_VALUE: gpio_register_isr:pin <- [DW_OP_LLVM_entry_value 1] $r0
	.loc	3 99 32 is_stmt 1               @ ../../../components/platform/soc/rt582/rt582_driver/Src/gpio.c:99:32
	str	r2, [r3, #4]
.Ltmp23:
	@DEBUG_VALUE: __NVIC_EnableIRQ:IRQn <- 0
	.loc	3 0 32 is_stmt 0                @ ../../../components/platform/soc/rt582/rt582_driver/Src/gpio.c:0:32
	movt	r0, #57344
	movs	r1, #1
.Ltmp24:
	@DEBUG_VALUE: gpio_register_isr:app_gpio_callback <- [DW_OP_LLVM_entry_value 1] $r1
	.loc	6 1515 5 is_stmt 1              @ C:/Keil_v5/ARM/Pack/ARM/CMSIS/6.0.0/CMSIS/Core/Include\core_cm3.h:1515:5
	@APP
	@NO_APP
	.loc	6 1516 43                       @ C:/Keil_v5/ARM/Pack/ARM/CMSIS/6.0.0/CMSIS/Core/Include\core_cm3.h:1516:43
	str	r1, [r0]
	.loc	6 1517 5                        @ C:/Keil_v5/ARM/Pack/ARM/CMSIS/6.0.0/CMSIS/Core/Include\core_cm3.h:1517:5
	@APP
	@NO_APP
.Ltmp25:
	.loc	3 103 5                         @ ../../../components/platform/soc/rt582/rt582_driver/Src/gpio.c:103:5
	bx	lr
.Ltmp26:
.Lfunc_end1:
	.size	gpio_register_isr, .Lfunc_end1-gpio_register_isr
	.cfi_endproc
	.cantunwind
	.fnend
                                        @ -- End function
	.section	.text.gpio_handler,"ax",%progbits
	.hidden	gpio_handler                    @ -- Begin function gpio_handler
	.globl	gpio_handler
	.p2align	1
	.type	gpio_handler,%function
	.code	16                              @ @gpio_handler
	.thumb_func
gpio_handler:
.Lfunc_begin2:
	.loc	3 112 0                         @ ../../../components/platform/soc/rt582/rt582_driver/Src/gpio.c:112:0
	.fnstart
	.cfi_startproc
@ %bb.0:
	.save	{r4, r5, r6, r7, r8, lr}
	push.w	{r4, r5, r6, r7, r8, lr}
	.cfi_def_cfa_offset 24
	.cfi_offset lr, -4
	.cfi_offset r8, -8
	.cfi_offset r7, -12
	.cfi_offset r6, -16
	.cfi_offset r5, -20
	.cfi_offset r4, -24
	movw	r8, #4
	movt	r8, #16384
.Ltmp27:
	@DEBUG_VALUE: gpio_handler:Mask <- 1
	@DEBUG_VALUE: gpio_handler:i <- 0
	.loc	3 118 23 prologue_end           @ ../../../components/platform/soc/rt582/rt582_driver/Src/gpio.c:118:23
	ldr.w	r6, [r8]
.Ltmp28:
	@DEBUG_VALUE: gpio_handler:irq_state <- $r6
	.loc	3 0 23 is_stmt 0                @ ../../../components/platform/soc/rt582/rt582_driver/Src/gpio.c:0:23
	movw	r5, :lower16:user_isr
	movs	r7, #1
	movs	r4, #0
	movt	r5, :upper16:user_isr
.Ltmp29:
	.p2align	2
.LBB2_1:                                @ =>This Inner Loop Header: Depth=1
	@DEBUG_VALUE: gpio_handler:i <- $r4
	@DEBUG_VALUE: gpio_handler:Mask <- $r7
	.loc	3 123 13 is_stmt 1              @ ../../../components/platform/soc/rt582/rt582_driver/Src/gpio.c:123:13
	tst	r7, r6
	beq	.LBB2_4
.Ltmp30:
@ %bb.2:                                @   in Loop: Header=BB2_1 Depth=1
	@DEBUG_VALUE: gpio_handler:Mask <- $r7
	@DEBUG_VALUE: gpio_handler:i <- $r4
	.loc	3 125 35                        @ ../../../components/platform/soc/rt582/rt582_driver/Src/gpio.c:125:35
	ldr.w	r2, [r5, r4, lsl #3]
.Ltmp31:
	@DEBUG_VALUE: gpio_handler:app_isr <- $r2
	.loc	3 133 32                        @ ../../../components/platform/soc/rt582/rt582_driver/Src/gpio.c:133:32
	str.w	r7, [r8, #44]
	.loc	3 135 17                        @ ../../../components/platform/soc/rt582/rt582_driver/Src/gpio.c:135:17
	cbz	r2, .LBB2_4
.Ltmp32:
@ %bb.3:                                @   in Loop: Header=BB2_1 Depth=1
	@DEBUG_VALUE: gpio_handler:Mask <- $r7
	@DEBUG_VALUE: gpio_handler:i <- $r4
	@DEBUG_VALUE: gpio_handler:app_isr <- $r2
	.loc	3 137 40                        @ ../../../components/platform/soc/rt582/rt582_driver/Src/gpio.c:137:40
	add.w	r0, r5, r4, lsl #3
	ldr	r1, [r0, #4]
	.loc	3 137 17 is_stmt 0              @ ../../../components/platform/soc/rt582/rt582_driver/Src/gpio.c:137:17
	mov	r0, r4
	blx	r2
.Ltmp33:
.LBB2_4:                                @   in Loop: Header=BB2_1 Depth=1
	@DEBUG_VALUE: gpio_handler:Mask <- $r7
	@DEBUG_VALUE: gpio_handler:i <- $r4
	.loc	3 121 42 is_stmt 1              @ ../../../components/platform/soc/rt582/rt582_driver/Src/gpio.c:121:42
	adds	r4, #1
.Ltmp34:
	@DEBUG_VALUE: gpio_handler:i <- $r4
	.loc	3 121 5 is_stmt 0               @ ../../../components/platform/soc/rt582/rt582_driver/Src/gpio.c:121:5
	cmp	r4, #32
.Ltmp35:
	.loc	3 121 51                        @ ../../../components/platform/soc/rt582/rt582_driver/Src/gpio.c:121:51
	lsl.w	r7, r7, #1
.Ltmp36:
	@DEBUG_VALUE: gpio_handler:Mask <- $r7
	.loc	3 143 1 is_stmt 1               @ ../../../components/platform/soc/rt582/rt582_driver/Src/gpio.c:143:1
	it	eq
	popeq.w	{r4, r5, r6, r7, r8, pc}
.Ltmp37:
	.loc	3 0 1 is_stmt 0                 @ ../../../components/platform/soc/rt582/rt582_driver/Src/gpio.c:0:1
	b	.LBB2_1
.Ltmp38:
.Lfunc_end2:
	.size	gpio_handler, .Lfunc_end2-gpio_handler
	.cfi_endproc
	.cantunwind
	.fnend
                                        @ -- End function
	.type	user_isr,%object                @ @user_isr
	.section	.bss.user_isr,"aw",%nobits
	.p2align	2
user_isr:
	.zero	256
	.size	user_isr, 256

	.section	.debug_loc,"",%progbits
.Ldebug_loc0:
	.long	-1
	.long	.Lfunc_begin0                   @   base address
	.long	.Lfunc_begin0-.Lfunc_begin0
	.long	.Ltmp0-.Lfunc_begin0
	.short	1                               @ Loc expr size
	.byte	80                              @ DW_OP_reg0
	.long	.Ltmp0-.Lfunc_begin0
	.long	.Ltmp11-.Lfunc_begin0
	.short	1                               @ Loc expr size
	.byte	85                              @ DW_OP_reg5
	.long	.Ltmp12-.Lfunc_begin0
	.long	.Ltmp21-.Lfunc_begin0
	.short	1                               @ Loc expr size
	.byte	85                              @ DW_OP_reg5
	.long	0
	.long	0
.Ldebug_loc1:
	.long	-1
	.long	.Lfunc_begin0                   @   base address
	.long	.Lfunc_begin0-.Lfunc_begin0
	.long	.Ltmp6-.Lfunc_begin0
	.short	1                               @ Loc expr size
	.byte	81                              @ DW_OP_reg1
	.long	.Ltmp6-.Lfunc_begin0
	.long	.Ltmp8-.Lfunc_begin0
	.short	4                               @ Loc expr size
	.byte	243                             @ DW_OP_GNU_entry_value
	.byte	1                               @ 1
	.byte	81                              @ DW_OP_reg1
	.byte	159                             @ DW_OP_stack_value
	.long	.Ltmp8-.Lfunc_begin0
	.long	.Ltmp9-.Lfunc_begin0
	.short	1                               @ Loc expr size
	.byte	81                              @ DW_OP_reg1
	.long	0
	.long	0
.Ldebug_loc2:
	.long	-1
	.long	.Lfunc_begin0                   @   base address
	.long	.Lfunc_begin0-.Lfunc_begin0
	.long	.Ltmp1-.Lfunc_begin0
	.short	1                               @ Loc expr size
	.byte	82                              @ DW_OP_reg2
	.long	.Ltmp1-.Lfunc_begin0
	.long	.Ltmp2-.Lfunc_begin0
	.short	1                               @ Loc expr size
	.byte	84                              @ DW_OP_reg4
	.long	0
	.long	0
.Ldebug_loc3:
	.long	-1
	.long	.Lfunc_begin0                   @   base address
	.long	.Ltmp4-.Lfunc_begin0
	.long	.Ltmp11-.Lfunc_begin0
	.short	1                               @ Loc expr size
	.byte	87                              @ DW_OP_reg7
	.long	.Ltmp12-.Lfunc_begin0
	.long	.Ltmp21-.Lfunc_begin0
	.short	1                               @ Loc expr size
	.byte	87                              @ DW_OP_reg7
	.long	0
	.long	0
.Ldebug_loc4:
	.long	-1
	.long	.Lfunc_begin1                   @   base address
	.long	.Lfunc_begin1-.Lfunc_begin1
	.long	.Ltmp22-.Lfunc_begin1
	.short	1                               @ Loc expr size
	.byte	80                              @ DW_OP_reg0
	.long	.Ltmp22-.Lfunc_begin1
	.long	.Lfunc_end1-.Lfunc_begin1
	.short	4                               @ Loc expr size
	.byte	243                             @ DW_OP_GNU_entry_value
	.byte	1                               @ 1
	.byte	80                              @ DW_OP_reg0
	.byte	159                             @ DW_OP_stack_value
	.long	0
	.long	0
.Ldebug_loc5:
	.long	-1
	.long	.Lfunc_begin1                   @   base address
	.long	.Lfunc_begin1-.Lfunc_begin1
	.long	.Ltmp24-.Lfunc_begin1
	.short	1                               @ Loc expr size
	.byte	81                              @ DW_OP_reg1
	.long	.Ltmp24-.Lfunc_begin1
	.long	.Lfunc_end1-.Lfunc_begin1
	.short	4                               @ Loc expr size
	.byte	243                             @ DW_OP_GNU_entry_value
	.byte	1                               @ 1
	.byte	81                              @ DW_OP_reg1
	.byte	159                             @ DW_OP_stack_value
	.long	0
	.long	0
.Ldebug_loc6:
	.long	-1
	.long	.Lfunc_begin2                   @   base address
	.long	.Ltmp27-.Lfunc_begin2
	.long	.Ltmp29-.Lfunc_begin2
	.short	2                               @ Loc expr size
	.byte	49                              @ DW_OP_lit1
	.byte	159                             @ DW_OP_stack_value
	.long	.Ltmp29-.Lfunc_begin2
	.long	.Ltmp37-.Lfunc_begin2
	.short	1                               @ Loc expr size
	.byte	87                              @ DW_OP_reg7
	.long	0
	.long	0
.Ldebug_loc7:
	.long	-1
	.long	.Lfunc_begin2                   @   base address
	.long	.Ltmp27-.Lfunc_begin2
	.long	.Ltmp29-.Lfunc_begin2
	.short	2                               @ Loc expr size
	.byte	48                              @ DW_OP_lit0
	.byte	159                             @ DW_OP_stack_value
	.long	.Ltmp29-.Lfunc_begin2
	.long	.Ltmp37-.Lfunc_begin2
	.short	1                               @ Loc expr size
	.byte	84                              @ DW_OP_reg4
	.long	0
	.long	0
.Ldebug_loc8:
	.long	-1
	.long	.Lfunc_begin2                   @   base address
	.long	.Ltmp28-.Lfunc_begin2
	.long	.Ltmp29-.Lfunc_begin2
	.short	1                               @ Loc expr size
	.byte	86                              @ DW_OP_reg6
	.long	0
	.long	0
.Ldebug_loc9:
	.long	-1
	.long	.Lfunc_begin2                   @   base address
	.long	.Ltmp31-.Lfunc_begin2
	.long	.Ltmp33-.Lfunc_begin2
	.short	1                               @ Loc expr size
	.byte	82                              @ DW_OP_reg2
	.long	0
	.long	0
	.section	.debug_abbrev,"",%progbits
	.byte	1                               @ Abbreviation Code
	.byte	17                              @ DW_TAG_compile_unit
	.byte	1                               @ DW_CHILDREN_yes
	.byte	37                              @ DW_AT_producer
	.byte	14                              @ DW_FORM_strp
	.byte	19                              @ DW_AT_language
	.byte	5                               @ DW_FORM_data2
	.byte	3                               @ DW_AT_name
	.byte	14                              @ DW_FORM_strp
	.byte	16                              @ DW_AT_stmt_list
	.byte	23                              @ DW_FORM_sec_offset
	.byte	27                              @ DW_AT_comp_dir
	.byte	14                              @ DW_FORM_strp
	.byte	17                              @ DW_AT_low_pc
	.byte	1                               @ DW_FORM_addr
	.byte	85                              @ DW_AT_ranges
	.byte	23                              @ DW_FORM_sec_offset
	.byte	0                               @ EOM(1)
	.byte	0                               @ EOM(2)
	.byte	2                               @ Abbreviation Code
	.byte	52                              @ DW_TAG_variable
	.byte	0                               @ DW_CHILDREN_no
	.byte	3                               @ DW_AT_name
	.byte	14                              @ DW_FORM_strp
	.byte	73                              @ DW_AT_type
	.byte	19                              @ DW_FORM_ref4
	.byte	58                              @ DW_AT_decl_file
	.byte	11                              @ DW_FORM_data1
	.byte	59                              @ DW_AT_decl_line
	.byte	11                              @ DW_FORM_data1
	.byte	2                               @ DW_AT_location
	.byte	24                              @ DW_FORM_exprloc
	.byte	0                               @ EOM(1)
	.byte	0                               @ EOM(2)
	.byte	3                               @ Abbreviation Code
	.byte	1                               @ DW_TAG_array_type
	.byte	1                               @ DW_CHILDREN_yes
	.byte	73                              @ DW_AT_type
	.byte	19                              @ DW_FORM_ref4
	.byte	0                               @ EOM(1)
	.byte	0                               @ EOM(2)
	.byte	4                               @ Abbreviation Code
	.byte	33                              @ DW_TAG_subrange_type
	.byte	0                               @ DW_CHILDREN_no
	.byte	73                              @ DW_AT_type
	.byte	19                              @ DW_FORM_ref4
	.byte	55                              @ DW_AT_count
	.byte	11                              @ DW_FORM_data1
	.byte	0                               @ EOM(1)
	.byte	0                               @ EOM(2)
	.byte	5                               @ Abbreviation Code
	.byte	22                              @ DW_TAG_typedef
	.byte	0                               @ DW_CHILDREN_no
	.byte	73                              @ DW_AT_type
	.byte	19                              @ DW_FORM_ref4
	.byte	3                               @ DW_AT_name
	.byte	14                              @ DW_FORM_strp
	.byte	58                              @ DW_AT_decl_file
	.byte	11                              @ DW_FORM_data1
	.byte	59                              @ DW_AT_decl_line
	.byte	11                              @ DW_FORM_data1
	.byte	0                               @ EOM(1)
	.byte	0                               @ EOM(2)
	.byte	6                               @ Abbreviation Code
	.byte	19                              @ DW_TAG_structure_type
	.byte	1                               @ DW_CHILDREN_yes
	.byte	11                              @ DW_AT_byte_size
	.byte	11                              @ DW_FORM_data1
	.byte	58                              @ DW_AT_decl_file
	.byte	11                              @ DW_FORM_data1
	.byte	59                              @ DW_AT_decl_line
	.byte	11                              @ DW_FORM_data1
	.byte	0                               @ EOM(1)
	.byte	0                               @ EOM(2)
	.byte	7                               @ Abbreviation Code
	.byte	13                              @ DW_TAG_member
	.byte	0                               @ DW_CHILDREN_no
	.byte	3                               @ DW_AT_name
	.byte	14                              @ DW_FORM_strp
	.byte	73                              @ DW_AT_type
	.byte	19                              @ DW_FORM_ref4
	.byte	58                              @ DW_AT_decl_file
	.byte	11                              @ DW_FORM_data1
	.byte	59                              @ DW_AT_decl_line
	.byte	11                              @ DW_FORM_data1
	.byte	56                              @ DW_AT_data_member_location
	.byte	11                              @ DW_FORM_data1
	.byte	0                               @ EOM(1)
	.byte	0                               @ EOM(2)
	.byte	8                               @ Abbreviation Code
	.byte	15                              @ DW_TAG_pointer_type
	.byte	0                               @ DW_CHILDREN_no
	.byte	73                              @ DW_AT_type
	.byte	19                              @ DW_FORM_ref4
	.byte	0                               @ EOM(1)
	.byte	0                               @ EOM(2)
	.byte	9                               @ Abbreviation Code
	.byte	21                              @ DW_TAG_subroutine_type
	.byte	1                               @ DW_CHILDREN_yes
	.byte	39                              @ DW_AT_prototyped
	.byte	25                              @ DW_FORM_flag_present
	.byte	0                               @ EOM(1)
	.byte	0                               @ EOM(2)
	.byte	10                              @ Abbreviation Code
	.byte	5                               @ DW_TAG_formal_parameter
	.byte	0                               @ DW_CHILDREN_no
	.byte	73                              @ DW_AT_type
	.byte	19                              @ DW_FORM_ref4
	.byte	0                               @ EOM(1)
	.byte	0                               @ EOM(2)
	.byte	11                              @ Abbreviation Code
	.byte	36                              @ DW_TAG_base_type
	.byte	0                               @ DW_CHILDREN_no
	.byte	3                               @ DW_AT_name
	.byte	14                              @ DW_FORM_strp
	.byte	62                              @ DW_AT_encoding
	.byte	11                              @ DW_FORM_data1
	.byte	11                              @ DW_AT_byte_size
	.byte	11                              @ DW_FORM_data1
	.byte	0                               @ EOM(1)
	.byte	0                               @ EOM(2)
	.byte	12                              @ Abbreviation Code
	.byte	15                              @ DW_TAG_pointer_type
	.byte	0                               @ DW_CHILDREN_no
	.byte	0                               @ EOM(1)
	.byte	0                               @ EOM(2)
	.byte	13                              @ Abbreviation Code
	.byte	36                              @ DW_TAG_base_type
	.byte	0                               @ DW_CHILDREN_no
	.byte	3                               @ DW_AT_name
	.byte	14                              @ DW_FORM_strp
	.byte	11                              @ DW_AT_byte_size
	.byte	11                              @ DW_FORM_data1
	.byte	62                              @ DW_AT_encoding
	.byte	11                              @ DW_FORM_data1
	.byte	0                               @ EOM(1)
	.byte	0                               @ EOM(2)
	.byte	14                              @ Abbreviation Code
	.byte	4                               @ DW_TAG_enumeration_type
	.byte	1                               @ DW_CHILDREN_yes
	.byte	73                              @ DW_AT_type
	.byte	19                              @ DW_FORM_ref4
	.byte	11                              @ DW_AT_byte_size
	.byte	11                              @ DW_FORM_data1
	.byte	58                              @ DW_AT_decl_file
	.byte	11                              @ DW_FORM_data1
	.byte	59                              @ DW_AT_decl_line
	.byte	11                              @ DW_FORM_data1
	.byte	0                               @ EOM(1)
	.byte	0                               @ EOM(2)
	.byte	15                              @ Abbreviation Code
	.byte	40                              @ DW_TAG_enumerator
	.byte	0                               @ DW_CHILDREN_no
	.byte	3                               @ DW_AT_name
	.byte	14                              @ DW_FORM_strp
	.byte	28                              @ DW_AT_const_value
	.byte	15                              @ DW_FORM_udata
	.byte	0                               @ EOM(1)
	.byte	0                               @ EOM(2)
	.byte	16                              @ Abbreviation Code
	.byte	4                               @ DW_TAG_enumeration_type
	.byte	1                               @ DW_CHILDREN_yes
	.byte	73                              @ DW_AT_type
	.byte	19                              @ DW_FORM_ref4
	.byte	3                               @ DW_AT_name
	.byte	14                              @ DW_FORM_strp
	.byte	11                              @ DW_AT_byte_size
	.byte	11                              @ DW_FORM_data1
	.byte	58                              @ DW_AT_decl_file
	.byte	11                              @ DW_FORM_data1
	.byte	59                              @ DW_AT_decl_line
	.byte	11                              @ DW_FORM_data1
	.byte	0                               @ EOM(1)
	.byte	0                               @ EOM(2)
	.byte	17                              @ Abbreviation Code
	.byte	40                              @ DW_TAG_enumerator
	.byte	0                               @ DW_CHILDREN_no
	.byte	3                               @ DW_AT_name
	.byte	14                              @ DW_FORM_strp
	.byte	28                              @ DW_AT_const_value
	.byte	13                              @ DW_FORM_sdata
	.byte	0                               @ EOM(1)
	.byte	0                               @ EOM(2)
	.byte	18                              @ Abbreviation Code
	.byte	53                              @ DW_TAG_volatile_type
	.byte	0                               @ DW_CHILDREN_no
	.byte	73                              @ DW_AT_type
	.byte	19                              @ DW_FORM_ref4
	.byte	0                               @ EOM(1)
	.byte	0                               @ EOM(2)
	.byte	19                              @ Abbreviation Code
	.byte	22                              @ DW_TAG_typedef
	.byte	0                               @ DW_CHILDREN_no
	.byte	73                              @ DW_AT_type
	.byte	19                              @ DW_FORM_ref4
	.byte	3                               @ DW_AT_name
	.byte	14                              @ DW_FORM_strp
	.byte	58                              @ DW_AT_decl_file
	.byte	11                              @ DW_FORM_data1
	.byte	59                              @ DW_AT_decl_line
	.byte	5                               @ DW_FORM_data2
	.byte	0                               @ EOM(1)
	.byte	0                               @ EOM(2)
	.byte	20                              @ Abbreviation Code
	.byte	19                              @ DW_TAG_structure_type
	.byte	1                               @ DW_CHILDREN_yes
	.byte	11                              @ DW_AT_byte_size
	.byte	5                               @ DW_FORM_data2
	.byte	58                              @ DW_AT_decl_file
	.byte	11                              @ DW_FORM_data1
	.byte	59                              @ DW_AT_decl_line
	.byte	5                               @ DW_FORM_data2
	.byte	0                               @ EOM(1)
	.byte	0                               @ EOM(2)
	.byte	21                              @ Abbreviation Code
	.byte	13                              @ DW_TAG_member
	.byte	0                               @ DW_CHILDREN_no
	.byte	3                               @ DW_AT_name
	.byte	14                              @ DW_FORM_strp
	.byte	73                              @ DW_AT_type
	.byte	19                              @ DW_FORM_ref4
	.byte	58                              @ DW_AT_decl_file
	.byte	11                              @ DW_FORM_data1
	.byte	59                              @ DW_AT_decl_line
	.byte	5                               @ DW_FORM_data2
	.byte	56                              @ DW_AT_data_member_location
	.byte	11                              @ DW_FORM_data1
	.byte	0                               @ EOM(1)
	.byte	0                               @ EOM(2)
	.byte	22                              @ Abbreviation Code
	.byte	13                              @ DW_TAG_member
	.byte	0                               @ DW_CHILDREN_no
	.byte	3                               @ DW_AT_name
	.byte	14                              @ DW_FORM_strp
	.byte	73                              @ DW_AT_type
	.byte	19                              @ DW_FORM_ref4
	.byte	58                              @ DW_AT_decl_file
	.byte	11                              @ DW_FORM_data1
	.byte	59                              @ DW_AT_decl_line
	.byte	5                               @ DW_FORM_data2
	.byte	56                              @ DW_AT_data_member_location
	.byte	5                               @ DW_FORM_data2
	.byte	0                               @ EOM(1)
	.byte	0                               @ EOM(2)
	.byte	23                              @ Abbreviation Code
	.byte	33                              @ DW_TAG_subrange_type
	.byte	0                               @ DW_CHILDREN_no
	.byte	73                              @ DW_AT_type
	.byte	19                              @ DW_FORM_ref4
	.byte	55                              @ DW_AT_count
	.byte	5                               @ DW_FORM_data2
	.byte	0                               @ EOM(1)
	.byte	0                               @ EOM(2)
	.byte	24                              @ Abbreviation Code
	.byte	46                              @ DW_TAG_subprogram
	.byte	1                               @ DW_CHILDREN_yes
	.byte	17                              @ DW_AT_low_pc
	.byte	1                               @ DW_FORM_addr
	.byte	18                              @ DW_AT_high_pc
	.byte	6                               @ DW_FORM_data4
	.byte	64                              @ DW_AT_frame_base
	.byte	24                              @ DW_FORM_exprloc
	.ascii	"\227B"                         @ DW_AT_GNU_all_call_sites
	.byte	25                              @ DW_FORM_flag_present
	.byte	3                               @ DW_AT_name
	.byte	14                              @ DW_FORM_strp
	.byte	58                              @ DW_AT_decl_file
	.byte	11                              @ DW_FORM_data1
	.byte	59                              @ DW_AT_decl_line
	.byte	11                              @ DW_FORM_data1
	.byte	39                              @ DW_AT_prototyped
	.byte	25                              @ DW_FORM_flag_present
	.byte	63                              @ DW_AT_external
	.byte	25                              @ DW_FORM_flag_present
	.byte	0                               @ EOM(1)
	.byte	0                               @ EOM(2)
	.byte	25                              @ Abbreviation Code
	.byte	5                               @ DW_TAG_formal_parameter
	.byte	0                               @ DW_CHILDREN_no
	.byte	2                               @ DW_AT_location
	.byte	23                              @ DW_FORM_sec_offset
	.byte	3                               @ DW_AT_name
	.byte	14                              @ DW_FORM_strp
	.byte	58                              @ DW_AT_decl_file
	.byte	11                              @ DW_FORM_data1
	.byte	59                              @ DW_AT_decl_line
	.byte	11                              @ DW_FORM_data1
	.byte	73                              @ DW_AT_type
	.byte	19                              @ DW_FORM_ref4
	.byte	0                               @ EOM(1)
	.byte	0                               @ EOM(2)
	.byte	26                              @ Abbreviation Code
	.byte	52                              @ DW_TAG_variable
	.byte	0                               @ DW_CHILDREN_no
	.byte	2                               @ DW_AT_location
	.byte	23                              @ DW_FORM_sec_offset
	.byte	3                               @ DW_AT_name
	.byte	14                              @ DW_FORM_strp
	.byte	58                              @ DW_AT_decl_file
	.byte	11                              @ DW_FORM_data1
	.byte	59                              @ DW_AT_decl_line
	.byte	11                              @ DW_FORM_data1
	.byte	73                              @ DW_AT_type
	.byte	19                              @ DW_FORM_ref4
	.byte	0                               @ EOM(1)
	.byte	0                               @ EOM(2)
	.byte	27                              @ Abbreviation Code
	.byte	46                              @ DW_TAG_subprogram
	.byte	1                               @ DW_CHILDREN_yes
	.byte	3                               @ DW_AT_name
	.byte	14                              @ DW_FORM_strp
	.byte	58                              @ DW_AT_decl_file
	.byte	11                              @ DW_FORM_data1
	.byte	59                              @ DW_AT_decl_line
	.byte	5                               @ DW_FORM_data2
	.byte	39                              @ DW_AT_prototyped
	.byte	25                              @ DW_FORM_flag_present
	.byte	32                              @ DW_AT_inline
	.byte	11                              @ DW_FORM_data1
	.byte	0                               @ EOM(1)
	.byte	0                               @ EOM(2)
	.byte	28                              @ Abbreviation Code
	.byte	5                               @ DW_TAG_formal_parameter
	.byte	0                               @ DW_CHILDREN_no
	.byte	3                               @ DW_AT_name
	.byte	14                              @ DW_FORM_strp
	.byte	58                              @ DW_AT_decl_file
	.byte	11                              @ DW_FORM_data1
	.byte	59                              @ DW_AT_decl_line
	.byte	5                               @ DW_FORM_data2
	.byte	73                              @ DW_AT_type
	.byte	19                              @ DW_FORM_ref4
	.byte	0                               @ EOM(1)
	.byte	0                               @ EOM(2)
	.byte	29                              @ Abbreviation Code
	.byte	5                               @ DW_TAG_formal_parameter
	.byte	0                               @ DW_CHILDREN_no
	.byte	2                               @ DW_AT_location
	.byte	24                              @ DW_FORM_exprloc
	.byte	3                               @ DW_AT_name
	.byte	14                              @ DW_FORM_strp
	.byte	58                              @ DW_AT_decl_file
	.byte	11                              @ DW_FORM_data1
	.byte	59                              @ DW_AT_decl_line
	.byte	11                              @ DW_FORM_data1
	.byte	73                              @ DW_AT_type
	.byte	19                              @ DW_FORM_ref4
	.byte	0                               @ EOM(1)
	.byte	0                               @ EOM(2)
	.byte	30                              @ Abbreviation Code
	.byte	29                              @ DW_TAG_inlined_subroutine
	.byte	1                               @ DW_CHILDREN_yes
	.byte	49                              @ DW_AT_abstract_origin
	.byte	19                              @ DW_FORM_ref4
	.byte	17                              @ DW_AT_low_pc
	.byte	1                               @ DW_FORM_addr
	.byte	18                              @ DW_AT_high_pc
	.byte	6                               @ DW_FORM_data4
	.byte	88                              @ DW_AT_call_file
	.byte	11                              @ DW_FORM_data1
	.byte	89                              @ DW_AT_call_line
	.byte	11                              @ DW_FORM_data1
	.byte	87                              @ DW_AT_call_column
	.byte	11                              @ DW_FORM_data1
	.byte	0                               @ EOM(1)
	.byte	0                               @ EOM(2)
	.byte	31                              @ Abbreviation Code
	.byte	5                               @ DW_TAG_formal_parameter
	.byte	0                               @ DW_CHILDREN_no
	.byte	28                              @ DW_AT_const_value
	.byte	13                              @ DW_FORM_sdata
	.byte	49                              @ DW_AT_abstract_origin
	.byte	19                              @ DW_FORM_ref4
	.byte	0                               @ EOM(1)
	.byte	0                               @ EOM(2)
	.byte	0                               @ EOM(3)
	.section	.debug_info,"",%progbits
.Lcu_begin0:
	.long	.Ldebug_info_end0-.Ldebug_info_start0 @ Length of Unit
.Ldebug_info_start0:
	.short	4                               @ DWARF version number
	.long	.debug_abbrev                   @ Offset Into Abbrev. Section
	.byte	4                               @ Address Size (in bytes)
	.byte	1                               @ Abbrev [1] 0xb:0x531 DW_TAG_compile_unit
	.long	.Linfo_string0                  @ DW_AT_producer
	.short	12                              @ DW_AT_language
	.long	.Linfo_string1                  @ DW_AT_name
	.long	.Lline_table_start0             @ DW_AT_stmt_list
	.long	.Linfo_string2                  @ DW_AT_comp_dir
	.long	0                               @ DW_AT_low_pc
	.long	.Ldebug_ranges0                 @ DW_AT_ranges
	.byte	2                               @ Abbrev [2] 0x26:0x11 DW_TAG_variable
	.long	.Linfo_string3                  @ DW_AT_name
	.long	55                              @ DW_AT_type
	.byte	3                               @ DW_AT_decl_file
	.byte	21                              @ DW_AT_decl_line
	.byte	5                               @ DW_AT_location
	.byte	3
	.long	user_isr
	.byte	3                               @ Abbrev [3] 0x37:0xc DW_TAG_array_type
	.long	67                              @ DW_AT_type
	.byte	4                               @ Abbrev [4] 0x3c:0x6 DW_TAG_subrange_type
	.long	154                             @ DW_AT_type
	.byte	32                              @ DW_AT_count
	.byte	0                               @ End Of Children Mark
	.byte	5                               @ Abbrev [5] 0x43:0xb DW_TAG_typedef
	.long	78                              @ DW_AT_type
	.long	.Linfo_string9                  @ DW_AT_name
	.byte	3                               @ DW_AT_decl_file
	.byte	19                              @ DW_AT_decl_line
	.byte	6                               @ Abbrev [6] 0x4e:0x1d DW_TAG_structure_type
	.byte	8                               @ DW_AT_byte_size
	.byte	3                               @ DW_AT_decl_file
	.byte	15                              @ DW_AT_decl_line
	.byte	7                               @ Abbrev [7] 0x52:0xc DW_TAG_member
	.long	.Linfo_string4                  @ DW_AT_name
	.long	107                             @ DW_AT_type
	.byte	3                               @ DW_AT_decl_file
	.byte	17                              @ DW_AT_decl_line
	.byte	0                               @ DW_AT_data_member_location
	.byte	7                               @ Abbrev [7] 0x5e:0xc DW_TAG_member
	.long	.Linfo_string8                  @ DW_AT_name
	.long	153                             @ DW_AT_type
	.byte	3                               @ DW_AT_decl_file
	.byte	18                              @ DW_AT_decl_line
	.byte	4                               @ DW_AT_data_member_location
	.byte	0                               @ End Of Children Mark
	.byte	5                               @ Abbrev [5] 0x6b:0xb DW_TAG_typedef
	.long	118                             @ DW_AT_type
	.long	.Linfo_string7                  @ DW_AT_name
	.byte	2                               @ DW_AT_decl_file
	.byte	87                              @ DW_AT_decl_line
	.byte	8                               @ Abbrev [8] 0x76:0x5 DW_TAG_pointer_type
	.long	123                             @ DW_AT_type
	.byte	9                               @ Abbrev [9] 0x7b:0xc DW_TAG_subroutine_type
                                        @ DW_AT_prototyped
	.byte	10                              @ Abbrev [10] 0x7c:0x5 DW_TAG_formal_parameter
	.long	135                             @ DW_AT_type
	.byte	10                              @ Abbrev [10] 0x81:0x5 DW_TAG_formal_parameter
	.long	153                             @ DW_AT_type
	.byte	0                               @ End Of Children Mark
	.byte	5                               @ Abbrev [5] 0x87:0xb DW_TAG_typedef
	.long	146                             @ DW_AT_type
	.long	.Linfo_string6                  @ DW_AT_name
	.byte	1                               @ DW_AT_decl_file
	.byte	64                              @ DW_AT_decl_line
	.byte	11                              @ Abbrev [11] 0x92:0x7 DW_TAG_base_type
	.long	.Linfo_string5                  @ DW_AT_name
	.byte	7                               @ DW_AT_encoding
	.byte	4                               @ DW_AT_byte_size
	.byte	12                              @ Abbrev [12] 0x99:0x1 DW_TAG_pointer_type
	.byte	13                              @ Abbrev [13] 0x9a:0x7 DW_TAG_base_type
	.long	.Linfo_string10                 @ DW_AT_name
	.byte	8                               @ DW_AT_byte_size
	.byte	7                               @ DW_AT_encoding
	.byte	14                              @ Abbrev [14] 0xa1:0x1b DW_TAG_enumeration_type
	.long	146                             @ DW_AT_type
	.byte	4                               @ DW_AT_byte_size
	.byte	2                               @ DW_AT_decl_file
	.byte	50                              @ DW_AT_decl_line
	.byte	15                              @ Abbrev [15] 0xa9:0x6 DW_TAG_enumerator
	.long	.Linfo_string11                 @ DW_AT_name
	.byte	0                               @ DW_AT_const_value
	.byte	15                              @ Abbrev [15] 0xaf:0x6 DW_TAG_enumerator
	.long	.Linfo_string12                 @ DW_AT_name
	.byte	1                               @ DW_AT_const_value
	.byte	15                              @ Abbrev [15] 0xb5:0x6 DW_TAG_enumerator
	.long	.Linfo_string13                 @ DW_AT_name
	.byte	2                               @ DW_AT_const_value
	.byte	0                               @ End Of Children Mark
	.byte	14                              @ Abbrev [14] 0xbc:0x2d DW_TAG_enumeration_type
	.long	146                             @ DW_AT_type
	.byte	4                               @ DW_AT_byte_size
	.byte	2                               @ DW_AT_decl_file
	.byte	61                              @ DW_AT_decl_line
	.byte	15                              @ Abbrev [15] 0xc4:0x6 DW_TAG_enumerator
	.long	.Linfo_string14                 @ DW_AT_name
	.byte	0                               @ DW_AT_const_value
	.byte	15                              @ Abbrev [15] 0xca:0x6 DW_TAG_enumerator
	.long	.Linfo_string15                 @ DW_AT_name
	.byte	1                               @ DW_AT_const_value
	.byte	15                              @ Abbrev [15] 0xd0:0x6 DW_TAG_enumerator
	.long	.Linfo_string16                 @ DW_AT_name
	.byte	2                               @ DW_AT_const_value
	.byte	15                              @ Abbrev [15] 0xd6:0x6 DW_TAG_enumerator
	.long	.Linfo_string17                 @ DW_AT_name
	.byte	3                               @ DW_AT_const_value
	.byte	15                              @ Abbrev [15] 0xdc:0x6 DW_TAG_enumerator
	.long	.Linfo_string18                 @ DW_AT_name
	.byte	4                               @ DW_AT_const_value
	.byte	15                              @ Abbrev [15] 0xe2:0x6 DW_TAG_enumerator
	.long	.Linfo_string19                 @ DW_AT_name
	.byte	5                               @ DW_AT_const_value
	.byte	0                               @ End Of Children Mark
	.byte	16                              @ Abbrev [16] 0xe9:0x109 DW_TAG_enumeration_type
	.long	498                             @ DW_AT_type
	.long	.Linfo_string63                 @ DW_AT_name
	.byte	4                               @ DW_AT_byte_size
	.byte	4                               @ DW_AT_decl_file
	.byte	42                              @ DW_AT_decl_line
	.byte	17                              @ Abbrev [17] 0xf5:0x6 DW_TAG_enumerator
	.long	.Linfo_string21                 @ DW_AT_name
	.byte	114                             @ DW_AT_const_value
	.byte	17                              @ Abbrev [17] 0xfb:0x6 DW_TAG_enumerator
	.long	.Linfo_string22                 @ DW_AT_name
	.byte	115                             @ DW_AT_const_value
	.byte	17                              @ Abbrev [17] 0x101:0x6 DW_TAG_enumerator
	.long	.Linfo_string23                 @ DW_AT_name
	.byte	116                             @ DW_AT_const_value
	.byte	17                              @ Abbrev [17] 0x107:0x6 DW_TAG_enumerator
	.long	.Linfo_string24                 @ DW_AT_name
	.byte	117                             @ DW_AT_const_value
	.byte	17                              @ Abbrev [17] 0x10d:0x6 DW_TAG_enumerator
	.long	.Linfo_string25                 @ DW_AT_name
	.byte	118                             @ DW_AT_const_value
	.byte	17                              @ Abbrev [17] 0x113:0x6 DW_TAG_enumerator
	.long	.Linfo_string26                 @ DW_AT_name
	.byte	123                             @ DW_AT_const_value
	.byte	17                              @ Abbrev [17] 0x119:0x6 DW_TAG_enumerator
	.long	.Linfo_string27                 @ DW_AT_name
	.byte	124                             @ DW_AT_const_value
	.byte	17                              @ Abbrev [17] 0x11f:0x6 DW_TAG_enumerator
	.long	.Linfo_string28                 @ DW_AT_name
	.byte	126                             @ DW_AT_const_value
	.byte	17                              @ Abbrev [17] 0x125:0x6 DW_TAG_enumerator
	.long	.Linfo_string29                 @ DW_AT_name
	.byte	127                             @ DW_AT_const_value
	.byte	17                              @ Abbrev [17] 0x12b:0x6 DW_TAG_enumerator
	.long	.Linfo_string30                 @ DW_AT_name
	.byte	0                               @ DW_AT_const_value
	.byte	17                              @ Abbrev [17] 0x131:0x6 DW_TAG_enumerator
	.long	.Linfo_string31                 @ DW_AT_name
	.byte	1                               @ DW_AT_const_value
	.byte	17                              @ Abbrev [17] 0x137:0x6 DW_TAG_enumerator
	.long	.Linfo_string32                 @ DW_AT_name
	.byte	2                               @ DW_AT_const_value
	.byte	17                              @ Abbrev [17] 0x13d:0x6 DW_TAG_enumerator
	.long	.Linfo_string33                 @ DW_AT_name
	.byte	3                               @ DW_AT_const_value
	.byte	17                              @ Abbrev [17] 0x143:0x6 DW_TAG_enumerator
	.long	.Linfo_string34                 @ DW_AT_name
	.byte	4                               @ DW_AT_const_value
	.byte	17                              @ Abbrev [17] 0x149:0x6 DW_TAG_enumerator
	.long	.Linfo_string35                 @ DW_AT_name
	.byte	5                               @ DW_AT_const_value
	.byte	17                              @ Abbrev [17] 0x14f:0x6 DW_TAG_enumerator
	.long	.Linfo_string36                 @ DW_AT_name
	.byte	6                               @ DW_AT_const_value
	.byte	17                              @ Abbrev [17] 0x155:0x6 DW_TAG_enumerator
	.long	.Linfo_string37                 @ DW_AT_name
	.byte	7                               @ DW_AT_const_value
	.byte	17                              @ Abbrev [17] 0x15b:0x6 DW_TAG_enumerator
	.long	.Linfo_string38                 @ DW_AT_name
	.byte	8                               @ DW_AT_const_value
	.byte	17                              @ Abbrev [17] 0x161:0x6 DW_TAG_enumerator
	.long	.Linfo_string39                 @ DW_AT_name
	.byte	9                               @ DW_AT_const_value
	.byte	17                              @ Abbrev [17] 0x167:0x6 DW_TAG_enumerator
	.long	.Linfo_string40                 @ DW_AT_name
	.byte	10                              @ DW_AT_const_value
	.byte	17                              @ Abbrev [17] 0x16d:0x6 DW_TAG_enumerator
	.long	.Linfo_string41                 @ DW_AT_name
	.byte	11                              @ DW_AT_const_value
	.byte	17                              @ Abbrev [17] 0x173:0x6 DW_TAG_enumerator
	.long	.Linfo_string42                 @ DW_AT_name
	.byte	12                              @ DW_AT_const_value
	.byte	17                              @ Abbrev [17] 0x179:0x6 DW_TAG_enumerator
	.long	.Linfo_string43                 @ DW_AT_name
	.byte	13                              @ DW_AT_const_value
	.byte	17                              @ Abbrev [17] 0x17f:0x6 DW_TAG_enumerator
	.long	.Linfo_string44                 @ DW_AT_name
	.byte	14                              @ DW_AT_const_value
	.byte	17                              @ Abbrev [17] 0x185:0x6 DW_TAG_enumerator
	.long	.Linfo_string45                 @ DW_AT_name
	.byte	15                              @ DW_AT_const_value
	.byte	17                              @ Abbrev [17] 0x18b:0x6 DW_TAG_enumerator
	.long	.Linfo_string46                 @ DW_AT_name
	.byte	16                              @ DW_AT_const_value
	.byte	17                              @ Abbrev [17] 0x191:0x6 DW_TAG_enumerator
	.long	.Linfo_string47                 @ DW_AT_name
	.byte	17                              @ DW_AT_const_value
	.byte	17                              @ Abbrev [17] 0x197:0x6 DW_TAG_enumerator
	.long	.Linfo_string48                 @ DW_AT_name
	.byte	18                              @ DW_AT_const_value
	.byte	17                              @ Abbrev [17] 0x19d:0x6 DW_TAG_enumerator
	.long	.Linfo_string49                 @ DW_AT_name
	.byte	19                              @ DW_AT_const_value
	.byte	17                              @ Abbrev [17] 0x1a3:0x6 DW_TAG_enumerator
	.long	.Linfo_string50                 @ DW_AT_name
	.byte	20                              @ DW_AT_const_value
	.byte	17                              @ Abbrev [17] 0x1a9:0x6 DW_TAG_enumerator
	.long	.Linfo_string51                 @ DW_AT_name
	.byte	21                              @ DW_AT_const_value
	.byte	17                              @ Abbrev [17] 0x1af:0x6 DW_TAG_enumerator
	.long	.Linfo_string52                 @ DW_AT_name
	.byte	22                              @ DW_AT_const_value
	.byte	17                              @ Abbrev [17] 0x1b5:0x6 DW_TAG_enumerator
	.long	.Linfo_string53                 @ DW_AT_name
	.byte	23                              @ DW_AT_const_value
	.byte	17                              @ Abbrev [17] 0x1bb:0x6 DW_TAG_enumerator
	.long	.Linfo_string54                 @ DW_AT_name
	.byte	24                              @ DW_AT_const_value
	.byte	17                              @ Abbrev [17] 0x1c1:0x6 DW_TAG_enumerator
	.long	.Linfo_string55                 @ DW_AT_name
	.byte	25                              @ DW_AT_const_value
	.byte	17                              @ Abbrev [17] 0x1c7:0x6 DW_TAG_enumerator
	.long	.Linfo_string56                 @ DW_AT_name
	.byte	26                              @ DW_AT_const_value
	.byte	17                              @ Abbrev [17] 0x1cd:0x6 DW_TAG_enumerator
	.long	.Linfo_string57                 @ DW_AT_name
	.byte	27                              @ DW_AT_const_value
	.byte	17                              @ Abbrev [17] 0x1d3:0x6 DW_TAG_enumerator
	.long	.Linfo_string58                 @ DW_AT_name
	.byte	28                              @ DW_AT_const_value
	.byte	17                              @ Abbrev [17] 0x1d9:0x6 DW_TAG_enumerator
	.long	.Linfo_string59                 @ DW_AT_name
	.byte	29                              @ DW_AT_const_value
	.byte	17                              @ Abbrev [17] 0x1df:0x6 DW_TAG_enumerator
	.long	.Linfo_string60                 @ DW_AT_name
	.byte	30                              @ DW_AT_const_value
	.byte	17                              @ Abbrev [17] 0x1e5:0x6 DW_TAG_enumerator
	.long	.Linfo_string61                 @ DW_AT_name
	.byte	31                              @ DW_AT_const_value
	.byte	17                              @ Abbrev [17] 0x1eb:0x6 DW_TAG_enumerator
	.long	.Linfo_string62                 @ DW_AT_name
	.byte	32                              @ DW_AT_const_value
	.byte	0                               @ End Of Children Mark
	.byte	11                              @ Abbrev [11] 0x1f2:0x7 DW_TAG_base_type
	.long	.Linfo_string20                 @ DW_AT_name
	.byte	5                               @ DW_AT_encoding
	.byte	4                               @ DW_AT_byte_size
	.byte	8                               @ Abbrev [8] 0x1f9:0x5 DW_TAG_pointer_type
	.long	510                             @ DW_AT_type
	.byte	5                               @ Abbrev [5] 0x1fe:0xb DW_TAG_typedef
	.long	521                             @ DW_AT_type
	.long	.Linfo_string81                 @ DW_AT_name
	.byte	5                               @ DW_AT_decl_file
	.byte	39                              @ DW_AT_decl_line
	.byte	6                               @ Abbrev [6] 0x209:0xd1 DW_TAG_structure_type
	.byte	76                              @ DW_AT_byte_size
	.byte	5                               @ DW_AT_decl_file
	.byte	17                              @ DW_AT_decl_line
	.byte	7                               @ Abbrev [7] 0x20d:0xc DW_TAG_member
	.long	.Linfo_string64                 @ DW_AT_name
	.long	730                             @ DW_AT_type
	.byte	5                               @ DW_AT_decl_file
	.byte	19                              @ DW_AT_decl_line
	.byte	0                               @ DW_AT_data_member_location
	.byte	7                               @ Abbrev [7] 0x219:0xc DW_TAG_member
	.long	.Linfo_string65                 @ DW_AT_name
	.long	730                             @ DW_AT_type
	.byte	5                               @ DW_AT_decl_file
	.byte	20                              @ DW_AT_decl_line
	.byte	4                               @ DW_AT_data_member_location
	.byte	7                               @ Abbrev [7] 0x225:0xc DW_TAG_member
	.long	.Linfo_string66                 @ DW_AT_name
	.long	730                             @ DW_AT_type
	.byte	5                               @ DW_AT_decl_file
	.byte	21                              @ DW_AT_decl_line
	.byte	8                               @ DW_AT_data_member_location
	.byte	7                               @ Abbrev [7] 0x231:0xc DW_TAG_member
	.long	.Linfo_string67                 @ DW_AT_name
	.long	730                             @ DW_AT_type
	.byte	5                               @ DW_AT_decl_file
	.byte	22                              @ DW_AT_decl_line
	.byte	12                              @ DW_AT_data_member_location
	.byte	7                               @ Abbrev [7] 0x23d:0xc DW_TAG_member
	.long	.Linfo_string68                 @ DW_AT_name
	.long	730                             @ DW_AT_type
	.byte	5                               @ DW_AT_decl_file
	.byte	23                              @ DW_AT_decl_line
	.byte	16                              @ DW_AT_data_member_location
	.byte	7                               @ Abbrev [7] 0x249:0xc DW_TAG_member
	.long	.Linfo_string69                 @ DW_AT_name
	.long	730                             @ DW_AT_type
	.byte	5                               @ DW_AT_decl_file
	.byte	24                              @ DW_AT_decl_line
	.byte	20                              @ DW_AT_data_member_location
	.byte	7                               @ Abbrev [7] 0x255:0xc DW_TAG_member
	.long	.Linfo_string70                 @ DW_AT_name
	.long	730                             @ DW_AT_type
	.byte	5                               @ DW_AT_decl_file
	.byte	25                              @ DW_AT_decl_line
	.byte	24                              @ DW_AT_data_member_location
	.byte	7                               @ Abbrev [7] 0x261:0xc DW_TAG_member
	.long	.Linfo_string71                 @ DW_AT_name
	.long	730                             @ DW_AT_type
	.byte	5                               @ DW_AT_decl_file
	.byte	26                              @ DW_AT_decl_line
	.byte	28                              @ DW_AT_data_member_location
	.byte	7                               @ Abbrev [7] 0x26d:0xc DW_TAG_member
	.long	.Linfo_string72                 @ DW_AT_name
	.long	730                             @ DW_AT_type
	.byte	5                               @ DW_AT_decl_file
	.byte	27                              @ DW_AT_decl_line
	.byte	32                              @ DW_AT_data_member_location
	.byte	7                               @ Abbrev [7] 0x279:0xc DW_TAG_member
	.long	.Linfo_string73                 @ DW_AT_name
	.long	730                             @ DW_AT_type
	.byte	5                               @ DW_AT_decl_file
	.byte	28                              @ DW_AT_decl_line
	.byte	36                              @ DW_AT_data_member_location
	.byte	7                               @ Abbrev [7] 0x285:0xc DW_TAG_member
	.long	.Linfo_string74                 @ DW_AT_name
	.long	730                             @ DW_AT_type
	.byte	5                               @ DW_AT_decl_file
	.byte	29                              @ DW_AT_decl_line
	.byte	40                              @ DW_AT_data_member_location
	.byte	7                               @ Abbrev [7] 0x291:0xc DW_TAG_member
	.long	.Linfo_string75                 @ DW_AT_name
	.long	730                             @ DW_AT_type
	.byte	5                               @ DW_AT_decl_file
	.byte	30                              @ DW_AT_decl_line
	.byte	44                              @ DW_AT_data_member_location
	.byte	7                               @ Abbrev [7] 0x29d:0xc DW_TAG_member
	.long	.Linfo_string76                 @ DW_AT_name
	.long	730                             @ DW_AT_type
	.byte	5                               @ DW_AT_decl_file
	.byte	31                              @ DW_AT_decl_line
	.byte	48                              @ DW_AT_data_member_location
	.byte	7                               @ Abbrev [7] 0x2a9:0xc DW_TAG_member
	.long	.Linfo_string77                 @ DW_AT_name
	.long	735                             @ DW_AT_type
	.byte	5                               @ DW_AT_decl_file
	.byte	33                              @ DW_AT_decl_line
	.byte	52                              @ DW_AT_data_member_location
	.byte	7                               @ Abbrev [7] 0x2b5:0xc DW_TAG_member
	.long	.Linfo_string78                 @ DW_AT_name
	.long	730                             @ DW_AT_type
	.byte	5                               @ DW_AT_decl_file
	.byte	35                              @ DW_AT_decl_line
	.byte	64                              @ DW_AT_data_member_location
	.byte	7                               @ Abbrev [7] 0x2c1:0xc DW_TAG_member
	.long	.Linfo_string79                 @ DW_AT_name
	.long	730                             @ DW_AT_type
	.byte	5                               @ DW_AT_decl_file
	.byte	36                              @ DW_AT_decl_line
	.byte	68                              @ DW_AT_data_member_location
	.byte	7                               @ Abbrev [7] 0x2cd:0xc DW_TAG_member
	.long	.Linfo_string80                 @ DW_AT_name
	.long	730                             @ DW_AT_type
	.byte	5                               @ DW_AT_decl_file
	.byte	37                              @ DW_AT_decl_line
	.byte	72                              @ DW_AT_data_member_location
	.byte	0                               @ End Of Children Mark
	.byte	18                              @ Abbrev [18] 0x2da:0x5 DW_TAG_volatile_type
	.long	135                             @ DW_AT_type
	.byte	3                               @ Abbrev [3] 0x2df:0xc DW_TAG_array_type
	.long	730                             @ DW_AT_type
	.byte	4                               @ Abbrev [4] 0x2e4:0x6 DW_TAG_subrange_type
	.long	154                             @ DW_AT_type
	.byte	3                               @ DW_AT_count
	.byte	0                               @ End Of Children Mark
	.byte	5                               @ Abbrev [5] 0x2eb:0xb DW_TAG_typedef
	.long	498                             @ DW_AT_type
	.long	.Linfo_string82                 @ DW_AT_name
	.byte	1                               @ DW_AT_decl_file
	.byte	58                              @ DW_AT_decl_line
	.byte	8                               @ Abbrev [8] 0x2f6:0x5 DW_TAG_pointer_type
	.long	763                             @ DW_AT_type
	.byte	19                              @ Abbrev [19] 0x2fb:0xc DW_TAG_typedef
	.long	775                             @ DW_AT_type
	.long	.Linfo_string98                 @ DW_AT_name
	.byte	6                               @ DW_AT_decl_file
	.short	361                             @ DW_AT_decl_line
	.byte	20                              @ Abbrev [20] 0x307:0xb9 DW_TAG_structure_type
	.short	3588                            @ DW_AT_byte_size
	.byte	6                               @ DW_AT_decl_file
	.short	346                             @ DW_AT_decl_line
	.byte	21                              @ Abbrev [21] 0x30d:0xd DW_TAG_member
	.long	.Linfo_string83                 @ DW_AT_name
	.long	960                             @ DW_AT_type
	.byte	6                               @ DW_AT_decl_file
	.short	348                             @ DW_AT_decl_line
	.byte	0                               @ DW_AT_data_member_location
	.byte	21                              @ Abbrev [21] 0x31a:0xd DW_TAG_member
	.long	.Linfo_string84                 @ DW_AT_name
	.long	972                             @ DW_AT_type
	.byte	6                               @ DW_AT_decl_file
	.short	349                             @ DW_AT_decl_line
	.byte	32                              @ DW_AT_data_member_location
	.byte	21                              @ Abbrev [21] 0x327:0xd DW_TAG_member
	.long	.Linfo_string85                 @ DW_AT_name
	.long	960                             @ DW_AT_type
	.byte	6                               @ DW_AT_decl_file
	.short	350                             @ DW_AT_decl_line
	.byte	128                             @ DW_AT_data_member_location
	.byte	21                              @ Abbrev [21] 0x334:0xd DW_TAG_member
	.long	.Linfo_string86                 @ DW_AT_name
	.long	972                             @ DW_AT_type
	.byte	6                               @ DW_AT_decl_file
	.short	351                             @ DW_AT_decl_line
	.byte	160                             @ DW_AT_data_member_location
	.byte	22                              @ Abbrev [22] 0x341:0xe DW_TAG_member
	.long	.Linfo_string87                 @ DW_AT_name
	.long	960                             @ DW_AT_type
	.byte	6                               @ DW_AT_decl_file
	.short	352                             @ DW_AT_decl_line
	.short	256                             @ DW_AT_data_member_location
	.byte	22                              @ Abbrev [22] 0x34f:0xe DW_TAG_member
	.long	.Linfo_string88                 @ DW_AT_name
	.long	972                             @ DW_AT_type
	.byte	6                               @ DW_AT_decl_file
	.short	353                             @ DW_AT_decl_line
	.short	288                             @ DW_AT_data_member_location
	.byte	22                              @ Abbrev [22] 0x35d:0xe DW_TAG_member
	.long	.Linfo_string89                 @ DW_AT_name
	.long	960                             @ DW_AT_type
	.byte	6                               @ DW_AT_decl_file
	.short	354                             @ DW_AT_decl_line
	.short	384                             @ DW_AT_data_member_location
	.byte	22                              @ Abbrev [22] 0x36b:0xe DW_TAG_member
	.long	.Linfo_string90                 @ DW_AT_name
	.long	972                             @ DW_AT_type
	.byte	6                               @ DW_AT_decl_file
	.short	355                             @ DW_AT_decl_line
	.short	416                             @ DW_AT_data_member_location
	.byte	22                              @ Abbrev [22] 0x379:0xe DW_TAG_member
	.long	.Linfo_string91                 @ DW_AT_name
	.long	960                             @ DW_AT_type
	.byte	6                               @ DW_AT_decl_file
	.short	356                             @ DW_AT_decl_line
	.short	512                             @ DW_AT_data_member_location
	.byte	22                              @ Abbrev [22] 0x387:0xe DW_TAG_member
	.long	.Linfo_string92                 @ DW_AT_name
	.long	984                             @ DW_AT_type
	.byte	6                               @ DW_AT_decl_file
	.short	357                             @ DW_AT_decl_line
	.short	544                             @ DW_AT_data_member_location
	.byte	22                              @ Abbrev [22] 0x395:0xe DW_TAG_member
	.long	.Linfo_string93                 @ DW_AT_name
	.long	996                             @ DW_AT_type
	.byte	6                               @ DW_AT_decl_file
	.short	358                             @ DW_AT_decl_line
	.short	768                             @ DW_AT_data_member_location
	.byte	22                              @ Abbrev [22] 0x3a3:0xe DW_TAG_member
	.long	.Linfo_string96                 @ DW_AT_name
	.long	1031                            @ DW_AT_type
	.byte	6                               @ DW_AT_decl_file
	.short	359                             @ DW_AT_decl_line
	.short	1008                            @ DW_AT_data_member_location
	.byte	22                              @ Abbrev [22] 0x3b1:0xe DW_TAG_member
	.long	.Linfo_string97                 @ DW_AT_name
	.long	730                             @ DW_AT_type
	.byte	6                               @ DW_AT_decl_file
	.short	360                             @ DW_AT_decl_line
	.short	3584                            @ DW_AT_data_member_location
	.byte	0                               @ End Of Children Mark
	.byte	3                               @ Abbrev [3] 0x3c0:0xc DW_TAG_array_type
	.long	730                             @ DW_AT_type
	.byte	4                               @ Abbrev [4] 0x3c5:0x6 DW_TAG_subrange_type
	.long	154                             @ DW_AT_type
	.byte	8                               @ DW_AT_count
	.byte	0                               @ End Of Children Mark
	.byte	3                               @ Abbrev [3] 0x3cc:0xc DW_TAG_array_type
	.long	135                             @ DW_AT_type
	.byte	4                               @ Abbrev [4] 0x3d1:0x6 DW_TAG_subrange_type
	.long	154                             @ DW_AT_type
	.byte	24                              @ DW_AT_count
	.byte	0                               @ End Of Children Mark
	.byte	3                               @ Abbrev [3] 0x3d8:0xc DW_TAG_array_type
	.long	135                             @ DW_AT_type
	.byte	4                               @ Abbrev [4] 0x3dd:0x6 DW_TAG_subrange_type
	.long	154                             @ DW_AT_type
	.byte	56                              @ DW_AT_count
	.byte	0                               @ End Of Children Mark
	.byte	3                               @ Abbrev [3] 0x3e4:0xc DW_TAG_array_type
	.long	1008                            @ DW_AT_type
	.byte	4                               @ Abbrev [4] 0x3e9:0x6 DW_TAG_subrange_type
	.long	154                             @ DW_AT_type
	.byte	240                             @ DW_AT_count
	.byte	0                               @ End Of Children Mark
	.byte	18                              @ Abbrev [18] 0x3f0:0x5 DW_TAG_volatile_type
	.long	1013                            @ DW_AT_type
	.byte	5                               @ Abbrev [5] 0x3f5:0xb DW_TAG_typedef
	.long	1024                            @ DW_AT_type
	.long	.Linfo_string95                 @ DW_AT_name
	.byte	1                               @ DW_AT_decl_file
	.byte	62                              @ DW_AT_decl_line
	.byte	11                              @ Abbrev [11] 0x400:0x7 DW_TAG_base_type
	.long	.Linfo_string94                 @ DW_AT_name
	.byte	8                               @ DW_AT_encoding
	.byte	1                               @ DW_AT_byte_size
	.byte	3                               @ Abbrev [3] 0x407:0xd DW_TAG_array_type
	.long	135                             @ DW_AT_type
	.byte	23                              @ Abbrev [23] 0x40c:0x7 DW_TAG_subrange_type
	.long	154                             @ DW_AT_type
	.short	644                             @ DW_AT_count
	.byte	0                               @ End Of Children Mark
	.byte	24                              @ Abbrev [24] 0x414:0x4e DW_TAG_subprogram
	.long	.Lfunc_begin0                   @ DW_AT_low_pc
	.long	.Lfunc_end0-.Lfunc_begin0       @ DW_AT_high_pc
	.byte	1                               @ DW_AT_frame_base
	.byte	93
                                        @ DW_AT_GNU_all_call_sites
	.long	.Linfo_string101                @ DW_AT_name
	.byte	3                               @ DW_AT_decl_file
	.byte	23                              @ DW_AT_decl_line
                                        @ DW_AT_prototyped
                                        @ DW_AT_external
	.byte	25                              @ Abbrev [25] 0x425:0xf DW_TAG_formal_parameter
	.long	.Ldebug_loc0                    @ DW_AT_location
	.long	.Linfo_string103                @ DW_AT_name
	.byte	3                               @ DW_AT_decl_file
	.byte	24                              @ DW_AT_decl_line
	.long	135                             @ DW_AT_type
	.byte	25                              @ Abbrev [25] 0x434:0xf DW_TAG_formal_parameter
	.long	.Ldebug_loc1                    @ DW_AT_location
	.long	.Linfo_string104                @ DW_AT_name
	.byte	3                               @ DW_AT_decl_file
	.byte	25                              @ DW_AT_decl_line
	.long	1317                            @ DW_AT_type
	.byte	25                              @ Abbrev [25] 0x443:0xf DW_TAG_formal_parameter
	.long	.Ldebug_loc2                    @ DW_AT_location
	.long	.Linfo_string106                @ DW_AT_name
	.byte	3                               @ DW_AT_decl_file
	.byte	26                              @ DW_AT_decl_line
	.long	1328                            @ DW_AT_type
	.byte	26                              @ Abbrev [26] 0x452:0xf DW_TAG_variable
	.long	.Ldebug_loc3                    @ DW_AT_location
	.long	.Linfo_string108                @ DW_AT_name
	.byte	3                               @ DW_AT_decl_file
	.byte	28                              @ DW_AT_decl_line
	.long	135                             @ DW_AT_type
	.byte	0                               @ End Of Children Mark
	.byte	27                              @ Abbrev [27] 0x462:0x16 DW_TAG_subprogram
	.long	.Linfo_string99                 @ DW_AT_name
	.byte	6                               @ DW_AT_decl_file
	.short	1511                            @ DW_AT_decl_line
                                        @ DW_AT_prototyped
	.byte	1                               @ DW_AT_inline
	.byte	28                              @ Abbrev [28] 0x46b:0xc DW_TAG_formal_parameter
	.long	.Linfo_string100                @ DW_AT_name
	.byte	6                               @ DW_AT_decl_file
	.short	1511                            @ DW_AT_decl_line
	.long	1144                            @ DW_AT_type
	.byte	0                               @ End Of Children Mark
	.byte	5                               @ Abbrev [5] 0x478:0xb DW_TAG_typedef
	.long	233                             @ DW_AT_type
	.long	.Linfo_string63                 @ DW_AT_name
	.byte	4                               @ DW_AT_decl_file
	.byte	89                              @ DW_AT_decl_line
	.byte	24                              @ Abbrev [24] 0x483:0x54 DW_TAG_subprogram
	.long	.Lfunc_begin1                   @ DW_AT_low_pc
	.long	.Lfunc_end1-.Lfunc_begin1       @ DW_AT_high_pc
	.byte	1                               @ DW_AT_frame_base
	.byte	93
                                        @ DW_AT_GNU_all_call_sites
	.long	.Linfo_string102                @ DW_AT_name
	.byte	3                               @ DW_AT_decl_file
	.byte	90                              @ DW_AT_decl_line
                                        @ DW_AT_prototyped
                                        @ DW_AT_external
	.byte	25                              @ Abbrev [25] 0x494:0xf DW_TAG_formal_parameter
	.long	.Ldebug_loc4                    @ DW_AT_location
	.long	.Linfo_string109                @ DW_AT_name
	.byte	3                               @ DW_AT_decl_file
	.byte	91                              @ DW_AT_decl_line
	.long	135                             @ DW_AT_type
	.byte	25                              @ Abbrev [25] 0x4a3:0xf DW_TAG_formal_parameter
	.long	.Ldebug_loc5                    @ DW_AT_location
	.long	.Linfo_string110                @ DW_AT_name
	.byte	3                               @ DW_AT_decl_file
	.byte	92                              @ DW_AT_decl_line
	.long	107                             @ DW_AT_type
	.byte	29                              @ Abbrev [29] 0x4b2:0xd DW_TAG_formal_parameter
	.byte	1                               @ DW_AT_location
	.byte	82
	.long	.Linfo_string111                @ DW_AT_name
	.byte	3                               @ DW_AT_decl_file
	.byte	93                              @ DW_AT_decl_line
	.long	153                             @ DW_AT_type
	.byte	30                              @ Abbrev [30] 0x4bf:0x17 DW_TAG_inlined_subroutine
	.long	1122                            @ DW_AT_abstract_origin
	.long	.Ltmp24                         @ DW_AT_low_pc
	.long	.Ltmp25-.Ltmp24                 @ DW_AT_high_pc
	.byte	3                               @ DW_AT_call_file
	.byte	102                             @ DW_AT_call_line
	.byte	5                               @ DW_AT_call_column
	.byte	31                              @ Abbrev [31] 0x4cf:0x6 DW_TAG_formal_parameter
	.byte	0                               @ DW_AT_const_value
	.long	1131                            @ DW_AT_abstract_origin
	.byte	0                               @ End Of Children Mark
	.byte	0                               @ End Of Children Mark
	.byte	24                              @ Abbrev [24] 0x4d7:0x4e DW_TAG_subprogram
	.long	.Lfunc_begin2                   @ DW_AT_low_pc
	.long	.Lfunc_end2-.Lfunc_begin2       @ DW_AT_high_pc
	.byte	1                               @ DW_AT_frame_base
	.byte	93
                                        @ DW_AT_GNU_all_call_sites
	.long	.Linfo_string4                  @ DW_AT_name
	.byte	3                               @ DW_AT_decl_file
	.byte	111                             @ DW_AT_decl_line
                                        @ DW_AT_prototyped
                                        @ DW_AT_external
	.byte	26                              @ Abbrev [26] 0x4e8:0xf DW_TAG_variable
	.long	.Ldebug_loc6                    @ DW_AT_location
	.long	.Linfo_string112                @ DW_AT_name
	.byte	3                               @ DW_AT_decl_file
	.byte	114                             @ DW_AT_decl_line
	.long	135                             @ DW_AT_type
	.byte	26                              @ Abbrev [26] 0x4f7:0xf DW_TAG_variable
	.long	.Ldebug_loc7                    @ DW_AT_location
	.long	.Linfo_string113                @ DW_AT_name
	.byte	3                               @ DW_AT_decl_file
	.byte	114                             @ DW_AT_decl_line
	.long	135                             @ DW_AT_type
	.byte	26                              @ Abbrev [26] 0x506:0xf DW_TAG_variable
	.long	.Ldebug_loc8                    @ DW_AT_location
	.long	.Linfo_string114                @ DW_AT_name
	.byte	3                               @ DW_AT_decl_file
	.byte	113                             @ DW_AT_decl_line
	.long	135                             @ DW_AT_type
	.byte	26                              @ Abbrev [26] 0x515:0xf DW_TAG_variable
	.long	.Ldebug_loc9                    @ DW_AT_location
	.long	.Linfo_string115                @ DW_AT_name
	.byte	3                               @ DW_AT_decl_file
	.byte	116                             @ DW_AT_decl_line
	.long	107                             @ DW_AT_type
	.byte	0                               @ End Of Children Mark
	.byte	5                               @ Abbrev [5] 0x525:0xb DW_TAG_typedef
	.long	161                             @ DW_AT_type
	.long	.Linfo_string105                @ DW_AT_name
	.byte	2                               @ DW_AT_decl_file
	.byte	55                              @ DW_AT_decl_line
	.byte	5                               @ Abbrev [5] 0x530:0xb DW_TAG_typedef
	.long	188                             @ DW_AT_type
	.long	.Linfo_string107                @ DW_AT_name
	.byte	2                               @ DW_AT_decl_file
	.byte	69                              @ DW_AT_decl_line
	.byte	0                               @ End Of Children Mark
.Ldebug_info_end0:
	.section	.debug_ranges,"",%progbits
.Ldebug_ranges0:
	.long	.Lfunc_begin0
	.long	.Lfunc_end0
	.long	.Lfunc_begin1
	.long	.Lfunc_end1
	.long	.Lfunc_begin2
	.long	.Lfunc_end2
	.long	0
	.long	0
	.section	.debug_str,"MS",%progbits,1
.Linfo_string0:
	.asciz	"Component: Arm Compiler for Embedded 6.21 Tool: armclang [5dfeb700]" @ string offset=0
.Linfo_string1:
	.asciz	"../../../components/platform/soc/rt582/rt582_driver/Src\\gpio.c" @ string offset=68
.Linfo_string2:
	.asciz	"C:\\Users\\testo\\Desktop\\rafael-iot-sdk-das - \350\244\207\350\243\275 (2)\\examples\\das_subg_thread\\keil" @ string offset=131
.Linfo_string3:
	.asciz	"user_isr"                      @ string offset=216
.Linfo_string4:
	.asciz	"gpio_handler"                  @ string offset=225
.Linfo_string5:
	.asciz	"unsigned int"                  @ string offset=238
.Linfo_string6:
	.asciz	"uint32_t"                      @ string offset=251
.Linfo_string7:
	.asciz	"gpio_isr_handler_t"            @ string offset=260
.Linfo_string8:
	.asciz	"p_context"                     @ string offset=279
.Linfo_string9:
	.asciz	"gpio_config_t"                 @ string offset=289
.Linfo_string10:
	.asciz	"__ARRAY_SIZE_TYPE__"           @ string offset=303
.Linfo_string11:
	.asciz	"GPIO_PIN_DIR_INPUT"            @ string offset=323
.Linfo_string12:
	.asciz	"GPIO_PIN_DIR_OUTPUT"           @ string offset=342
.Linfo_string13:
	.asciz	"GPIO_PIN_DIR_INVALID"          @ string offset=362
.Linfo_string14:
	.asciz	"GPIO_PIN_NOINT"                @ string offset=383
.Linfo_string15:
	.asciz	"GPIO_PIN_INT_LEVEL_LOW"        @ string offset=398
.Linfo_string16:
	.asciz	"GPIO_PIN_INT_LEVEL_HIGH"       @ string offset=421
.Linfo_string17:
	.asciz	"GPIO_PIN_INT_EDGE_RISING"      @ string offset=445
.Linfo_string18:
	.asciz	"GPIO_PIN_INT_EDGE_FALLING"     @ string offset=470
.Linfo_string19:
	.asciz	"GPIO_PIN_INT_BOTH_EDGE"        @ string offset=496
.Linfo_string20:
	.asciz	"int"                           @ string offset=519
.Linfo_string21:
	.asciz	"NonMaskableInt_IRQn"           @ string offset=523
.Linfo_string22:
	.asciz	"HardFault_IRQn"                @ string offset=543
.Linfo_string23:
	.asciz	"MemoryManagement_IRQn"         @ string offset=558
.Linfo_string24:
	.asciz	"BusFault_IRQn"                 @ string offset=580
.Linfo_string25:
	.asciz	"UsageFault_IRQn"               @ string offset=594
.Linfo_string26:
	.asciz	"SVCall_IRQn"                   @ string offset=610
.Linfo_string27:
	.asciz	"DebugMonitor_IRQn"             @ string offset=622
.Linfo_string28:
	.asciz	"PendSV_IRQn"                   @ string offset=640
.Linfo_string29:
	.asciz	"SysTick_IRQn"                  @ string offset=652
.Linfo_string30:
	.asciz	"Gpio_IRQn"                     @ string offset=665
.Linfo_string31:
	.asciz	"Timer0_IRQn"                   @ string offset=675
.Linfo_string32:
	.asciz	"Timer1_IRQn"                   @ string offset=687
.Linfo_string33:
	.asciz	"Wdt_IRQn"                      @ string offset=699
.Linfo_string34:
	.asciz	"Uart0_IRQn"                    @ string offset=708
.Linfo_string35:
	.asciz	"I2cm_IRQn"                     @ string offset=719
.Linfo_string36:
	.asciz	"FlashCtl_IRQn"                 @ string offset=729
.Linfo_string37:
	.asciz	"Uart1_IRQn"                    @ string offset=743
.Linfo_string38:
	.asciz	"Rtc_IRQn"                      @ string offset=754
.Linfo_string39:
	.asciz	"Dma0_C0_IRQn"                  @ string offset=763
.Linfo_string40:
	.asciz	"Dma0_C1_IRQn"                  @ string offset=776
.Linfo_string41:
	.asciz	"Dma0_C2_IRQn"                  @ string offset=789
.Linfo_string42:
	.asciz	"Dma0_C3_IRQn"                  @ string offset=802
.Linfo_string43:
	.asciz	"Qspi0_IRQn"                    @ string offset=815
.Linfo_string44:
	.asciz	"I2s0_IRQn"                     @ string offset=826
.Linfo_string45:
	.asciz	"Timer3_IRQn"                   @ string offset=836
.Linfo_string46:
	.asciz	"Timer4_IRQn"                   @ string offset=848
.Linfo_string47:
	.asciz	"Dma1_C2_IRQn"                  @ string offset=860
.Linfo_string48:
	.asciz	"Bod_IRQn"                      @ string offset=873
.Linfo_string49:
	.asciz	"Uart2_IRQn"                    @ string offset=882
.Linfo_string50:
	.asciz	"CommSubsystem_IRQn"            @ string offset=893
.Linfo_string51:
	.asciz	"Pwm0_IRQn"                     @ string offset=912
.Linfo_string52:
	.asciz	"Pwm1_IRQn"                     @ string offset=922
.Linfo_string53:
	.asciz	"Pwm2_IRQn"                     @ string offset=932
.Linfo_string54:
	.asciz	"Pwm3_IRQn"                     @ string offset=942
.Linfo_string55:
	.asciz	"Pwm4_IRQn"                     @ string offset=952
.Linfo_string56:
	.asciz	"Sadc_IRQn"                     @ string offset=962
.Linfo_string57:
	.asciz	"Crypto_IRQn"                   @ string offset=972
.Linfo_string58:
	.asciz	"Timer2_IRQn"                   @ string offset=984
.Linfo_string59:
	.asciz	"Qspi1_IRQn"                    @ string offset=996
.Linfo_string60:
	.asciz	"Soft_IRQn"                     @ string offset=1007
.Linfo_string61:
	.asciz	"Trng_IRQn"                     @ string offset=1017
.Linfo_string62:
	.asciz	"Comp_IRQn"                     @ string offset=1027
.Linfo_string63:
	.asciz	"IRQn_Type"                     @ string offset=1037
.Linfo_string64:
	.asciz	"STATE"                         @ string offset=1047
.Linfo_string65:
	.asciz	"INT_STATUS"                    @ string offset=1053
.Linfo_string66:
	.asciz	"OUTPUT_EN"                     @ string offset=1064
.Linfo_string67:
	.asciz	"INPUT_EN"                      @ string offset=1074
.Linfo_string68:
	.asciz	"ENABLE_INT"                    @ string offset=1083
.Linfo_string69:
	.asciz	"DISABLE_INT"                   @ string offset=1094
.Linfo_string70:
	.asciz	"EDGE_TRIG"                     @ string offset=1106
.Linfo_string71:
	.asciz	"LEVEL_TRIG"                    @ string offset=1116
.Linfo_string72:
	.asciz	"POSTITIVE"                     @ string offset=1127
.Linfo_string73:
	.asciz	"NEGATIVE"                      @ string offset=1137
.Linfo_string74:
	.asciz	"BOTH_EDGE_EN"                  @ string offset=1146
.Linfo_string75:
	.asciz	"BOTH_EDGE_CLR"                 @ string offset=1159
.Linfo_string76:
	.asciz	"EDGE_INT_CLR"                  @ string offset=1173
.Linfo_string77:
	.asciz	"Reserve"                       @ string offset=1186
.Linfo_string78:
	.asciz	"DEBOUCE_EN"                    @ string offset=1194
.Linfo_string79:
	.asciz	"DEBOUCE_DIS"                   @ string offset=1205
.Linfo_string80:
	.asciz	"DEBOUNCE_TIME"                 @ string offset=1217
.Linfo_string81:
	.asciz	"GPIO_T"                        @ string offset=1231
.Linfo_string82:
	.asciz	"int32_t"                       @ string offset=1238
.Linfo_string83:
	.asciz	"ISER"                          @ string offset=1246
.Linfo_string84:
	.asciz	"RESERVED0"                     @ string offset=1251
.Linfo_string85:
	.asciz	"ICER"                          @ string offset=1261
.Linfo_string86:
	.asciz	"RESERVED1"                     @ string offset=1266
.Linfo_string87:
	.asciz	"ISPR"                          @ string offset=1276
.Linfo_string88:
	.asciz	"RESERVED2"                     @ string offset=1281
.Linfo_string89:
	.asciz	"ICPR"                          @ string offset=1291
.Linfo_string90:
	.asciz	"RESERVED3"                     @ string offset=1296
.Linfo_string91:
	.asciz	"IABR"                          @ string offset=1306
.Linfo_string92:
	.asciz	"RESERVED4"                     @ string offset=1311
.Linfo_string93:
	.asciz	"IPR"                           @ string offset=1321
.Linfo_string94:
	.asciz	"unsigned char"                 @ string offset=1325
.Linfo_string95:
	.asciz	"uint8_t"                       @ string offset=1339
.Linfo_string96:
	.asciz	"RESERVED5"                     @ string offset=1347
.Linfo_string97:
	.asciz	"STIR"                          @ string offset=1357
.Linfo_string98:
	.asciz	"NVIC_Type"                     @ string offset=1362
.Linfo_string99:
	.asciz	"__NVIC_EnableIRQ"              @ string offset=1372
.Linfo_string100:
	.asciz	"IRQn"                          @ string offset=1389
.Linfo_string101:
	.asciz	"gpio_cfg"                      @ string offset=1394
.Linfo_string102:
	.asciz	"gpio_register_isr"             @ string offset=1403
.Linfo_string103:
	.asciz	"pin_number"                    @ string offset=1421
.Linfo_string104:
	.asciz	"dir"                           @ string offset=1432
.Linfo_string105:
	.asciz	"gpio_pin_dir_t"                @ string offset=1436
.Linfo_string106:
	.asciz	"int_mode"                      @ string offset=1451
.Linfo_string107:
	.asciz	"gpio_pin_int_mode_t"           @ string offset=1460
.Linfo_string108:
	.asciz	"MASK"                          @ string offset=1480
.Linfo_string109:
	.asciz	"pin"                           @ string offset=1485
.Linfo_string110:
	.asciz	"app_gpio_callback"             @ string offset=1489
.Linfo_string111:
	.asciz	"param"                         @ string offset=1507
.Linfo_string112:
	.asciz	"Mask"                          @ string offset=1513
.Linfo_string113:
	.asciz	"i"                             @ string offset=1518
.Linfo_string114:
	.asciz	"irq_state"                     @ string offset=1520
.Linfo_string115:
	.asciz	"app_isr"                       @ string offset=1530
	.ident	"Component: Arm Compiler for Embedded 6.21 Tool: armclang [5dfeb700]"
	.section	".note.GNU-stack","",%progbits
	.eabi_attribute	30, 3	@ Tag_ABI_optimization_goals
	.ARM_attribute	16, 1	@ Tag_AV_eba
	.section	.debug_line,"",%progbits
.Lline_table_start0:
