	.text
	.syntax unified
	.eabi_attribute	67, "2.09"	@ Tag_conformance
	.cpu	cortex-m3
	.eabi_attribute	6, 10	@ Tag_CPU_arch
	.eabi_attribute	7, 77	@ Tag_CPU_arch_profile
	.eabi_attribute	8, 0	@ Tag_ARM_ISA_use
	.eabi_attribute	9, 2	@ Tag_THUMB_ISA_use
	.eabi_attribute	34, 1	@ Tag_CPU_unaligned_access
	.eabi_attribute	17, 1	@ Tag_ABI_PCS_GOT_use
	.eabi_attribute	20, 2	@ Tag_ABI_FP_denormal
	.eabi_attribute	21, 0	@ Tag_ABI_FP_exceptions
	.eabi_attribute	23, 1	@ Tag_ABI_FP_number_model
	.eabi_attribute	24, 1	@ Tag_ABI_align_needed
	.eabi_attribute	25, 1	@ Tag_ABI_align_preserved
	.eabi_attribute	38, 1	@ Tag_ABI_FP_16bit_format
	.eabi_attribute	18, 4	@ Tag_ABI_PCS_wchar_t
	.eabi_attribute	26, 2	@ Tag_ABI_enum_size
	.eabi_attribute	14, 0	@ Tag_ABI_PCS_R9_use
	.file	"list.c"
	.file	1 "C:\\" "Keil_v5\\ARM\\ARMCLANG\\Bin\\..\\include\\stdint.h"
	.file	2 "C:\\Users\\testo\\Desktop\\rafael-iot-sdk-das - \350\244\207\350\243\275 (2)\\examples\\das_subg_thread\\keil" "../../../components/platform/soc/rt582/rt582_freertos/portable/GCC/ARM_CM3\\portmacro.h"
	.file	3 "C:\\Users\\testo\\Desktop\\rafael-iot-sdk-das - \350\244\207\350\243\275 (2)\\examples\\das_subg_thread\\keil" "../../../components/platform/soc/rt582/rt582_freertos/Inc\\list.h"
	.section	.text.vListInitialise,"ax",%progbits
	.hidden	vListInitialise                 @ -- Begin function vListInitialise
	.globl	vListInitialise
	.p2align	1
	.type	vListInitialise,%function
	.code	16                              @ @vListInitialise
	.thumb_func
vListInitialise:
.Lfunc_begin0:
	.file	4 "C:\\Users\\testo\\Desktop\\rafael-iot-sdk-das - \350\244\207\350\243\275 (2)\\examples\\das_subg_thread\\keil" "../../../components/platform/soc/rt582/rt582_freertos/list.c"
	.loc	4 38 0                          @ ../../../components/platform/soc/rt582/rt582_freertos/list.c:38:0
	.fnstart
	.cfi_sections .debug_frame
	.cfi_startproc
@ %bb.0:
	@DEBUG_VALUE: vListInitialise:pxList <- $r0
	mov.w	r1, #-1
	@DEBUG_VALUE: vListInitialise:pxList <- $r0
.Ltmp0:
	.loc	4 46 33 prologue_end            @ ../../../components/platform/soc/rt582/rt582_freertos/list.c:46:33
	mov	r2, r0
	str	r1, [r2, #8]!
	movs	r1, #0
	.loc	4 42 21                         @ ../../../components/platform/soc/rt582/rt582_freertos/list.c:42:21
	str	r2, [r0, #4]
	.loc	4 50 29                         @ ../../../components/platform/soc/rt582/rt582_freertos/list.c:50:29
	strd	r2, r2, [r0, #12]
	.loc	4 53 29                         @ ../../../components/platform/soc/rt582/rt582_freertos/list.c:53:29
	str	r1, [r0]
	.loc	4 59 1                          @ ../../../components/platform/soc/rt582/rt582_freertos/list.c:59:1
	bx	lr
.Ltmp1:
.Lfunc_end0:
	.size	vListInitialise, .Lfunc_end0-vListInitialise
	.cfi_endproc
	.cantunwind
	.fnend
                                        @ -- End function
	.section	.text.vListInitialiseItem,"ax",%progbits
	.hidden	vListInitialiseItem             @ -- Begin function vListInitialiseItem
	.globl	vListInitialiseItem
	.p2align	1
	.type	vListInitialiseItem,%function
	.code	16                              @ @vListInitialiseItem
	.thumb_func
vListInitialiseItem:
.Lfunc_begin1:
	.loc	4 63 0                          @ ../../../components/platform/soc/rt582/rt582_freertos/list.c:63:0
	.fnstart
	.cfi_startproc
@ %bb.0:
	@DEBUG_VALUE: vListInitialiseItem:pxItem <- $r0
	movs	r1, #0
	@DEBUG_VALUE: vListInitialiseItem:pxItem <- $r0
.Ltmp2:
	.loc	4 65 25 prologue_end            @ ../../../components/platform/soc/rt582/rt582_freertos/list.c:65:25
	str	r1, [r0, #16]
	.loc	4 71 1                          @ ../../../components/platform/soc/rt582/rt582_freertos/list.c:71:1
	bx	lr
.Ltmp3:
.Lfunc_end1:
	.size	vListInitialiseItem, .Lfunc_end1-vListInitialiseItem
	.cfi_endproc
	.cantunwind
	.fnend
                                        @ -- End function
	.section	.text.vListInsertEnd,"ax",%progbits
	.hidden	vListInsertEnd                  @ -- Begin function vListInsertEnd
	.globl	vListInsertEnd
	.p2align	1
	.type	vListInsertEnd,%function
	.code	16                              @ @vListInsertEnd
	.thumb_func
vListInsertEnd:
.Lfunc_begin2:
	.loc	4 75 0                          @ ../../../components/platform/soc/rt582/rt582_freertos/list.c:75:0
	.fnstart
	.cfi_startproc
@ %bb.0:
	@DEBUG_VALUE: vListInsertEnd:pxList <- $r0
	@DEBUG_VALUE: vListInsertEnd:pxList <- $r0
	@DEBUG_VALUE: vListInsertEnd:pxNewListItem <- $r1
	.loc	4 99 32 prologue_end            @ ../../../components/platform/soc/rt582/rt582_freertos/list.c:99:32
	ldr.w	r12, [r0]
	.loc	4 76 41                         @ ../../../components/platform/soc/rt582/rt582_freertos/list.c:76:41
	ldr	r3, [r0, #4]
.Ltmp4:
	@DEBUG_VALUE: vListInsertEnd:pxIndex <- $r3
	.loc	4 97 32                         @ ../../../components/platform/soc/rt582/rt582_freertos/list.c:97:32
	str	r0, [r1, #16]
	.loc	4 88 42                         @ ../../../components/platform/soc/rt582/rt582_freertos/list.c:88:42
	ldr	r2, [r3, #8]
	@DEBUG_VALUE: vListInsertEnd:pxNewListItem <- $r1
	.loc	4 87 27                         @ ../../../components/platform/soc/rt582/rt582_freertos/list.c:87:27
	str	r3, [r1, #4]
	.loc	4 88 31                         @ ../../../components/platform/soc/rt582/rt582_freertos/list.c:88:31
	str	r2, [r1, #8]
	.loc	4 93 14                         @ ../../../components/platform/soc/rt582/rt582_freertos/list.c:93:14
	ldr	r2, [r3, #8]
	.loc	4 94 25                         @ ../../../components/platform/soc/rt582/rt582_freertos/list.c:94:25
	str	r1, [r3, #8]
	.loc	4 93 33                         @ ../../../components/platform/soc/rt582/rt582_freertos/list.c:93:33
	str	r1, [r2, #4]
	.loc	4 99 32                         @ ../../../components/platform/soc/rt582/rt582_freertos/list.c:99:32
	add.w	r1, r12, #1
.Ltmp5:
	@DEBUG_VALUE: vListInsertEnd:pxNewListItem <- [DW_OP_LLVM_entry_value 1] $r1
	str	r1, [r0]
	.loc	4 100 1                         @ ../../../components/platform/soc/rt582/rt582_freertos/list.c:100:1
	bx	lr
.Ltmp6:
.Lfunc_end2:
	.size	vListInsertEnd, .Lfunc_end2-vListInsertEnd
	.cfi_endproc
	.cantunwind
	.fnend
                                        @ -- End function
	.section	.text.vListInsert,"ax",%progbits
	.hidden	vListInsert                     @ -- Begin function vListInsert
	.globl	vListInsert
	.p2align	1
	.type	vListInsert,%function
	.code	16                              @ @vListInsert
	.thumb_func
vListInsert:
.Lfunc_begin3:
	.loc	4 104 0                         @ ../../../components/platform/soc/rt582/rt582_freertos/list.c:104:0
	.fnstart
	.cfi_startproc
@ %bb.0:
	@DEBUG_VALUE: vListInsert:pxList <- $r0
	@DEBUG_VALUE: vListInsert:pxNewListItem <- $r1
	@DEBUG_VALUE: vListInsert:pxNewListItem <- $r1
	.save	{r7, lr}
	push	{r7, lr}
	.cfi_def_cfa_offset 8
	.cfi_offset lr, -4
	.cfi_offset r7, -8
.Ltmp7:
	.loc	4 106 57 prologue_end           @ ../../../components/platform/soc/rt582/rt582_freertos/list.c:106:57
	ldr.w	r12, [r1]
.Ltmp8:
	@DEBUG_VALUE: vListInsert:xValueOfInsertion <- $r12
	.loc	4 122 10                        @ ../../../components/platform/soc/rt582/rt582_freertos/list.c:122:10
	adds.w	r2, r12, #1
	@DEBUG_VALUE: vListInsert:pxList <- $r0
	beq	.LBB3_3
.Ltmp9:
@ %bb.1:
	@DEBUG_VALUE: vListInsert:xValueOfInsertion <- $r12
	@DEBUG_VALUE: vListInsert:pxNewListItem <- $r1
	@DEBUG_VALUE: vListInsert:pxList <- $r0
	.loc	4 150 57                        @ ../../../components/platform/soc/rt582/rt582_freertos/list.c:150:57
	add.w	r2, r0, #8
.Ltmp10:
	@DEBUG_VALUE: vListInsert:pxIterator <- undef
	.p2align	2
.LBB3_2:                                @ =>This Inner Loop Header: Depth=1
	@DEBUG_VALUE: vListInsert:xValueOfInsertion <- $r12
	@DEBUG_VALUE: vListInsert:pxNewListItem <- $r1
	@DEBUG_VALUE: vListInsert:pxList <- $r0
	.loc	4 0 0 is_stmt 0                 @ ../../../components/platform/soc/rt582/rt582_freertos/list.c:0:0
	mov	lr, r2
.Ltmp11:
	@DEBUG_VALUE: vListInsert:pxIterator <- $lr
	.loc	4 150 81                        @ ../../../components/platform/soc/rt582/rt582_freertos/list.c:150:81
	ldr	r2, [r2, #4]
	.loc	4 150 89                        @ ../../../components/platform/soc/rt582/rt582_freertos/list.c:150:89
	ldr	r3, [r2]
.Ltmp12:
	.loc	4 150 9                         @ ../../../components/platform/soc/rt582/rt582_freertos/list.c:150:9
	cmp	r3, r12
	bls	.LBB3_2
	b	.LBB3_4
.Ltmp13:
.LBB3_3:
	@DEBUG_VALUE: vListInsert:xValueOfInsertion <- $r12
	@DEBUG_VALUE: vListInsert:pxNewListItem <- $r1
	@DEBUG_VALUE: vListInsert:pxList <- $r0
	.loc	4 124 39 is_stmt 1              @ ../../../components/platform/soc/rt582/rt582_freertos/list.c:124:39
	ldr.w	lr, [r0, #16]
.Ltmp14:
	@DEBUG_VALUE: vListInsert:pxIterator <- $lr
	.loc	4 157 41                        @ ../../../components/platform/soc/rt582/rt582_freertos/list.c:157:41
	ldr.w	r2, [lr, #4]
.Ltmp15:
.LBB3_4:
	@DEBUG_VALUE: vListInsert:xValueOfInsertion <- $r12
	@DEBUG_VALUE: vListInsert:pxNewListItem <- $r1
	@DEBUG_VALUE: vListInsert:pxList <- $r0
	@DEBUG_VALUE: vListInsert:pxIterator <- $lr
	@DEBUG_VALUE: vListInsert:pxIterator <- $lr
	.loc	4 157 27 is_stmt 0              @ ../../../components/platform/soc/rt582/rt582_freertos/list.c:157:27
	str	r2, [r1, #4]
	.loc	4 158 39 is_stmt 1              @ ../../../components/platform/soc/rt582/rt582_freertos/list.c:158:39
	str	r1, [r2, #8]
	.loc	4 159 31                        @ ../../../components/platform/soc/rt582/rt582_freertos/list.c:159:31
	str.w	lr, [r1, #8]
	.loc	4 160 24                        @ ../../../components/platform/soc/rt582/rt582_freertos/list.c:160:24
	str.w	r1, [lr, #4]
	.loc	4 164 32                        @ ../../../components/platform/soc/rt582/rt582_freertos/list.c:164:32
	str	r0, [r1, #16]
	.loc	4 166 32                        @ ../../../components/platform/soc/rt582/rt582_freertos/list.c:166:32
	ldr	r1, [r0]
.Ltmp16:
	@DEBUG_VALUE: vListInsert:pxNewListItem <- [DW_OP_LLVM_entry_value 1] $r1
	adds	r1, #1
	str	r1, [r0]
	.loc	4 167 1                         @ ../../../components/platform/soc/rt582/rt582_freertos/list.c:167:1
	pop	{r7, pc}
.Ltmp17:
.Lfunc_end3:
	.size	vListInsert, .Lfunc_end3-vListInsert
	.cfi_endproc
	.cantunwind
	.fnend
                                        @ -- End function
	.section	.text.uxListRemove,"ax",%progbits
	.hidden	uxListRemove                    @ -- Begin function uxListRemove
	.globl	uxListRemove
	.p2align	1
	.type	uxListRemove,%function
	.code	16                              @ @uxListRemove
	.thumb_func
uxListRemove:
.Lfunc_begin4:
	.loc	4 171 0                         @ ../../../components/platform/soc/rt582/rt582_freertos/list.c:171:0
	.fnstart
	.cfi_startproc
@ %bb.0:
	@DEBUG_VALUE: uxListRemove:pxItemToRemove <- $r0
	@DEBUG_VALUE: uxListRemove:pxItemToRemove <- $r0
	.loc	4 176 21 prologue_end           @ ../../../components/platform/soc/rt582/rt582_freertos/list.c:176:21
	ldrd	r3, r2, [r0, #4]
	.loc	4 174 44                        @ ../../../components/platform/soc/rt582/rt582_freertos/list.c:174:44
	ldr	r1, [r0, #16]
.Ltmp18:
	@DEBUG_VALUE: uxListRemove:pxList <- $r1
	.loc	4 176 40                        @ ../../../components/platform/soc/rt582/rt582_freertos/list.c:176:40
	str	r2, [r3, #8]
.Ltmp19:
	.loc	4 183 18                        @ ../../../components/platform/soc/rt582/rt582_freertos/list.c:183:18
	ldr.w	r12, [r1, #4]
.Ltmp20:
	.loc	4 177 21                        @ ../../../components/platform/soc/rt582/rt582_freertos/list.c:177:21
	ldr	r2, [r0, #8]
	.loc	4 183 10                        @ ../../../components/platform/soc/rt582/rt582_freertos/list.c:183:10
	cmp	r12, r0
	.loc	4 177 40                        @ ../../../components/platform/soc/rt582/rt582_freertos/list.c:177:40
	str	r3, [r2, #4]
.Ltmp21:
	.loc	4 185 25                        @ ../../../components/platform/soc/rt582/rt582_freertos/list.c:185:25
	it	eq
	streq	r2, [r1, #4]
	movs	r2, #0
.Ltmp22:
	.loc	4 192 33                        @ ../../../components/platform/soc/rt582/rt582_freertos/list.c:192:33
	str	r2, [r0, #16]
	.loc	4 193 32                        @ ../../../components/platform/soc/rt582/rt582_freertos/list.c:193:32
	ldr	r0, [r1]
.Ltmp23:
	@DEBUG_VALUE: uxListRemove:pxItemToRemove <- [DW_OP_LLVM_entry_value 1] $r0
	subs	r0, #1
	str	r0, [r1]
	.loc	4 195 20                        @ ../../../components/platform/soc/rt582/rt582_freertos/list.c:195:20
	ldr	r0, [r1]
	.loc	4 195 5 is_stmt 0               @ ../../../components/platform/soc/rt582/rt582_freertos/list.c:195:5
	bx	lr
.Ltmp24:
.Lfunc_end4:
	.size	uxListRemove, .Lfunc_end4-uxListRemove
	.cfi_endproc
	.cantunwind
	.fnend
                                        @ -- End function
	.section	.debug_loc,"",%progbits
.Ldebug_loc0:
	.long	-1
	.long	.Lfunc_begin2                   @   base address
	.long	.Lfunc_begin2-.Lfunc_begin2
	.long	.Ltmp5-.Lfunc_begin2
	.short	1                               @ Loc expr size
	.byte	81                              @ DW_OP_reg1
	.long	.Ltmp5-.Lfunc_begin2
	.long	.Lfunc_end2-.Lfunc_begin2
	.short	4                               @ Loc expr size
	.byte	243                             @ DW_OP_GNU_entry_value
	.byte	1                               @ 1
	.byte	81                              @ DW_OP_reg1
	.byte	159                             @ DW_OP_stack_value
	.long	0
	.long	0
.Ldebug_loc1:
	.long	-1
	.long	.Lfunc_begin2                   @   base address
	.long	.Ltmp4-.Lfunc_begin2
	.long	.Lfunc_end2-.Lfunc_begin2
	.short	1                               @ Loc expr size
	.byte	83                              @ DW_OP_reg3
	.long	0
	.long	0
.Ldebug_loc2:
	.long	-1
	.long	.Lfunc_begin3                   @   base address
	.long	.Lfunc_begin3-.Lfunc_begin3
	.long	.Ltmp16-.Lfunc_begin3
	.short	1                               @ Loc expr size
	.byte	81                              @ DW_OP_reg1
	.long	.Ltmp16-.Lfunc_begin3
	.long	.Lfunc_end3-.Lfunc_begin3
	.short	4                               @ Loc expr size
	.byte	243                             @ DW_OP_GNU_entry_value
	.byte	1                               @ 1
	.byte	81                              @ DW_OP_reg1
	.byte	159                             @ DW_OP_stack_value
	.long	0
	.long	0
.Ldebug_loc3:
	.long	-1
	.long	.Lfunc_begin3                   @   base address
	.long	.Ltmp8-.Lfunc_begin3
	.long	.Lfunc_end3-.Lfunc_begin3
	.short	1                               @ Loc expr size
	.byte	92                              @ DW_OP_reg12
	.long	0
	.long	0
.Ldebug_loc4:
	.long	-1
	.long	.Lfunc_begin3                   @   base address
	.long	.Ltmp11-.Lfunc_begin3
	.long	.Ltmp13-.Lfunc_begin3
	.short	1                               @ Loc expr size
	.byte	94                              @ DW_OP_reg14
	.long	.Ltmp14-.Lfunc_begin3
	.long	.Lfunc_end3-.Lfunc_begin3
	.short	1                               @ Loc expr size
	.byte	94                              @ DW_OP_reg14
	.long	0
	.long	0
.Ldebug_loc5:
	.long	-1
	.long	.Lfunc_begin4                   @   base address
	.long	.Lfunc_begin4-.Lfunc_begin4
	.long	.Ltmp23-.Lfunc_begin4
	.short	1                               @ Loc expr size
	.byte	80                              @ DW_OP_reg0
	.long	.Ltmp23-.Lfunc_begin4
	.long	.Lfunc_end4-.Lfunc_begin4
	.short	4                               @ Loc expr size
	.byte	243                             @ DW_OP_GNU_entry_value
	.byte	1                               @ 1
	.byte	80                              @ DW_OP_reg0
	.byte	159                             @ DW_OP_stack_value
	.long	0
	.long	0
.Ldebug_loc6:
	.long	-1
	.long	.Lfunc_begin4                   @   base address
	.long	.Ltmp18-.Lfunc_begin4
	.long	.Lfunc_end4-.Lfunc_begin4
	.short	1                               @ Loc expr size
	.byte	81                              @ DW_OP_reg1
	.long	0
	.long	0
	.section	.debug_abbrev,"",%progbits
	.byte	1                               @ Abbreviation Code
	.byte	17                              @ DW_TAG_compile_unit
	.byte	1                               @ DW_CHILDREN_yes
	.byte	37                              @ DW_AT_producer
	.byte	14                              @ DW_FORM_strp
	.byte	19                              @ DW_AT_language
	.byte	5                               @ DW_FORM_data2
	.byte	3                               @ DW_AT_name
	.byte	14                              @ DW_FORM_strp
	.byte	16                              @ DW_AT_stmt_list
	.byte	23                              @ DW_FORM_sec_offset
	.byte	27                              @ DW_AT_comp_dir
	.byte	14                              @ DW_FORM_strp
	.byte	17                              @ DW_AT_low_pc
	.byte	1                               @ DW_FORM_addr
	.byte	85                              @ DW_AT_ranges
	.byte	23                              @ DW_FORM_sec_offset
	.byte	0                               @ EOM(1)
	.byte	0                               @ EOM(2)
	.byte	2                               @ Abbreviation Code
	.byte	15                              @ DW_TAG_pointer_type
	.byte	0                               @ DW_CHILDREN_no
	.byte	73                              @ DW_AT_type
	.byte	19                              @ DW_FORM_ref4
	.byte	0                               @ EOM(1)
	.byte	0                               @ EOM(2)
	.byte	3                               @ Abbreviation Code
	.byte	22                              @ DW_TAG_typedef
	.byte	0                               @ DW_CHILDREN_no
	.byte	73                              @ DW_AT_type
	.byte	19                              @ DW_FORM_ref4
	.byte	3                               @ DW_AT_name
	.byte	14                              @ DW_FORM_strp
	.byte	58                              @ DW_AT_decl_file
	.byte	11                              @ DW_FORM_data1
	.byte	59                              @ DW_AT_decl_line
	.byte	11                              @ DW_FORM_data1
	.byte	0                               @ EOM(1)
	.byte	0                               @ EOM(2)
	.byte	4                               @ Abbreviation Code
	.byte	19                              @ DW_TAG_structure_type
	.byte	1                               @ DW_CHILDREN_yes
	.byte	3                               @ DW_AT_name
	.byte	14                              @ DW_FORM_strp
	.byte	11                              @ DW_AT_byte_size
	.byte	11                              @ DW_FORM_data1
	.byte	58                              @ DW_AT_decl_file
	.byte	11                              @ DW_FORM_data1
	.byte	59                              @ DW_AT_decl_line
	.byte	11                              @ DW_FORM_data1
	.byte	0                               @ EOM(1)
	.byte	0                               @ EOM(2)
	.byte	5                               @ Abbreviation Code
	.byte	13                              @ DW_TAG_member
	.byte	0                               @ DW_CHILDREN_no
	.byte	3                               @ DW_AT_name
	.byte	14                              @ DW_FORM_strp
	.byte	73                              @ DW_AT_type
	.byte	19                              @ DW_FORM_ref4
	.byte	58                              @ DW_AT_decl_file
	.byte	11                              @ DW_FORM_data1
	.byte	59                              @ DW_AT_decl_line
	.byte	11                              @ DW_FORM_data1
	.byte	56                              @ DW_AT_data_member_location
	.byte	11                              @ DW_FORM_data1
	.byte	0                               @ EOM(1)
	.byte	0                               @ EOM(2)
	.byte	6                               @ Abbreviation Code
	.byte	36                              @ DW_TAG_base_type
	.byte	0                               @ DW_CHILDREN_no
	.byte	3                               @ DW_AT_name
	.byte	14                              @ DW_FORM_strp
	.byte	62                              @ DW_AT_encoding
	.byte	11                              @ DW_FORM_data1
	.byte	11                              @ DW_AT_byte_size
	.byte	11                              @ DW_FORM_data1
	.byte	0                               @ EOM(1)
	.byte	0                               @ EOM(2)
	.byte	7                               @ Abbreviation Code
	.byte	15                              @ DW_TAG_pointer_type
	.byte	0                               @ DW_CHILDREN_no
	.byte	0                               @ EOM(1)
	.byte	0                               @ EOM(2)
	.byte	8                               @ Abbreviation Code
	.byte	53                              @ DW_TAG_volatile_type
	.byte	0                               @ DW_CHILDREN_no
	.byte	73                              @ DW_AT_type
	.byte	19                              @ DW_FORM_ref4
	.byte	0                               @ EOM(1)
	.byte	0                               @ EOM(2)
	.byte	9                               @ Abbreviation Code
	.byte	46                              @ DW_TAG_subprogram
	.byte	1                               @ DW_CHILDREN_yes
	.byte	17                              @ DW_AT_low_pc
	.byte	1                               @ DW_FORM_addr
	.byte	18                              @ DW_AT_high_pc
	.byte	6                               @ DW_FORM_data4
	.byte	64                              @ DW_AT_frame_base
	.byte	24                              @ DW_FORM_exprloc
	.ascii	"\227B"                         @ DW_AT_GNU_all_call_sites
	.byte	25                              @ DW_FORM_flag_present
	.byte	3                               @ DW_AT_name
	.byte	14                              @ DW_FORM_strp
	.byte	58                              @ DW_AT_decl_file
	.byte	11                              @ DW_FORM_data1
	.byte	59                              @ DW_AT_decl_line
	.byte	11                              @ DW_FORM_data1
	.byte	39                              @ DW_AT_prototyped
	.byte	25                              @ DW_FORM_flag_present
	.byte	63                              @ DW_AT_external
	.byte	25                              @ DW_FORM_flag_present
	.byte	0                               @ EOM(1)
	.byte	0                               @ EOM(2)
	.byte	10                              @ Abbreviation Code
	.byte	5                               @ DW_TAG_formal_parameter
	.byte	0                               @ DW_CHILDREN_no
	.byte	2                               @ DW_AT_location
	.byte	24                              @ DW_FORM_exprloc
	.byte	3                               @ DW_AT_name
	.byte	14                              @ DW_FORM_strp
	.byte	58                              @ DW_AT_decl_file
	.byte	11                              @ DW_FORM_data1
	.byte	59                              @ DW_AT_decl_line
	.byte	11                              @ DW_FORM_data1
	.byte	73                              @ DW_AT_type
	.byte	19                              @ DW_FORM_ref4
	.byte	0                               @ EOM(1)
	.byte	0                               @ EOM(2)
	.byte	11                              @ Abbreviation Code
	.byte	5                               @ DW_TAG_formal_parameter
	.byte	0                               @ DW_CHILDREN_no
	.byte	2                               @ DW_AT_location
	.byte	23                              @ DW_FORM_sec_offset
	.byte	3                               @ DW_AT_name
	.byte	14                              @ DW_FORM_strp
	.byte	58                              @ DW_AT_decl_file
	.byte	11                              @ DW_FORM_data1
	.byte	59                              @ DW_AT_decl_line
	.byte	11                              @ DW_FORM_data1
	.byte	73                              @ DW_AT_type
	.byte	19                              @ DW_FORM_ref4
	.byte	0                               @ EOM(1)
	.byte	0                               @ EOM(2)
	.byte	12                              @ Abbreviation Code
	.byte	52                              @ DW_TAG_variable
	.byte	0                               @ DW_CHILDREN_no
	.byte	2                               @ DW_AT_location
	.byte	23                              @ DW_FORM_sec_offset
	.byte	3                               @ DW_AT_name
	.byte	14                              @ DW_FORM_strp
	.byte	58                              @ DW_AT_decl_file
	.byte	11                              @ DW_FORM_data1
	.byte	59                              @ DW_AT_decl_line
	.byte	11                              @ DW_FORM_data1
	.byte	73                              @ DW_AT_type
	.byte	19                              @ DW_FORM_ref4
	.byte	0                               @ EOM(1)
	.byte	0                               @ EOM(2)
	.byte	13                              @ Abbreviation Code
	.byte	46                              @ DW_TAG_subprogram
	.byte	1                               @ DW_CHILDREN_yes
	.byte	17                              @ DW_AT_low_pc
	.byte	1                               @ DW_FORM_addr
	.byte	18                              @ DW_AT_high_pc
	.byte	6                               @ DW_FORM_data4
	.byte	64                              @ DW_AT_frame_base
	.byte	24                              @ DW_FORM_exprloc
	.ascii	"\227B"                         @ DW_AT_GNU_all_call_sites
	.byte	25                              @ DW_FORM_flag_present
	.byte	3                               @ DW_AT_name
	.byte	14                              @ DW_FORM_strp
	.byte	58                              @ DW_AT_decl_file
	.byte	11                              @ DW_FORM_data1
	.byte	59                              @ DW_AT_decl_line
	.byte	11                              @ DW_FORM_data1
	.byte	39                              @ DW_AT_prototyped
	.byte	25                              @ DW_FORM_flag_present
	.byte	73                              @ DW_AT_type
	.byte	19                              @ DW_FORM_ref4
	.byte	63                              @ DW_AT_external
	.byte	25                              @ DW_FORM_flag_present
	.byte	0                               @ EOM(1)
	.byte	0                               @ EOM(2)
	.byte	14                              @ Abbreviation Code
	.byte	38                              @ DW_TAG_const_type
	.byte	0                               @ DW_CHILDREN_no
	.byte	73                              @ DW_AT_type
	.byte	19                              @ DW_FORM_ref4
	.byte	0                               @ EOM(1)
	.byte	0                               @ EOM(2)
	.byte	0                               @ EOM(3)
	.section	.debug_info,"",%progbits
.Lcu_begin0:
	.long	.Ldebug_info_end0-.Ldebug_info_start0 @ Length of Unit
.Ldebug_info_start0:
	.short	4                               @ DWARF version number
	.long	.debug_abbrev                   @ Offset Into Abbrev. Section
	.byte	4                               @ Address Size (in bytes)
	.byte	1                               @ Abbrev [1] 0xb:0x22f DW_TAG_compile_unit
	.long	.Linfo_string0                  @ DW_AT_producer
	.short	12                              @ DW_AT_language
	.long	.Linfo_string1                  @ DW_AT_name
	.long	.Lline_table_start0             @ DW_AT_stmt_list
	.long	.Linfo_string2                  @ DW_AT_comp_dir
	.long	0                               @ DW_AT_low_pc
	.long	.Ldebug_ranges0                 @ DW_AT_ranges
	.byte	2                               @ Abbrev [2] 0x26:0x5 DW_TAG_pointer_type
	.long	43                              @ DW_AT_type
	.byte	3                               @ Abbrev [3] 0x2b:0xb DW_TAG_typedef
	.long	54                              @ DW_AT_type
	.long	.Linfo_string20                 @ DW_AT_name
	.byte	3                               @ DW_AT_decl_file
	.byte	150                             @ DW_AT_decl_line
	.byte	4                               @ Abbrev [4] 0x36:0x45 DW_TAG_structure_type
	.long	.Linfo_string19                 @ DW_AT_name
	.byte	20                              @ DW_AT_byte_size
	.byte	3                               @ DW_AT_decl_file
	.byte	140                             @ DW_AT_decl_line
	.byte	5                               @ Abbrev [5] 0x3e:0xc DW_TAG_member
	.long	.Linfo_string3                  @ DW_AT_name
	.long	123                             @ DW_AT_type
	.byte	3                               @ DW_AT_decl_file
	.byte	143                             @ DW_AT_decl_line
	.byte	0                               @ DW_AT_data_member_location
	.byte	5                               @ Abbrev [5] 0x4a:0xc DW_TAG_member
	.long	.Linfo_string7                  @ DW_AT_name
	.long	152                             @ DW_AT_type
	.byte	3                               @ DW_AT_decl_file
	.byte	144                             @ DW_AT_decl_line
	.byte	4                               @ DW_AT_data_member_location
	.byte	5                               @ Abbrev [5] 0x56:0xc DW_TAG_member
	.long	.Linfo_string8                  @ DW_AT_name
	.long	152                             @ DW_AT_type
	.byte	3                               @ DW_AT_decl_file
	.byte	145                             @ DW_AT_decl_line
	.byte	8                               @ DW_AT_data_member_location
	.byte	5                               @ Abbrev [5] 0x62:0xc DW_TAG_member
	.long	.Linfo_string9                  @ DW_AT_name
	.long	157                             @ DW_AT_type
	.byte	3                               @ DW_AT_decl_file
	.byte	146                             @ DW_AT_decl_line
	.byte	12                              @ DW_AT_data_member_location
	.byte	5                               @ Abbrev [5] 0x6e:0xc DW_TAG_member
	.long	.Linfo_string10                 @ DW_AT_name
	.long	158                             @ DW_AT_type
	.byte	3                               @ DW_AT_decl_file
	.byte	147                             @ DW_AT_decl_line
	.byte	16                              @ DW_AT_data_member_location
	.byte	0                               @ End Of Children Mark
	.byte	3                               @ Abbrev [3] 0x7b:0xb DW_TAG_typedef
	.long	134                             @ DW_AT_type
	.long	.Linfo_string6                  @ DW_AT_name
	.byte	2                               @ DW_AT_decl_file
	.byte	63                              @ DW_AT_decl_line
	.byte	3                               @ Abbrev [3] 0x86:0xb DW_TAG_typedef
	.long	145                             @ DW_AT_type
	.long	.Linfo_string5                  @ DW_AT_name
	.byte	1                               @ DW_AT_decl_file
	.byte	64                              @ DW_AT_decl_line
	.byte	6                               @ Abbrev [6] 0x91:0x7 DW_TAG_base_type
	.long	.Linfo_string4                  @ DW_AT_name
	.byte	7                               @ DW_AT_encoding
	.byte	4                               @ DW_AT_byte_size
	.byte	2                               @ Abbrev [2] 0x98:0x5 DW_TAG_pointer_type
	.long	54                              @ DW_AT_type
	.byte	7                               @ Abbrev [7] 0x9d:0x1 DW_TAG_pointer_type
	.byte	2                               @ Abbrev [2] 0x9e:0x5 DW_TAG_pointer_type
	.long	163                             @ DW_AT_type
	.byte	4                               @ Abbrev [4] 0xa3:0x2d DW_TAG_structure_type
	.long	.Linfo_string18                 @ DW_AT_name
	.byte	20                              @ DW_AT_byte_size
	.byte	3                               @ DW_AT_decl_file
	.byte	164                             @ DW_AT_decl_line
	.byte	5                               @ Abbrev [5] 0xab:0xc DW_TAG_member
	.long	.Linfo_string11                 @ DW_AT_name
	.long	208                             @ DW_AT_type
	.byte	3                               @ DW_AT_decl_file
	.byte	167                             @ DW_AT_decl_line
	.byte	0                               @ DW_AT_data_member_location
	.byte	5                               @ Abbrev [5] 0xb7:0xc DW_TAG_member
	.long	.Linfo_string14                 @ DW_AT_name
	.long	38                              @ DW_AT_type
	.byte	3                               @ DW_AT_decl_file
	.byte	168                             @ DW_AT_decl_line
	.byte	4                               @ DW_AT_data_member_location
	.byte	5                               @ Abbrev [5] 0xc3:0xc DW_TAG_member
	.long	.Linfo_string15                 @ DW_AT_name
	.long	231                             @ DW_AT_type
	.byte	3                               @ DW_AT_decl_file
	.byte	169                             @ DW_AT_decl_line
	.byte	8                               @ DW_AT_data_member_location
	.byte	0                               @ End Of Children Mark
	.byte	8                               @ Abbrev [8] 0xd0:0x5 DW_TAG_volatile_type
	.long	213                             @ DW_AT_type
	.byte	3                               @ Abbrev [3] 0xd5:0xb DW_TAG_typedef
	.long	224                             @ DW_AT_type
	.long	.Linfo_string13                 @ DW_AT_name
	.byte	2                               @ DW_AT_decl_file
	.byte	57                              @ DW_AT_decl_line
	.byte	6                               @ Abbrev [6] 0xe0:0x7 DW_TAG_base_type
	.long	.Linfo_string12                 @ DW_AT_name
	.byte	7                               @ DW_AT_encoding
	.byte	4                               @ DW_AT_byte_size
	.byte	3                               @ Abbrev [3] 0xe7:0xb DW_TAG_typedef
	.long	242                             @ DW_AT_type
	.long	.Linfo_string17                 @ DW_AT_name
	.byte	3                               @ DW_AT_decl_file
	.byte	159                             @ DW_AT_decl_line
	.byte	4                               @ Abbrev [4] 0xf2:0x2d DW_TAG_structure_type
	.long	.Linfo_string16                 @ DW_AT_name
	.byte	12                              @ DW_AT_byte_size
	.byte	3                               @ DW_AT_decl_file
	.byte	152                             @ DW_AT_decl_line
	.byte	5                               @ Abbrev [5] 0xfa:0xc DW_TAG_member
	.long	.Linfo_string3                  @ DW_AT_name
	.long	123                             @ DW_AT_type
	.byte	3                               @ DW_AT_decl_file
	.byte	155                             @ DW_AT_decl_line
	.byte	0                               @ DW_AT_data_member_location
	.byte	5                               @ Abbrev [5] 0x106:0xc DW_TAG_member
	.long	.Linfo_string7                  @ DW_AT_name
	.long	152                             @ DW_AT_type
	.byte	3                               @ DW_AT_decl_file
	.byte	156                             @ DW_AT_decl_line
	.byte	4                               @ DW_AT_data_member_location
	.byte	5                               @ Abbrev [5] 0x112:0xc DW_TAG_member
	.long	.Linfo_string8                  @ DW_AT_name
	.long	152                             @ DW_AT_type
	.byte	3                               @ DW_AT_decl_file
	.byte	157                             @ DW_AT_decl_line
	.byte	8                               @ DW_AT_data_member_location
	.byte	0                               @ End Of Children Mark
	.byte	9                               @ Abbrev [9] 0x11f:0x1f DW_TAG_subprogram
	.long	.Lfunc_begin0                   @ DW_AT_low_pc
	.long	.Lfunc_end0-.Lfunc_begin0       @ DW_AT_high_pc
	.byte	1                               @ DW_AT_frame_base
	.byte	93
                                        @ DW_AT_GNU_all_call_sites
	.long	.Linfo_string21                 @ DW_AT_name
	.byte	4                               @ DW_AT_decl_file
	.byte	37                              @ DW_AT_decl_line
                                        @ DW_AT_prototyped
                                        @ DW_AT_external
	.byte	10                              @ Abbrev [10] 0x130:0xd DW_TAG_formal_parameter
	.byte	1                               @ DW_AT_location
	.byte	80
	.long	.Linfo_string26                 @ DW_AT_name
	.byte	4                               @ DW_AT_decl_file
	.byte	37                              @ DW_AT_decl_line
	.long	538                             @ DW_AT_type
	.byte	0                               @ End Of Children Mark
	.byte	9                               @ Abbrev [9] 0x13e:0x1f DW_TAG_subprogram
	.long	.Lfunc_begin1                   @ DW_AT_low_pc
	.long	.Lfunc_end1-.Lfunc_begin1       @ DW_AT_high_pc
	.byte	1                               @ DW_AT_frame_base
	.byte	93
                                        @ DW_AT_GNU_all_call_sites
	.long	.Linfo_string22                 @ DW_AT_name
	.byte	4                               @ DW_AT_decl_file
	.byte	62                              @ DW_AT_decl_line
                                        @ DW_AT_prototyped
                                        @ DW_AT_external
	.byte	10                              @ Abbrev [10] 0x14f:0xd DW_TAG_formal_parameter
	.byte	1                               @ DW_AT_location
	.byte	80
	.long	.Linfo_string28                 @ DW_AT_name
	.byte	4                               @ DW_AT_decl_file
	.byte	62                              @ DW_AT_decl_line
	.long	559                             @ DW_AT_type
	.byte	0                               @ End Of Children Mark
	.byte	9                               @ Abbrev [9] 0x15d:0x3d DW_TAG_subprogram
	.long	.Lfunc_begin2                   @ DW_AT_low_pc
	.long	.Lfunc_end2-.Lfunc_begin2       @ DW_AT_high_pc
	.byte	1                               @ DW_AT_frame_base
	.byte	93
                                        @ DW_AT_GNU_all_call_sites
	.long	.Linfo_string23                 @ DW_AT_name
	.byte	4                               @ DW_AT_decl_file
	.byte	74                              @ DW_AT_decl_line
                                        @ DW_AT_prototyped
                                        @ DW_AT_external
	.byte	10                              @ Abbrev [10] 0x16e:0xd DW_TAG_formal_parameter
	.byte	1                               @ DW_AT_location
	.byte	80
	.long	.Linfo_string26                 @ DW_AT_name
	.byte	4                               @ DW_AT_decl_file
	.byte	74                              @ DW_AT_decl_line
	.long	538                             @ DW_AT_type
	.byte	11                              @ Abbrev [11] 0x17b:0xf DW_TAG_formal_parameter
	.long	.Ldebug_loc0                    @ DW_AT_location
	.long	.Linfo_string29                 @ DW_AT_name
	.byte	4                               @ DW_AT_decl_file
	.byte	74                              @ DW_AT_decl_line
	.long	559                             @ DW_AT_type
	.byte	12                              @ Abbrev [12] 0x18a:0xf DW_TAG_variable
	.long	.Ldebug_loc1                    @ DW_AT_location
	.long	.Linfo_string14                 @ DW_AT_name
	.byte	4                               @ DW_AT_decl_file
	.byte	76                              @ DW_AT_decl_line
	.long	559                             @ DW_AT_type
	.byte	0                               @ End Of Children Mark
	.byte	9                               @ Abbrev [9] 0x19a:0x4c DW_TAG_subprogram
	.long	.Lfunc_begin3                   @ DW_AT_low_pc
	.long	.Lfunc_end3-.Lfunc_begin3       @ DW_AT_high_pc
	.byte	1                               @ DW_AT_frame_base
	.byte	93
                                        @ DW_AT_GNU_all_call_sites
	.long	.Linfo_string24                 @ DW_AT_name
	.byte	4                               @ DW_AT_decl_file
	.byte	103                             @ DW_AT_decl_line
                                        @ DW_AT_prototyped
                                        @ DW_AT_external
	.byte	10                              @ Abbrev [10] 0x1ab:0xd DW_TAG_formal_parameter
	.byte	1                               @ DW_AT_location
	.byte	80
	.long	.Linfo_string26                 @ DW_AT_name
	.byte	4                               @ DW_AT_decl_file
	.byte	103                             @ DW_AT_decl_line
	.long	538                             @ DW_AT_type
	.byte	11                              @ Abbrev [11] 0x1b8:0xf DW_TAG_formal_parameter
	.long	.Ldebug_loc2                    @ DW_AT_location
	.long	.Linfo_string29                 @ DW_AT_name
	.byte	4                               @ DW_AT_decl_file
	.byte	103                             @ DW_AT_decl_line
	.long	559                             @ DW_AT_type
	.byte	12                              @ Abbrev [12] 0x1c7:0xf DW_TAG_variable
	.long	.Ldebug_loc3                    @ DW_AT_location
	.long	.Linfo_string30                 @ DW_AT_name
	.byte	4                               @ DW_AT_decl_file
	.byte	106                             @ DW_AT_decl_line
	.long	564                             @ DW_AT_type
	.byte	12                              @ Abbrev [12] 0x1d6:0xf DW_TAG_variable
	.long	.Ldebug_loc4                    @ DW_AT_location
	.long	.Linfo_string31                 @ DW_AT_name
	.byte	4                               @ DW_AT_decl_file
	.byte	105                             @ DW_AT_decl_line
	.long	38                              @ DW_AT_type
	.byte	0                               @ End Of Children Mark
	.byte	13                              @ Abbrev [13] 0x1e6:0x34 DW_TAG_subprogram
	.long	.Lfunc_begin4                   @ DW_AT_low_pc
	.long	.Lfunc_end4-.Lfunc_begin4       @ DW_AT_high_pc
	.byte	1                               @ DW_AT_frame_base
	.byte	93
                                        @ DW_AT_GNU_all_call_sites
	.long	.Linfo_string25                 @ DW_AT_name
	.byte	4                               @ DW_AT_decl_file
	.byte	170                             @ DW_AT_decl_line
                                        @ DW_AT_prototyped
	.long	213                             @ DW_AT_type
                                        @ DW_AT_external
	.byte	11                              @ Abbrev [11] 0x1fb:0xf DW_TAG_formal_parameter
	.long	.Ldebug_loc5                    @ DW_AT_location
	.long	.Linfo_string32                 @ DW_AT_name
	.byte	4                               @ DW_AT_decl_file
	.byte	170                             @ DW_AT_decl_line
	.long	559                             @ DW_AT_type
	.byte	12                              @ Abbrev [12] 0x20a:0xf DW_TAG_variable
	.long	.Ldebug_loc6                    @ DW_AT_location
	.long	.Linfo_string26                 @ DW_AT_name
	.byte	4                               @ DW_AT_decl_file
	.byte	174                             @ DW_AT_decl_line
	.long	538                             @ DW_AT_type
	.byte	0                               @ End Of Children Mark
	.byte	14                              @ Abbrev [14] 0x21a:0x5 DW_TAG_const_type
	.long	543                             @ DW_AT_type
	.byte	2                               @ Abbrev [2] 0x21f:0x5 DW_TAG_pointer_type
	.long	548                             @ DW_AT_type
	.byte	3                               @ Abbrev [3] 0x224:0xb DW_TAG_typedef
	.long	163                             @ DW_AT_type
	.long	.Linfo_string27                 @ DW_AT_name
	.byte	3                               @ DW_AT_decl_file
	.byte	171                             @ DW_AT_decl_line
	.byte	14                              @ Abbrev [14] 0x22f:0x5 DW_TAG_const_type
	.long	38                              @ DW_AT_type
	.byte	14                              @ Abbrev [14] 0x234:0x5 DW_TAG_const_type
	.long	123                             @ DW_AT_type
	.byte	0                               @ End Of Children Mark
.Ldebug_info_end0:
	.section	.debug_ranges,"",%progbits
.Ldebug_ranges0:
	.long	.Lfunc_begin0
	.long	.Lfunc_end0
	.long	.Lfunc_begin1
	.long	.Lfunc_end1
	.long	.Lfunc_begin2
	.long	.Lfunc_end2
	.long	.Lfunc_begin3
	.long	.Lfunc_end3
	.long	.Lfunc_begin4
	.long	.Lfunc_end4
	.long	0
	.long	0
	.section	.debug_str,"MS",%progbits,1
.Linfo_string0:
	.asciz	"Component: Arm Compiler for Embedded 6.21 Tool: armclang [5dfeb700]" @ string offset=0
.Linfo_string1:
	.asciz	"../../../components/platform/soc/rt582/rt582_freertos\\list.c" @ string offset=68
.Linfo_string2:
	.asciz	"C:\\Users\\testo\\Desktop\\rafael-iot-sdk-das - \350\244\207\350\243\275 (2)\\examples\\das_subg_thread\\keil" @ string offset=129
.Linfo_string3:
	.asciz	"xItemValue"                    @ string offset=214
.Linfo_string4:
	.asciz	"unsigned int"                  @ string offset=225
.Linfo_string5:
	.asciz	"uint32_t"                      @ string offset=238
.Linfo_string6:
	.asciz	"TickType_t"                    @ string offset=247
.Linfo_string7:
	.asciz	"pxNext"                        @ string offset=258
.Linfo_string8:
	.asciz	"pxPrevious"                    @ string offset=265
.Linfo_string9:
	.asciz	"pvOwner"                       @ string offset=276
.Linfo_string10:
	.asciz	"pvContainer"                   @ string offset=284
.Linfo_string11:
	.asciz	"uxNumberOfItems"               @ string offset=296
.Linfo_string12:
	.asciz	"long unsigned int"             @ string offset=312
.Linfo_string13:
	.asciz	"UBaseType_t"                   @ string offset=330
.Linfo_string14:
	.asciz	"pxIndex"                       @ string offset=342
.Linfo_string15:
	.asciz	"xListEnd"                      @ string offset=350
.Linfo_string16:
	.asciz	"xMINI_LIST_ITEM"               @ string offset=359
.Linfo_string17:
	.asciz	"MiniListItem_t"                @ string offset=375
.Linfo_string18:
	.asciz	"xLIST"                         @ string offset=390
.Linfo_string19:
	.asciz	"xLIST_ITEM"                    @ string offset=396
.Linfo_string20:
	.asciz	"ListItem_t"                    @ string offset=407
.Linfo_string21:
	.asciz	"vListInitialise"               @ string offset=418
.Linfo_string22:
	.asciz	"vListInitialiseItem"           @ string offset=434
.Linfo_string23:
	.asciz	"vListInsertEnd"                @ string offset=454
.Linfo_string24:
	.asciz	"vListInsert"                   @ string offset=469
.Linfo_string25:
	.asciz	"uxListRemove"                  @ string offset=481
.Linfo_string26:
	.asciz	"pxList"                        @ string offset=494
.Linfo_string27:
	.asciz	"List_t"                        @ string offset=501
.Linfo_string28:
	.asciz	"pxItem"                        @ string offset=508
.Linfo_string29:
	.asciz	"pxNewListItem"                 @ string offset=515
.Linfo_string30:
	.asciz	"xValueOfInsertion"             @ string offset=529
.Linfo_string31:
	.asciz	"pxIterator"                    @ string offset=547
.Linfo_string32:
	.asciz	"pxItemToRemove"                @ string offset=558
	.ident	"Component: Arm Compiler for Embedded 6.21 Tool: armclang [5dfeb700]"
	.section	".note.GNU-stack","",%progbits
	.eabi_attribute	30, 3	@ Tag_ABI_optimization_goals
	.ARM_attribute	16, 1	@ Tag_AV_eba
	.section	.debug_line,"",%progbits
.Lline_table_start0:
