	.text
	.syntax unified
	.eabi_attribute	67, "2.09"	@ Tag_conformance
	.cpu	cortex-m3
	.eabi_attribute	6, 10	@ Tag_CPU_arch
	.eabi_attribute	7, 77	@ Tag_CPU_arch_profile
	.eabi_attribute	8, 0	@ Tag_ARM_ISA_use
	.eabi_attribute	9, 2	@ Tag_THUMB_ISA_use
	.eabi_attribute	34, 1	@ Tag_CPU_unaligned_access
	.eabi_attribute	17, 1	@ Tag_ABI_PCS_GOT_use
	.eabi_attribute	20, 2	@ Tag_ABI_FP_denormal
	.eabi_attribute	21, 0	@ Tag_ABI_FP_exceptions
	.eabi_attribute	23, 1	@ Tag_ABI_FP_number_model
	.eabi_attribute	24, 1	@ Tag_ABI_align_needed
	.eabi_attribute	25, 1	@ Tag_ABI_align_preserved
	.eabi_attribute	38, 1	@ Tag_ABI_FP_16bit_format
	.eabi_attribute	18, 4	@ Tag_ABI_PCS_wchar_t
	.eabi_attribute	26, 2	@ Tag_ABI_enum_size
	.eabi_attribute	14, 0	@ Tag_ABI_PCS_R9_use
	.file	"main.c"
	.file	1 "D:\\20240115\\rafael-iot-sdk-das\\examples\\das_subg_thread\\keil" "../../../components/platform/hosal/rt582_hosal/Inc\\hosal_rf.h"
	.file	2 "D:\\20240115\\rafael-iot-sdk-das\\examples\\das_subg_thread\\keil" "../../../components/network/lmac15p4/Inc\\lmac15p4.h"
	.file	3 "C:\\Keil_v5\\ARM\\ARMCLANG\\Bin\\..\\include" "stdint.h"
	.file	4 "D:\\20240115\\rafael-iot-sdk-das\\examples\\das_subg_thread\\keil" "../../../components/platform/soc/rt582/rt582_driver/Inc/wdt_reg.h"
	.section	.text.wdt_isr,"ax",%progbits
	.hidden	wdt_isr                         @ -- Begin function wdt_isr
	.globl	wdt_isr
	.p2align	1
	.type	wdt_isr,%function
	.code	16                              @ @wdt_isr
	.thumb_func
wdt_isr:
.Lfunc_begin0:
	.file	5 "D:\\20240115\\rafael-iot-sdk-das\\examples\\das_subg_thread\\keil" "../das_subg_thread/main.c"
	.loc	5 16 0                          @ ../das_subg_thread/main.c:16:0
	.fnstart
	.cfi_sections .debug_frame
	.cfi_startproc
@ %bb.0:
	movs	r0, #12
	movt	r0, #41104
	movw	r1, #42405
.Ltmp0:
	.file	6 "D:\\20240115\\rafael-iot-sdk-das\\examples\\das_subg_thread\\keil" "../../../components/platform/soc/rt582/rt582_driver/Inc/wdt.h"
	.loc	6 155 19 prologue_end           @ ../../../components/platform/soc/rt582/rt582_driver/Inc/wdt.h:155:19
	str	r1, [r0]
.Ltmp1:
	.loc	5 18 1                          @ ../das_subg_thread/main.c:18:1
	bx	lr
.Ltmp2:
.Lfunc_end0:
	.size	wdt_isr, .Lfunc_end0-wdt_isr
	.cfi_endproc
	.cantunwind
	.fnend
                                        @ -- End function
	.section	.text.wdt_init,"ax",%progbits
	.hidden	wdt_init                        @ -- Begin function wdt_init
	.globl	wdt_init
	.p2align	1
	.type	wdt_init,%function
	.code	16                              @ @wdt_init
	.thumb_func
wdt_init:
.Lfunc_begin1:
	.loc	5 21 0                          @ ../das_subg_thread/main.c:21:0
	.fnstart
	.cfi_startproc
@ %bb.0:
	.save	{r7, lr}
	push	{r7, lr}
	.cfi_def_cfa_offset 8
	.cfi_offset lr, -4
	.cfi_offset r7, -8
	.pad	#8
	sub	sp, #8
	.cfi_def_cfa_offset 16
.Ltmp3:
	@DEBUG_VALUE: wdt_init:wdt_mode <- 27
	@DEBUG_VALUE: wdt_init:wdt_cfg_ticks <- [DW_OP_LLVM_fragment 0 32] 10000000
	@DEBUG_VALUE: wdt_init:wdt_cfg_ticks <- [DW_OP_LLVM_fragment 32 32] 40000
	@DEBUG_VALUE: wdt_init:wdt_cfg_ticks <- [DW_OP_LLVM_fragment 64 32] 0
	.loc	5 34 5 prologue_end             @ ../das_subg_thread/main.c:34:5
	movw	r12, :lower16:wdt_isr
	movw	r1, #38528
	movt	r12, :upper16:wdt_isr
	movt	r1, #152
	movs	r0, #27
	movw	r2, #40000
	movs	r3, #0
	str.w	r12, [sp]
	bl	Wdt_Start
.Ltmp4:
	.loc	5 35 1                          @ ../das_subg_thread/main.c:35:1
	add	sp, #8
	pop	{r7, pc}
.Ltmp5:
.Lfunc_end1:
	.size	wdt_init, .Lfunc_end1-wdt_init
	.cfi_endproc
	.cantunwind
	.fnend
                                        @ -- End function
	.section	.text.app_main,"ax",%progbits
	.hidden	app_main                        @ -- Begin function app_main
	.globl	app_main
	.p2align	1
	.type	app_main,%function
	.code	16                              @ @app_main
	.thumb_func
app_main:
.Lfunc_begin2:
	.loc	5 38 0                          @ ../das_subg_thread/main.c:38:0
	.fnstart
	.cfi_startproc
@ %bb.0:
	.save	{r7, lr}
	push	{r7, lr}
	.cfi_def_cfa_offset 8
	.cfi_offset lr, -4
	.cfi_offset r7, -8
	.pad	#8
	sub	sp, #8
	.cfi_def_cfa_offset 16
.Ltmp6:
	@DEBUG_VALUE: wdt_init:wdt_mode <- 27
	@DEBUG_VALUE: wdt_init:wdt_cfg_ticks <- [DW_OP_LLVM_fragment 0 32] 10000000
	@DEBUG_VALUE: wdt_init:wdt_cfg_ticks <- [DW_OP_LLVM_fragment 32 32] 40000
	@DEBUG_VALUE: wdt_init:wdt_cfg_ticks <- [DW_OP_LLVM_fragment 64 32] 0
	.loc	5 34 5 prologue_end             @ ../das_subg_thread/main.c:34:5
	movw	r12, :lower16:wdt_isr
	movw	r1, #38528
	movt	r12, :upper16:wdt_isr
	movt	r1, #152
	movs	r0, #27
	movw	r2, #40000
	movs	r3, #0
	str.w	r12, [sp]
	bl	Wdt_Start
.Ltmp7:
	.loc	5 40 5                          @ ../das_subg_thread/main.c:40:5
	movs	r0, #1
	bl	hosal_rf_init
.Ltmp8:
	.loc	5 42 5                          @ ../das_subg_thread/main.c:42:5
	movs	r0, #1
	bl	lmac15p4_init
.Ltmp9:
	.loc	5 46 5                          @ ../das_subg_thread/main.c:46:5
	bl	cli_init
.Ltmp10:
	.loc	5 48 5                          @ ../das_subg_thread/main.c:48:5
	bl	otrStart
.Ltmp11:
	.loc	5 54 5                          @ ../das_subg_thread/main.c:54:5
	bl	app_task
.Ltmp12:
	.loc	5 55 5                          @ ../das_subg_thread/main.c:55:5
	movs	r0, #0
	add	sp, #8
	pop	{r7, pc}
.Ltmp13:
.Lfunc_end2:
	.size	app_main, .Lfunc_end2-app_main
	.cfi_endproc
	.cantunwind
	.fnend
                                        @ -- End function
	.section	.debug_loc,"",%progbits
.Ldebug_loc0:
	.long	-1
	.long	.Lfunc_begin1                   @   base address
	.long	.Ltmp3-.Lfunc_begin1
	.long	.Lfunc_end1-.Lfunc_begin1
	.short	19                              @ Loc expr size
	.byte	16                              @ DW_OP_constu
	.byte	128                             @ 10000000
	.byte	173                             @ 
	.byte	226                             @ 
	.byte	4                               @ 
	.byte	159                             @ DW_OP_stack_value
	.byte	147                             @ DW_OP_piece
	.byte	4                               @ 4
	.byte	16                              @ DW_OP_constu
	.byte	192                             @ 40000
	.byte	184                             @ 
	.byte	2                               @ 
	.byte	159                             @ DW_OP_stack_value
	.byte	147                             @ DW_OP_piece
	.byte	4                               @ 4
	.byte	48                              @ DW_OP_lit0
	.byte	159                             @ DW_OP_stack_value
	.byte	147                             @ DW_OP_piece
	.byte	4                               @ 4
	.long	0
	.long	0
.Ldebug_loc1:
	.long	-1
	.long	.Lfunc_begin2                   @   base address
	.long	.Ltmp6-.Lfunc_begin2
	.long	.Lfunc_end2-.Lfunc_begin2
	.short	19                              @ Loc expr size
	.byte	16                              @ DW_OP_constu
	.byte	128                             @ 10000000
	.byte	173                             @ 
	.byte	226                             @ 
	.byte	4                               @ 
	.byte	159                             @ DW_OP_stack_value
	.byte	147                             @ DW_OP_piece
	.byte	4                               @ 4
	.byte	16                              @ DW_OP_constu
	.byte	192                             @ 40000
	.byte	184                             @ 
	.byte	2                               @ 
	.byte	159                             @ DW_OP_stack_value
	.byte	147                             @ DW_OP_piece
	.byte	4                               @ 4
	.byte	48                              @ DW_OP_lit0
	.byte	159                             @ DW_OP_stack_value
	.byte	147                             @ DW_OP_piece
	.byte	4                               @ 4
	.long	0
	.long	0
	.section	.debug_abbrev,"",%progbits
	.byte	1                               @ Abbreviation Code
	.byte	17                              @ DW_TAG_compile_unit
	.byte	1                               @ DW_CHILDREN_yes
	.byte	37                              @ DW_AT_producer
	.byte	14                              @ DW_FORM_strp
	.byte	19                              @ DW_AT_language
	.byte	5                               @ DW_FORM_data2
	.byte	3                               @ DW_AT_name
	.byte	14                              @ DW_FORM_strp
	.byte	16                              @ DW_AT_stmt_list
	.byte	23                              @ DW_FORM_sec_offset
	.byte	27                              @ DW_AT_comp_dir
	.byte	14                              @ DW_FORM_strp
	.byte	17                              @ DW_AT_low_pc
	.byte	1                               @ DW_FORM_addr
	.byte	85                              @ DW_AT_ranges
	.byte	23                              @ DW_FORM_sec_offset
	.byte	0                               @ EOM(1)
	.byte	0                               @ EOM(2)
	.byte	2                               @ Abbreviation Code
	.byte	4                               @ DW_TAG_enumeration_type
	.byte	1                               @ DW_CHILDREN_yes
	.byte	73                              @ DW_AT_type
	.byte	19                              @ DW_FORM_ref4
	.byte	11                              @ DW_AT_byte_size
	.byte	11                              @ DW_FORM_data1
	.byte	58                              @ DW_AT_decl_file
	.byte	11                              @ DW_FORM_data1
	.byte	59                              @ DW_AT_decl_line
	.byte	11                              @ DW_FORM_data1
	.byte	0                               @ EOM(1)
	.byte	0                               @ EOM(2)
	.byte	3                               @ Abbreviation Code
	.byte	40                              @ DW_TAG_enumerator
	.byte	0                               @ DW_CHILDREN_no
	.byte	3                               @ DW_AT_name
	.byte	14                              @ DW_FORM_strp
	.byte	28                              @ DW_AT_const_value
	.byte	15                              @ DW_FORM_udata
	.byte	0                               @ EOM(1)
	.byte	0                               @ EOM(2)
	.byte	4                               @ Abbreviation Code
	.byte	36                              @ DW_TAG_base_type
	.byte	0                               @ DW_CHILDREN_no
	.byte	3                               @ DW_AT_name
	.byte	14                              @ DW_FORM_strp
	.byte	62                              @ DW_AT_encoding
	.byte	11                              @ DW_FORM_data1
	.byte	11                              @ DW_AT_byte_size
	.byte	11                              @ DW_FORM_data1
	.byte	0                               @ EOM(1)
	.byte	0                               @ EOM(2)
	.byte	5                               @ Abbreviation Code
	.byte	15                              @ DW_TAG_pointer_type
	.byte	0                               @ DW_CHILDREN_no
	.byte	73                              @ DW_AT_type
	.byte	19                              @ DW_FORM_ref4
	.byte	0                               @ EOM(1)
	.byte	0                               @ EOM(2)
	.byte	6                               @ Abbreviation Code
	.byte	22                              @ DW_TAG_typedef
	.byte	0                               @ DW_CHILDREN_no
	.byte	73                              @ DW_AT_type
	.byte	19                              @ DW_FORM_ref4
	.byte	3                               @ DW_AT_name
	.byte	14                              @ DW_FORM_strp
	.byte	58                              @ DW_AT_decl_file
	.byte	11                              @ DW_FORM_data1
	.byte	59                              @ DW_AT_decl_line
	.byte	11                              @ DW_FORM_data1
	.byte	0                               @ EOM(1)
	.byte	0                               @ EOM(2)
	.byte	7                               @ Abbreviation Code
	.byte	19                              @ DW_TAG_structure_type
	.byte	1                               @ DW_CHILDREN_yes
	.byte	11                              @ DW_AT_byte_size
	.byte	11                              @ DW_FORM_data1
	.byte	58                              @ DW_AT_decl_file
	.byte	11                              @ DW_FORM_data1
	.byte	59                              @ DW_AT_decl_line
	.byte	11                              @ DW_FORM_data1
	.byte	0                               @ EOM(1)
	.byte	0                               @ EOM(2)
	.byte	8                               @ Abbreviation Code
	.byte	13                              @ DW_TAG_member
	.byte	0                               @ DW_CHILDREN_no
	.byte	3                               @ DW_AT_name
	.byte	14                              @ DW_FORM_strp
	.byte	73                              @ DW_AT_type
	.byte	19                              @ DW_FORM_ref4
	.byte	58                              @ DW_AT_decl_file
	.byte	11                              @ DW_FORM_data1
	.byte	59                              @ DW_AT_decl_line
	.byte	11                              @ DW_FORM_data1
	.byte	56                              @ DW_AT_data_member_location
	.byte	11                              @ DW_FORM_data1
	.byte	0                               @ EOM(1)
	.byte	0                               @ EOM(2)
	.byte	9                               @ Abbreviation Code
	.byte	53                              @ DW_TAG_volatile_type
	.byte	0                               @ DW_CHILDREN_no
	.byte	73                              @ DW_AT_type
	.byte	19                              @ DW_FORM_ref4
	.byte	0                               @ EOM(1)
	.byte	0                               @ EOM(2)
	.byte	10                              @ Abbreviation Code
	.byte	38                              @ DW_TAG_const_type
	.byte	0                               @ DW_CHILDREN_no
	.byte	73                              @ DW_AT_type
	.byte	19                              @ DW_FORM_ref4
	.byte	0                               @ EOM(1)
	.byte	0                               @ EOM(2)
	.byte	11                              @ Abbreviation Code
	.byte	23                              @ DW_TAG_union_type
	.byte	1                               @ DW_CHILDREN_yes
	.byte	3                               @ DW_AT_name
	.byte	14                              @ DW_FORM_strp
	.byte	11                              @ DW_AT_byte_size
	.byte	11                              @ DW_FORM_data1
	.byte	58                              @ DW_AT_decl_file
	.byte	11                              @ DW_FORM_data1
	.byte	59                              @ DW_AT_decl_line
	.byte	11                              @ DW_FORM_data1
	.byte	0                               @ EOM(1)
	.byte	0                               @ EOM(2)
	.byte	12                              @ Abbreviation Code
	.byte	19                              @ DW_TAG_structure_type
	.byte	1                               @ DW_CHILDREN_yes
	.byte	3                               @ DW_AT_name
	.byte	14                              @ DW_FORM_strp
	.byte	11                              @ DW_AT_byte_size
	.byte	11                              @ DW_FORM_data1
	.byte	58                              @ DW_AT_decl_file
	.byte	11                              @ DW_FORM_data1
	.byte	59                              @ DW_AT_decl_line
	.byte	11                              @ DW_FORM_data1
	.byte	0                               @ EOM(1)
	.byte	0                               @ EOM(2)
	.byte	13                              @ Abbreviation Code
	.byte	13                              @ DW_TAG_member
	.byte	0                               @ DW_CHILDREN_no
	.byte	3                               @ DW_AT_name
	.byte	14                              @ DW_FORM_strp
	.byte	73                              @ DW_AT_type
	.byte	19                              @ DW_FORM_ref4
	.byte	58                              @ DW_AT_decl_file
	.byte	11                              @ DW_FORM_data1
	.byte	59                              @ DW_AT_decl_line
	.byte	11                              @ DW_FORM_data1
	.byte	11                              @ DW_AT_byte_size
	.byte	11                              @ DW_FORM_data1
	.byte	13                              @ DW_AT_bit_size
	.byte	11                              @ DW_FORM_data1
	.byte	12                              @ DW_AT_bit_offset
	.byte	11                              @ DW_FORM_data1
	.byte	56                              @ DW_AT_data_member_location
	.byte	11                              @ DW_FORM_data1
	.byte	0                               @ EOM(1)
	.byte	0                               @ EOM(2)
	.byte	14                              @ Abbreviation Code
	.byte	46                              @ DW_TAG_subprogram
	.byte	0                               @ DW_CHILDREN_no
	.byte	3                               @ DW_AT_name
	.byte	14                              @ DW_FORM_strp
	.byte	58                              @ DW_AT_decl_file
	.byte	11                              @ DW_FORM_data1
	.byte	59                              @ DW_AT_decl_line
	.byte	11                              @ DW_FORM_data1
	.byte	39                              @ DW_AT_prototyped
	.byte	25                              @ DW_FORM_flag_present
	.byte	32                              @ DW_AT_inline
	.byte	11                              @ DW_FORM_data1
	.byte	0                               @ EOM(1)
	.byte	0                               @ EOM(2)
	.byte	15                              @ Abbreviation Code
	.byte	46                              @ DW_TAG_subprogram
	.byte	1                               @ DW_CHILDREN_yes
	.byte	17                              @ DW_AT_low_pc
	.byte	1                               @ DW_FORM_addr
	.byte	18                              @ DW_AT_high_pc
	.byte	6                               @ DW_FORM_data4
	.byte	64                              @ DW_AT_frame_base
	.byte	24                              @ DW_FORM_exprloc
	.ascii	"\227B"                         @ DW_AT_GNU_all_call_sites
	.byte	25                              @ DW_FORM_flag_present
	.byte	3                               @ DW_AT_name
	.byte	14                              @ DW_FORM_strp
	.byte	58                              @ DW_AT_decl_file
	.byte	11                              @ DW_FORM_data1
	.byte	59                              @ DW_AT_decl_line
	.byte	11                              @ DW_FORM_data1
	.byte	39                              @ DW_AT_prototyped
	.byte	25                              @ DW_FORM_flag_present
	.byte	63                              @ DW_AT_external
	.byte	25                              @ DW_FORM_flag_present
	.byte	0                               @ EOM(1)
	.byte	0                               @ EOM(2)
	.byte	16                              @ Abbreviation Code
	.byte	29                              @ DW_TAG_inlined_subroutine
	.byte	0                               @ DW_CHILDREN_no
	.byte	49                              @ DW_AT_abstract_origin
	.byte	19                              @ DW_FORM_ref4
	.byte	17                              @ DW_AT_low_pc
	.byte	1                               @ DW_FORM_addr
	.byte	18                              @ DW_AT_high_pc
	.byte	6                               @ DW_FORM_data4
	.byte	88                              @ DW_AT_call_file
	.byte	11                              @ DW_FORM_data1
	.byte	89                              @ DW_AT_call_line
	.byte	11                              @ DW_FORM_data1
	.byte	87                              @ DW_AT_call_column
	.byte	11                              @ DW_FORM_data1
	.byte	0                               @ EOM(1)
	.byte	0                               @ EOM(2)
	.byte	17                              @ Abbreviation Code
	.byte	46                              @ DW_TAG_subprogram
	.byte	1                               @ DW_CHILDREN_yes
	.byte	17                              @ DW_AT_low_pc
	.byte	1                               @ DW_FORM_addr
	.byte	18                              @ DW_AT_high_pc
	.byte	6                               @ DW_FORM_data4
	.byte	64                              @ DW_AT_frame_base
	.byte	24                              @ DW_FORM_exprloc
	.ascii	"\227B"                         @ DW_AT_GNU_all_call_sites
	.byte	25                              @ DW_FORM_flag_present
	.byte	49                              @ DW_AT_abstract_origin
	.byte	19                              @ DW_FORM_ref4
	.byte	0                               @ EOM(1)
	.byte	0                               @ EOM(2)
	.byte	18                              @ Abbreviation Code
	.byte	52                              @ DW_TAG_variable
	.byte	0                               @ DW_CHILDREN_no
	.byte	28                              @ DW_AT_const_value
	.byte	15                              @ DW_FORM_udata
	.byte	49                              @ DW_AT_abstract_origin
	.byte	19                              @ DW_FORM_ref4
	.byte	0                               @ EOM(1)
	.byte	0                               @ EOM(2)
	.byte	19                              @ Abbreviation Code
	.byte	52                              @ DW_TAG_variable
	.byte	0                               @ DW_CHILDREN_no
	.byte	2                               @ DW_AT_location
	.byte	23                              @ DW_FORM_sec_offset
	.byte	49                              @ DW_AT_abstract_origin
	.byte	19                              @ DW_FORM_ref4
	.byte	0                               @ EOM(1)
	.byte	0                               @ EOM(2)
	.byte	20                              @ Abbreviation Code
	.byte	46                              @ DW_TAG_subprogram
	.byte	1                               @ DW_CHILDREN_yes
	.byte	3                               @ DW_AT_name
	.byte	14                              @ DW_FORM_strp
	.byte	58                              @ DW_AT_decl_file
	.byte	11                              @ DW_FORM_data1
	.byte	59                              @ DW_AT_decl_line
	.byte	11                              @ DW_FORM_data1
	.byte	39                              @ DW_AT_prototyped
	.byte	25                              @ DW_FORM_flag_present
	.byte	63                              @ DW_AT_external
	.byte	25                              @ DW_FORM_flag_present
	.byte	32                              @ DW_AT_inline
	.byte	11                              @ DW_FORM_data1
	.byte	0                               @ EOM(1)
	.byte	0                               @ EOM(2)
	.byte	21                              @ Abbreviation Code
	.byte	52                              @ DW_TAG_variable
	.byte	0                               @ DW_CHILDREN_no
	.byte	3                               @ DW_AT_name
	.byte	14                              @ DW_FORM_strp
	.byte	58                              @ DW_AT_decl_file
	.byte	11                              @ DW_FORM_data1
	.byte	59                              @ DW_AT_decl_line
	.byte	11                              @ DW_FORM_data1
	.byte	73                              @ DW_AT_type
	.byte	19                              @ DW_FORM_ref4
	.byte	0                               @ EOM(1)
	.byte	0                               @ EOM(2)
	.byte	22                              @ Abbreviation Code
	.byte	46                              @ DW_TAG_subprogram
	.byte	1                               @ DW_CHILDREN_yes
	.byte	17                              @ DW_AT_low_pc
	.byte	1                               @ DW_FORM_addr
	.byte	18                              @ DW_AT_high_pc
	.byte	6                               @ DW_FORM_data4
	.byte	64                              @ DW_AT_frame_base
	.byte	24                              @ DW_FORM_exprloc
	.ascii	"\227B"                         @ DW_AT_GNU_all_call_sites
	.byte	25                              @ DW_FORM_flag_present
	.byte	3                               @ DW_AT_name
	.byte	14                              @ DW_FORM_strp
	.byte	58                              @ DW_AT_decl_file
	.byte	11                              @ DW_FORM_data1
	.byte	59                              @ DW_AT_decl_line
	.byte	11                              @ DW_FORM_data1
	.byte	39                              @ DW_AT_prototyped
	.byte	25                              @ DW_FORM_flag_present
	.byte	73                              @ DW_AT_type
	.byte	19                              @ DW_FORM_ref4
	.byte	63                              @ DW_AT_external
	.byte	25                              @ DW_FORM_flag_present
	.byte	0                               @ EOM(1)
	.byte	0                               @ EOM(2)
	.byte	23                              @ Abbreviation Code
	.byte	29                              @ DW_TAG_inlined_subroutine
	.byte	1                               @ DW_CHILDREN_yes
	.byte	49                              @ DW_AT_abstract_origin
	.byte	19                              @ DW_FORM_ref4
	.byte	17                              @ DW_AT_low_pc
	.byte	1                               @ DW_FORM_addr
	.byte	18                              @ DW_AT_high_pc
	.byte	6                               @ DW_FORM_data4
	.byte	88                              @ DW_AT_call_file
	.byte	11                              @ DW_FORM_data1
	.byte	89                              @ DW_AT_call_line
	.byte	11                              @ DW_FORM_data1
	.byte	87                              @ DW_AT_call_column
	.byte	11                              @ DW_FORM_data1
	.byte	0                               @ EOM(1)
	.byte	0                               @ EOM(2)
	.byte	0                               @ EOM(3)
	.section	.debug_info,"",%progbits
.Lcu_begin0:
	.long	.Ldebug_info_end0-.Ldebug_info_start0 @ Length of Unit
.Ldebug_info_start0:
	.short	4                               @ DWARF version number
	.long	.debug_abbrev                   @ Offset Into Abbrev. Section
	.byte	4                               @ Address Size (in bytes)
	.byte	1                               @ Abbrev [1] 0xb:0x315 DW_TAG_compile_unit
	.long	.Linfo_string0                  @ DW_AT_producer
	.short	12                              @ DW_AT_language
	.long	.Linfo_string1                  @ DW_AT_name
	.long	.Lline_table_start0             @ DW_AT_stmt_list
	.long	.Linfo_string2                  @ DW_AT_comp_dir
	.long	0                               @ DW_AT_low_pc
	.long	.Ldebug_ranges0                 @ DW_AT_ranges
	.byte	2                               @ Abbrev [2] 0x26:0x1b DW_TAG_enumeration_type
	.long	65                              @ DW_AT_type
	.byte	4                               @ DW_AT_byte_size
	.byte	1                               @ DW_AT_decl_file
	.byte	21                              @ DW_AT_decl_line
	.byte	3                               @ Abbrev [3] 0x2e:0x6 DW_TAG_enumerator
	.long	.Linfo_string4                  @ DW_AT_name
	.byte	1                               @ DW_AT_const_value
	.byte	3                               @ Abbrev [3] 0x34:0x6 DW_TAG_enumerator
	.long	.Linfo_string5                  @ DW_AT_name
	.byte	2                               @ DW_AT_const_value
	.byte	3                               @ Abbrev [3] 0x3a:0x6 DW_TAG_enumerator
	.long	.Linfo_string6                  @ DW_AT_name
	.byte	16                              @ DW_AT_const_value
	.byte	0                               @ End Of Children Mark
	.byte	4                               @ Abbrev [4] 0x41:0x7 DW_TAG_base_type
	.long	.Linfo_string3                  @ DW_AT_name
	.byte	7                               @ DW_AT_encoding
	.byte	4                               @ DW_AT_byte_size
	.byte	2                               @ Abbrev [2] 0x48:0x1b DW_TAG_enumeration_type
	.long	65                              @ DW_AT_type
	.byte	4                               @ DW_AT_byte_size
	.byte	2                               @ DW_AT_decl_file
	.byte	19                              @ DW_AT_decl_line
	.byte	3                               @ Abbrev [3] 0x50:0x6 DW_TAG_enumerator
	.long	.Linfo_string7                  @ DW_AT_name
	.byte	1                               @ DW_AT_const_value
	.byte	3                               @ Abbrev [3] 0x56:0x6 DW_TAG_enumerator
	.long	.Linfo_string8                  @ DW_AT_name
	.byte	2                               @ DW_AT_const_value
	.byte	3                               @ Abbrev [3] 0x5c:0x6 DW_TAG_enumerator
	.long	.Linfo_string9                  @ DW_AT_name
	.byte	4                               @ DW_AT_const_value
	.byte	0                               @ End Of Children Mark
	.byte	5                               @ Abbrev [5] 0x63:0x5 DW_TAG_pointer_type
	.long	104                             @ DW_AT_type
	.byte	6                               @ Abbrev [6] 0x68:0xb DW_TAG_typedef
	.long	115                             @ DW_AT_type
	.long	.Linfo_string36                 @ DW_AT_name
	.byte	4                               @ DW_AT_decl_file
	.byte	54                              @ DW_AT_decl_line
	.byte	7                               @ Abbrev [7] 0x73:0x65 DW_TAG_structure_type
	.byte	32                              @ DW_AT_byte_size
	.byte	4                               @ DW_AT_decl_file
	.byte	44                              @ DW_AT_decl_line
	.byte	8                               @ Abbrev [8] 0x77:0xc DW_TAG_member
	.long	.Linfo_string10                 @ DW_AT_name
	.long	216                             @ DW_AT_type
	.byte	4                               @ DW_AT_decl_file
	.byte	46                              @ DW_AT_decl_line
	.byte	0                               @ DW_AT_data_member_location
	.byte	8                               @ Abbrev [8] 0x83:0xc DW_TAG_member
	.long	.Linfo_string12                 @ DW_AT_name
	.long	232                             @ DW_AT_type
	.byte	4                               @ DW_AT_decl_file
	.byte	47                              @ DW_AT_decl_line
	.byte	4                               @ DW_AT_data_member_location
	.byte	8                               @ Abbrev [8] 0x8f:0xc DW_TAG_member
	.long	.Linfo_string13                 @ DW_AT_name
	.long	237                             @ DW_AT_type
	.byte	4                               @ DW_AT_decl_file
	.byte	48                              @ DW_AT_decl_line
	.byte	8                               @ DW_AT_data_member_location
	.byte	8                               @ Abbrev [8] 0x9b:0xc DW_TAG_member
	.long	.Linfo_string26                 @ DW_AT_name
	.long	216                             @ DW_AT_type
	.byte	4                               @ DW_AT_decl_file
	.byte	49                              @ DW_AT_decl_line
	.byte	12                              @ DW_AT_data_member_location
	.byte	8                               @ Abbrev [8] 0xa7:0xc DW_TAG_member
	.long	.Linfo_string27                 @ DW_AT_name
	.long	400                             @ DW_AT_type
	.byte	4                               @ DW_AT_decl_file
	.byte	50                              @ DW_AT_decl_line
	.byte	16                              @ DW_AT_data_member_location
	.byte	8                               @ Abbrev [8] 0xb3:0xc DW_TAG_member
	.long	.Linfo_string33                 @ DW_AT_name
	.long	216                             @ DW_AT_type
	.byte	4                               @ DW_AT_decl_file
	.byte	51                              @ DW_AT_decl_line
	.byte	20                              @ DW_AT_data_member_location
	.byte	8                               @ Abbrev [8] 0xbf:0xc DW_TAG_member
	.long	.Linfo_string34                 @ DW_AT_name
	.long	216                             @ DW_AT_type
	.byte	4                               @ DW_AT_decl_file
	.byte	52                              @ DW_AT_decl_line
	.byte	24                              @ DW_AT_data_member_location
	.byte	8                               @ Abbrev [8] 0xcb:0xc DW_TAG_member
	.long	.Linfo_string35                 @ DW_AT_name
	.long	216                             @ DW_AT_type
	.byte	4                               @ DW_AT_decl_file
	.byte	53                              @ DW_AT_decl_line
	.byte	28                              @ DW_AT_data_member_location
	.byte	0                               @ End Of Children Mark
	.byte	9                               @ Abbrev [9] 0xd8:0x5 DW_TAG_volatile_type
	.long	221                             @ DW_AT_type
	.byte	6                               @ Abbrev [6] 0xdd:0xb DW_TAG_typedef
	.long	65                              @ DW_AT_type
	.long	.Linfo_string11                 @ DW_AT_name
	.byte	3                               @ DW_AT_decl_file
	.byte	64                              @ DW_AT_decl_line
	.byte	10                              @ Abbrev [10] 0xe8:0x5 DW_TAG_const_type
	.long	216                             @ DW_AT_type
	.byte	9                               @ Abbrev [9] 0xed:0x5 DW_TAG_volatile_type
	.long	242                             @ DW_AT_type
	.byte	6                               @ Abbrev [6] 0xf2:0xb DW_TAG_typedef
	.long	253                             @ DW_AT_type
	.long	.Linfo_string25                 @ DW_AT_name
	.byte	4                               @ DW_AT_decl_file
	.byte	30                              @ DW_AT_decl_line
	.byte	11                              @ Abbrev [11] 0xfd:0x21 DW_TAG_union_type
	.long	.Linfo_string24                 @ DW_AT_name
	.byte	4                               @ DW_AT_byte_size
	.byte	4                               @ DW_AT_decl_file
	.byte	17                              @ DW_AT_decl_line
	.byte	8                               @ Abbrev [8] 0x105:0xc DW_TAG_member
	.long	.Linfo_string14                 @ DW_AT_name
	.long	286                             @ DW_AT_type
	.byte	4                               @ DW_AT_decl_file
	.byte	28                              @ DW_AT_decl_line
	.byte	0                               @ DW_AT_data_member_location
	.byte	8                               @ Abbrev [8] 0x111:0xc DW_TAG_member
	.long	.Linfo_string23                 @ DW_AT_name
	.long	221                             @ DW_AT_type
	.byte	4                               @ DW_AT_decl_file
	.byte	29                              @ DW_AT_decl_line
	.byte	0                               @ DW_AT_data_member_location
	.byte	0                               @ End Of Children Mark
	.byte	12                              @ Abbrev [12] 0x11e:0x72 DW_TAG_structure_type
	.long	.Linfo_string22                 @ DW_AT_name
	.byte	4                               @ DW_AT_byte_size
	.byte	4                               @ DW_AT_decl_file
	.byte	19                              @ DW_AT_decl_line
	.byte	13                              @ Abbrev [13] 0x126:0xf DW_TAG_member
	.long	.Linfo_string15                 @ DW_AT_name
	.long	221                             @ DW_AT_type
	.byte	4                               @ DW_AT_decl_file
	.byte	21                              @ DW_AT_decl_line
	.byte	4                               @ DW_AT_byte_size
	.byte	1                               @ DW_AT_bit_size
	.byte	31                              @ DW_AT_bit_offset
	.byte	0                               @ DW_AT_data_member_location
	.byte	13                              @ Abbrev [13] 0x135:0xf DW_TAG_member
	.long	.Linfo_string16                 @ DW_AT_name
	.long	221                             @ DW_AT_type
	.byte	4                               @ DW_AT_decl_file
	.byte	22                              @ DW_AT_decl_line
	.byte	4                               @ DW_AT_byte_size
	.byte	1                               @ DW_AT_bit_size
	.byte	30                              @ DW_AT_bit_offset
	.byte	0                               @ DW_AT_data_member_location
	.byte	13                              @ Abbrev [13] 0x144:0xf DW_TAG_member
	.long	.Linfo_string17                 @ DW_AT_name
	.long	221                             @ DW_AT_type
	.byte	4                               @ DW_AT_decl_file
	.byte	23                              @ DW_AT_decl_line
	.byte	4                               @ DW_AT_byte_size
	.byte	3                               @ DW_AT_bit_size
	.byte	27                              @ DW_AT_bit_offset
	.byte	0                               @ DW_AT_data_member_location
	.byte	13                              @ Abbrev [13] 0x153:0xf DW_TAG_member
	.long	.Linfo_string18                 @ DW_AT_name
	.long	221                             @ DW_AT_type
	.byte	4                               @ DW_AT_decl_file
	.byte	24                              @ DW_AT_decl_line
	.byte	4                               @ DW_AT_byte_size
	.byte	1                               @ DW_AT_bit_size
	.byte	26                              @ DW_AT_bit_offset
	.byte	0                               @ DW_AT_data_member_location
	.byte	13                              @ Abbrev [13] 0x162:0xf DW_TAG_member
	.long	.Linfo_string19                 @ DW_AT_name
	.long	221                             @ DW_AT_type
	.byte	4                               @ DW_AT_decl_file
	.byte	25                              @ DW_AT_decl_line
	.byte	4                               @ DW_AT_byte_size
	.byte	1                               @ DW_AT_bit_size
	.byte	25                              @ DW_AT_bit_offset
	.byte	0                               @ DW_AT_data_member_location
	.byte	13                              @ Abbrev [13] 0x171:0xf DW_TAG_member
	.long	.Linfo_string20                 @ DW_AT_name
	.long	221                             @ DW_AT_type
	.byte	4                               @ DW_AT_decl_file
	.byte	26                              @ DW_AT_decl_line
	.byte	4                               @ DW_AT_byte_size
	.byte	1                               @ DW_AT_bit_size
	.byte	24                              @ DW_AT_bit_offset
	.byte	0                               @ DW_AT_data_member_location
	.byte	13                              @ Abbrev [13] 0x180:0xf DW_TAG_member
	.long	.Linfo_string21                 @ DW_AT_name
	.long	221                             @ DW_AT_type
	.byte	4                               @ DW_AT_decl_file
	.byte	27                              @ DW_AT_decl_line
	.byte	4                               @ DW_AT_byte_size
	.byte	24                              @ DW_AT_bit_size
	.byte	0                               @ DW_AT_bit_offset
	.byte	0                               @ DW_AT_data_member_location
	.byte	0                               @ End Of Children Mark
	.byte	9                               @ Abbrev [9] 0x190:0x5 DW_TAG_volatile_type
	.long	405                             @ DW_AT_type
	.byte	6                               @ Abbrev [6] 0x195:0xb DW_TAG_typedef
	.long	416                             @ DW_AT_type
	.long	.Linfo_string32                 @ DW_AT_name
	.byte	4                               @ DW_AT_decl_file
	.byte	40                              @ DW_AT_decl_line
	.byte	11                              @ Abbrev [11] 0x1a0:0x21 DW_TAG_union_type
	.long	.Linfo_string31                 @ DW_AT_name
	.byte	4                               @ DW_AT_byte_size
	.byte	4                               @ DW_AT_decl_file
	.byte	32                              @ DW_AT_decl_line
	.byte	8                               @ Abbrev [8] 0x1a8:0xc DW_TAG_member
	.long	.Linfo_string14                 @ DW_AT_name
	.long	449                             @ DW_AT_type
	.byte	4                               @ DW_AT_decl_file
	.byte	38                              @ DW_AT_decl_line
	.byte	0                               @ DW_AT_data_member_location
	.byte	8                               @ Abbrev [8] 0x1b4:0xc DW_TAG_member
	.long	.Linfo_string23                 @ DW_AT_name
	.long	221                             @ DW_AT_type
	.byte	4                               @ DW_AT_decl_file
	.byte	39                              @ DW_AT_decl_line
	.byte	0                               @ DW_AT_data_member_location
	.byte	0                               @ End Of Children Mark
	.byte	12                              @ Abbrev [12] 0x1c1:0x27 DW_TAG_structure_type
	.long	.Linfo_string30                 @ DW_AT_name
	.byte	4                               @ DW_AT_byte_size
	.byte	4                               @ DW_AT_decl_file
	.byte	34                              @ DW_AT_decl_line
	.byte	13                              @ Abbrev [13] 0x1c9:0xf DW_TAG_member
	.long	.Linfo_string28                 @ DW_AT_name
	.long	221                             @ DW_AT_type
	.byte	4                               @ DW_AT_decl_file
	.byte	36                              @ DW_AT_decl_line
	.byte	4                               @ DW_AT_byte_size
	.byte	1                               @ DW_AT_bit_size
	.byte	31                              @ DW_AT_bit_offset
	.byte	0                               @ DW_AT_data_member_location
	.byte	13                              @ Abbrev [13] 0x1d8:0xf DW_TAG_member
	.long	.Linfo_string29                 @ DW_AT_name
	.long	221                             @ DW_AT_type
	.byte	4                               @ DW_AT_decl_file
	.byte	37                              @ DW_AT_decl_line
	.byte	4                               @ DW_AT_byte_size
	.byte	31                              @ DW_AT_bit_size
	.byte	0                               @ DW_AT_bit_offset
	.byte	0                               @ DW_AT_data_member_location
	.byte	0                               @ End Of Children Mark
	.byte	14                              @ Abbrev [14] 0x1e8:0x8 DW_TAG_subprogram
	.long	.Linfo_string37                 @ DW_AT_name
	.byte	6                               @ DW_AT_decl_file
	.byte	153                             @ DW_AT_decl_line
                                        @ DW_AT_prototyped
	.byte	1                               @ DW_AT_inline
	.byte	15                              @ Abbrev [15] 0x1f0:0x22 DW_TAG_subprogram
	.long	.Lfunc_begin0                   @ DW_AT_low_pc
	.long	.Lfunc_end0-.Lfunc_begin0       @ DW_AT_high_pc
	.byte	1                               @ DW_AT_frame_base
	.byte	93
                                        @ DW_AT_GNU_all_call_sites
	.long	.Linfo_string52                 @ DW_AT_name
	.byte	5                               @ DW_AT_decl_file
	.byte	15                              @ DW_AT_decl_line
                                        @ DW_AT_prototyped
                                        @ DW_AT_external
	.byte	16                              @ Abbrev [16] 0x201:0x10 DW_TAG_inlined_subroutine
	.long	488                             @ DW_AT_abstract_origin
	.long	.Ltmp0                          @ DW_AT_low_pc
	.long	.Ltmp1-.Ltmp0                   @ DW_AT_high_pc
	.byte	5                               @ DW_AT_call_file
	.byte	17                              @ DW_AT_call_line
	.byte	5                               @ DW_AT_call_column
	.byte	0                               @ End Of Children Mark
	.byte	17                              @ Abbrev [17] 0x212:0x1f DW_TAG_subprogram
	.long	.Lfunc_begin1                   @ DW_AT_low_pc
	.long	.Lfunc_end1-.Lfunc_begin1       @ DW_AT_high_pc
	.byte	1                               @ DW_AT_frame_base
	.byte	93
                                        @ DW_AT_GNU_all_call_sites
	.long	561                             @ DW_AT_abstract_origin
	.byte	18                              @ Abbrev [18] 0x221:0x6 DW_TAG_variable
	.byte	27                              @ DW_AT_const_value
	.long	569                             @ DW_AT_abstract_origin
	.byte	19                              @ Abbrev [19] 0x227:0x9 DW_TAG_variable
	.long	.Ldebug_loc0                    @ DW_AT_location
	.long	580                             @ DW_AT_abstract_origin
	.byte	0                               @ End Of Children Mark
	.byte	20                              @ Abbrev [20] 0x231:0x1f DW_TAG_subprogram
	.long	.Linfo_string38                 @ DW_AT_name
	.byte	5                               @ DW_AT_decl_file
	.byte	20                              @ DW_AT_decl_line
                                        @ DW_AT_prototyped
                                        @ DW_AT_external
	.byte	1                               @ DW_AT_inline
	.byte	21                              @ Abbrev [21] 0x239:0xb DW_TAG_variable
	.long	.Linfo_string39                 @ DW_AT_name
	.byte	5                               @ DW_AT_decl_file
	.byte	22                              @ DW_AT_decl_line
	.long	592                             @ DW_AT_type
	.byte	21                              @ Abbrev [21] 0x244:0xb DW_TAG_variable
	.long	.Linfo_string47                 @ DW_AT_name
	.byte	5                               @ DW_AT_decl_file
	.byte	23                              @ DW_AT_decl_line
	.long	686                             @ DW_AT_type
	.byte	0                               @ End Of Children Mark
	.byte	6                               @ Abbrev [6] 0x250:0xb DW_TAG_typedef
	.long	603                             @ DW_AT_type
	.long	.Linfo_string46                 @ DW_AT_name
	.byte	6                               @ DW_AT_decl_file
	.byte	58                              @ DW_AT_decl_line
	.byte	7                               @ Abbrev [7] 0x25b:0x41 DW_TAG_structure_type
	.byte	1                               @ DW_AT_byte_size
	.byte	6                               @ DW_AT_decl_file
	.byte	52                              @ DW_AT_decl_line
	.byte	13                              @ Abbrev [13] 0x25f:0xf DW_TAG_member
	.long	.Linfo_string40                 @ DW_AT_name
	.long	668                             @ DW_AT_type
	.byte	6                               @ DW_AT_decl_file
	.byte	54                              @ DW_AT_decl_line
	.byte	1                               @ DW_AT_byte_size
	.byte	1                               @ DW_AT_bit_size
	.byte	7                               @ DW_AT_bit_offset
	.byte	0                               @ DW_AT_data_member_location
	.byte	13                              @ Abbrev [13] 0x26e:0xf DW_TAG_member
	.long	.Linfo_string43                 @ DW_AT_name
	.long	668                             @ DW_AT_type
	.byte	6                               @ DW_AT_decl_file
	.byte	55                              @ DW_AT_decl_line
	.byte	1                               @ DW_AT_byte_size
	.byte	1                               @ DW_AT_bit_size
	.byte	6                               @ DW_AT_bit_offset
	.byte	0                               @ DW_AT_data_member_location
	.byte	13                              @ Abbrev [13] 0x27d:0xf DW_TAG_member
	.long	.Linfo_string44                 @ DW_AT_name
	.long	668                             @ DW_AT_type
	.byte	6                               @ DW_AT_decl_file
	.byte	56                              @ DW_AT_decl_line
	.byte	1                               @ DW_AT_byte_size
	.byte	1                               @ DW_AT_bit_size
	.byte	5                               @ DW_AT_bit_offset
	.byte	0                               @ DW_AT_data_member_location
	.byte	13                              @ Abbrev [13] 0x28c:0xf DW_TAG_member
	.long	.Linfo_string45                 @ DW_AT_name
	.long	668                             @ DW_AT_type
	.byte	6                               @ DW_AT_decl_file
	.byte	57                              @ DW_AT_decl_line
	.byte	1                               @ DW_AT_byte_size
	.byte	3                               @ DW_AT_bit_size
	.byte	2                               @ DW_AT_bit_offset
	.byte	0                               @ DW_AT_data_member_location
	.byte	0                               @ End Of Children Mark
	.byte	6                               @ Abbrev [6] 0x29c:0xb DW_TAG_typedef
	.long	679                             @ DW_AT_type
	.long	.Linfo_string42                 @ DW_AT_name
	.byte	3                               @ DW_AT_decl_file
	.byte	62                              @ DW_AT_decl_line
	.byte	4                               @ Abbrev [4] 0x2a7:0x7 DW_TAG_base_type
	.long	.Linfo_string41                 @ DW_AT_name
	.byte	8                               @ DW_AT_encoding
	.byte	1                               @ DW_AT_byte_size
	.byte	6                               @ Abbrev [6] 0x2ae:0xb DW_TAG_typedef
	.long	697                             @ DW_AT_type
	.long	.Linfo_string51                 @ DW_AT_name
	.byte	6                               @ DW_AT_decl_file
	.byte	69                              @ DW_AT_decl_line
	.byte	7                               @ Abbrev [7] 0x2b9:0x29 DW_TAG_structure_type
	.byte	12                              @ DW_AT_byte_size
	.byte	6                               @ DW_AT_decl_file
	.byte	63                              @ DW_AT_decl_line
	.byte	8                               @ Abbrev [8] 0x2bd:0xc DW_TAG_member
	.long	.Linfo_string48                 @ DW_AT_name
	.long	221                             @ DW_AT_type
	.byte	6                               @ DW_AT_decl_file
	.byte	65                              @ DW_AT_decl_line
	.byte	0                               @ DW_AT_data_member_location
	.byte	8                               @ Abbrev [8] 0x2c9:0xc DW_TAG_member
	.long	.Linfo_string49                 @ DW_AT_name
	.long	221                             @ DW_AT_type
	.byte	6                               @ DW_AT_decl_file
	.byte	66                              @ DW_AT_decl_line
	.byte	4                               @ DW_AT_data_member_location
	.byte	8                               @ Abbrev [8] 0x2d5:0xc DW_TAG_member
	.long	.Linfo_string50                 @ DW_AT_name
	.long	221                             @ DW_AT_type
	.byte	6                               @ DW_AT_decl_file
	.byte	67                              @ DW_AT_decl_line
	.byte	8                               @ DW_AT_data_member_location
	.byte	0                               @ End Of Children Mark
	.byte	22                              @ Abbrev [22] 0x2e2:0x36 DW_TAG_subprogram
	.long	.Lfunc_begin2                   @ DW_AT_low_pc
	.long	.Lfunc_end2-.Lfunc_begin2       @ DW_AT_high_pc
	.byte	1                               @ DW_AT_frame_base
	.byte	93
                                        @ DW_AT_GNU_all_call_sites
	.long	.Linfo_string53                 @ DW_AT_name
	.byte	5                               @ DW_AT_decl_file
	.byte	37                              @ DW_AT_decl_line
                                        @ DW_AT_prototyped
	.long	792                             @ DW_AT_type
                                        @ DW_AT_external
	.byte	23                              @ Abbrev [23] 0x2f7:0x20 DW_TAG_inlined_subroutine
	.long	561                             @ DW_AT_abstract_origin
	.long	.Ltmp6                          @ DW_AT_low_pc
	.long	.Ltmp7-.Ltmp6                   @ DW_AT_high_pc
	.byte	5                               @ DW_AT_call_file
	.byte	39                              @ DW_AT_call_line
	.byte	5                               @ DW_AT_call_column
	.byte	18                              @ Abbrev [18] 0x307:0x6 DW_TAG_variable
	.byte	27                              @ DW_AT_const_value
	.long	569                             @ DW_AT_abstract_origin
	.byte	19                              @ Abbrev [19] 0x30d:0x9 DW_TAG_variable
	.long	.Ldebug_loc1                    @ DW_AT_location
	.long	580                             @ DW_AT_abstract_origin
	.byte	0                               @ End Of Children Mark
	.byte	0                               @ End Of Children Mark
	.byte	4                               @ Abbrev [4] 0x318:0x7 DW_TAG_base_type
	.long	.Linfo_string54                 @ DW_AT_name
	.byte	5                               @ DW_AT_encoding
	.byte	4                               @ DW_AT_byte_size
	.byte	0                               @ End Of Children Mark
.Ldebug_info_end0:
	.section	.debug_ranges,"",%progbits
.Ldebug_ranges0:
	.long	.Lfunc_begin0
	.long	.Lfunc_end0
	.long	.Lfunc_begin1
	.long	.Lfunc_end1
	.long	.Lfunc_begin2
	.long	.Lfunc_end2
	.long	0
	.long	0
	.section	.debug_str,"MS",%progbits,1
.Linfo_string0:
	.asciz	"Component: ARM Compiler 6.16 Tool: armclang [5dfeb700]" @ string offset=0
.Linfo_string1:
	.asciz	"../das_subg_thread\\main.c"    @ string offset=55
.Linfo_string2:
	.asciz	"D:\\20240115\\rafael-iot-sdk-das\\examples\\das_subg_thread\\keil" @ string offset=81
.Linfo_string3:
	.asciz	"unsigned int"                  @ string offset=142
.Linfo_string4:
	.asciz	"HOSAL_RF_MODE_RUCI_CMD"        @ string offset=155
.Linfo_string5:
	.asciz	"HOSAL_RF_MODE_BLE_CONTROLLER"  @ string offset=178
.Linfo_string6:
	.asciz	"HOSAL_RF_MODE_MULTI_PROTOCOL"  @ string offset=207
.Linfo_string7:
	.asciz	"LMAC15P4_SUBG_FSK"             @ string offset=236
.Linfo_string8:
	.asciz	"LMAC15P4_2P4G_OQPSK"           @ string offset=254
.Linfo_string9:
	.asciz	"LMAC15P4_SUBG_OQPSK"           @ string offset=274
.Linfo_string10:
	.asciz	"LOAD"                          @ string offset=294
.Linfo_string11:
	.asciz	"uint32_t"                      @ string offset=299
.Linfo_string12:
	.asciz	"VALUE"                         @ string offset=308
.Linfo_string13:
	.asciz	"CONTROL"                       @ string offset=314
.Linfo_string14:
	.asciz	"bit"                           @ string offset=322
.Linfo_string15:
	.asciz	"LOCKOUT"                       @ string offset=326
.Linfo_string16:
	.asciz	"RESERVED1"                     @ string offset=334
.Linfo_string17:
	.asciz	"PRESCALE"                      @ string offset=344
.Linfo_string18:
	.asciz	"RESET_EN"                      @ string offset=353
.Linfo_string19:
	.asciz	"INT_EN"                        @ string offset=362
.Linfo_string20:
	.asciz	"WDT_EN"                        @ string offset=369
.Linfo_string21:
	.asciz	"RESERVED2"                     @ string offset=376
.Linfo_string22:
	.asciz	"wdt_ctrl_b"                    @ string offset=386
.Linfo_string23:
	.asciz	"reg"                           @ string offset=397
.Linfo_string24:
	.asciz	"wdt_ctrl_s"                    @ string offset=401
.Linfo_string25:
	.asciz	"wdt_ctrl_t"                    @ string offset=412
.Linfo_string26:
	.asciz	"WDT_KICK"                      @ string offset=423
.Linfo_string27:
	.asciz	"RST_OCCUR"                     @ string offset=432
.Linfo_string28:
	.asciz	"RESET_OCCUR"                   @ string offset=442
.Linfo_string29:
	.asciz	"RESERVED"                      @ string offset=454
.Linfo_string30:
	.asciz	"wdt_rst_b"                     @ string offset=463
.Linfo_string31:
	.asciz	"wdt_rst_s"                     @ string offset=473
.Linfo_string32:
	.asciz	"wdt_rst_t"                     @ string offset=483
.Linfo_string33:
	.asciz	"CLEAR"                         @ string offset=493
.Linfo_string34:
	.asciz	"INT_VALUE"                     @ string offset=499
.Linfo_string35:
	.asciz	"WINDOW_MIN"                    @ string offset=509
.Linfo_string36:
	.asciz	"wdt_t"                         @ string offset=520
.Linfo_string37:
	.asciz	"Wdt_Kick"                      @ string offset=526
.Linfo_string38:
	.asciz	"wdt_init"                      @ string offset=535
.Linfo_string39:
	.asciz	"wdt_mode"                      @ string offset=544
.Linfo_string40:
	.asciz	"int_enable"                    @ string offset=553
.Linfo_string41:
	.asciz	"unsigned char"                 @ string offset=564
.Linfo_string42:
	.asciz	"uint8_t"                       @ string offset=578
.Linfo_string43:
	.asciz	"reset_enable"                  @ string offset=586
.Linfo_string44:
	.asciz	"lock_enable"                   @ string offset=599
.Linfo_string45:
	.asciz	"prescale"                      @ string offset=611
.Linfo_string46:
	.asciz	"wdt_config_mode_t"             @ string offset=620
.Linfo_string47:
	.asciz	"wdt_cfg_ticks"                 @ string offset=638
.Linfo_string48:
	.asciz	"wdt_ticks"                     @ string offset=652
.Linfo_string49:
	.asciz	"int_ticks"                     @ string offset=662
.Linfo_string50:
	.asciz	"wdt_min_ticks"                 @ string offset=672
.Linfo_string51:
	.asciz	"wdt_config_tick_t"             @ string offset=686
.Linfo_string52:
	.asciz	"wdt_isr"                       @ string offset=704
.Linfo_string53:
	.asciz	"app_main"                      @ string offset=712
.Linfo_string54:
	.asciz	"int"                           @ string offset=721
	.ident	"Component: ARM Compiler 6.16 Tool: armclang [5dfeb700]"
	.section	".note.GNU-stack","",%progbits
	.eabi_attribute	30, 3	@ Tag_ABI_optimization_goals
	.ARM_attribute	16, 1	@ Tag_AV_eba
	.section	.debug_line,"",%progbits
.Lline_table_start0:
