	.text
	.syntax unified
	.eabi_attribute	67, "2.09"	@ Tag_conformance
	.cpu	cortex-m3
	.eabi_attribute	6, 10	@ Tag_CPU_arch
	.eabi_attribute	7, 77	@ Tag_CPU_arch_profile
	.eabi_attribute	8, 0	@ Tag_ARM_ISA_use
	.eabi_attribute	9, 2	@ Tag_THUMB_ISA_use
	.eabi_attribute	34, 1	@ Tag_CPU_unaligned_access
	.eabi_attribute	17, 1	@ Tag_ABI_PCS_GOT_use
	.eabi_attribute	20, 2	@ Tag_ABI_FP_denormal
	.eabi_attribute	21, 0	@ Tag_ABI_FP_exceptions
	.eabi_attribute	23, 1	@ Tag_ABI_FP_number_model
	.eabi_attribute	24, 1	@ Tag_ABI_align_needed
	.eabi_attribute	25, 1	@ Tag_ABI_align_preserved
	.eabi_attribute	38, 1	@ Tag_ABI_FP_16bit_format
	.eabi_attribute	18, 4	@ Tag_ABI_PCS_wchar_t
	.eabi_attribute	26, 2	@ Tag_ABI_enum_size
	.eabi_attribute	14, 0	@ Tag_ABI_PCS_R9_use
	.file	"memmove.c"
	.section	.text.memmove,"ax",%progbits
	.hidden	memmove                         @ -- Begin function memmove
	.globl	memmove
	.p2align	1
	.type	memmove,%function
	.code	16                              @ @memmove
	.thumb_func
memmove:
.Lfunc_begin0:
	.file	1 "D:\\20240115\\rafael-iot-sdk-das\\examples\\das_subg_thread\\keil" "../../../components/platform/soc/rt582/rt582_dongle/dongle/src/memmove.c"
	.loc	1 4 0                           @ ../../../components/platform/soc/rt582/rt582_dongle/dongle/src/memmove.c:4:0
	.fnstart
	.cfi_sections .debug_frame
	.cfi_startproc
@ %bb.0:
	@DEBUG_VALUE: memmove:dest <- $r0
	@DEBUG_VALUE: memmove:dest <- $r0
	@DEBUG_VALUE: memmove:src <- $r1
	@DEBUG_VALUE: memmove:src <- $r1
	@DEBUG_VALUE: memmove:n <- $r2
	@DEBUG_VALUE: memmove:dp <- $r0
	@DEBUG_VALUE: memmove:dp <- $r0
	@DEBUG_VALUE: memmove:sp <- $r1
	@DEBUG_VALUE: memmove:sp <- $r1
	.loc	1 7 9 prologue_end              @ ../../../components/platform/soc/rt582/rt582_dongle/dongle/src/memmove.c:7:9
	cmp	r0, r1
	@DEBUG_VALUE: memmove:n <- $r2
	bhs	.LBB0_4
.Ltmp0:
@ %bb.1:
	@DEBUG_VALUE: memmove:n <- $r2
	@DEBUG_VALUE: memmove:sp <- $r1
	@DEBUG_VALUE: memmove:src <- $r1
	@DEBUG_VALUE: memmove:dp <- $r0
	@DEBUG_VALUE: memmove:dest <- $r0
	@DEBUG_VALUE: memmove:n <- undef
	@DEBUG_VALUE: memmove:dp <- $r0
	@DEBUG_VALUE: memmove:sp <- $r1
	@DEBUG_VALUE: memmove:n <- [DW_OP_constu 1, DW_OP_minus, DW_OP_stack_value] undef
	.loc	1 9 9                           @ ../../../components/platform/soc/rt582/rt582_dongle/dongle/src/memmove.c:9:9
	cbz	r2, .LBB0_7
.Ltmp1:
@ %bb.2:
	@DEBUG_VALUE: memmove:sp <- $r1
	@DEBUG_VALUE: memmove:src <- $r1
	@DEBUG_VALUE: memmove:dp <- $r0
	@DEBUG_VALUE: memmove:dest <- $r0
	.loc	1 0 9 is_stmt 0                 @ ../../../components/platform/soc/rt582/rt582_dongle/dongle/src/memmove.c:0:9
	mov	r3, r0
.Ltmp2:
	.p2align	2
.LBB0_3:                                @ =>This Inner Loop Header: Depth=1
	@DEBUG_VALUE: memmove:sp <- $r1
	@DEBUG_VALUE: memmove:dest <- $r0
	@DEBUG_VALUE: memmove:n <- $r2
	@DEBUG_VALUE: memmove:dp <- $r3
	@DEBUG_VALUE: memmove:sp <- $r1
	.loc	1 11 23 is_stmt 1               @ ../../../components/platform/soc/rt582/rt582_dongle/dongle/src/memmove.c:11:23
	ldrb	r12, [r1], #1
.Ltmp3:
	@DEBUG_VALUE: memmove:src <- [DW_OP_LLVM_entry_value 1] $r1
	@DEBUG_VALUE: memmove:sp <- $r1
	.loc	1 9 17                          @ ../../../components/platform/soc/rt582/rt582_dongle/dongle/src/memmove.c:9:17
	subs	r2, #1
.Ltmp4:
	@DEBUG_VALUE: memmove:n <- $r2
	.loc	1 11 21                         @ ../../../components/platform/soc/rt582/rt582_dongle/dongle/src/memmove.c:11:21
	strb	r12, [r3], #1
.Ltmp5:
	@DEBUG_VALUE: memmove:dp <- $r3
	@DEBUG_VALUE: memmove:n <- [DW_OP_constu 1, DW_OP_minus, DW_OP_stack_value] undef
	.loc	1 9 9                           @ ../../../components/platform/soc/rt582/rt582_dongle/dongle/src/memmove.c:9:9
	bne	.LBB0_3
	b	.LBB0_7
.Ltmp6:
.LBB0_4:
	@DEBUG_VALUE: memmove:n <- $r2
	@DEBUG_VALUE: memmove:sp <- $r1
	@DEBUG_VALUE: memmove:src <- $r1
	@DEBUG_VALUE: memmove:dp <- $r0
	@DEBUG_VALUE: memmove:dest <- $r0
	@DEBUG_VALUE: memmove:n <- undef
	@DEBUG_VALUE: memmove:dp <- undef
	@DEBUG_VALUE: memmove:sp <- undef
	@DEBUG_VALUE: memmove:n <- [DW_OP_constu 1, DW_OP_minus, DW_OP_stack_value] undef
	.loc	1 18 9                          @ ../../../components/platform/soc/rt582/rt582_dongle/dongle/src/memmove.c:18:9
	cbz	r2, .LBB0_7
.Ltmp7:
@ %bb.5:
	@DEBUG_VALUE: memmove:src <- $r1
	@DEBUG_VALUE: memmove:dest <- $r0
	@DEBUG_VALUE: memmove:dp <- undef
	@DEBUG_VALUE: memmove:sp <- undef
	sub.w	r12, r1, #1
	subs	r3, r0, #1
.Ltmp8:
	.p2align	2
.LBB0_6:                                @ =>This Inner Loop Header: Depth=1
	@DEBUG_VALUE: memmove:dest <- $r0
	@DEBUG_VALUE: memmove:n <- $r2
	@DEBUG_VALUE: memmove:dp <- undef
	@DEBUG_VALUE: memmove:sp <- undef
	.loc	1 20 23                         @ ../../../components/platform/soc/rt582/rt582_dongle/dongle/src/memmove.c:20:23
	ldrb.w	r1, [r12, r2]
.Ltmp9:
	@DEBUG_VALUE: memmove:src <- [DW_OP_LLVM_entry_value 1] $r1
	@DEBUG_VALUE: memmove:dp <- [DW_OP_constu 1, DW_OP_minus, DW_OP_stack_value] undef
	.loc	1 20 21 is_stmt 0               @ ../../../components/platform/soc/rt582/rt582_dongle/dongle/src/memmove.c:20:21
	strb	r1, [r3, r2]
.Ltmp10:
	@DEBUG_VALUE: memmove:n <- [DW_OP_constu 1, DW_OP_minus, DW_OP_stack_value] undef
	.loc	1 18 17 is_stmt 1               @ ../../../components/platform/soc/rt582/rt582_dongle/dongle/src/memmove.c:18:17
	subs	r2, #1
.Ltmp11:
	@DEBUG_VALUE: memmove:sp <- [DW_OP_constu 1, DW_OP_minus, DW_OP_stack_value] undef
	@DEBUG_VALUE: memmove:n <- $r2
	@DEBUG_VALUE: memmove:n <- $r2
	.loc	1 18 9 is_stmt 0                @ ../../../components/platform/soc/rt582/rt582_dongle/dongle/src/memmove.c:18:9
	bne	.LBB0_6
.Ltmp12:
.LBB0_7:
	@DEBUG_VALUE: memmove:dest <- $r0
	.loc	1 24 5 is_stmt 1                @ ../../../components/platform/soc/rt582/rt582_dongle/dongle/src/memmove.c:24:5
	bx	lr
.Ltmp13:
.Lfunc_end0:
	.size	memmove, .Lfunc_end0-memmove
	.cfi_endproc
	.cantunwind
	.fnend
                                        @ -- End function
	.file	2 "C:\\Keil_v5\\ARM\\ARMCLANG\\Bin\\..\\include" "string.h"
	.section	.debug_loc,"",%progbits
.Ldebug_loc0:
	.long	.Lfunc_begin0-.Lfunc_begin0
	.long	.Ltmp2-.Lfunc_begin0
	.short	1                               @ Loc expr size
	.byte	81                              @ DW_OP_reg1
	.long	.Ltmp3-.Lfunc_begin0
	.long	.Ltmp6-.Lfunc_begin0
	.short	4                               @ Loc expr size
	.byte	243                             @ DW_OP_GNU_entry_value
	.byte	1                               @ 1
	.byte	81                              @ DW_OP_reg1
	.byte	159                             @ DW_OP_stack_value
	.long	.Ltmp6-.Lfunc_begin0
	.long	.Ltmp8-.Lfunc_begin0
	.short	1                               @ Loc expr size
	.byte	81                              @ DW_OP_reg1
	.long	.Ltmp9-.Lfunc_begin0
	.long	.Ltmp12-.Lfunc_begin0
	.short	4                               @ Loc expr size
	.byte	243                             @ DW_OP_GNU_entry_value
	.byte	1                               @ 1
	.byte	81                              @ DW_OP_reg1
	.byte	159                             @ DW_OP_stack_value
	.long	0
	.long	0
.Ldebug_loc1:
	.long	.Lfunc_begin0-.Lfunc_begin0
	.long	.Ltmp0-.Lfunc_begin0
	.short	1                               @ Loc expr size
	.byte	82                              @ DW_OP_reg2
	.long	.Ltmp2-.Lfunc_begin0
	.long	.Ltmp5-.Lfunc_begin0
	.short	1                               @ Loc expr size
	.byte	82                              @ DW_OP_reg2
	.long	.Ltmp8-.Lfunc_begin0
	.long	.Ltmp10-.Lfunc_begin0
	.short	1                               @ Loc expr size
	.byte	82                              @ DW_OP_reg2
	.long	.Ltmp11-.Lfunc_begin0
	.long	.Ltmp12-.Lfunc_begin0
	.short	1                               @ Loc expr size
	.byte	82                              @ DW_OP_reg2
	.long	0
	.long	0
.Ldebug_loc2:
	.long	.Lfunc_begin0-.Lfunc_begin0
	.long	.Ltmp2-.Lfunc_begin0
	.short	1                               @ Loc expr size
	.byte	80                              @ DW_OP_reg0
	.long	.Ltmp2-.Lfunc_begin0
	.long	.Ltmp6-.Lfunc_begin0
	.short	1                               @ Loc expr size
	.byte	83                              @ DW_OP_reg3
	.long	0
	.long	0
.Ldebug_loc3:
	.long	.Lfunc_begin0-.Lfunc_begin0
	.long	.Ltmp6-.Lfunc_begin0
	.short	1                               @ Loc expr size
	.byte	81                              @ DW_OP_reg1
	.long	0
	.long	0
	.section	.debug_abbrev,"",%progbits
	.byte	1                               @ Abbreviation Code
	.byte	17                              @ DW_TAG_compile_unit
	.byte	1                               @ DW_CHILDREN_yes
	.byte	37                              @ DW_AT_producer
	.byte	14                              @ DW_FORM_strp
	.byte	19                              @ DW_AT_language
	.byte	5                               @ DW_FORM_data2
	.byte	3                               @ DW_AT_name
	.byte	14                              @ DW_FORM_strp
	.byte	16                              @ DW_AT_stmt_list
	.byte	23                              @ DW_FORM_sec_offset
	.byte	27                              @ DW_AT_comp_dir
	.byte	14                              @ DW_FORM_strp
	.byte	17                              @ DW_AT_low_pc
	.byte	1                               @ DW_FORM_addr
	.byte	18                              @ DW_AT_high_pc
	.byte	6                               @ DW_FORM_data4
	.byte	0                               @ EOM(1)
	.byte	0                               @ EOM(2)
	.byte	2                               @ Abbreviation Code
	.byte	46                              @ DW_TAG_subprogram
	.byte	1                               @ DW_CHILDREN_yes
	.byte	17                              @ DW_AT_low_pc
	.byte	1                               @ DW_FORM_addr
	.byte	18                              @ DW_AT_high_pc
	.byte	6                               @ DW_FORM_data4
	.byte	64                              @ DW_AT_frame_base
	.byte	24                              @ DW_FORM_exprloc
	.ascii	"\227B"                         @ DW_AT_GNU_all_call_sites
	.byte	25                              @ DW_FORM_flag_present
	.byte	3                               @ DW_AT_name
	.byte	14                              @ DW_FORM_strp
	.byte	58                              @ DW_AT_decl_file
	.byte	11                              @ DW_FORM_data1
	.byte	59                              @ DW_AT_decl_line
	.byte	11                              @ DW_FORM_data1
	.byte	39                              @ DW_AT_prototyped
	.byte	25                              @ DW_FORM_flag_present
	.byte	73                              @ DW_AT_type
	.byte	19                              @ DW_FORM_ref4
	.byte	63                              @ DW_AT_external
	.byte	25                              @ DW_FORM_flag_present
	.byte	0                               @ EOM(1)
	.byte	0                               @ EOM(2)
	.byte	3                               @ Abbreviation Code
	.byte	5                               @ DW_TAG_formal_parameter
	.byte	0                               @ DW_CHILDREN_no
	.byte	2                               @ DW_AT_location
	.byte	24                              @ DW_FORM_exprloc
	.byte	3                               @ DW_AT_name
	.byte	14                              @ DW_FORM_strp
	.byte	58                              @ DW_AT_decl_file
	.byte	11                              @ DW_FORM_data1
	.byte	59                              @ DW_AT_decl_line
	.byte	11                              @ DW_FORM_data1
	.byte	73                              @ DW_AT_type
	.byte	19                              @ DW_FORM_ref4
	.byte	0                               @ EOM(1)
	.byte	0                               @ EOM(2)
	.byte	4                               @ Abbreviation Code
	.byte	5                               @ DW_TAG_formal_parameter
	.byte	0                               @ DW_CHILDREN_no
	.byte	2                               @ DW_AT_location
	.byte	23                              @ DW_FORM_sec_offset
	.byte	3                               @ DW_AT_name
	.byte	14                              @ DW_FORM_strp
	.byte	58                              @ DW_AT_decl_file
	.byte	11                              @ DW_FORM_data1
	.byte	59                              @ DW_AT_decl_line
	.byte	11                              @ DW_FORM_data1
	.byte	73                              @ DW_AT_type
	.byte	19                              @ DW_FORM_ref4
	.byte	0                               @ EOM(1)
	.byte	0                               @ EOM(2)
	.byte	5                               @ Abbreviation Code
	.byte	52                              @ DW_TAG_variable
	.byte	0                               @ DW_CHILDREN_no
	.byte	2                               @ DW_AT_location
	.byte	23                              @ DW_FORM_sec_offset
	.byte	3                               @ DW_AT_name
	.byte	14                              @ DW_FORM_strp
	.byte	58                              @ DW_AT_decl_file
	.byte	11                              @ DW_FORM_data1
	.byte	59                              @ DW_AT_decl_line
	.byte	11                              @ DW_FORM_data1
	.byte	73                              @ DW_AT_type
	.byte	19                              @ DW_FORM_ref4
	.byte	0                               @ EOM(1)
	.byte	0                               @ EOM(2)
	.byte	6                               @ Abbreviation Code
	.byte	15                              @ DW_TAG_pointer_type
	.byte	0                               @ DW_CHILDREN_no
	.byte	0                               @ EOM(1)
	.byte	0                               @ EOM(2)
	.byte	7                               @ Abbreviation Code
	.byte	15                              @ DW_TAG_pointer_type
	.byte	0                               @ DW_CHILDREN_no
	.byte	73                              @ DW_AT_type
	.byte	19                              @ DW_FORM_ref4
	.byte	0                               @ EOM(1)
	.byte	0                               @ EOM(2)
	.byte	8                               @ Abbreviation Code
	.byte	38                              @ DW_TAG_const_type
	.byte	0                               @ DW_CHILDREN_no
	.byte	0                               @ EOM(1)
	.byte	0                               @ EOM(2)
	.byte	9                               @ Abbreviation Code
	.byte	22                              @ DW_TAG_typedef
	.byte	0                               @ DW_CHILDREN_no
	.byte	73                              @ DW_AT_type
	.byte	19                              @ DW_FORM_ref4
	.byte	3                               @ DW_AT_name
	.byte	14                              @ DW_FORM_strp
	.byte	58                              @ DW_AT_decl_file
	.byte	11                              @ DW_FORM_data1
	.byte	59                              @ DW_AT_decl_line
	.byte	11                              @ DW_FORM_data1
	.byte	0                               @ EOM(1)
	.byte	0                               @ EOM(2)
	.byte	10                              @ Abbreviation Code
	.byte	36                              @ DW_TAG_base_type
	.byte	0                               @ DW_CHILDREN_no
	.byte	3                               @ DW_AT_name
	.byte	14                              @ DW_FORM_strp
	.byte	62                              @ DW_AT_encoding
	.byte	11                              @ DW_FORM_data1
	.byte	11                              @ DW_AT_byte_size
	.byte	11                              @ DW_FORM_data1
	.byte	0                               @ EOM(1)
	.byte	0                               @ EOM(2)
	.byte	11                              @ Abbreviation Code
	.byte	38                              @ DW_TAG_const_type
	.byte	0                               @ DW_CHILDREN_no
	.byte	73                              @ DW_AT_type
	.byte	19                              @ DW_FORM_ref4
	.byte	0                               @ EOM(1)
	.byte	0                               @ EOM(2)
	.byte	0                               @ EOM(3)
	.section	.debug_info,"",%progbits
.Lcu_begin0:
	.long	.Ldebug_info_end0-.Ldebug_info_start0 @ Length of Unit
.Ldebug_info_start0:
	.short	4                               @ DWARF version number
	.long	.debug_abbrev                   @ Offset Into Abbrev. Section
	.byte	4                               @ Address Size (in bytes)
	.byte	1                               @ Abbrev [1] 0xb:0xaa DW_TAG_compile_unit
	.long	.Linfo_string0                  @ DW_AT_producer
	.short	12                              @ DW_AT_language
	.long	.Linfo_string1                  @ DW_AT_name
	.long	.Lline_table_start0             @ DW_AT_stmt_list
	.long	.Linfo_string2                  @ DW_AT_comp_dir
	.long	.Lfunc_begin0                   @ DW_AT_low_pc
	.long	.Lfunc_end0-.Lfunc_begin0       @ DW_AT_high_pc
	.byte	2                               @ Abbrev [2] 0x26:0x5f DW_TAG_subprogram
	.long	.Lfunc_begin0                   @ DW_AT_low_pc
	.long	.Lfunc_end0-.Lfunc_begin0       @ DW_AT_high_pc
	.byte	1                               @ DW_AT_frame_base
	.byte	93
                                        @ DW_AT_GNU_all_call_sites
	.long	.Linfo_string3                  @ DW_AT_name
	.byte	1                               @ DW_AT_decl_file
	.byte	3                               @ DW_AT_decl_line
                                        @ DW_AT_prototyped
	.long	133                             @ DW_AT_type
                                        @ DW_AT_external
	.byte	3                               @ Abbrev [3] 0x3b:0xd DW_TAG_formal_parameter
	.byte	1                               @ DW_AT_location
	.byte	80
	.long	.Linfo_string4                  @ DW_AT_name
	.byte	1                               @ DW_AT_decl_file
	.byte	3                               @ DW_AT_decl_line
	.long	133                             @ DW_AT_type
	.byte	4                               @ Abbrev [4] 0x48:0xf DW_TAG_formal_parameter
	.long	.Ldebug_loc0                    @ DW_AT_location
	.long	.Linfo_string5                  @ DW_AT_name
	.byte	1                               @ DW_AT_decl_file
	.byte	3                               @ DW_AT_decl_line
	.long	134                             @ DW_AT_type
	.byte	4                               @ Abbrev [4] 0x57:0xf DW_TAG_formal_parameter
	.long	.Ldebug_loc1                    @ DW_AT_location
	.long	.Linfo_string6                  @ DW_AT_name
	.byte	1                               @ DW_AT_decl_file
	.byte	3                               @ DW_AT_decl_line
	.long	140                             @ DW_AT_type
	.byte	5                               @ Abbrev [5] 0x66:0xf DW_TAG_variable
	.long	.Ldebug_loc2                    @ DW_AT_location
	.long	.Linfo_string9                  @ DW_AT_name
	.byte	1                               @ DW_AT_decl_file
	.byte	5                               @ DW_AT_decl_line
	.long	158                             @ DW_AT_type
	.byte	5                               @ Abbrev [5] 0x75:0xf DW_TAG_variable
	.long	.Ldebug_loc3                    @ DW_AT_location
	.long	.Linfo_string11                 @ DW_AT_name
	.byte	1                               @ DW_AT_decl_file
	.byte	6                               @ DW_AT_decl_line
	.long	170                             @ DW_AT_type
	.byte	0                               @ End Of Children Mark
	.byte	6                               @ Abbrev [6] 0x85:0x1 DW_TAG_pointer_type
	.byte	7                               @ Abbrev [7] 0x86:0x5 DW_TAG_pointer_type
	.long	139                             @ DW_AT_type
	.byte	8                               @ Abbrev [8] 0x8b:0x1 DW_TAG_const_type
	.byte	9                               @ Abbrev [9] 0x8c:0xb DW_TAG_typedef
	.long	151                             @ DW_AT_type
	.long	.Linfo_string8                  @ DW_AT_name
	.byte	2                               @ DW_AT_decl_file
	.byte	51                              @ DW_AT_decl_line
	.byte	10                              @ Abbrev [10] 0x97:0x7 DW_TAG_base_type
	.long	.Linfo_string7                  @ DW_AT_name
	.byte	7                               @ DW_AT_encoding
	.byte	4                               @ DW_AT_byte_size
	.byte	7                               @ Abbrev [7] 0x9e:0x5 DW_TAG_pointer_type
	.long	163                             @ DW_AT_type
	.byte	10                              @ Abbrev [10] 0xa3:0x7 DW_TAG_base_type
	.long	.Linfo_string10                 @ DW_AT_name
	.byte	8                               @ DW_AT_encoding
	.byte	1                               @ DW_AT_byte_size
	.byte	7                               @ Abbrev [7] 0xaa:0x5 DW_TAG_pointer_type
	.long	175                             @ DW_AT_type
	.byte	11                              @ Abbrev [11] 0xaf:0x5 DW_TAG_const_type
	.long	163                             @ DW_AT_type
	.byte	0                               @ End Of Children Mark
.Ldebug_info_end0:
	.section	.debug_str,"MS",%progbits,1
.Linfo_string0:
	.asciz	"Component: ARM Compiler 6.16 Tool: armclang [5dfeb700]" @ string offset=0
.Linfo_string1:
	.asciz	"../../../components/platform/soc/rt582/rt582_dongle/dongle/src\\memmove.c" @ string offset=55
.Linfo_string2:
	.asciz	"D:\\20240115\\rafael-iot-sdk-das\\examples\\das_subg_thread\\keil" @ string offset=128
.Linfo_string3:
	.asciz	"memmove"                       @ string offset=189
.Linfo_string4:
	.asciz	"dest"                          @ string offset=197
.Linfo_string5:
	.asciz	"src"                           @ string offset=202
.Linfo_string6:
	.asciz	"n"                             @ string offset=206
.Linfo_string7:
	.asciz	"unsigned int"                  @ string offset=208
.Linfo_string8:
	.asciz	"size_t"                        @ string offset=221
.Linfo_string9:
	.asciz	"dp"                            @ string offset=228
.Linfo_string10:
	.asciz	"char"                          @ string offset=231
.Linfo_string11:
	.asciz	"sp"                            @ string offset=236
	.ident	"Component: ARM Compiler 6.16 Tool: armclang [5dfeb700]"
	.section	".note.GNU-stack","",%progbits
	.eabi_attribute	30, 3	@ Tag_ABI_optimization_goals
	.ARM_attribute	16, 1	@ Tag_AV_eba
	.section	.debug_line,"",%progbits
.Lline_table_start0:
