	.text
	.syntax unified
	.eabi_attribute	67, "2.09"	@ Tag_conformance
	.cpu	cortex-m3
	.eabi_attribute	6, 10	@ Tag_CPU_arch
	.eabi_attribute	7, 77	@ Tag_CPU_arch_profile
	.eabi_attribute	8, 0	@ Tag_ARM_ISA_use
	.eabi_attribute	9, 2	@ Tag_THUMB_ISA_use
	.eabi_attribute	34, 1	@ Tag_CPU_unaligned_access
	.eabi_attribute	17, 1	@ Tag_ABI_PCS_GOT_use
	.eabi_attribute	20, 2	@ Tag_ABI_FP_denormal
	.eabi_attribute	21, 0	@ Tag_ABI_FP_exceptions
	.eabi_attribute	23, 1	@ Tag_ABI_FP_number_model
	.eabi_attribute	24, 1	@ Tag_ABI_align_needed
	.eabi_attribute	25, 1	@ Tag_ABI_align_preserved
	.eabi_attribute	38, 1	@ Tag_ABI_FP_16bit_format
	.eabi_attribute	18, 4	@ Tag_ABI_PCS_wchar_t
	.eabi_attribute	26, 2	@ Tag_ABI_enum_size
	.eabi_attribute	14, 0	@ Tag_ABI_PCS_R9_use
	.file	"platform.c"
	.file	1 "C:\\Keil_v5\\ARM\\ARMCLANG\\Bin\\..\\include" "stdio.h"
	.file	2 "D:\\20240115\\rafael-iot-sdk-das\\examples\\das_subg_thread\\keil" "../../../components/network/thread/subg_openthread/third_party/mbedtls/repo/library/platform.c"
	.section	.text.mbedtls_calloc,"ax",%progbits
	.hidden	mbedtls_calloc                  @ -- Begin function mbedtls_calloc
	.globl	mbedtls_calloc
	.p2align	1
	.type	mbedtls_calloc,%function
	.code	16                              @ @mbedtls_calloc
	.thumb_func
mbedtls_calloc:
.Lfunc_begin0:
	.loc	2 60 0                          @ ../../../components/network/thread/subg_openthread/third_party/mbedtls/repo/library/platform.c:60:0
	.fnstart
	.cfi_sections .debug_frame
	.cfi_startproc
@ %bb.0:
	@DEBUG_VALUE: mbedtls_calloc:nmemb <- $r0
	@DEBUG_VALUE: mbedtls_calloc:nmemb <- $r0
	@DEBUG_VALUE: mbedtls_calloc:size <- $r1
	@DEBUG_VALUE: mbedtls_calloc:size <- $r1
	.loc	2 61 14 prologue_end            @ ../../../components/network/thread/subg_openthread/third_party/mbedtls/repo/library/platform.c:61:14
	movw	r2, :lower16:mbedtls_calloc_func
	movt	r2, :upper16:mbedtls_calloc_func
	ldr	r2, [r2]
	@DEBUG_VALUE: mbedtls_calloc:size <- $r1
	@DEBUG_VALUE: mbedtls_calloc:nmemb <- $r0
.Ltmp0:
	.loc	2 61 12 is_stmt 0               @ ../../../components/network/thread/subg_openthread/third_party/mbedtls/repo/library/platform.c:61:12
	bx	r2
.Ltmp1:
.Lfunc_end0:
	.size	mbedtls_calloc, .Lfunc_end0-mbedtls_calloc
	.cfi_endproc
	.cantunwind
	.fnend
                                        @ -- End function
	.section	.text.mbedtls_free,"ax",%progbits
	.hidden	mbedtls_free                    @ -- Begin function mbedtls_free
	.globl	mbedtls_free
	.p2align	1
	.type	mbedtls_free,%function
	.code	16                              @ @mbedtls_free
	.thumb_func
mbedtls_free:
.Lfunc_begin1:
	.loc	2 65 0 is_stmt 1                @ ../../../components/network/thread/subg_openthread/third_party/mbedtls/repo/library/platform.c:65:0
	.fnstart
	.cfi_startproc
@ %bb.0:
	@DEBUG_VALUE: mbedtls_free:ptr <- $r0
	@DEBUG_VALUE: mbedtls_free:ptr <- $r0
	.loc	2 66 7 prologue_end             @ ../../../components/network/thread/subg_openthread/third_party/mbedtls/repo/library/platform.c:66:7
	movw	r1, :lower16:mbedtls_free_func
	movt	r1, :upper16:mbedtls_free_func
	ldr	r1, [r1]
	@DEBUG_VALUE: mbedtls_free:ptr <- $r0
.Ltmp2:
	.loc	2 66 5 is_stmt 0                @ ../../../components/network/thread/subg_openthread/third_party/mbedtls/repo/library/platform.c:66:5
	bx	r1
.Ltmp3:
.Lfunc_end1:
	.size	mbedtls_free, .Lfunc_end1-mbedtls_free
	.cfi_endproc
	.cantunwind
	.fnend
                                        @ -- End function
	.section	.text.mbedtls_platform_set_calloc_free,"ax",%progbits
	.hidden	mbedtls_platform_set_calloc_free @ -- Begin function mbedtls_platform_set_calloc_free
	.globl	mbedtls_platform_set_calloc_free
	.p2align	1
	.type	mbedtls_platform_set_calloc_free,%function
	.code	16                              @ @mbedtls_platform_set_calloc_free
	.thumb_func
mbedtls_platform_set_calloc_free:
.Lfunc_begin2:
	.loc	2 71 0 is_stmt 1                @ ../../../components/network/thread/subg_openthread/third_party/mbedtls/repo/library/platform.c:71:0
	.fnstart
	.cfi_startproc
@ %bb.0:
	@DEBUG_VALUE: mbedtls_platform_set_calloc_free:calloc_func <- $r0
	@DEBUG_VALUE: mbedtls_platform_set_calloc_free:calloc_func <- $r0
	@DEBUG_VALUE: mbedtls_platform_set_calloc_free:free_func <- $r1
	@DEBUG_VALUE: mbedtls_platform_set_calloc_free:free_func <- $r1
	.loc	2 72 25 prologue_end            @ ../../../components/network/thread/subg_openthread/third_party/mbedtls/repo/library/platform.c:72:25
	movw	r2, :lower16:mbedtls_calloc_func
	movt	r2, :upper16:mbedtls_calloc_func
	str	r0, [r2]
	.loc	2 73 23                         @ ../../../components/network/thread/subg_openthread/third_party/mbedtls/repo/library/platform.c:73:23
	movw	r2, :lower16:mbedtls_free_func
	movt	r2, :upper16:mbedtls_free_func
	.loc	2 74 5                          @ ../../../components/network/thread/subg_openthread/third_party/mbedtls/repo/library/platform.c:74:5
	movs	r0, #0
.Ltmp4:
	@DEBUG_VALUE: mbedtls_platform_set_calloc_free:calloc_func <- [DW_OP_LLVM_entry_value 1] $r0
	.loc	2 73 23                         @ ../../../components/network/thread/subg_openthread/third_party/mbedtls/repo/library/platform.c:73:23
	str	r1, [r2]
	.loc	2 74 5                          @ ../../../components/network/thread/subg_openthread/third_party/mbedtls/repo/library/platform.c:74:5
	bx	lr
.Ltmp5:
.Lfunc_end2:
	.size	mbedtls_platform_set_calloc_free, .Lfunc_end2-mbedtls_platform_set_calloc_free
	.cfi_endproc
	.cantunwind
	.fnend
                                        @ -- End function
	.section	.text.mbedtls_platform_setup,"ax",%progbits
	.hidden	mbedtls_platform_setup          @ -- Begin function mbedtls_platform_setup
	.globl	mbedtls_platform_setup
	.p2align	1
	.type	mbedtls_platform_setup,%function
	.code	16                              @ @mbedtls_platform_setup
	.thumb_func
mbedtls_platform_setup:
.Lfunc_begin3:
	.loc	2 371 0                         @ ../../../components/network/thread/subg_openthread/third_party/mbedtls/repo/library/platform.c:371:0
	.fnstart
	.cfi_startproc
@ %bb.0:
	@DEBUG_VALUE: mbedtls_platform_setup:ctx <- $r0
	.loc	2 374 5 prologue_end            @ ../../../components/network/thread/subg_openthread/third_party/mbedtls/repo/library/platform.c:374:5
	movs	r0, #0
.Ltmp6:
	@DEBUG_VALUE: mbedtls_platform_setup:ctx <- [DW_OP_LLVM_entry_value 1] $r0
	bx	lr
.Ltmp7:
.Lfunc_end3:
	.size	mbedtls_platform_setup, .Lfunc_end3-mbedtls_platform_setup
	.cfi_endproc
	.cantunwind
	.fnend
                                        @ -- End function
	.section	.text.mbedtls_platform_teardown,"ax",%progbits
	.hidden	mbedtls_platform_teardown       @ -- Begin function mbedtls_platform_teardown
	.globl	mbedtls_platform_teardown
	.p2align	1
	.type	mbedtls_platform_teardown,%function
	.code	16                              @ @mbedtls_platform_teardown
	.thumb_func
mbedtls_platform_teardown:
.Lfunc_begin4:
	.loc	2 381 0                         @ ../../../components/network/thread/subg_openthread/third_party/mbedtls/repo/library/platform.c:381:0
	.fnstart
	.cfi_startproc
@ %bb.0:
	@DEBUG_VALUE: mbedtls_platform_teardown:ctx <- $r0
	.loc	2 383 1 prologue_end            @ ../../../components/network/thread/subg_openthread/third_party/mbedtls/repo/library/platform.c:383:1
	bx	lr
.Ltmp8:
.Lfunc_end4:
	.size	mbedtls_platform_teardown, .Lfunc_end4-mbedtls_platform_teardown
	.cfi_endproc
	.cantunwind
	.fnend
                                        @ -- End function
	.section	.text.platform_calloc_uninit,"ax",%progbits
	.p2align	1                               @ -- Begin function platform_calloc_uninit
	.type	platform_calloc_uninit,%function
	.code	16                              @ @platform_calloc_uninit
	.thumb_func
platform_calloc_uninit:
.Lfunc_begin5:
	.loc	2 38 0                          @ ../../../components/network/thread/subg_openthread/third_party/mbedtls/repo/library/platform.c:38:0
	.fnstart
	.cfi_startproc
@ %bb.0:
	@DEBUG_VALUE: platform_calloc_uninit:n <- $r0
	@DEBUG_VALUE: platform_calloc_uninit:size <- $r1
	.loc	2 41 5 prologue_end             @ ../../../components/network/thread/subg_openthread/third_party/mbedtls/repo/library/platform.c:41:5
	movs	r0, #0
.Ltmp9:
	@DEBUG_VALUE: platform_calloc_uninit:n <- [DW_OP_LLVM_entry_value 1] $r0
	bx	lr
.Ltmp10:
.Lfunc_end5:
	.size	platform_calloc_uninit, .Lfunc_end5-platform_calloc_uninit
	.cfi_endproc
	.cantunwind
	.fnend
                                        @ -- End function
	.section	.text.platform_free_uninit,"ax",%progbits
	.p2align	1                               @ -- Begin function platform_free_uninit
	.type	platform_free_uninit,%function
	.code	16                              @ @platform_free_uninit
	.thumb_func
platform_free_uninit:
.Lfunc_begin6:
	.loc	2 49 0                          @ ../../../components/network/thread/subg_openthread/third_party/mbedtls/repo/library/platform.c:49:0
	.fnstart
	.cfi_startproc
@ %bb.0:
	@DEBUG_VALUE: platform_free_uninit:ptr <- $r0
	.loc	2 51 1 prologue_end             @ ../../../components/network/thread/subg_openthread/third_party/mbedtls/repo/library/platform.c:51:1
	bx	lr
.Ltmp11:
.Lfunc_end6:
	.size	platform_free_uninit, .Lfunc_end6-platform_free_uninit
	.cfi_endproc
	.cantunwind
	.fnend
                                        @ -- End function
	.type	mbedtls_calloc_func,%object     @ @mbedtls_calloc_func
	.section	.data.mbedtls_calloc_func,"aw",%progbits
	.p2align	2
mbedtls_calloc_func:
	.long	platform_calloc_uninit
	.size	mbedtls_calloc_func, 4

	.type	mbedtls_free_func,%object       @ @mbedtls_free_func
	.section	.data.mbedtls_free_func,"aw",%progbits
	.p2align	2
mbedtls_free_func:
	.long	platform_free_uninit
	.size	mbedtls_free_func, 4

	.file	3 "D:\\20240115\\rafael-iot-sdk-das\\examples\\das_subg_thread\\keil" "../../../components/network/thread/subg_openthread/third_party/mbedtls/repo/include\\mbedtls/platform.h"
	.section	.debug_loc,"",%progbits
.Ldebug_loc0:
	.long	-1
	.long	.Lfunc_begin2                   @   base address
	.long	.Lfunc_begin2-.Lfunc_begin2
	.long	.Ltmp4-.Lfunc_begin2
	.short	1                               @ Loc expr size
	.byte	80                              @ DW_OP_reg0
	.long	.Ltmp4-.Lfunc_begin2
	.long	.Lfunc_end2-.Lfunc_begin2
	.short	4                               @ Loc expr size
	.byte	243                             @ DW_OP_GNU_entry_value
	.byte	1                               @ 1
	.byte	80                              @ DW_OP_reg0
	.byte	159                             @ DW_OP_stack_value
	.long	0
	.long	0
.Ldebug_loc1:
	.long	-1
	.long	.Lfunc_begin3                   @   base address
	.long	.Lfunc_begin3-.Lfunc_begin3
	.long	.Ltmp6-.Lfunc_begin3
	.short	1                               @ Loc expr size
	.byte	80                              @ DW_OP_reg0
	.long	.Ltmp6-.Lfunc_begin3
	.long	.Lfunc_end3-.Lfunc_begin3
	.short	4                               @ Loc expr size
	.byte	243                             @ DW_OP_GNU_entry_value
	.byte	1                               @ 1
	.byte	80                              @ DW_OP_reg0
	.byte	159                             @ DW_OP_stack_value
	.long	0
	.long	0
.Ldebug_loc2:
	.long	-1
	.long	.Lfunc_begin5                   @   base address
	.long	.Lfunc_begin5-.Lfunc_begin5
	.long	.Ltmp9-.Lfunc_begin5
	.short	1                               @ Loc expr size
	.byte	80                              @ DW_OP_reg0
	.long	.Ltmp9-.Lfunc_begin5
	.long	.Lfunc_end5-.Lfunc_begin5
	.short	4                               @ Loc expr size
	.byte	243                             @ DW_OP_GNU_entry_value
	.byte	1                               @ 1
	.byte	80                              @ DW_OP_reg0
	.byte	159                             @ DW_OP_stack_value
	.long	0
	.long	0
	.section	.debug_abbrev,"",%progbits
	.byte	1                               @ Abbreviation Code
	.byte	17                              @ DW_TAG_compile_unit
	.byte	1                               @ DW_CHILDREN_yes
	.byte	37                              @ DW_AT_producer
	.byte	14                              @ DW_FORM_strp
	.byte	19                              @ DW_AT_language
	.byte	5                               @ DW_FORM_data2
	.byte	3                               @ DW_AT_name
	.byte	14                              @ DW_FORM_strp
	.byte	16                              @ DW_AT_stmt_list
	.byte	23                              @ DW_FORM_sec_offset
	.byte	27                              @ DW_AT_comp_dir
	.byte	14                              @ DW_FORM_strp
	.byte	17                              @ DW_AT_low_pc
	.byte	1                               @ DW_FORM_addr
	.byte	85                              @ DW_AT_ranges
	.byte	23                              @ DW_FORM_sec_offset
	.byte	0                               @ EOM(1)
	.byte	0                               @ EOM(2)
	.byte	2                               @ Abbreviation Code
	.byte	52                              @ DW_TAG_variable
	.byte	0                               @ DW_CHILDREN_no
	.byte	3                               @ DW_AT_name
	.byte	14                              @ DW_FORM_strp
	.byte	73                              @ DW_AT_type
	.byte	19                              @ DW_FORM_ref4
	.byte	58                              @ DW_AT_decl_file
	.byte	11                              @ DW_FORM_data1
	.byte	59                              @ DW_AT_decl_line
	.byte	11                              @ DW_FORM_data1
	.byte	2                               @ DW_AT_location
	.byte	24                              @ DW_FORM_exprloc
	.byte	0                               @ EOM(1)
	.byte	0                               @ EOM(2)
	.byte	3                               @ Abbreviation Code
	.byte	15                              @ DW_TAG_pointer_type
	.byte	0                               @ DW_CHILDREN_no
	.byte	73                              @ DW_AT_type
	.byte	19                              @ DW_FORM_ref4
	.byte	0                               @ EOM(1)
	.byte	0                               @ EOM(2)
	.byte	4                               @ Abbreviation Code
	.byte	21                              @ DW_TAG_subroutine_type
	.byte	1                               @ DW_CHILDREN_yes
	.byte	73                              @ DW_AT_type
	.byte	19                              @ DW_FORM_ref4
	.byte	39                              @ DW_AT_prototyped
	.byte	25                              @ DW_FORM_flag_present
	.byte	0                               @ EOM(1)
	.byte	0                               @ EOM(2)
	.byte	5                               @ Abbreviation Code
	.byte	5                               @ DW_TAG_formal_parameter
	.byte	0                               @ DW_CHILDREN_no
	.byte	73                              @ DW_AT_type
	.byte	19                              @ DW_FORM_ref4
	.byte	0                               @ EOM(1)
	.byte	0                               @ EOM(2)
	.byte	6                               @ Abbreviation Code
	.byte	15                              @ DW_TAG_pointer_type
	.byte	0                               @ DW_CHILDREN_no
	.byte	0                               @ EOM(1)
	.byte	0                               @ EOM(2)
	.byte	7                               @ Abbreviation Code
	.byte	22                              @ DW_TAG_typedef
	.byte	0                               @ DW_CHILDREN_no
	.byte	73                              @ DW_AT_type
	.byte	19                              @ DW_FORM_ref4
	.byte	3                               @ DW_AT_name
	.byte	14                              @ DW_FORM_strp
	.byte	58                              @ DW_AT_decl_file
	.byte	11                              @ DW_FORM_data1
	.byte	59                              @ DW_AT_decl_line
	.byte	11                              @ DW_FORM_data1
	.byte	0                               @ EOM(1)
	.byte	0                               @ EOM(2)
	.byte	8                               @ Abbreviation Code
	.byte	36                              @ DW_TAG_base_type
	.byte	0                               @ DW_CHILDREN_no
	.byte	3                               @ DW_AT_name
	.byte	14                              @ DW_FORM_strp
	.byte	62                              @ DW_AT_encoding
	.byte	11                              @ DW_FORM_data1
	.byte	11                              @ DW_AT_byte_size
	.byte	11                              @ DW_FORM_data1
	.byte	0                               @ EOM(1)
	.byte	0                               @ EOM(2)
	.byte	9                               @ Abbreviation Code
	.byte	21                              @ DW_TAG_subroutine_type
	.byte	1                               @ DW_CHILDREN_yes
	.byte	39                              @ DW_AT_prototyped
	.byte	25                              @ DW_FORM_flag_present
	.byte	0                               @ EOM(1)
	.byte	0                               @ EOM(2)
	.byte	10                              @ Abbreviation Code
	.byte	46                              @ DW_TAG_subprogram
	.byte	1                               @ DW_CHILDREN_yes
	.byte	17                              @ DW_AT_low_pc
	.byte	1                               @ DW_FORM_addr
	.byte	18                              @ DW_AT_high_pc
	.byte	6                               @ DW_FORM_data4
	.byte	64                              @ DW_AT_frame_base
	.byte	24                              @ DW_FORM_exprloc
	.ascii	"\227B"                         @ DW_AT_GNU_all_call_sites
	.byte	25                              @ DW_FORM_flag_present
	.byte	3                               @ DW_AT_name
	.byte	14                              @ DW_FORM_strp
	.byte	58                              @ DW_AT_decl_file
	.byte	11                              @ DW_FORM_data1
	.byte	59                              @ DW_AT_decl_line
	.byte	11                              @ DW_FORM_data1
	.byte	39                              @ DW_AT_prototyped
	.byte	25                              @ DW_FORM_flag_present
	.byte	73                              @ DW_AT_type
	.byte	19                              @ DW_FORM_ref4
	.byte	63                              @ DW_AT_external
	.byte	25                              @ DW_FORM_flag_present
	.byte	0                               @ EOM(1)
	.byte	0                               @ EOM(2)
	.byte	11                              @ Abbreviation Code
	.byte	5                               @ DW_TAG_formal_parameter
	.byte	0                               @ DW_CHILDREN_no
	.byte	2                               @ DW_AT_location
	.byte	24                              @ DW_FORM_exprloc
	.byte	3                               @ DW_AT_name
	.byte	14                              @ DW_FORM_strp
	.byte	58                              @ DW_AT_decl_file
	.byte	11                              @ DW_FORM_data1
	.byte	59                              @ DW_AT_decl_line
	.byte	11                              @ DW_FORM_data1
	.byte	73                              @ DW_AT_type
	.byte	19                              @ DW_FORM_ref4
	.byte	0                               @ EOM(1)
	.byte	0                               @ EOM(2)
	.byte	12                              @ Abbreviation Code
	.ascii	"\211\202\001"                  @ DW_TAG_GNU_call_site
	.byte	0                               @ DW_CHILDREN_no
	.ascii	"\223B"                         @ DW_AT_GNU_call_site_target
	.byte	24                              @ DW_FORM_exprloc
	.ascii	"\225B"                         @ DW_AT_GNU_tail_call
	.byte	25                              @ DW_FORM_flag_present
	.byte	17                              @ DW_AT_low_pc
	.byte	1                               @ DW_FORM_addr
	.byte	0                               @ EOM(1)
	.byte	0                               @ EOM(2)
	.byte	13                              @ Abbreviation Code
	.byte	46                              @ DW_TAG_subprogram
	.byte	1                               @ DW_CHILDREN_yes
	.byte	17                              @ DW_AT_low_pc
	.byte	1                               @ DW_FORM_addr
	.byte	18                              @ DW_AT_high_pc
	.byte	6                               @ DW_FORM_data4
	.byte	64                              @ DW_AT_frame_base
	.byte	24                              @ DW_FORM_exprloc
	.ascii	"\227B"                         @ DW_AT_GNU_all_call_sites
	.byte	25                              @ DW_FORM_flag_present
	.byte	3                               @ DW_AT_name
	.byte	14                              @ DW_FORM_strp
	.byte	58                              @ DW_AT_decl_file
	.byte	11                              @ DW_FORM_data1
	.byte	59                              @ DW_AT_decl_line
	.byte	11                              @ DW_FORM_data1
	.byte	39                              @ DW_AT_prototyped
	.byte	25                              @ DW_FORM_flag_present
	.byte	63                              @ DW_AT_external
	.byte	25                              @ DW_FORM_flag_present
	.byte	0                               @ EOM(1)
	.byte	0                               @ EOM(2)
	.byte	14                              @ Abbreviation Code
	.byte	5                               @ DW_TAG_formal_parameter
	.byte	0                               @ DW_CHILDREN_no
	.byte	2                               @ DW_AT_location
	.byte	23                              @ DW_FORM_sec_offset
	.byte	3                               @ DW_AT_name
	.byte	14                              @ DW_FORM_strp
	.byte	58                              @ DW_AT_decl_file
	.byte	11                              @ DW_FORM_data1
	.byte	59                              @ DW_AT_decl_line
	.byte	11                              @ DW_FORM_data1
	.byte	73                              @ DW_AT_type
	.byte	19                              @ DW_FORM_ref4
	.byte	0                               @ EOM(1)
	.byte	0                               @ EOM(2)
	.byte	15                              @ Abbreviation Code
	.byte	46                              @ DW_TAG_subprogram
	.byte	1                               @ DW_CHILDREN_yes
	.byte	17                              @ DW_AT_low_pc
	.byte	1                               @ DW_FORM_addr
	.byte	18                              @ DW_AT_high_pc
	.byte	6                               @ DW_FORM_data4
	.byte	64                              @ DW_AT_frame_base
	.byte	24                              @ DW_FORM_exprloc
	.ascii	"\227B"                         @ DW_AT_GNU_all_call_sites
	.byte	25                              @ DW_FORM_flag_present
	.byte	3                               @ DW_AT_name
	.byte	14                              @ DW_FORM_strp
	.byte	58                              @ DW_AT_decl_file
	.byte	11                              @ DW_FORM_data1
	.byte	59                              @ DW_AT_decl_line
	.byte	5                               @ DW_FORM_data2
	.byte	39                              @ DW_AT_prototyped
	.byte	25                              @ DW_FORM_flag_present
	.byte	73                              @ DW_AT_type
	.byte	19                              @ DW_FORM_ref4
	.byte	63                              @ DW_AT_external
	.byte	25                              @ DW_FORM_flag_present
	.byte	0                               @ EOM(1)
	.byte	0                               @ EOM(2)
	.byte	16                              @ Abbreviation Code
	.byte	5                               @ DW_TAG_formal_parameter
	.byte	0                               @ DW_CHILDREN_no
	.byte	2                               @ DW_AT_location
	.byte	23                              @ DW_FORM_sec_offset
	.byte	3                               @ DW_AT_name
	.byte	14                              @ DW_FORM_strp
	.byte	58                              @ DW_AT_decl_file
	.byte	11                              @ DW_FORM_data1
	.byte	59                              @ DW_AT_decl_line
	.byte	5                               @ DW_FORM_data2
	.byte	73                              @ DW_AT_type
	.byte	19                              @ DW_FORM_ref4
	.byte	0                               @ EOM(1)
	.byte	0                               @ EOM(2)
	.byte	17                              @ Abbreviation Code
	.byte	46                              @ DW_TAG_subprogram
	.byte	1                               @ DW_CHILDREN_yes
	.byte	17                              @ DW_AT_low_pc
	.byte	1                               @ DW_FORM_addr
	.byte	18                              @ DW_AT_high_pc
	.byte	6                               @ DW_FORM_data4
	.byte	64                              @ DW_AT_frame_base
	.byte	24                              @ DW_FORM_exprloc
	.ascii	"\227B"                         @ DW_AT_GNU_all_call_sites
	.byte	25                              @ DW_FORM_flag_present
	.byte	3                               @ DW_AT_name
	.byte	14                              @ DW_FORM_strp
	.byte	58                              @ DW_AT_decl_file
	.byte	11                              @ DW_FORM_data1
	.byte	59                              @ DW_AT_decl_line
	.byte	5                               @ DW_FORM_data2
	.byte	39                              @ DW_AT_prototyped
	.byte	25                              @ DW_FORM_flag_present
	.byte	63                              @ DW_AT_external
	.byte	25                              @ DW_FORM_flag_present
	.byte	0                               @ EOM(1)
	.byte	0                               @ EOM(2)
	.byte	18                              @ Abbreviation Code
	.byte	5                               @ DW_TAG_formal_parameter
	.byte	0                               @ DW_CHILDREN_no
	.byte	2                               @ DW_AT_location
	.byte	24                              @ DW_FORM_exprloc
	.byte	3                               @ DW_AT_name
	.byte	14                              @ DW_FORM_strp
	.byte	58                              @ DW_AT_decl_file
	.byte	11                              @ DW_FORM_data1
	.byte	59                              @ DW_AT_decl_line
	.byte	5                               @ DW_FORM_data2
	.byte	73                              @ DW_AT_type
	.byte	19                              @ DW_FORM_ref4
	.byte	0                               @ EOM(1)
	.byte	0                               @ EOM(2)
	.byte	19                              @ Abbreviation Code
	.byte	46                              @ DW_TAG_subprogram
	.byte	1                               @ DW_CHILDREN_yes
	.byte	17                              @ DW_AT_low_pc
	.byte	1                               @ DW_FORM_addr
	.byte	18                              @ DW_AT_high_pc
	.byte	6                               @ DW_FORM_data4
	.byte	64                              @ DW_AT_frame_base
	.byte	24                              @ DW_FORM_exprloc
	.ascii	"\227B"                         @ DW_AT_GNU_all_call_sites
	.byte	25                              @ DW_FORM_flag_present
	.byte	3                               @ DW_AT_name
	.byte	14                              @ DW_FORM_strp
	.byte	58                              @ DW_AT_decl_file
	.byte	11                              @ DW_FORM_data1
	.byte	59                              @ DW_AT_decl_line
	.byte	11                              @ DW_FORM_data1
	.byte	39                              @ DW_AT_prototyped
	.byte	25                              @ DW_FORM_flag_present
	.byte	73                              @ DW_AT_type
	.byte	19                              @ DW_FORM_ref4
	.byte	0                               @ EOM(1)
	.byte	0                               @ EOM(2)
	.byte	20                              @ Abbreviation Code
	.byte	46                              @ DW_TAG_subprogram
	.byte	1                               @ DW_CHILDREN_yes
	.byte	17                              @ DW_AT_low_pc
	.byte	1                               @ DW_FORM_addr
	.byte	18                              @ DW_AT_high_pc
	.byte	6                               @ DW_FORM_data4
	.byte	64                              @ DW_AT_frame_base
	.byte	24                              @ DW_FORM_exprloc
	.ascii	"\227B"                         @ DW_AT_GNU_all_call_sites
	.byte	25                              @ DW_FORM_flag_present
	.byte	3                               @ DW_AT_name
	.byte	14                              @ DW_FORM_strp
	.byte	58                              @ DW_AT_decl_file
	.byte	11                              @ DW_FORM_data1
	.byte	59                              @ DW_AT_decl_line
	.byte	11                              @ DW_FORM_data1
	.byte	39                              @ DW_AT_prototyped
	.byte	25                              @ DW_FORM_flag_present
	.byte	0                               @ EOM(1)
	.byte	0                               @ EOM(2)
	.byte	21                              @ Abbreviation Code
	.byte	22                              @ DW_TAG_typedef
	.byte	0                               @ DW_CHILDREN_no
	.byte	73                              @ DW_AT_type
	.byte	19                              @ DW_FORM_ref4
	.byte	3                               @ DW_AT_name
	.byte	14                              @ DW_FORM_strp
	.byte	58                              @ DW_AT_decl_file
	.byte	11                              @ DW_FORM_data1
	.byte	59                              @ DW_AT_decl_line
	.byte	5                               @ DW_FORM_data2
	.byte	0                               @ EOM(1)
	.byte	0                               @ EOM(2)
	.byte	22                              @ Abbreviation Code
	.byte	19                              @ DW_TAG_structure_type
	.byte	1                               @ DW_CHILDREN_yes
	.byte	3                               @ DW_AT_name
	.byte	14                              @ DW_FORM_strp
	.byte	11                              @ DW_AT_byte_size
	.byte	11                              @ DW_FORM_data1
	.byte	58                              @ DW_AT_decl_file
	.byte	11                              @ DW_FORM_data1
	.byte	59                              @ DW_AT_decl_line
	.byte	5                               @ DW_FORM_data2
	.byte	0                               @ EOM(1)
	.byte	0                               @ EOM(2)
	.byte	23                              @ Abbreviation Code
	.byte	13                              @ DW_TAG_member
	.byte	0                               @ DW_CHILDREN_no
	.byte	3                               @ DW_AT_name
	.byte	14                              @ DW_FORM_strp
	.byte	73                              @ DW_AT_type
	.byte	19                              @ DW_FORM_ref4
	.byte	58                              @ DW_AT_decl_file
	.byte	11                              @ DW_FORM_data1
	.byte	59                              @ DW_AT_decl_line
	.byte	5                               @ DW_FORM_data2
	.byte	56                              @ DW_AT_data_member_location
	.byte	11                              @ DW_FORM_data1
	.byte	0                               @ EOM(1)
	.byte	0                               @ EOM(2)
	.byte	0                               @ EOM(3)
	.section	.debug_info,"",%progbits
.Lcu_begin0:
	.long	.Ldebug_info_end0-.Ldebug_info_start0 @ Length of Unit
.Ldebug_info_start0:
	.short	4                               @ DWARF version number
	.long	.debug_abbrev                   @ Offset Into Abbrev. Section
	.byte	4                               @ Address Size (in bytes)
	.byte	1                               @ Abbrev [1] 0xb:0x1d0 DW_TAG_compile_unit
	.long	.Linfo_string0                  @ DW_AT_producer
	.short	12                              @ DW_AT_language
	.long	.Linfo_string1                  @ DW_AT_name
	.long	.Lline_table_start0             @ DW_AT_stmt_list
	.long	.Linfo_string2                  @ DW_AT_comp_dir
	.long	0                               @ DW_AT_low_pc
	.long	.Ldebug_ranges0                 @ DW_AT_ranges
	.byte	2                               @ Abbrev [2] 0x26:0x11 DW_TAG_variable
	.long	.Linfo_string3                  @ DW_AT_name
	.long	55                              @ DW_AT_type
	.byte	2                               @ DW_AT_decl_file
	.byte	56                              @ DW_AT_decl_line
	.byte	5                               @ DW_AT_location
	.byte	3
	.long	mbedtls_calloc_func
	.byte	3                               @ Abbrev [3] 0x37:0x5 DW_TAG_pointer_type
	.long	60                              @ DW_AT_type
	.byte	4                               @ Abbrev [4] 0x3c:0x10 DW_TAG_subroutine_type
	.long	76                              @ DW_AT_type
                                        @ DW_AT_prototyped
	.byte	5                               @ Abbrev [5] 0x41:0x5 DW_TAG_formal_parameter
	.long	77                              @ DW_AT_type
	.byte	5                               @ Abbrev [5] 0x46:0x5 DW_TAG_formal_parameter
	.long	77                              @ DW_AT_type
	.byte	0                               @ End Of Children Mark
	.byte	6                               @ Abbrev [6] 0x4c:0x1 DW_TAG_pointer_type
	.byte	7                               @ Abbrev [7] 0x4d:0xb DW_TAG_typedef
	.long	88                              @ DW_AT_type
	.long	.Linfo_string5                  @ DW_AT_name
	.byte	1                               @ DW_AT_decl_file
	.byte	53                              @ DW_AT_decl_line
	.byte	8                               @ Abbrev [8] 0x58:0x7 DW_TAG_base_type
	.long	.Linfo_string4                  @ DW_AT_name
	.byte	7                               @ DW_AT_encoding
	.byte	4                               @ DW_AT_byte_size
	.byte	2                               @ Abbrev [2] 0x5f:0x11 DW_TAG_variable
	.long	.Linfo_string6                  @ DW_AT_name
	.long	112                             @ DW_AT_type
	.byte	2                               @ DW_AT_decl_file
	.byte	57                              @ DW_AT_decl_line
	.byte	5                               @ DW_AT_location
	.byte	3
	.long	mbedtls_free_func
	.byte	3                               @ Abbrev [3] 0x70:0x5 DW_TAG_pointer_type
	.long	117                             @ DW_AT_type
	.byte	9                               @ Abbrev [9] 0x75:0x7 DW_TAG_subroutine_type
                                        @ DW_AT_prototyped
	.byte	5                               @ Abbrev [5] 0x76:0x5 DW_TAG_formal_parameter
	.long	76                              @ DW_AT_type
	.byte	0                               @ End Of Children Mark
	.byte	10                              @ Abbrev [10] 0x7c:0x37 DW_TAG_subprogram
	.long	.Lfunc_begin0                   @ DW_AT_low_pc
	.long	.Lfunc_end0-.Lfunc_begin0       @ DW_AT_high_pc
	.byte	1                               @ DW_AT_frame_base
	.byte	93
                                        @ DW_AT_GNU_all_call_sites
	.long	.Linfo_string7                  @ DW_AT_name
	.byte	2                               @ DW_AT_decl_file
	.byte	59                              @ DW_AT_decl_line
                                        @ DW_AT_prototyped
	.long	76                              @ DW_AT_type
                                        @ DW_AT_external
	.byte	11                              @ Abbrev [11] 0x91:0xd DW_TAG_formal_parameter
	.byte	1                               @ DW_AT_location
	.byte	80
	.long	.Linfo_string15                 @ DW_AT_name
	.byte	2                               @ DW_AT_decl_file
	.byte	59                              @ DW_AT_decl_line
	.long	77                              @ DW_AT_type
	.byte	11                              @ Abbrev [11] 0x9e:0xd DW_TAG_formal_parameter
	.byte	1                               @ DW_AT_location
	.byte	81
	.long	.Linfo_string16                 @ DW_AT_name
	.byte	2                               @ DW_AT_decl_file
	.byte	59                              @ DW_AT_decl_line
	.long	77                              @ DW_AT_type
	.byte	12                              @ Abbrev [12] 0xab:0x7 DW_TAG_GNU_call_site
	.byte	1                               @ DW_AT_GNU_call_site_target
	.byte	82
                                        @ DW_AT_GNU_tail_call
	.long	.Ltmp1                          @ DW_AT_low_pc
	.byte	0                               @ End Of Children Mark
	.byte	13                              @ Abbrev [13] 0xb3:0x26 DW_TAG_subprogram
	.long	.Lfunc_begin1                   @ DW_AT_low_pc
	.long	.Lfunc_end1-.Lfunc_begin1       @ DW_AT_high_pc
	.byte	1                               @ DW_AT_frame_base
	.byte	93
                                        @ DW_AT_GNU_all_call_sites
	.long	.Linfo_string8                  @ DW_AT_name
	.byte	2                               @ DW_AT_decl_file
	.byte	64                              @ DW_AT_decl_line
                                        @ DW_AT_prototyped
                                        @ DW_AT_external
	.byte	11                              @ Abbrev [11] 0xc4:0xd DW_TAG_formal_parameter
	.byte	1                               @ DW_AT_location
	.byte	80
	.long	.Linfo_string17                 @ DW_AT_name
	.byte	2                               @ DW_AT_decl_file
	.byte	64                              @ DW_AT_decl_line
	.long	76                              @ DW_AT_type
	.byte	12                              @ Abbrev [12] 0xd1:0x7 DW_TAG_GNU_call_site
	.byte	1                               @ DW_AT_GNU_call_site_target
	.byte	81
                                        @ DW_AT_GNU_tail_call
	.long	.Ltmp3                          @ DW_AT_low_pc
	.byte	0                               @ End Of Children Mark
	.byte	10                              @ Abbrev [10] 0xd9:0x32 DW_TAG_subprogram
	.long	.Lfunc_begin2                   @ DW_AT_low_pc
	.long	.Lfunc_end2-.Lfunc_begin2       @ DW_AT_high_pc
	.byte	1                               @ DW_AT_frame_base
	.byte	93
                                        @ DW_AT_GNU_all_call_sites
	.long	.Linfo_string9                  @ DW_AT_name
	.byte	2                               @ DW_AT_decl_file
	.byte	69                              @ DW_AT_decl_line
                                        @ DW_AT_prototyped
	.long	420                             @ DW_AT_type
                                        @ DW_AT_external
	.byte	14                              @ Abbrev [14] 0xee:0xf DW_TAG_formal_parameter
	.long	.Ldebug_loc0                    @ DW_AT_location
	.long	.Linfo_string18                 @ DW_AT_name
	.byte	2                               @ DW_AT_decl_file
	.byte	69                              @ DW_AT_decl_line
	.long	55                              @ DW_AT_type
	.byte	11                              @ Abbrev [11] 0xfd:0xd DW_TAG_formal_parameter
	.byte	1                               @ DW_AT_location
	.byte	81
	.long	.Linfo_string19                 @ DW_AT_name
	.byte	2                               @ DW_AT_decl_file
	.byte	70                              @ DW_AT_decl_line
	.long	112                             @ DW_AT_type
	.byte	0                               @ End Of Children Mark
	.byte	15                              @ Abbrev [15] 0x10b:0x27 DW_TAG_subprogram
	.long	.Lfunc_begin3                   @ DW_AT_low_pc
	.long	.Lfunc_end3-.Lfunc_begin3       @ DW_AT_high_pc
	.byte	1                               @ DW_AT_frame_base
	.byte	93
                                        @ DW_AT_GNU_all_call_sites
	.long	.Linfo_string11                 @ DW_AT_name
	.byte	2                               @ DW_AT_decl_file
	.short	370                             @ DW_AT_decl_line
                                        @ DW_AT_prototyped
	.long	420                             @ DW_AT_type
                                        @ DW_AT_external
	.byte	16                              @ Abbrev [16] 0x121:0x10 DW_TAG_formal_parameter
	.long	.Ldebug_loc1                    @ DW_AT_location
	.long	.Linfo_string20                 @ DW_AT_name
	.byte	2                               @ DW_AT_decl_file
	.short	370                             @ DW_AT_decl_line
	.long	427                             @ DW_AT_type
	.byte	0                               @ End Of Children Mark
	.byte	17                              @ Abbrev [17] 0x132:0x21 DW_TAG_subprogram
	.long	.Lfunc_begin4                   @ DW_AT_low_pc
	.long	.Lfunc_end4-.Lfunc_begin4       @ DW_AT_high_pc
	.byte	1                               @ DW_AT_frame_base
	.byte	93
                                        @ DW_AT_GNU_all_call_sites
	.long	.Linfo_string12                 @ DW_AT_name
	.byte	2                               @ DW_AT_decl_file
	.short	380                             @ DW_AT_decl_line
                                        @ DW_AT_prototyped
                                        @ DW_AT_external
	.byte	18                              @ Abbrev [18] 0x144:0xe DW_TAG_formal_parameter
	.byte	1                               @ DW_AT_location
	.byte	80
	.long	.Linfo_string20                 @ DW_AT_name
	.byte	2                               @ DW_AT_decl_file
	.short	380                             @ DW_AT_decl_line
	.long	427                             @ DW_AT_type
	.byte	0                               @ End Of Children Mark
	.byte	19                              @ Abbrev [19] 0x153:0x32 DW_TAG_subprogram
	.long	.Lfunc_begin5                   @ DW_AT_low_pc
	.long	.Lfunc_end5-.Lfunc_begin5       @ DW_AT_high_pc
	.byte	1                               @ DW_AT_frame_base
	.byte	93
                                        @ DW_AT_GNU_all_call_sites
	.long	.Linfo_string13                 @ DW_AT_name
	.byte	2                               @ DW_AT_decl_file
	.byte	37                              @ DW_AT_decl_line
                                        @ DW_AT_prototyped
	.long	76                              @ DW_AT_type
	.byte	14                              @ Abbrev [14] 0x168:0xf DW_TAG_formal_parameter
	.long	.Ldebug_loc2                    @ DW_AT_location
	.long	.Linfo_string24                 @ DW_AT_name
	.byte	2                               @ DW_AT_decl_file
	.byte	37                              @ DW_AT_decl_line
	.long	77                              @ DW_AT_type
	.byte	11                              @ Abbrev [11] 0x177:0xd DW_TAG_formal_parameter
	.byte	1                               @ DW_AT_location
	.byte	81
	.long	.Linfo_string16                 @ DW_AT_name
	.byte	2                               @ DW_AT_decl_file
	.byte	37                              @ DW_AT_decl_line
	.long	77                              @ DW_AT_type
	.byte	0                               @ End Of Children Mark
	.byte	20                              @ Abbrev [20] 0x185:0x1f DW_TAG_subprogram
	.long	.Lfunc_begin6                   @ DW_AT_low_pc
	.long	.Lfunc_end6-.Lfunc_begin6       @ DW_AT_high_pc
	.byte	1                               @ DW_AT_frame_base
	.byte	93
                                        @ DW_AT_GNU_all_call_sites
	.long	.Linfo_string14                 @ DW_AT_name
	.byte	2                               @ DW_AT_decl_file
	.byte	48                              @ DW_AT_decl_line
                                        @ DW_AT_prototyped
	.byte	11                              @ Abbrev [11] 0x196:0xd DW_TAG_formal_parameter
	.byte	1                               @ DW_AT_location
	.byte	80
	.long	.Linfo_string17                 @ DW_AT_name
	.byte	2                               @ DW_AT_decl_file
	.byte	48                              @ DW_AT_decl_line
	.long	76                              @ DW_AT_type
	.byte	0                               @ End Of Children Mark
	.byte	8                               @ Abbrev [8] 0x1a4:0x7 DW_TAG_base_type
	.long	.Linfo_string10                 @ DW_AT_name
	.byte	5                               @ DW_AT_encoding
	.byte	4                               @ DW_AT_byte_size
	.byte	3                               @ Abbrev [3] 0x1ab:0x5 DW_TAG_pointer_type
	.long	432                             @ DW_AT_type
	.byte	21                              @ Abbrev [21] 0x1b0:0xc DW_TAG_typedef
	.long	444                             @ DW_AT_type
	.long	.Linfo_string23                 @ DW_AT_name
	.byte	3                               @ DW_AT_decl_file
	.short	377                             @ DW_AT_decl_line
	.byte	22                              @ Abbrev [22] 0x1bc:0x17 DW_TAG_structure_type
	.long	.Linfo_string23                 @ DW_AT_name
	.byte	1                               @ DW_AT_byte_size
	.byte	3                               @ DW_AT_decl_file
	.short	373                             @ DW_AT_decl_line
	.byte	23                              @ Abbrev [23] 0x1c5:0xd DW_TAG_member
	.long	.Linfo_string21                 @ DW_AT_name
	.long	467                             @ DW_AT_type
	.byte	3                               @ DW_AT_decl_file
	.short	375                             @ DW_AT_decl_line
	.byte	0                               @ DW_AT_data_member_location
	.byte	0                               @ End Of Children Mark
	.byte	8                               @ Abbrev [8] 0x1d3:0x7 DW_TAG_base_type
	.long	.Linfo_string22                 @ DW_AT_name
	.byte	8                               @ DW_AT_encoding
	.byte	1                               @ DW_AT_byte_size
	.byte	0                               @ End Of Children Mark
.Ldebug_info_end0:
	.section	.debug_ranges,"",%progbits
.Ldebug_ranges0:
	.long	.Lfunc_begin0
	.long	.Lfunc_end0
	.long	.Lfunc_begin1
	.long	.Lfunc_end1
	.long	.Lfunc_begin2
	.long	.Lfunc_end2
	.long	.Lfunc_begin3
	.long	.Lfunc_end3
	.long	.Lfunc_begin4
	.long	.Lfunc_end4
	.long	.Lfunc_begin5
	.long	.Lfunc_end5
	.long	.Lfunc_begin6
	.long	.Lfunc_end6
	.long	0
	.long	0
	.section	.debug_str,"MS",%progbits,1
.Linfo_string0:
	.asciz	"Component: ARM Compiler 6.16 Tool: armclang [5dfeb700]" @ string offset=0
.Linfo_string1:
	.asciz	"../../../components/network/thread/subg_openthread/third_party/mbedtls/repo/library\\platform.c" @ string offset=55
.Linfo_string2:
	.asciz	"D:\\20240115\\rafael-iot-sdk-das\\examples\\das_subg_thread\\keil" @ string offset=150
.Linfo_string3:
	.asciz	"mbedtls_calloc_func"           @ string offset=211
.Linfo_string4:
	.asciz	"unsigned int"                  @ string offset=231
.Linfo_string5:
	.asciz	"size_t"                        @ string offset=244
.Linfo_string6:
	.asciz	"mbedtls_free_func"             @ string offset=251
.Linfo_string7:
	.asciz	"mbedtls_calloc"                @ string offset=269
.Linfo_string8:
	.asciz	"mbedtls_free"                  @ string offset=284
.Linfo_string9:
	.asciz	"mbedtls_platform_set_calloc_free" @ string offset=297
.Linfo_string10:
	.asciz	"int"                           @ string offset=330
.Linfo_string11:
	.asciz	"mbedtls_platform_setup"        @ string offset=334
.Linfo_string12:
	.asciz	"mbedtls_platform_teardown"     @ string offset=357
.Linfo_string13:
	.asciz	"platform_calloc_uninit"        @ string offset=383
.Linfo_string14:
	.asciz	"platform_free_uninit"          @ string offset=406
.Linfo_string15:
	.asciz	"nmemb"                         @ string offset=427
.Linfo_string16:
	.asciz	"size"                          @ string offset=433
.Linfo_string17:
	.asciz	"ptr"                           @ string offset=438
.Linfo_string18:
	.asciz	"calloc_func"                   @ string offset=442
.Linfo_string19:
	.asciz	"free_func"                     @ string offset=454
.Linfo_string20:
	.asciz	"ctx"                           @ string offset=464
.Linfo_string21:
	.asciz	"dummy"                         @ string offset=468
.Linfo_string22:
	.asciz	"char"                          @ string offset=474
.Linfo_string23:
	.asciz	"mbedtls_platform_context"      @ string offset=479
.Linfo_string24:
	.asciz	"n"                             @ string offset=504
	.ident	"Component: ARM Compiler 6.16 Tool: armclang [5dfeb700]"
	.section	".note.GNU-stack","",%progbits
	.eabi_attribute	30, 3	@ Tag_ABI_optimization_goals
	.ARM_attribute	16, 1	@ Tag_AV_eba
	.section	.debug_line,"",%progbits
.Lline_table_start0:
