	.text
	.syntax unified
	.eabi_attribute	67, "2.09"	@ Tag_conformance
	.cpu	cortex-m3
	.eabi_attribute	6, 10	@ Tag_CPU_arch
	.eabi_attribute	7, 77	@ Tag_CPU_arch_profile
	.eabi_attribute	8, 0	@ Tag_ARM_ISA_use
	.eabi_attribute	9, 2	@ Tag_THUMB_ISA_use
	.eabi_attribute	34, 1	@ Tag_CPU_unaligned_access
	.eabi_attribute	17, 1	@ Tag_ABI_PCS_GOT_use
	.eabi_attribute	20, 2	@ Tag_ABI_FP_denormal
	.eabi_attribute	21, 0	@ Tag_ABI_FP_exceptions
	.eabi_attribute	23, 1	@ Tag_ABI_FP_number_model
	.eabi_attribute	24, 1	@ Tag_ABI_align_needed
	.eabi_attribute	25, 1	@ Tag_ABI_align_preserved
	.eabi_attribute	38, 1	@ Tag_ABI_FP_16bit_format
	.eabi_attribute	18, 4	@ Tag_ABI_PCS_wchar_t
	.eabi_attribute	26, 2	@ Tag_ABI_enum_size
	.eabi_attribute	14, 0	@ Tag_ABI_PCS_R9_use
	.file	"preference.cpp"
	.file	1 "C:\\Keil_v5\\ARM\\ARMCLANG\\Bin\\..\\include" "stdint.h"
	.file	2 "D:\\20240115\\rafael-iot-sdk-das\\examples\\das_subg_thread\\keil" "../../../components/network/thread/subg_openthread/src/core/common/preference.hpp"
	.file	3 "D:\\20240115\\rafael-iot-sdk-das\\examples\\das_subg_thread\\keil" "../../../components/network/thread/subg_openthread/src/core/common/preference.cpp"
	.section	.text._ZN2ot10Preference10To2BitUintEa,"ax",%progbits
	.hidden	_ZN2ot10Preference10To2BitUintEa @ -- Begin function _ZN2ot10Preference10To2BitUintEa
	.globl	_ZN2ot10Preference10To2BitUintEa
	.p2align	1
	.type	_ZN2ot10Preference10To2BitUintEa,%function
	.code	16                              @ @_ZN2ot10Preference10To2BitUintEa
	.thumb_func
_ZN2ot10Preference10To2BitUintEa:
.Lfunc_begin0:
	.loc	3 39 0                          @ ../../../components/network/thread/subg_openthread/src/core/common/preference.cpp:39:0
	.fnstart
	.cfi_sections .debug_frame
	.cfi_startproc
@ %bb.0:
	@DEBUG_VALUE: To2BitUint:aPrf <- $r0
	movs	r1, #1
	@DEBUG_VALUE: To2BitUint:aPrf <- $r0
.Ltmp0:
	.loc	3 39 54 prologue_end            @ ../../../components/network/thread/subg_openthread/src/core/common/preference.cpp:39:54
	cmp	r0, #1
	it	lt
	movlt	r1, #3
	cmp	r0, #0
	it	ne
	movne	r0, r1
.Ltmp1:
	@DEBUG_VALUE: To2BitUint:aPrf <- [DW_OP_LLVM_entry_value 1] $r0
	.loc	3 39 47 is_stmt 0               @ ../../../components/network/thread/subg_openthread/src/core/common/preference.cpp:39:47
	bx	lr
.Ltmp2:
.Lfunc_end0:
	.size	_ZN2ot10Preference10To2BitUintEa, .Lfunc_end0-_ZN2ot10Preference10To2BitUintEa
	.cfi_endproc
	.cantunwind
	.fnend
                                        @ -- End function
	.section	.text._ZN2ot10Preference12From2BitUintEh,"ax",%progbits
	.hidden	_ZN2ot10Preference12From2BitUintEh @ -- Begin function _ZN2ot10Preference12From2BitUintEh
	.globl	_ZN2ot10Preference12From2BitUintEh
	.p2align	2
	.type	_ZN2ot10Preference12From2BitUintEh,%function
	.code	16                              @ @_ZN2ot10Preference12From2BitUintEh
	.thumb_func
_ZN2ot10Preference12From2BitUintEh:
.Lfunc_begin1:
	.loc	3 42 0 is_stmt 1                @ ../../../components/network/thread/subg_openthread/src/core/common/preference.cpp:42:0
	.fnstart
	.cfi_startproc
@ %bb.0:
	@DEBUG_VALUE: From2BitUint:a2BitUint <- $r0
	@DEBUG_VALUE: From2BitUint:a2BitUint <- $r0
	.loc	3 50 35 prologue_end            @ ../../../components/network/thread/subg_openthread/src/core/common/preference.cpp:50:35
	and	r0, r0, #3
.Ltmp3:
	@DEBUG_VALUE: From2BitUint:a2BitUint <- [DW_OP_LLVM_entry_value 1] $r0
	.loc	3 50 12 is_stmt 0               @ ../../../components/network/thread/subg_openthread/src/core/common/preference.cpp:50:12
	adr	r1, .LCPI1_0
	ldrsb	r0, [r1, r0]
	.loc	3 50 5                          @ ../../../components/network/thread/subg_openthread/src/core/common/preference.cpp:50:5
	bx	lr
.Ltmp4:
	.p2align	2
@ %bb.1:
	.loc	3 0 5                           @ ../../../components/network/thread/subg_openthread/src/core/common/preference.cpp:0:5
.LCPI1_0:
_ZZN2ot10Preference12From2BitUintEhE12kPreferences:
	.ascii	"\000\001\000\377"
.Lfunc_end1:
	.size	_ZN2ot10Preference12From2BitUintEh, .Lfunc_end1-_ZN2ot10Preference12From2BitUintEh
	.cfi_endproc
	.cantunwind
	.fnend
                                        @ -- End function
	.section	.text._ZN2ot10Preference7IsValidEa,"ax",%progbits
	.hidden	_ZN2ot10Preference7IsValidEa    @ -- Begin function _ZN2ot10Preference7IsValidEa
	.globl	_ZN2ot10Preference7IsValidEa
	.p2align	1
	.type	_ZN2ot10Preference7IsValidEa,%function
	.code	16                              @ @_ZN2ot10Preference7IsValidEa
	.thumb_func
_ZN2ot10Preference7IsValidEa:
.Lfunc_begin2:
	.loc	3 53 0 is_stmt 1                @ ../../../components/network/thread/subg_openthread/src/core/common/preference.cpp:53:0
	.fnstart
	.cfi_startproc
@ %bb.0:
	@DEBUG_VALUE: IsValid:aPrf <- $r0
	@DEBUG_VALUE: IsValid:aPrf <- $r0
	.loc	3 53 64 prologue_end            @ ../../../components/network/thread/subg_openthread/src/core/common/preference.cpp:53:64
	adds	r0, #1
.Ltmp5:
	@DEBUG_VALUE: IsValid:aPrf <- [DW_OP_LLVM_entry_value 1] $r0
	uxtb	r1, r0
	movs	r0, #0
	cmp	r1, #3
	it	lo
	movlo	r0, #1
	bx	lr
.Ltmp6:
.Lfunc_end2:
	.size	_ZN2ot10Preference7IsValidEa, .Lfunc_end2-_ZN2ot10Preference7IsValidEa
	.cfi_endproc
	.cantunwind
	.fnend
                                        @ -- End function
	.section	.text._ZN2ot10Preference8ToStringEa,"ax",%progbits
	.hidden	_ZN2ot10Preference8ToStringEa   @ -- Begin function _ZN2ot10Preference8ToStringEa
	.globl	_ZN2ot10Preference8ToStringEa
	.p2align	2
	.type	_ZN2ot10Preference8ToStringEa,%function
	.code	16                              @ @_ZN2ot10Preference8ToStringEa
	.thumb_func
_ZN2ot10Preference8ToStringEa:
.Lfunc_begin3:
	.loc	3 55 0                          @ ../../../components/network/thread/subg_openthread/src/core/common/preference.cpp:55:0
	.fnstart
	.cfi_startproc
@ %bb.0:
	@DEBUG_VALUE: ToString:aPrf <- $r0
	@DEBUG_VALUE: ToString:aPrf <- $r0
	.loc	3 55 56 prologue_end            @ ../../../components/network/thread/subg_openthread/src/core/common/preference.cpp:55:56
	adr	r2, .LCPI3_1
	cmp	r0, #0
	adr	r0, .LCPI3_2
.Ltmp7:
	@DEBUG_VALUE: ToString:aPrf <- [DW_OP_LLVM_entry_value 1] $r0
	adr	r1, .LCPI3_0
	it	gt
	movgt	r2, r1
	it	ne
	movne	r0, r2
	.loc	3 55 49 is_stmt 0               @ ../../../components/network/thread/subg_openthread/src/core/common/preference.cpp:55:49
	bx	lr
.Ltmp8:
	.p2align	2
@ %bb.1:
	.loc	3 0 49                          @ ../../../components/network/thread/subg_openthread/src/core/common/preference.cpp:0:49
.LCPI3_0:
.L.str.1:
	.asciz	"high\000\000\000"
.LCPI3_1:
.L.str.2:
	.asciz	"low"
.LCPI3_2:
.L.str:
	.asciz	"medium\000"
.Lfunc_end3:
	.size	_ZN2ot10Preference8ToStringEa, .Lfunc_end3-_ZN2ot10Preference8ToStringEa
	.cfi_endproc
	.cantunwind
	.fnend
                                        @ -- End function
	.section	.debug_loc,"",%progbits
.Ldebug_loc0:
	.long	-1
	.long	.Lfunc_begin0                   @   base address
	.long	.Lfunc_begin0-.Lfunc_begin0
	.long	.Ltmp1-.Lfunc_begin0
	.short	1                               @ Loc expr size
	.byte	80                              @ DW_OP_reg0
	.long	.Ltmp1-.Lfunc_begin0
	.long	.Lfunc_end0-.Lfunc_begin0
	.short	4                               @ Loc expr size
	.byte	243                             @ DW_OP_GNU_entry_value
	.byte	1                               @ 1
	.byte	80                              @ DW_OP_reg0
	.byte	159                             @ DW_OP_stack_value
	.long	0
	.long	0
.Ldebug_loc1:
	.long	-1
	.long	.Lfunc_begin1                   @   base address
	.long	.Lfunc_begin1-.Lfunc_begin1
	.long	.Ltmp3-.Lfunc_begin1
	.short	1                               @ Loc expr size
	.byte	80                              @ DW_OP_reg0
	.long	.Ltmp3-.Lfunc_begin1
	.long	.Ltmp4-.Lfunc_begin1
	.short	4                               @ Loc expr size
	.byte	243                             @ DW_OP_GNU_entry_value
	.byte	1                               @ 1
	.byte	80                              @ DW_OP_reg0
	.byte	159                             @ DW_OP_stack_value
	.long	0
	.long	0
.Ldebug_loc2:
	.long	-1
	.long	.Lfunc_begin2                   @   base address
	.long	.Lfunc_begin2-.Lfunc_begin2
	.long	.Ltmp5-.Lfunc_begin2
	.short	1                               @ Loc expr size
	.byte	80                              @ DW_OP_reg0
	.long	.Ltmp5-.Lfunc_begin2
	.long	.Lfunc_end2-.Lfunc_begin2
	.short	4                               @ Loc expr size
	.byte	243                             @ DW_OP_GNU_entry_value
	.byte	1                               @ 1
	.byte	80                              @ DW_OP_reg0
	.byte	159                             @ DW_OP_stack_value
	.long	0
	.long	0
.Ldebug_loc3:
	.long	-1
	.long	.Lfunc_begin3                   @   base address
	.long	.Lfunc_begin3-.Lfunc_begin3
	.long	.Ltmp7-.Lfunc_begin3
	.short	1                               @ Loc expr size
	.byte	80                              @ DW_OP_reg0
	.long	.Ltmp7-.Lfunc_begin3
	.long	.Ltmp8-.Lfunc_begin3
	.short	4                               @ Loc expr size
	.byte	243                             @ DW_OP_GNU_entry_value
	.byte	1                               @ 1
	.byte	80                              @ DW_OP_reg0
	.byte	159                             @ DW_OP_stack_value
	.long	0
	.long	0
	.section	.debug_abbrev,"",%progbits
	.byte	1                               @ Abbreviation Code
	.byte	17                              @ DW_TAG_compile_unit
	.byte	1                               @ DW_CHILDREN_yes
	.byte	37                              @ DW_AT_producer
	.byte	14                              @ DW_FORM_strp
	.byte	19                              @ DW_AT_language
	.byte	5                               @ DW_FORM_data2
	.byte	3                               @ DW_AT_name
	.byte	14                              @ DW_FORM_strp
	.byte	16                              @ DW_AT_stmt_list
	.byte	23                              @ DW_FORM_sec_offset
	.byte	27                              @ DW_AT_comp_dir
	.byte	14                              @ DW_FORM_strp
	.byte	17                              @ DW_AT_low_pc
	.byte	1                               @ DW_FORM_addr
	.byte	85                              @ DW_AT_ranges
	.byte	23                              @ DW_FORM_sec_offset
	.byte	0                               @ EOM(1)
	.byte	0                               @ EOM(2)
	.byte	2                               @ Abbreviation Code
	.byte	57                              @ DW_TAG_namespace
	.byte	1                               @ DW_CHILDREN_yes
	.byte	3                               @ DW_AT_name
	.byte	14                              @ DW_FORM_strp
	.byte	0                               @ EOM(1)
	.byte	0                               @ EOM(2)
	.byte	3                               @ Abbreviation Code
	.byte	2                               @ DW_TAG_class_type
	.byte	1                               @ DW_CHILDREN_yes
	.byte	54                              @ DW_AT_calling_convention
	.byte	11                              @ DW_FORM_data1
	.byte	3                               @ DW_AT_name
	.byte	14                              @ DW_FORM_strp
	.byte	11                              @ DW_AT_byte_size
	.byte	11                              @ DW_FORM_data1
	.byte	58                              @ DW_AT_decl_file
	.byte	11                              @ DW_FORM_data1
	.byte	59                              @ DW_AT_decl_line
	.byte	11                              @ DW_FORM_data1
	.byte	0                               @ EOM(1)
	.byte	0                               @ EOM(2)
	.byte	4                               @ Abbreviation Code
	.byte	13                              @ DW_TAG_member
	.byte	0                               @ DW_CHILDREN_no
	.byte	3                               @ DW_AT_name
	.byte	14                              @ DW_FORM_strp
	.byte	73                              @ DW_AT_type
	.byte	19                              @ DW_FORM_ref4
	.byte	58                              @ DW_AT_decl_file
	.byte	11                              @ DW_FORM_data1
	.byte	59                              @ DW_AT_decl_line
	.byte	11                              @ DW_FORM_data1
	.byte	63                              @ DW_AT_external
	.byte	25                              @ DW_FORM_flag_present
	.byte	60                              @ DW_AT_declaration
	.byte	25                              @ DW_FORM_flag_present
	.byte	50                              @ DW_AT_accessibility
	.byte	11                              @ DW_FORM_data1
	.byte	28                              @ DW_AT_const_value
	.byte	13                              @ DW_FORM_sdata
	.byte	0                               @ EOM(1)
	.byte	0                               @ EOM(2)
	.byte	5                               @ Abbreviation Code
	.byte	13                              @ DW_TAG_member
	.byte	0                               @ DW_CHILDREN_no
	.byte	3                               @ DW_AT_name
	.byte	14                              @ DW_FORM_strp
	.byte	73                              @ DW_AT_type
	.byte	19                              @ DW_FORM_ref4
	.byte	58                              @ DW_AT_decl_file
	.byte	11                              @ DW_FORM_data1
	.byte	59                              @ DW_AT_decl_line
	.byte	11                              @ DW_FORM_data1
	.byte	63                              @ DW_AT_external
	.byte	25                              @ DW_FORM_flag_present
	.byte	60                              @ DW_AT_declaration
	.byte	25                              @ DW_FORM_flag_present
	.byte	28                              @ DW_AT_const_value
	.byte	15                              @ DW_FORM_udata
	.byte	0                               @ EOM(1)
	.byte	0                               @ EOM(2)
	.byte	6                               @ Abbreviation Code
	.byte	46                              @ DW_TAG_subprogram
	.byte	1                               @ DW_CHILDREN_yes
	.byte	110                             @ DW_AT_linkage_name
	.byte	14                              @ DW_FORM_strp
	.byte	3                               @ DW_AT_name
	.byte	14                              @ DW_FORM_strp
	.byte	58                              @ DW_AT_decl_file
	.byte	11                              @ DW_FORM_data1
	.byte	59                              @ DW_AT_decl_line
	.byte	11                              @ DW_FORM_data1
	.byte	73                              @ DW_AT_type
	.byte	19                              @ DW_FORM_ref4
	.byte	60                              @ DW_AT_declaration
	.byte	25                              @ DW_FORM_flag_present
	.byte	63                              @ DW_AT_external
	.byte	25                              @ DW_FORM_flag_present
	.byte	50                              @ DW_AT_accessibility
	.byte	11                              @ DW_FORM_data1
	.byte	0                               @ EOM(1)
	.byte	0                               @ EOM(2)
	.byte	7                               @ Abbreviation Code
	.byte	5                               @ DW_TAG_formal_parameter
	.byte	0                               @ DW_CHILDREN_no
	.byte	73                              @ DW_AT_type
	.byte	19                              @ DW_FORM_ref4
	.byte	0                               @ EOM(1)
	.byte	0                               @ EOM(2)
	.byte	8                               @ Abbreviation Code
	.byte	46                              @ DW_TAG_subprogram
	.byte	1                               @ DW_CHILDREN_yes
	.byte	3                               @ DW_AT_name
	.byte	14                              @ DW_FORM_strp
	.byte	58                              @ DW_AT_decl_file
	.byte	11                              @ DW_FORM_data1
	.byte	59                              @ DW_AT_decl_line
	.byte	11                              @ DW_FORM_data1
	.byte	60                              @ DW_AT_declaration
	.byte	25                              @ DW_FORM_flag_present
	.byte	63                              @ DW_AT_external
	.byte	25                              @ DW_FORM_flag_present
	.byte	50                              @ DW_AT_accessibility
	.byte	11                              @ DW_FORM_data1
	.byte	0                               @ EOM(1)
	.byte	0                               @ EOM(2)
	.byte	9                               @ Abbreviation Code
	.byte	5                               @ DW_TAG_formal_parameter
	.byte	0                               @ DW_CHILDREN_no
	.byte	73                              @ DW_AT_type
	.byte	19                              @ DW_FORM_ref4
	.byte	52                              @ DW_AT_artificial
	.byte	25                              @ DW_FORM_flag_present
	.byte	0                               @ EOM(1)
	.byte	0                               @ EOM(2)
	.byte	10                              @ Abbreviation Code
	.byte	38                              @ DW_TAG_const_type
	.byte	0                               @ DW_CHILDREN_no
	.byte	73                              @ DW_AT_type
	.byte	19                              @ DW_FORM_ref4
	.byte	0                               @ EOM(1)
	.byte	0                               @ EOM(2)
	.byte	11                              @ Abbreviation Code
	.byte	22                              @ DW_TAG_typedef
	.byte	0                               @ DW_CHILDREN_no
	.byte	73                              @ DW_AT_type
	.byte	19                              @ DW_FORM_ref4
	.byte	3                               @ DW_AT_name
	.byte	14                              @ DW_FORM_strp
	.byte	58                              @ DW_AT_decl_file
	.byte	11                              @ DW_FORM_data1
	.byte	59                              @ DW_AT_decl_line
	.byte	11                              @ DW_FORM_data1
	.byte	0                               @ EOM(1)
	.byte	0                               @ EOM(2)
	.byte	12                              @ Abbreviation Code
	.byte	36                              @ DW_TAG_base_type
	.byte	0                               @ DW_CHILDREN_no
	.byte	3                               @ DW_AT_name
	.byte	14                              @ DW_FORM_strp
	.byte	62                              @ DW_AT_encoding
	.byte	11                              @ DW_FORM_data1
	.byte	11                              @ DW_AT_byte_size
	.byte	11                              @ DW_FORM_data1
	.byte	0                               @ EOM(1)
	.byte	0                               @ EOM(2)
	.byte	13                              @ Abbreviation Code
	.byte	15                              @ DW_TAG_pointer_type
	.byte	0                               @ DW_CHILDREN_no
	.byte	73                              @ DW_AT_type
	.byte	19                              @ DW_FORM_ref4
	.byte	0                               @ EOM(1)
	.byte	0                               @ EOM(2)
	.byte	14                              @ Abbreviation Code
	.byte	46                              @ DW_TAG_subprogram
	.byte	1                               @ DW_CHILDREN_yes
	.byte	17                              @ DW_AT_low_pc
	.byte	1                               @ DW_FORM_addr
	.byte	18                              @ DW_AT_high_pc
	.byte	6                               @ DW_FORM_data4
	.byte	64                              @ DW_AT_frame_base
	.byte	24                              @ DW_FORM_exprloc
	.ascii	"\227B"                         @ DW_AT_GNU_all_call_sites
	.byte	25                              @ DW_FORM_flag_present
	.byte	58                              @ DW_AT_decl_file
	.byte	11                              @ DW_FORM_data1
	.byte	59                              @ DW_AT_decl_line
	.byte	11                              @ DW_FORM_data1
	.byte	71                              @ DW_AT_specification
	.byte	19                              @ DW_FORM_ref4
	.byte	0                               @ EOM(1)
	.byte	0                               @ EOM(2)
	.byte	15                              @ Abbreviation Code
	.byte	52                              @ DW_TAG_variable
	.byte	0                               @ DW_CHILDREN_no
	.byte	3                               @ DW_AT_name
	.byte	14                              @ DW_FORM_strp
	.byte	73                              @ DW_AT_type
	.byte	19                              @ DW_FORM_ref4
	.byte	58                              @ DW_AT_decl_file
	.byte	11                              @ DW_FORM_data1
	.byte	59                              @ DW_AT_decl_line
	.byte	11                              @ DW_FORM_data1
	.byte	2                               @ DW_AT_location
	.byte	24                              @ DW_FORM_exprloc
	.byte	0                               @ EOM(1)
	.byte	0                               @ EOM(2)
	.byte	16                              @ Abbreviation Code
	.byte	5                               @ DW_TAG_formal_parameter
	.byte	0                               @ DW_CHILDREN_no
	.byte	2                               @ DW_AT_location
	.byte	23                              @ DW_FORM_sec_offset
	.byte	3                               @ DW_AT_name
	.byte	14                              @ DW_FORM_strp
	.byte	58                              @ DW_AT_decl_file
	.byte	11                              @ DW_FORM_data1
	.byte	59                              @ DW_AT_decl_line
	.byte	11                              @ DW_FORM_data1
	.byte	73                              @ DW_AT_type
	.byte	19                              @ DW_FORM_ref4
	.byte	0                               @ EOM(1)
	.byte	0                               @ EOM(2)
	.byte	17                              @ Abbreviation Code
	.byte	1                               @ DW_TAG_array_type
	.byte	1                               @ DW_CHILDREN_yes
	.byte	73                              @ DW_AT_type
	.byte	19                              @ DW_FORM_ref4
	.byte	0                               @ EOM(1)
	.byte	0                               @ EOM(2)
	.byte	18                              @ Abbreviation Code
	.byte	33                              @ DW_TAG_subrange_type
	.byte	0                               @ DW_CHILDREN_no
	.byte	73                              @ DW_AT_type
	.byte	19                              @ DW_FORM_ref4
	.byte	55                              @ DW_AT_count
	.byte	11                              @ DW_FORM_data1
	.byte	0                               @ EOM(1)
	.byte	0                               @ EOM(2)
	.byte	19                              @ Abbreviation Code
	.byte	36                              @ DW_TAG_base_type
	.byte	0                               @ DW_CHILDREN_no
	.byte	3                               @ DW_AT_name
	.byte	14                              @ DW_FORM_strp
	.byte	11                              @ DW_AT_byte_size
	.byte	11                              @ DW_FORM_data1
	.byte	62                              @ DW_AT_encoding
	.byte	11                              @ DW_FORM_data1
	.byte	0                               @ EOM(1)
	.byte	0                               @ EOM(2)
	.byte	20                              @ Abbreviation Code
	.byte	8                               @ DW_TAG_imported_declaration
	.byte	0                               @ DW_CHILDREN_no
	.byte	58                              @ DW_AT_decl_file
	.byte	11                              @ DW_FORM_data1
	.byte	59                              @ DW_AT_decl_line
	.byte	5                               @ DW_FORM_data2
	.byte	24                              @ DW_AT_import
	.byte	19                              @ DW_FORM_ref4
	.byte	0                               @ EOM(1)
	.byte	0                               @ EOM(2)
	.byte	0                               @ EOM(3)
	.section	.debug_info,"",%progbits
.Lcu_begin0:
	.long	.Ldebug_info_end0-.Ldebug_info_start0 @ Length of Unit
.Ldebug_info_start0:
	.short	4                               @ DWARF version number
	.long	.debug_abbrev                   @ Offset Into Abbrev. Section
	.byte	4                               @ Address Size (in bytes)
	.byte	1                               @ Abbrev [1] 0xb:0x426 DW_TAG_compile_unit
	.long	.Linfo_string0                  @ DW_AT_producer
	.short	26                              @ DW_AT_language
	.long	.Linfo_string1                  @ DW_AT_name
	.long	.Lline_table_start0             @ DW_AT_stmt_list
	.long	.Linfo_string2                  @ DW_AT_comp_dir
	.long	0                               @ DW_AT_low_pc
	.long	.Ldebug_ranges0                 @ DW_AT_ranges
	.byte	2                               @ Abbrev [2] 0x26:0xef DW_TAG_namespace
	.long	.Linfo_string3                  @ DW_AT_name
	.byte	3                               @ Abbrev [3] 0x2b:0xe9 DW_TAG_class_type
	.byte	5                               @ DW_AT_calling_convention
	.long	.Linfo_string28                 @ DW_AT_name
	.byte	1                               @ DW_AT_byte_size
	.byte	2                               @ DW_AT_decl_file
	.byte	49                              @ DW_AT_decl_line
	.byte	4                               @ Abbrev [4] 0x34:0xd DW_TAG_member
	.long	.Linfo_string4                  @ DW_AT_name
	.long	277                             @ DW_AT_type
	.byte	2                               @ DW_AT_decl_file
	.byte	52                              @ DW_AT_decl_line
                                        @ DW_AT_external
                                        @ DW_AT_declaration
	.byte	1                               @ DW_AT_accessibility
                                        @ DW_ACCESS_public
	.byte	1                               @ DW_AT_const_value
	.byte	4                               @ Abbrev [4] 0x41:0xd DW_TAG_member
	.long	.Linfo_string7                  @ DW_AT_name
	.long	277                             @ DW_AT_type
	.byte	2                               @ DW_AT_decl_file
	.byte	53                              @ DW_AT_decl_line
                                        @ DW_AT_external
                                        @ DW_AT_declaration
	.byte	1                               @ DW_AT_accessibility
                                        @ DW_ACCESS_public
	.byte	0                               @ DW_AT_const_value
	.byte	4                               @ Abbrev [4] 0x4e:0xd DW_TAG_member
	.long	.Linfo_string8                  @ DW_AT_name
	.long	277                             @ DW_AT_type
	.byte	2                               @ DW_AT_decl_file
	.byte	54                              @ DW_AT_decl_line
                                        @ DW_AT_external
                                        @ DW_AT_declaration
	.byte	1                               @ DW_AT_accessibility
                                        @ DW_ACCESS_public
	.byte	127                             @ DW_AT_const_value
	.byte	5                               @ Abbrev [5] 0x5b:0xc DW_TAG_member
	.long	.Linfo_string9                  @ DW_AT_name
	.long	300                             @ DW_AT_type
	.byte	2                               @ DW_AT_decl_file
	.byte	125                             @ DW_AT_decl_line
                                        @ DW_AT_external
                                        @ DW_AT_declaration
	.byte	3                               @ DW_AT_const_value
	.byte	5                               @ Abbrev [5] 0x67:0xc DW_TAG_member
	.long	.Linfo_string12                 @ DW_AT_name
	.long	300                             @ DW_AT_type
	.byte	2                               @ DW_AT_decl_file
	.byte	127                             @ DW_AT_decl_line
                                        @ DW_AT_external
                                        @ DW_AT_declaration
	.byte	1                               @ DW_AT_const_value
	.byte	5                               @ Abbrev [5] 0x73:0xc DW_TAG_member
	.long	.Linfo_string13                 @ DW_AT_name
	.long	300                             @ DW_AT_type
	.byte	2                               @ DW_AT_decl_file
	.byte	128                             @ DW_AT_decl_line
                                        @ DW_AT_external
                                        @ DW_AT_declaration
	.byte	0                               @ DW_AT_const_value
	.byte	5                               @ Abbrev [5] 0x7f:0xc DW_TAG_member
	.long	.Linfo_string14                 @ DW_AT_name
	.long	300                             @ DW_AT_type
	.byte	2                               @ DW_AT_decl_file
	.byte	129                             @ DW_AT_decl_line
                                        @ DW_AT_external
                                        @ DW_AT_declaration
	.byte	3                               @ DW_AT_const_value
	.byte	5                               @ Abbrev [5] 0x8b:0xc DW_TAG_member
	.long	.Linfo_string15                 @ DW_AT_name
	.long	300                             @ DW_AT_type
	.byte	2                               @ DW_AT_decl_file
	.byte	130                             @ DW_AT_decl_line
                                        @ DW_AT_external
                                        @ DW_AT_declaration
	.byte	2                               @ DW_AT_const_value
	.byte	6                               @ Abbrev [6] 0x97:0x16 DW_TAG_subprogram
	.long	.Linfo_string16                 @ DW_AT_linkage_name
	.long	.Linfo_string17                 @ DW_AT_name
	.byte	2                               @ DW_AT_decl_file
	.byte	67                              @ DW_AT_decl_line
	.long	305                             @ DW_AT_type
                                        @ DW_AT_declaration
                                        @ DW_AT_external
	.byte	1                               @ DW_AT_accessibility
                                        @ DW_ACCESS_public
	.byte	7                               @ Abbrev [7] 0xa7:0x5 DW_TAG_formal_parameter
	.long	282                             @ DW_AT_type
	.byte	0                               @ End Of Children Mark
	.byte	6                               @ Abbrev [6] 0xad:0x16 DW_TAG_subprogram
	.long	.Linfo_string18                 @ DW_AT_linkage_name
	.long	.Linfo_string19                 @ DW_AT_name
	.byte	2                               @ DW_AT_decl_file
	.byte	86                              @ DW_AT_decl_line
	.long	282                             @ DW_AT_type
                                        @ DW_AT_declaration
                                        @ DW_AT_external
	.byte	1                               @ DW_AT_accessibility
                                        @ DW_ACCESS_public
	.byte	7                               @ Abbrev [7] 0xbd:0x5 DW_TAG_formal_parameter
	.long	305                             @ DW_AT_type
	.byte	0                               @ End Of Children Mark
	.byte	6                               @ Abbrev [6] 0xc3:0x16 DW_TAG_subprogram
	.long	.Linfo_string20                 @ DW_AT_linkage_name
	.long	.Linfo_string21                 @ DW_AT_name
	.byte	2                               @ DW_AT_decl_file
	.byte	98                              @ DW_AT_decl_line
	.long	323                             @ DW_AT_type
                                        @ DW_AT_declaration
                                        @ DW_AT_external
	.byte	1                               @ DW_AT_accessibility
                                        @ DW_ACCESS_public
	.byte	7                               @ Abbrev [7] 0xd3:0x5 DW_TAG_formal_parameter
	.long	282                             @ DW_AT_type
	.byte	0                               @ End Of Children Mark
	.byte	6                               @ Abbrev [6] 0xd9:0x16 DW_TAG_subprogram
	.long	.Linfo_string23                 @ DW_AT_linkage_name
	.long	.Linfo_string24                 @ DW_AT_name
	.byte	2                               @ DW_AT_decl_file
	.byte	110                             @ DW_AT_decl_line
	.long	323                             @ DW_AT_type
                                        @ DW_AT_declaration
                                        @ DW_AT_external
	.byte	1                               @ DW_AT_accessibility
                                        @ DW_ACCESS_public
	.byte	7                               @ Abbrev [7] 0xe9:0x5 DW_TAG_formal_parameter
	.long	305                             @ DW_AT_type
	.byte	0                               @ End Of Children Mark
	.byte	6                               @ Abbrev [6] 0xef:0x16 DW_TAG_subprogram
	.long	.Linfo_string25                 @ DW_AT_linkage_name
	.long	.Linfo_string26                 @ DW_AT_name
	.byte	2                               @ DW_AT_decl_file
	.byte	120                             @ DW_AT_decl_line
	.long	330                             @ DW_AT_type
                                        @ DW_AT_declaration
                                        @ DW_AT_external
	.byte	1                               @ DW_AT_accessibility
                                        @ DW_ACCESS_public
	.byte	7                               @ Abbrev [7] 0xff:0x5 DW_TAG_formal_parameter
	.long	282                             @ DW_AT_type
	.byte	0                               @ End Of Children Mark
	.byte	8                               @ Abbrev [8] 0x105:0xe DW_TAG_subprogram
	.long	.Linfo_string28                 @ DW_AT_name
	.byte	2                               @ DW_AT_decl_file
	.byte	122                             @ DW_AT_decl_line
                                        @ DW_AT_declaration
                                        @ DW_AT_external
	.byte	1                               @ DW_AT_accessibility
                                        @ DW_ACCESS_public
	.byte	9                               @ Abbrev [9] 0x10d:0x5 DW_TAG_formal_parameter
	.long	347                             @ DW_AT_type
                                        @ DW_AT_artificial
	.byte	0                               @ End Of Children Mark
	.byte	0                               @ End Of Children Mark
	.byte	0                               @ End Of Children Mark
	.byte	10                              @ Abbrev [10] 0x115:0x5 DW_TAG_const_type
	.long	282                             @ DW_AT_type
	.byte	11                              @ Abbrev [11] 0x11a:0xb DW_TAG_typedef
	.long	293                             @ DW_AT_type
	.long	.Linfo_string6                  @ DW_AT_name
	.byte	1                               @ DW_AT_decl_file
	.byte	56                              @ DW_AT_decl_line
	.byte	12                              @ Abbrev [12] 0x125:0x7 DW_TAG_base_type
	.long	.Linfo_string5                  @ DW_AT_name
	.byte	6                               @ DW_AT_encoding
	.byte	1                               @ DW_AT_byte_size
	.byte	10                              @ Abbrev [10] 0x12c:0x5 DW_TAG_const_type
	.long	305                             @ DW_AT_type
	.byte	11                              @ Abbrev [11] 0x131:0xb DW_TAG_typedef
	.long	316                             @ DW_AT_type
	.long	.Linfo_string11                 @ DW_AT_name
	.byte	1                               @ DW_AT_decl_file
	.byte	62                              @ DW_AT_decl_line
	.byte	12                              @ Abbrev [12] 0x13c:0x7 DW_TAG_base_type
	.long	.Linfo_string10                 @ DW_AT_name
	.byte	8                               @ DW_AT_encoding
	.byte	1                               @ DW_AT_byte_size
	.byte	12                              @ Abbrev [12] 0x143:0x7 DW_TAG_base_type
	.long	.Linfo_string22                 @ DW_AT_name
	.byte	2                               @ DW_AT_encoding
	.byte	1                               @ DW_AT_byte_size
	.byte	13                              @ Abbrev [13] 0x14a:0x5 DW_TAG_pointer_type
	.long	335                             @ DW_AT_type
	.byte	10                              @ Abbrev [10] 0x14f:0x5 DW_TAG_const_type
	.long	340                             @ DW_AT_type
	.byte	12                              @ Abbrev [12] 0x154:0x7 DW_TAG_base_type
	.long	.Linfo_string27                 @ DW_AT_name
	.byte	8                               @ DW_AT_encoding
	.byte	1                               @ DW_AT_byte_size
	.byte	13                              @ Abbrev [13] 0x15b:0x5 DW_TAG_pointer_type
	.long	43                              @ DW_AT_type
	.byte	14                              @ Abbrev [14] 0x160:0x32 DW_TAG_subprogram
	.long	.Lfunc_begin1                   @ DW_AT_low_pc
	.long	.Lfunc_end1-.Lfunc_begin1       @ DW_AT_high_pc
	.byte	1                               @ DW_AT_frame_base
	.byte	93
                                        @ DW_AT_GNU_all_call_sites
	.byte	3                               @ DW_AT_decl_file
	.byte	41                              @ DW_AT_decl_line
	.long	173                             @ DW_AT_specification
	.byte	15                              @ Abbrev [15] 0x171:0x11 DW_TAG_variable
	.long	.Linfo_string29                 @ DW_AT_name
	.long	402                             @ DW_AT_type
	.byte	3                               @ DW_AT_decl_file
	.byte	43                              @ DW_AT_decl_line
	.byte	5                               @ DW_AT_location
	.byte	3
	.long	_ZZN2ot10Preference12From2BitUintEhE12kPreferences
	.byte	16                              @ Abbrev [16] 0x182:0xf DW_TAG_formal_parameter
	.long	.Ldebug_loc1                    @ DW_AT_location
	.long	.Linfo_string64                 @ DW_AT_name
	.byte	3                               @ DW_AT_decl_file
	.byte	41                              @ DW_AT_decl_line
	.long	305                             @ DW_AT_type
	.byte	0                               @ End Of Children Mark
	.byte	17                              @ Abbrev [17] 0x192:0xc DW_TAG_array_type
	.long	277                             @ DW_AT_type
	.byte	18                              @ Abbrev [18] 0x197:0x6 DW_TAG_subrange_type
	.long	414                             @ DW_AT_type
	.byte	4                               @ DW_AT_count
	.byte	0                               @ End Of Children Mark
	.byte	19                              @ Abbrev [19] 0x19e:0x7 DW_TAG_base_type
	.long	.Linfo_string30                 @ DW_AT_name
	.byte	8                               @ DW_AT_byte_size
	.byte	7                               @ DW_AT_encoding
	.byte	20                              @ Abbrev [20] 0x1a5:0x8 DW_TAG_imported_declaration
	.byte	1                               @ DW_AT_decl_file
	.short	275                             @ DW_AT_decl_line
	.long	282                             @ DW_AT_import
	.byte	11                              @ Abbrev [11] 0x1ad:0xb DW_TAG_typedef
	.long	440                             @ DW_AT_type
	.long	.Linfo_string32                 @ DW_AT_name
	.byte	1                               @ DW_AT_decl_file
	.byte	57                              @ DW_AT_decl_line
	.byte	12                              @ Abbrev [12] 0x1b8:0x7 DW_TAG_base_type
	.long	.Linfo_string31                 @ DW_AT_name
	.byte	5                               @ DW_AT_encoding
	.byte	2                               @ DW_AT_byte_size
	.byte	20                              @ Abbrev [20] 0x1bf:0x8 DW_TAG_imported_declaration
	.byte	1                               @ DW_AT_decl_file
	.short	276                             @ DW_AT_decl_line
	.long	429                             @ DW_AT_import
	.byte	11                              @ Abbrev [11] 0x1c7:0xb DW_TAG_typedef
	.long	466                             @ DW_AT_type
	.long	.Linfo_string34                 @ DW_AT_name
	.byte	1                               @ DW_AT_decl_file
	.byte	58                              @ DW_AT_decl_line
	.byte	12                              @ Abbrev [12] 0x1d2:0x7 DW_TAG_base_type
	.long	.Linfo_string33                 @ DW_AT_name
	.byte	5                               @ DW_AT_encoding
	.byte	4                               @ DW_AT_byte_size
	.byte	20                              @ Abbrev [20] 0x1d9:0x8 DW_TAG_imported_declaration
	.byte	1                               @ DW_AT_decl_file
	.short	277                             @ DW_AT_decl_line
	.long	455                             @ DW_AT_import
	.byte	11                              @ Abbrev [11] 0x1e1:0xb DW_TAG_typedef
	.long	492                             @ DW_AT_type
	.long	.Linfo_string36                 @ DW_AT_name
	.byte	1                               @ DW_AT_decl_file
	.byte	59                              @ DW_AT_decl_line
	.byte	12                              @ Abbrev [12] 0x1ec:0x7 DW_TAG_base_type
	.long	.Linfo_string35                 @ DW_AT_name
	.byte	5                               @ DW_AT_encoding
	.byte	8                               @ DW_AT_byte_size
	.byte	20                              @ Abbrev [20] 0x1f3:0x8 DW_TAG_imported_declaration
	.byte	1                               @ DW_AT_decl_file
	.short	278                             @ DW_AT_decl_line
	.long	481                             @ DW_AT_import
	.byte	20                              @ Abbrev [20] 0x1fb:0x8 DW_TAG_imported_declaration
	.byte	1                               @ DW_AT_decl_file
	.short	279                             @ DW_AT_decl_line
	.long	305                             @ DW_AT_import
	.byte	11                              @ Abbrev [11] 0x203:0xb DW_TAG_typedef
	.long	526                             @ DW_AT_type
	.long	.Linfo_string38                 @ DW_AT_name
	.byte	1                               @ DW_AT_decl_file
	.byte	63                              @ DW_AT_decl_line
	.byte	12                              @ Abbrev [12] 0x20e:0x7 DW_TAG_base_type
	.long	.Linfo_string37                 @ DW_AT_name
	.byte	7                               @ DW_AT_encoding
	.byte	2                               @ DW_AT_byte_size
	.byte	20                              @ Abbrev [20] 0x215:0x8 DW_TAG_imported_declaration
	.byte	1                               @ DW_AT_decl_file
	.short	280                             @ DW_AT_decl_line
	.long	515                             @ DW_AT_import
	.byte	11                              @ Abbrev [11] 0x21d:0xb DW_TAG_typedef
	.long	552                             @ DW_AT_type
	.long	.Linfo_string40                 @ DW_AT_name
	.byte	1                               @ DW_AT_decl_file
	.byte	64                              @ DW_AT_decl_line
	.byte	12                              @ Abbrev [12] 0x228:0x7 DW_TAG_base_type
	.long	.Linfo_string39                 @ DW_AT_name
	.byte	7                               @ DW_AT_encoding
	.byte	4                               @ DW_AT_byte_size
	.byte	20                              @ Abbrev [20] 0x22f:0x8 DW_TAG_imported_declaration
	.byte	1                               @ DW_AT_decl_file
	.short	281                             @ DW_AT_decl_line
	.long	541                             @ DW_AT_import
	.byte	11                              @ Abbrev [11] 0x237:0xb DW_TAG_typedef
	.long	578                             @ DW_AT_type
	.long	.Linfo_string42                 @ DW_AT_name
	.byte	1                               @ DW_AT_decl_file
	.byte	65                              @ DW_AT_decl_line
	.byte	12                              @ Abbrev [12] 0x242:0x7 DW_TAG_base_type
	.long	.Linfo_string41                 @ DW_AT_name
	.byte	7                               @ DW_AT_encoding
	.byte	8                               @ DW_AT_byte_size
	.byte	20                              @ Abbrev [20] 0x249:0x8 DW_TAG_imported_declaration
	.byte	1                               @ DW_AT_decl_file
	.short	282                             @ DW_AT_decl_line
	.long	567                             @ DW_AT_import
	.byte	11                              @ Abbrev [11] 0x251:0xb DW_TAG_typedef
	.long	293                             @ DW_AT_type
	.long	.Linfo_string43                 @ DW_AT_name
	.byte	1                               @ DW_AT_decl_file
	.byte	71                              @ DW_AT_decl_line
	.byte	20                              @ Abbrev [20] 0x25c:0x8 DW_TAG_imported_declaration
	.byte	1                               @ DW_AT_decl_file
	.short	283                             @ DW_AT_decl_line
	.long	593                             @ DW_AT_import
	.byte	11                              @ Abbrev [11] 0x264:0xb DW_TAG_typedef
	.long	440                             @ DW_AT_type
	.long	.Linfo_string44                 @ DW_AT_name
	.byte	1                               @ DW_AT_decl_file
	.byte	72                              @ DW_AT_decl_line
	.byte	20                              @ Abbrev [20] 0x26f:0x8 DW_TAG_imported_declaration
	.byte	1                               @ DW_AT_decl_file
	.short	284                             @ DW_AT_decl_line
	.long	612                             @ DW_AT_import
	.byte	11                              @ Abbrev [11] 0x277:0xb DW_TAG_typedef
	.long	466                             @ DW_AT_type
	.long	.Linfo_string45                 @ DW_AT_name
	.byte	1                               @ DW_AT_decl_file
	.byte	73                              @ DW_AT_decl_line
	.byte	20                              @ Abbrev [20] 0x282:0x8 DW_TAG_imported_declaration
	.byte	1                               @ DW_AT_decl_file
	.short	285                             @ DW_AT_decl_line
	.long	631                             @ DW_AT_import
	.byte	11                              @ Abbrev [11] 0x28a:0xb DW_TAG_typedef
	.long	492                             @ DW_AT_type
	.long	.Linfo_string46                 @ DW_AT_name
	.byte	1                               @ DW_AT_decl_file
	.byte	74                              @ DW_AT_decl_line
	.byte	20                              @ Abbrev [20] 0x295:0x8 DW_TAG_imported_declaration
	.byte	1                               @ DW_AT_decl_file
	.short	286                             @ DW_AT_decl_line
	.long	650                             @ DW_AT_import
	.byte	11                              @ Abbrev [11] 0x29d:0xb DW_TAG_typedef
	.long	316                             @ DW_AT_type
	.long	.Linfo_string47                 @ DW_AT_name
	.byte	1                               @ DW_AT_decl_file
	.byte	77                              @ DW_AT_decl_line
	.byte	20                              @ Abbrev [20] 0x2a8:0x8 DW_TAG_imported_declaration
	.byte	1                               @ DW_AT_decl_file
	.short	287                             @ DW_AT_decl_line
	.long	669                             @ DW_AT_import
	.byte	11                              @ Abbrev [11] 0x2b0:0xb DW_TAG_typedef
	.long	526                             @ DW_AT_type
	.long	.Linfo_string48                 @ DW_AT_name
	.byte	1                               @ DW_AT_decl_file
	.byte	78                              @ DW_AT_decl_line
	.byte	20                              @ Abbrev [20] 0x2bb:0x8 DW_TAG_imported_declaration
	.byte	1                               @ DW_AT_decl_file
	.short	288                             @ DW_AT_decl_line
	.long	688                             @ DW_AT_import
	.byte	11                              @ Abbrev [11] 0x2c3:0xb DW_TAG_typedef
	.long	552                             @ DW_AT_type
	.long	.Linfo_string49                 @ DW_AT_name
	.byte	1                               @ DW_AT_decl_file
	.byte	79                              @ DW_AT_decl_line
	.byte	20                              @ Abbrev [20] 0x2ce:0x8 DW_TAG_imported_declaration
	.byte	1                               @ DW_AT_decl_file
	.short	289                             @ DW_AT_decl_line
	.long	707                             @ DW_AT_import
	.byte	11                              @ Abbrev [11] 0x2d6:0xb DW_TAG_typedef
	.long	578                             @ DW_AT_type
	.long	.Linfo_string50                 @ DW_AT_name
	.byte	1                               @ DW_AT_decl_file
	.byte	80                              @ DW_AT_decl_line
	.byte	20                              @ Abbrev [20] 0x2e1:0x8 DW_TAG_imported_declaration
	.byte	1                               @ DW_AT_decl_file
	.short	290                             @ DW_AT_decl_line
	.long	726                             @ DW_AT_import
	.byte	11                              @ Abbrev [11] 0x2e9:0xb DW_TAG_typedef
	.long	466                             @ DW_AT_type
	.long	.Linfo_string51                 @ DW_AT_name
	.byte	1                               @ DW_AT_decl_file
	.byte	85                              @ DW_AT_decl_line
	.byte	20                              @ Abbrev [20] 0x2f4:0x8 DW_TAG_imported_declaration
	.byte	1                               @ DW_AT_decl_file
	.short	291                             @ DW_AT_decl_line
	.long	745                             @ DW_AT_import
	.byte	11                              @ Abbrev [11] 0x2fc:0xb DW_TAG_typedef
	.long	466                             @ DW_AT_type
	.long	.Linfo_string52                 @ DW_AT_name
	.byte	1                               @ DW_AT_decl_file
	.byte	86                              @ DW_AT_decl_line
	.byte	20                              @ Abbrev [20] 0x307:0x8 DW_TAG_imported_declaration
	.byte	1                               @ DW_AT_decl_file
	.short	292                             @ DW_AT_decl_line
	.long	764                             @ DW_AT_import
	.byte	11                              @ Abbrev [11] 0x30f:0xb DW_TAG_typedef
	.long	466                             @ DW_AT_type
	.long	.Linfo_string53                 @ DW_AT_name
	.byte	1                               @ DW_AT_decl_file
	.byte	87                              @ DW_AT_decl_line
	.byte	20                              @ Abbrev [20] 0x31a:0x8 DW_TAG_imported_declaration
	.byte	1                               @ DW_AT_decl_file
	.short	293                             @ DW_AT_decl_line
	.long	783                             @ DW_AT_import
	.byte	11                              @ Abbrev [11] 0x322:0xb DW_TAG_typedef
	.long	492                             @ DW_AT_type
	.long	.Linfo_string54                 @ DW_AT_name
	.byte	1                               @ DW_AT_decl_file
	.byte	88                              @ DW_AT_decl_line
	.byte	20                              @ Abbrev [20] 0x32d:0x8 DW_TAG_imported_declaration
	.byte	1                               @ DW_AT_decl_file
	.short	294                             @ DW_AT_decl_line
	.long	802                             @ DW_AT_import
	.byte	11                              @ Abbrev [11] 0x335:0xb DW_TAG_typedef
	.long	552                             @ DW_AT_type
	.long	.Linfo_string55                 @ DW_AT_name
	.byte	1                               @ DW_AT_decl_file
	.byte	91                              @ DW_AT_decl_line
	.byte	20                              @ Abbrev [20] 0x340:0x8 DW_TAG_imported_declaration
	.byte	1                               @ DW_AT_decl_file
	.short	295                             @ DW_AT_decl_line
	.long	821                             @ DW_AT_import
	.byte	11                              @ Abbrev [11] 0x348:0xb DW_TAG_typedef
	.long	552                             @ DW_AT_type
	.long	.Linfo_string56                 @ DW_AT_name
	.byte	1                               @ DW_AT_decl_file
	.byte	92                              @ DW_AT_decl_line
	.byte	20                              @ Abbrev [20] 0x353:0x8 DW_TAG_imported_declaration
	.byte	1                               @ DW_AT_decl_file
	.short	296                             @ DW_AT_decl_line
	.long	840                             @ DW_AT_import
	.byte	11                              @ Abbrev [11] 0x35b:0xb DW_TAG_typedef
	.long	552                             @ DW_AT_type
	.long	.Linfo_string57                 @ DW_AT_name
	.byte	1                               @ DW_AT_decl_file
	.byte	93                              @ DW_AT_decl_line
	.byte	20                              @ Abbrev [20] 0x366:0x8 DW_TAG_imported_declaration
	.byte	1                               @ DW_AT_decl_file
	.short	297                             @ DW_AT_decl_line
	.long	859                             @ DW_AT_import
	.byte	11                              @ Abbrev [11] 0x36e:0xb DW_TAG_typedef
	.long	578                             @ DW_AT_type
	.long	.Linfo_string58                 @ DW_AT_name
	.byte	1                               @ DW_AT_decl_file
	.byte	94                              @ DW_AT_decl_line
	.byte	20                              @ Abbrev [20] 0x379:0x8 DW_TAG_imported_declaration
	.byte	1                               @ DW_AT_decl_file
	.short	298                             @ DW_AT_decl_line
	.long	878                             @ DW_AT_import
	.byte	11                              @ Abbrev [11] 0x381:0xb DW_TAG_typedef
	.long	466                             @ DW_AT_type
	.long	.Linfo_string59                 @ DW_AT_name
	.byte	1                               @ DW_AT_decl_file
	.byte	101                             @ DW_AT_decl_line
	.byte	20                              @ Abbrev [20] 0x38c:0x8 DW_TAG_imported_declaration
	.byte	1                               @ DW_AT_decl_file
	.short	299                             @ DW_AT_decl_line
	.long	897                             @ DW_AT_import
	.byte	11                              @ Abbrev [11] 0x394:0xb DW_TAG_typedef
	.long	552                             @ DW_AT_type
	.long	.Linfo_string60                 @ DW_AT_name
	.byte	1                               @ DW_AT_decl_file
	.byte	102                             @ DW_AT_decl_line
	.byte	20                              @ Abbrev [20] 0x39f:0x8 DW_TAG_imported_declaration
	.byte	1                               @ DW_AT_decl_file
	.short	300                             @ DW_AT_decl_line
	.long	916                             @ DW_AT_import
	.byte	11                              @ Abbrev [11] 0x3a7:0xb DW_TAG_typedef
	.long	492                             @ DW_AT_type
	.long	.Linfo_string61                 @ DW_AT_name
	.byte	1                               @ DW_AT_decl_file
	.byte	106                             @ DW_AT_decl_line
	.byte	20                              @ Abbrev [20] 0x3b2:0x8 DW_TAG_imported_declaration
	.byte	1                               @ DW_AT_decl_file
	.short	301                             @ DW_AT_decl_line
	.long	935                             @ DW_AT_import
	.byte	11                              @ Abbrev [11] 0x3ba:0xb DW_TAG_typedef
	.long	578                             @ DW_AT_type
	.long	.Linfo_string62                 @ DW_AT_name
	.byte	1                               @ DW_AT_decl_file
	.byte	107                             @ DW_AT_decl_line
	.byte	20                              @ Abbrev [20] 0x3c5:0x8 DW_TAG_imported_declaration
	.byte	1                               @ DW_AT_decl_file
	.short	302                             @ DW_AT_decl_line
	.long	954                             @ DW_AT_import
	.byte	14                              @ Abbrev [14] 0x3cd:0x21 DW_TAG_subprogram
	.long	.Lfunc_begin0                   @ DW_AT_low_pc
	.long	.Lfunc_end0-.Lfunc_begin0       @ DW_AT_high_pc
	.byte	1                               @ DW_AT_frame_base
	.byte	93
                                        @ DW_AT_GNU_all_call_sites
	.byte	3                               @ DW_AT_decl_file
	.byte	39                              @ DW_AT_decl_line
	.long	151                             @ DW_AT_specification
	.byte	16                              @ Abbrev [16] 0x3de:0xf DW_TAG_formal_parameter
	.long	.Ldebug_loc0                    @ DW_AT_location
	.long	.Linfo_string63                 @ DW_AT_name
	.byte	3                               @ DW_AT_decl_file
	.byte	39                              @ DW_AT_decl_line
	.long	282                             @ DW_AT_type
	.byte	0                               @ End Of Children Mark
	.byte	14                              @ Abbrev [14] 0x3ee:0x21 DW_TAG_subprogram
	.long	.Lfunc_begin2                   @ DW_AT_low_pc
	.long	.Lfunc_end2-.Lfunc_begin2       @ DW_AT_high_pc
	.byte	1                               @ DW_AT_frame_base
	.byte	93
                                        @ DW_AT_GNU_all_call_sites
	.byte	3                               @ DW_AT_decl_file
	.byte	53                              @ DW_AT_decl_line
	.long	195                             @ DW_AT_specification
	.byte	16                              @ Abbrev [16] 0x3ff:0xf DW_TAG_formal_parameter
	.long	.Ldebug_loc2                    @ DW_AT_location
	.long	.Linfo_string63                 @ DW_AT_name
	.byte	3                               @ DW_AT_decl_file
	.byte	53                              @ DW_AT_decl_line
	.long	282                             @ DW_AT_type
	.byte	0                               @ End Of Children Mark
	.byte	14                              @ Abbrev [14] 0x40f:0x21 DW_TAG_subprogram
	.long	.Lfunc_begin3                   @ DW_AT_low_pc
	.long	.Lfunc_end3-.Lfunc_begin3       @ DW_AT_high_pc
	.byte	1                               @ DW_AT_frame_base
	.byte	93
                                        @ DW_AT_GNU_all_call_sites
	.byte	3                               @ DW_AT_decl_file
	.byte	55                              @ DW_AT_decl_line
	.long	239                             @ DW_AT_specification
	.byte	16                              @ Abbrev [16] 0x420:0xf DW_TAG_formal_parameter
	.long	.Ldebug_loc3                    @ DW_AT_location
	.long	.Linfo_string63                 @ DW_AT_name
	.byte	3                               @ DW_AT_decl_file
	.byte	55                              @ DW_AT_decl_line
	.long	282                             @ DW_AT_type
	.byte	0                               @ End Of Children Mark
	.byte	0                               @ End Of Children Mark
.Ldebug_info_end0:
	.section	.debug_ranges,"",%progbits
.Ldebug_ranges0:
	.long	.Lfunc_begin0
	.long	.Lfunc_end0
	.long	.Lfunc_begin1
	.long	.Lfunc_end1
	.long	.Lfunc_begin2
	.long	.Lfunc_end2
	.long	.Lfunc_begin3
	.long	.Lfunc_end3
	.long	0
	.long	0
	.section	.debug_str,"MS",%progbits,1
.Linfo_string0:
	.asciz	"Component: ARM Compiler 6.16 Tool: armclang [5dfeb700]" @ string offset=0
.Linfo_string1:
	.asciz	"../../../components/network/thread/subg_openthread/src/core/common\\preference.cpp" @ string offset=55
.Linfo_string2:
	.asciz	"D:\\20240115\\rafael-iot-sdk-das\\examples\\das_subg_thread\\keil" @ string offset=137
.Linfo_string3:
	.asciz	"ot"                            @ string offset=198
.Linfo_string4:
	.asciz	"kHigh"                         @ string offset=201
.Linfo_string5:
	.asciz	"signed char"                   @ string offset=207
.Linfo_string6:
	.asciz	"int8_t"                        @ string offset=219
.Linfo_string7:
	.asciz	"kMedium"                       @ string offset=226
.Linfo_string8:
	.asciz	"kLow"                          @ string offset=234
.Linfo_string9:
	.asciz	"k2BitMask"                     @ string offset=239
.Linfo_string10:
	.asciz	"unsigned char"                 @ string offset=249
.Linfo_string11:
	.asciz	"uint8_t"                       @ string offset=263
.Linfo_string12:
	.asciz	"k2BitHigh"                     @ string offset=271
.Linfo_string13:
	.asciz	"k2BitMedium"                   @ string offset=281
.Linfo_string14:
	.asciz	"k2BitLow"                      @ string offset=293
.Linfo_string15:
	.asciz	"k2BitReserved"                 @ string offset=302
.Linfo_string16:
	.asciz	"_ZN2ot10Preference10To2BitUintEa" @ string offset=316
.Linfo_string17:
	.asciz	"To2BitUint"                    @ string offset=349
.Linfo_string18:
	.asciz	"_ZN2ot10Preference12From2BitUintEh" @ string offset=360
.Linfo_string19:
	.asciz	"From2BitUint"                  @ string offset=395
.Linfo_string20:
	.asciz	"_ZN2ot10Preference7IsValidEa"  @ string offset=408
.Linfo_string21:
	.asciz	"IsValid"                       @ string offset=437
.Linfo_string22:
	.asciz	"bool"                          @ string offset=445
.Linfo_string23:
	.asciz	"_ZN2ot10Preference15Is2BitUintValidEh" @ string offset=450
.Linfo_string24:
	.asciz	"Is2BitUintValid"               @ string offset=488
.Linfo_string25:
	.asciz	"_ZN2ot10Preference8ToStringEa" @ string offset=504
.Linfo_string26:
	.asciz	"ToString"                      @ string offset=534
.Linfo_string27:
	.asciz	"char"                          @ string offset=543
.Linfo_string28:
	.asciz	"Preference"                    @ string offset=548
.Linfo_string29:
	.asciz	"kPreferences"                  @ string offset=559
.Linfo_string30:
	.asciz	"__ARRAY_SIZE_TYPE__"           @ string offset=572
.Linfo_string31:
	.asciz	"short"                         @ string offset=592
.Linfo_string32:
	.asciz	"int16_t"                       @ string offset=598
.Linfo_string33:
	.asciz	"int"                           @ string offset=606
.Linfo_string34:
	.asciz	"int32_t"                       @ string offset=610
.Linfo_string35:
	.asciz	"long long int"                 @ string offset=618
.Linfo_string36:
	.asciz	"int64_t"                       @ string offset=632
.Linfo_string37:
	.asciz	"unsigned short"                @ string offset=640
.Linfo_string38:
	.asciz	"uint16_t"                      @ string offset=655
.Linfo_string39:
	.asciz	"unsigned int"                  @ string offset=664
.Linfo_string40:
	.asciz	"uint32_t"                      @ string offset=677
.Linfo_string41:
	.asciz	"long long unsigned int"        @ string offset=686
.Linfo_string42:
	.asciz	"uint64_t"                      @ string offset=709
.Linfo_string43:
	.asciz	"int_least8_t"                  @ string offset=718
.Linfo_string44:
	.asciz	"int_least16_t"                 @ string offset=731
.Linfo_string45:
	.asciz	"int_least32_t"                 @ string offset=745
.Linfo_string46:
	.asciz	"int_least64_t"                 @ string offset=759
.Linfo_string47:
	.asciz	"uint_least8_t"                 @ string offset=773
.Linfo_string48:
	.asciz	"uint_least16_t"                @ string offset=787
.Linfo_string49:
	.asciz	"uint_least32_t"                @ string offset=802
.Linfo_string50:
	.asciz	"uint_least64_t"                @ string offset=817
.Linfo_string51:
	.asciz	"int_fast8_t"                   @ string offset=832
.Linfo_string52:
	.asciz	"int_fast16_t"                  @ string offset=844
.Linfo_string53:
	.asciz	"int_fast32_t"                  @ string offset=857
.Linfo_string54:
	.asciz	"int_fast64_t"                  @ string offset=870
.Linfo_string55:
	.asciz	"uint_fast8_t"                  @ string offset=883
.Linfo_string56:
	.asciz	"uint_fast16_t"                 @ string offset=896
.Linfo_string57:
	.asciz	"uint_fast32_t"                 @ string offset=910
.Linfo_string58:
	.asciz	"uint_fast64_t"                 @ string offset=924
.Linfo_string59:
	.asciz	"intptr_t"                      @ string offset=938
.Linfo_string60:
	.asciz	"uintptr_t"                     @ string offset=947
.Linfo_string61:
	.asciz	"intmax_t"                      @ string offset=957
.Linfo_string62:
	.asciz	"uintmax_t"                     @ string offset=966
.Linfo_string63:
	.asciz	"aPrf"                          @ string offset=976
.Linfo_string64:
	.asciz	"a2BitUint"                     @ string offset=981
	.ident	"Component: ARM Compiler 6.16 Tool: armclang [5dfeb700]"
	.section	".note.GNU-stack","",%progbits
	.eabi_attribute	30, 3	@ Tag_ABI_optimization_goals
	.ARM_attribute	16, 1	@ Tag_AV_eba
	.section	.debug_line,"",%progbits
.Lline_table_start0:
