	.text
	.syntax unified
	.eabi_attribute	67, "2.09"	@ Tag_conformance
	.cpu	cortex-m3
	.eabi_attribute	6, 10	@ Tag_CPU_arch
	.eabi_attribute	7, 77	@ Tag_CPU_arch_profile
	.eabi_attribute	8, 0	@ Tag_ARM_ISA_use
	.eabi_attribute	9, 2	@ Tag_THUMB_ISA_use
	.eabi_attribute	34, 1	@ Tag_CPU_unaligned_access
	.eabi_attribute	17, 1	@ Tag_ABI_PCS_GOT_use
	.eabi_attribute	20, 2	@ Tag_ABI_FP_denormal
	.eabi_attribute	21, 0	@ Tag_ABI_FP_exceptions
	.eabi_attribute	23, 1	@ Tag_ABI_FP_number_model
	.eabi_attribute	24, 1	@ Tag_ABI_align_needed
	.eabi_attribute	25, 1	@ Tag_ABI_align_preserved
	.eabi_attribute	38, 1	@ Tag_ABI_FP_16bit_format
	.eabi_attribute	18, 4	@ Tag_ABI_PCS_wchar_t
	.eabi_attribute	26, 2	@ Tag_ABI_enum_size
	.eabi_attribute	14, 0	@ Tag_ABI_PCS_R9_use
	.file	"rt_hmac_drbg.c"
	.file	1 "C:\\Keil_v5\\ARM\\ARMCLANG\\Bin\\..\\include" "stdint.h"
	.file	2 "D:\\Rafael-IoT-SDK-Internal-main\\examples\\das_subg_thread\\keil" "../../../components/platform/soc/rt582/rt582_crypto/Inc/rt_sha256.h"
	.section	.text.hmac_drbg_update,"ax",%progbits
	.hidden	hmac_drbg_update                @ -- Begin function hmac_drbg_update
	.globl	hmac_drbg_update
	.p2align	1
	.type	hmac_drbg_update,%function
	.code	16                              @ @hmac_drbg_update
	.thumb_func
hmac_drbg_update:
.Lfunc_begin0:
	.file	3 "D:\\Rafael-IoT-SDK-Internal-main\\examples\\das_subg_thread\\keil" "../../../components/platform/soc/rt582/rt582_crypto/rt_hmac_drbg.c"
	.loc	3 80 0                          @ ../../../components/platform/soc/rt582/rt582_crypto/rt_hmac_drbg.c:80:0
	.fnstart
	.cfi_sections .debug_frame
	.cfi_startproc
@ %bb.0:
	@DEBUG_VALUE: hmac_drbg_update:state <- $r0
	@DEBUG_VALUE: hmac_drbg_update:data <- $r1
	@DEBUG_VALUE: hmac_drbg_update:data_length <- $r2
	.save	{r4, r5, r6, lr}
	push	{r4, r5, r6, lr}
	.cfi_def_cfa_offset 16
	.cfi_offset lr, -4
	.cfi_offset r6, -8
	.cfi_offset r5, -12
	.cfi_offset r4, -16
.Ltmp0:
	.loc	3 83 5 prologue_end             @ ../../../components/platform/soc/rt582/rt582_crypto/rt_hmac_drbg.c:83:5
	movs	r3, #0
	mov	r4, r2
	mov	r5, r1
	mov	r6, r0
.Ltmp1:
	@DEBUG_VALUE: hmac_drbg_update:data_length <- $r4
	@DEBUG_VALUE: hmac_drbg_update:data <- $r5
	@DEBUG_VALUE: hmac_drbg_update:state <- $r6
	bl	hmac_drbg_update_index
.Ltmp2:
	.loc	3 85 9                          @ ../../../components/platform/soc/rt582/rt582_crypto/rt_hmac_drbg.c:85:9
	cbz	r5, .LBB0_2
.Ltmp3:
@ %bb.1:
	@DEBUG_VALUE: hmac_drbg_update:state <- $r6
	@DEBUG_VALUE: hmac_drbg_update:data <- $r5
	@DEBUG_VALUE: hmac_drbg_update:data_length <- $r4
	.loc	3 87 9                          @ ../../../components/platform/soc/rt582/rt582_crypto/rt_hmac_drbg.c:87:9
	mov	r0, r6
	mov	r1, r5
	mov	r2, r4
	movs	r3, #1
	pop.w	{r4, r5, r6, lr}
.Ltmp4:
	b	hmac_drbg_update_index
.Ltmp5:
.LBB0_2:
	@DEBUG_VALUE: hmac_drbg_update:state <- $r6
	@DEBUG_VALUE: hmac_drbg_update:data <- $r5
	@DEBUG_VALUE: hmac_drbg_update:data_length <- $r4
	.loc	3 90 5                          @ ../../../components/platform/soc/rt582/rt582_crypto/rt_hmac_drbg.c:90:5
	pop	{r4, r5, r6, pc}
.Ltmp6:
.Lfunc_end0:
	.size	hmac_drbg_update, .Lfunc_end0-hmac_drbg_update
	.cfi_endproc
	.cantunwind
	.fnend
                                        @ -- End function
	.section	.text.hmac_drbg_update_index,"ax",%progbits
	.p2align	1                               @ -- Begin function hmac_drbg_update_index
	.type	hmac_drbg_update_index,%function
	.code	16                              @ @hmac_drbg_update_index
	.thumb_func
hmac_drbg_update_index:
.Lfunc_begin1:
	.loc	3 18 0                          @ ../../../components/platform/soc/rt582/rt582_crypto/rt_hmac_drbg.c:18:0
	.fnstart
	.cfi_startproc
@ %bb.0:
	@DEBUG_VALUE: hmac_drbg_update_index:state <- $r0
	@DEBUG_VALUE: hmac_drbg_update_index:data <- $r1
	@DEBUG_VALUE: hmac_drbg_update_index:data_length <- $r2
	@DEBUG_VALUE: hmac_drbg_update_index:index <- $r3
	.save	{r4, r5, r6, r7, r8, r9, lr}
	push.w	{r4, r5, r6, r7, r8, r9, lr}
	.cfi_def_cfa_offset 28
	.cfi_offset lr, -4
	.cfi_offset r9, -8
	.cfi_offset r8, -12
	.cfi_offset r7, -16
	.cfi_offset r6, -20
	.cfi_offset r5, -24
	.cfi_offset r4, -28
	.pad	#244
	sub	sp, #244
	.cfi_def_cfa_offset 272
	mov	r4, r0
.Ltmp7:
	@DEBUG_VALUE: hmac_drbg_update_index:state <- $r4
	@DEBUG_VALUE: hmac_drbg_update_index:index <- $r3
	@DEBUG_VALUE: hmac_drbg_update_index:data_length <- $r8
	@DEBUG_VALUE: hmac_drbg_update_index:data <- $r9
	@DEBUG_VALUE: hmac_drbg_update_index:state <- $r4
	add	r6, sp, #8
	mov	r8, r2
.Ltmp8:
	mov	r9, r1
.Ltmp9:
	.loc	3 32 5 prologue_end             @ ../../../components/platform/soc/rt582/rt582_crypto/rt_hmac_drbg.c:32:5
	mov	r0, r6
	mov	r1, r4
	movs	r2, #32
	.loc	3 30 19                         @ ../../../components/platform/soc/rt582/rt582_crypto/rt_hmac_drbg.c:30:19
	strb.w	r3, [sp, #240]
	.loc	3 32 5                          @ ../../../components/platform/soc/rt582/rt582_crypto/rt_hmac_drbg.c:32:5
	bl	hmac_sha256_init_ex
.Ltmp10:
	@DEBUG_VALUE: hmac_drbg_update_index:index <- [DW_OP_LLVM_entry_value 1] $r3
	.loc	3 33 5                          @ ../../../components/platform/soc/rt582/rt582_crypto/rt_hmac_drbg.c:33:5
	movw	r7, :lower16:sha256_update
	movt	r7, :upper16:sha256_update
	ldr	r3, [r7]
	.loc	3 33 49 is_stmt 0               @ ../../../components/platform/soc/rt582/rt582_crypto/rt_hmac_drbg.c:33:49
	add.w	r5, r4, #32
	.loc	3 33 5                          @ ../../../components/platform/soc/rt582/rt582_crypto/rt_hmac_drbg.c:33:5
	mov	r0, r6
	mov	r1, r5
	movs	r2, #32
	blx	r3
.Ltmp11:
	.loc	3 34 5 is_stmt 1                @ ../../../components/platform/soc/rt582/rt582_crypto/rt_hmac_drbg.c:34:5
	ldr	r3, [r7]
	add	r1, sp, #240
	mov	r0, r6
	movs	r2, #1
	blx	r3
.Ltmp12:
	.loc	3 35 5                          @ ../../../components/platform/soc/rt582/rt582_crypto/rt_hmac_drbg.c:35:5
	ldr	r3, [r7]
	mov	r0, r6
	mov	r1, r9
.Ltmp13:
	@DEBUG_VALUE: hmac_drbg_update_index:data <- $r1
	mov	r2, r8
.Ltmp14:
	@DEBUG_VALUE: hmac_drbg_update_index:data_length <- $r2
	blx	r3
.Ltmp15:
	.loc	3 37 5                          @ ../../../components/platform/soc/rt582/rt582_crypto/rt_hmac_drbg.c:37:5
	movw	r9, :lower16:sha256_finish
	movt	r9, :upper16:sha256_finish
	ldr.w	r2, [r9]
	add.w	r8, sp, #176
	mov	r0, r6
	mov	r1, r8
	blx	r2
.Ltmp16:
	.loc	3 39 5                          @ ../../../components/platform/soc/rt582/rt582_crypto/rt_hmac_drbg.c:39:5
	movw	r0, :lower16:sha256_init
	movt	r0, :upper16:sha256_init
	ldr	r1, [r0]
	mov	r0, r6
	blx	r1
.Ltmp17:
	.loc	3 40 5                          @ ../../../components/platform/soc/rt582/rt582_crypto/rt_hmac_drbg.c:40:5
	ldr	r3, [r7]
	.loc	3 40 51 is_stmt 0               @ ../../../components/platform/soc/rt582/rt582_crypto/rt_hmac_drbg.c:40:51
	add.w	r1, r6, #104
	.loc	3 40 5                          @ ../../../components/platform/soc/rt582/rt582_crypto/rt_hmac_drbg.c:40:5
	mov	r0, r6
	movs	r2, #64
	blx	r3
.Ltmp18:
	.loc	3 41 5 is_stmt 1                @ ../../../components/platform/soc/rt582/rt582_crypto/rt_hmac_drbg.c:41:5
	ldr	r3, [r7]
	mov	r0, r6
	mov	r1, r8
	movs	r2, #32
	blx	r3
.Ltmp19:
	.loc	3 42 5                          @ ../../../components/platform/soc/rt582/rt582_crypto/rt_hmac_drbg.c:42:5
	ldr.w	r2, [r9]
	mov	r0, r6
	mov	r1, r4
	blx	r2
.Ltmp20:
	.loc	3 60 5                          @ ../../../components/platform/soc/rt582/rt582_crypto/rt_hmac_drbg.c:60:5
	mov	r0, r4
	movs	r1, #32
	mov	r2, r5
	movs	r3, #32
	str	r5, [sp]
	bl	hmac_sha256
.Ltmp21:
	.loc	3 76 1                          @ ../../../components/platform/soc/rt582/rt582_crypto/rt_hmac_drbg.c:76:1
	add	sp, #244
	pop.w	{r4, r5, r6, r7, r8, r9, pc}
.Ltmp22:
.Lfunc_end1:
	.size	hmac_drbg_update_index, .Lfunc_end1-hmac_drbg_update_index
	.cfi_endproc
	.cantunwind
	.fnend
                                        @ -- End function
	.section	.text.hmac_drbg_generate,"ax",%progbits
	.hidden	hmac_drbg_generate              @ -- Begin function hmac_drbg_generate
	.globl	hmac_drbg_generate
	.p2align	1
	.type	hmac_drbg_generate,%function
	.code	16                              @ @hmac_drbg_generate
	.thumb_func
hmac_drbg_generate:
.Lfunc_begin2:
	.loc	3 97 0                          @ ../../../components/platform/soc/rt582/rt582_crypto/rt_hmac_drbg.c:97:0
	.fnstart
	.cfi_startproc
@ %bb.0:
	@DEBUG_VALUE: hmac_drbg_generate:out_result <- $r0
	@DEBUG_VALUE: hmac_drbg_generate:state <- $r1
	@DEBUG_VALUE: hmac_drbg_generate:request_bytes <- $r2
	@DEBUG_VALUE: hmac_drbg_generate:data <- $r3
	.save	{r4, r5, r6, r7, r8, r9, r10, r11, lr}
	push.w	{r4, r5, r6, r7, r8, r9, r10, r11, lr}
	.cfi_def_cfa_offset 36
	.cfi_offset lr, -4
	.cfi_offset r11, -8
	.cfi_offset r10, -12
	.cfi_offset r9, -16
	.cfi_offset r8, -20
	.cfi_offset r7, -24
	.cfi_offset r6, -28
	.cfi_offset r5, -32
	.cfi_offset r4, -36
	.pad	#12
	sub	sp, #12
	.cfi_def_cfa_offset 48
	ldr	r4, [sp, #48]
.Ltmp23:
	@DEBUG_VALUE: hmac_drbg_generate:data_length <- [DW_OP_plus_uconst 48] [$sp+0]
	@DEBUG_VALUE: hmac_drbg_generate:data <- $r9
	@DEBUG_VALUE: hmac_drbg_generate:request_bytes <- $r11
	@DEBUG_VALUE: hmac_drbg_generate:state <- $r5
	mov	r9, r3
.Ltmp24:
	mov	r11, r2
.Ltmp25:
	mov	r5, r1
.Ltmp26:
	mov	r10, r0
.Ltmp27:
	@DEBUG_VALUE: hmac_drbg_generate:out_result <- $r10
	@DEBUG_VALUE: hmac_drbg_generate:out_result <- $r10
	.loc	3 103 9 prologue_end            @ ../../../components/platform/soc/rt582/rt582_crypto/rt_hmac_drbg.c:103:9
	cbz	r3, .LBB2_2
.Ltmp28:
@ %bb.1:
	@DEBUG_VALUE: hmac_drbg_generate:out_result <- $r10
	@DEBUG_VALUE: hmac_drbg_generate:data_length <- [DW_OP_plus_uconst 48] [$sp+0]
	@DEBUG_VALUE: hmac_drbg_update:state <- $r5
	@DEBUG_VALUE: hmac_drbg_update:data <- $r9
	@DEBUG_VALUE: hmac_drbg_update:data_length <- $r4
	.loc	3 83 5                          @ ../../../components/platform/soc/rt582/rt582_crypto/rt_hmac_drbg.c:83:5
	mov	r0, r5
	mov	r1, r9
	mov	r2, r4
	movs	r3, #0
	bl	hmac_drbg_update_index
.Ltmp29:
	.loc	3 87 9                          @ ../../../components/platform/soc/rt582/rt582_crypto/rt_hmac_drbg.c:87:9
	mov	r0, r5
	mov	r1, r9
	mov	r2, r4
	movs	r3, #1
	bl	hmac_drbg_update_index
.Ltmp30:
.LBB2_2:
	@DEBUG_VALUE: hmac_drbg_generate:out_result <- $r10
	@DEBUG_VALUE: hmac_drbg_generate:data_length <- [DW_OP_plus_uconst 48] [$sp+0]
	@DEBUG_VALUE: hmac_drbg_generate:count_length <- 0
	@DEBUG_VALUE: hmac_drbg_generate:copy_ptr <- $r10
	.loc	3 111 5                         @ ../../../components/platform/soc/rt582/rt582_crypto/rt_hmac_drbg.c:111:5
	cmp.w	r11, #0
	str	r4, [sp, #8]                    @ 4-byte Spill
	beq	.LBB2_7
.Ltmp31:
@ %bb.3:
	@DEBUG_VALUE: hmac_drbg_generate:copy_ptr <- $r10
	@DEBUG_VALUE: hmac_drbg_generate:out_result <- $r10
	@DEBUG_VALUE: hmac_drbg_generate:data_length <- [DW_OP_plus_uconst 48] [$sp+0]
	@DEBUG_VALUE: hmac_drbg_generate:count_length <- 0
	.loc	3 0 5 is_stmt 0                 @ ../../../components/platform/soc/rt582/rt582_crypto/rt_hmac_drbg.c:0:5
	add.w	r4, r5, #32
	mov.w	r8, #0
	mov	r7, r11
.Ltmp32:
	.p2align	2
.LBB2_4:                                @ =>This Inner Loop Header: Depth=1
	@DEBUG_VALUE: hmac_drbg_generate:out_result <- $r10
	@DEBUG_VALUE: hmac_drbg_generate:data_length <- [DW_OP_plus_uconst 48] [$sp+0]
	@DEBUG_VALUE: hmac_drbg_generate:count_length <- $r8
	@DEBUG_VALUE: hmac_drbg_generate:copy_ptr <- undef
	.loc	3 114 9 is_stmt 1               @ ../../../components/platform/soc/rt582/rt582_crypto/rt_hmac_drbg.c:114:9
	mov	r0, r5
	movs	r1, #32
	mov	r2, r4
	movs	r3, #32
	add.w	r6, r10, r8
	str	r4, [sp]
	bl	hmac_sha256
.Ltmp33:
	.loc	3 125 13                        @ ../../../components/platform/soc/rt582/rt582_crypto/rt_hmac_drbg.c:125:13
	mov	r0, r6
.Ltmp34:
	.loc	3 117 13                        @ ../../../components/platform/soc/rt582/rt582_crypto/rt_hmac_drbg.c:117:13
	cmp	r7, #33
	blo	.LBB2_6
.Ltmp35:
@ %bb.5:                                @   in Loop: Header=BB2_4 Depth=1
	@DEBUG_VALUE: hmac_drbg_generate:out_result <- $r10
	@DEBUG_VALUE: hmac_drbg_generate:count_length <- $r8
	@DEBUG_VALUE: hmac_drbg_generate:data_length <- [DW_OP_plus_uconst 48] [$sp+0]
	.loc	3 119 13                        @ ../../../components/platform/soc/rt582/rt582_crypto/rt_hmac_drbg.c:119:13
	mov	r1, r4
	movs	r2, #32
	bl	__aeabi_memcpy
.Ltmp36:
	@DEBUG_VALUE: hmac_drbg_generate:copy_ptr <- [DW_OP_plus_uconst 32, DW_OP_stack_value] undef
	.loc	3 121 26                        @ ../../../components/platform/soc/rt582/rt582_crypto/rt_hmac_drbg.c:121:26
	add.w	r8, r8, #32
.Ltmp37:
	@DEBUG_VALUE: hmac_drbg_generate:count_length <- $r8
	.loc	3 111 5                         @ ../../../components/platform/soc/rt582/rt582_crypto/rt_hmac_drbg.c:111:5
	cmp	r8, r11
	.loc	3 111 25 is_stmt 0              @ ../../../components/platform/soc/rt582/rt582_crypto/rt_hmac_drbg.c:111:25
	sub.w	r7, r7, #32
	.loc	3 111 5                         @ ../../../components/platform/soc/rt582/rt582_crypto/rt_hmac_drbg.c:111:5
	blo	.LBB2_4
	b	.LBB2_7
.Ltmp38:
.LBB2_6:
	@DEBUG_VALUE: hmac_drbg_generate:out_result <- $r10
	@DEBUG_VALUE: hmac_drbg_generate:count_length <- $r8
	@DEBUG_VALUE: hmac_drbg_generate:data_length <- [DW_OP_plus_uconst 48] [$sp+0]
	.loc	3 125 13 is_stmt 1              @ ../../../components/platform/soc/rt582/rt582_crypto/rt_hmac_drbg.c:125:13
	mov	r1, r4
	mov	r2, r7
	bl	__aeabi_memcpy
.Ltmp39:
	@DEBUG_VALUE: hmac_drbg_generate:copy_ptr <- undef
.LBB2_7:
	@DEBUG_VALUE: hmac_drbg_generate:out_result <- $r10
	@DEBUG_VALUE: hmac_drbg_generate:data_length <- [DW_OP_plus_uconst 48] [$sp+0]
	.loc	3 133 5                         @ ../../../components/platform/soc/rt582/rt582_crypto/rt_hmac_drbg.c:133:5
	ldr	r2, [sp, #8]                    @ 4-byte Reload
	mov	r0, r5
	mov	r1, r9
	add	sp, #12
	pop.w	{r4, r5, r6, r7, r8, r9, r10, r11, lr}
.Ltmp40:
	@DEBUG_VALUE: hmac_drbg_generate:out_result <- [DW_OP_LLVM_entry_value 1] $r0
	b	hmac_drbg_update
.Ltmp41:
.Lfunc_end2:
	.size	hmac_drbg_generate, .Lfunc_end2-hmac_drbg_generate
	.cfi_endproc
	.file	4 "D:\\Rafael-IoT-SDK-Internal-main\\examples\\das_subg_thread\\keil" "../../../components/platform/soc/rt582/rt582_crypto/Inc/rt_hmac_drbg.h"
	.cantunwind
	.fnend
                                        @ -- End function
	.section	.text.hmac_drbg_instantiate,"ax",%progbits
	.hidden	hmac_drbg_instantiate           @ -- Begin function hmac_drbg_instantiate
	.globl	hmac_drbg_instantiate
	.p2align	1
	.type	hmac_drbg_instantiate,%function
	.code	16                              @ @hmac_drbg_instantiate
	.thumb_func
hmac_drbg_instantiate:
.Lfunc_begin3:
	.loc	3 138 0                         @ ../../../components/platform/soc/rt582/rt582_crypto/rt_hmac_drbg.c:138:0
	.fnstart
	.cfi_startproc
@ %bb.0:
	@DEBUG_VALUE: hmac_drbg_instantiate:state <- $r0
	@DEBUG_VALUE: hmac_drbg_instantiate:seed_material <- $r1
	@DEBUG_VALUE: hmac_drbg_instantiate:seed_material_length <- $r2
	.save	{r4, r5, r6, lr}
	push	{r4, r5, r6, lr}
	.cfi_def_cfa_offset 16
	.cfi_offset lr, -4
	.cfi_offset r6, -8
	.cfi_offset r5, -12
	.cfi_offset r4, -16
	mov	r5, r1
.Ltmp42:
	@DEBUG_VALUE: hmac_drbg_instantiate:seed_material <- $r5
	.loc	3 141 5 prologue_end            @ ../../../components/platform/soc/rt582/rt582_crypto/rt_hmac_drbg.c:141:5
	movs	r1, #32
	mov	r4, r2
.Ltmp43:
	@DEBUG_VALUE: hmac_drbg_instantiate:seed_material_length <- $r4
	.loc	3 0 5 is_stmt 0                 @ ../../../components/platform/soc/rt582/rt582_crypto/rt_hmac_drbg.c:0:5
	mov	r6, r0
	@DEBUG_VALUE: hmac_drbg_instantiate:seed_material_length <- $r4
	@DEBUG_VALUE: hmac_drbg_instantiate:seed_material <- $r5
.Ltmp44:
	@DEBUG_VALUE: hmac_drbg_instantiate:state <- $r6
	.loc	3 141 5                         @ ../../../components/platform/soc/rt582/rt582_crypto/rt_hmac_drbg.c:141:5
	bl	__aeabi_memclr
.Ltmp45:
	.loc	3 143 5 is_stmt 1               @ ../../../components/platform/soc/rt582/rt582_crypto/rt_hmac_drbg.c:143:5
	add.w	r0, r6, #32
	movs	r1, #32
	movs	r2, #1
	bl	__aeabi_memset
.Ltmp46:
	.loc	3 145 5                         @ ../../../components/platform/soc/rt582/rt582_crypto/rt_hmac_drbg.c:145:5
	mov	r0, r6
	mov	r1, r5
.Ltmp47:
	@DEBUG_VALUE: hmac_drbg_instantiate:seed_material <- $r1
	mov	r2, r4
.Ltmp48:
	@DEBUG_VALUE: hmac_drbg_instantiate:seed_material_length <- $r2
	bl	hmac_drbg_update
.Ltmp49:
	.loc	3 147 5                         @ ../../../components/platform/soc/rt582/rt582_crypto/rt_hmac_drbg.c:147:5
	movs	r0, #0
	pop	{r4, r5, r6, pc}
.Ltmp50:
.Lfunc_end3:
	.size	hmac_drbg_instantiate, .Lfunc_end3-hmac_drbg_instantiate
	.cfi_endproc
	.cantunwind
	.fnend
                                        @ -- End function
	.section	.debug_loc,"",%progbits
.Ldebug_loc0:
	.long	-1
	.long	.Lfunc_begin0                   @   base address
	.long	.Lfunc_begin0-.Lfunc_begin0
	.long	.Ltmp1-.Lfunc_begin0
	.short	1                               @ Loc expr size
	.byte	80                              @ DW_OP_reg0
	.long	.Ltmp1-.Lfunc_begin0
	.long	.Ltmp4-.Lfunc_begin0
	.short	1                               @ Loc expr size
	.byte	86                              @ DW_OP_reg6
	.long	.Ltmp5-.Lfunc_begin0
	.long	.Ltmp6-.Lfunc_begin0
	.short	1                               @ Loc expr size
	.byte	86                              @ DW_OP_reg6
	.long	0
	.long	0
.Ldebug_loc1:
	.long	-1
	.long	.Lfunc_begin0                   @   base address
	.long	.Lfunc_begin0-.Lfunc_begin0
	.long	.Ltmp1-.Lfunc_begin0
	.short	1                               @ Loc expr size
	.byte	81                              @ DW_OP_reg1
	.long	.Ltmp1-.Lfunc_begin0
	.long	.Ltmp4-.Lfunc_begin0
	.short	1                               @ Loc expr size
	.byte	85                              @ DW_OP_reg5
	.long	.Ltmp5-.Lfunc_begin0
	.long	.Ltmp6-.Lfunc_begin0
	.short	1                               @ Loc expr size
	.byte	85                              @ DW_OP_reg5
	.long	0
	.long	0
.Ldebug_loc2:
	.long	-1
	.long	.Lfunc_begin0                   @   base address
	.long	.Lfunc_begin0-.Lfunc_begin0
	.long	.Ltmp1-.Lfunc_begin0
	.short	1                               @ Loc expr size
	.byte	82                              @ DW_OP_reg2
	.long	.Ltmp1-.Lfunc_begin0
	.long	.Ltmp4-.Lfunc_begin0
	.short	1                               @ Loc expr size
	.byte	84                              @ DW_OP_reg4
	.long	.Ltmp5-.Lfunc_begin0
	.long	.Ltmp6-.Lfunc_begin0
	.short	1                               @ Loc expr size
	.byte	84                              @ DW_OP_reg4
	.long	0
	.long	0
.Ldebug_loc3:
	.long	-1
	.long	.Lfunc_begin1                   @   base address
	.long	.Lfunc_begin1-.Lfunc_begin1
	.long	.Ltmp7-.Lfunc_begin1
	.short	1                               @ Loc expr size
	.byte	80                              @ DW_OP_reg0
	.long	.Ltmp7-.Lfunc_begin1
	.long	.Ltmp22-.Lfunc_begin1
	.short	1                               @ Loc expr size
	.byte	84                              @ DW_OP_reg4
	.long	0
	.long	0
.Ldebug_loc4:
	.long	-1
	.long	.Lfunc_begin1                   @   base address
	.long	.Lfunc_begin1-.Lfunc_begin1
	.long	.Ltmp7-.Lfunc_begin1
	.short	1                               @ Loc expr size
	.byte	81                              @ DW_OP_reg1
	.long	.Ltmp7-.Lfunc_begin1
	.long	.Ltmp9-.Lfunc_begin1
	.short	1                               @ Loc expr size
	.byte	89                              @ DW_OP_reg9
	.long	.Ltmp13-.Lfunc_begin1
	.long	.Ltmp15-.Lfunc_begin1
	.short	1                               @ Loc expr size
	.byte	81                              @ DW_OP_reg1
	.long	0
	.long	0
.Ldebug_loc5:
	.long	-1
	.long	.Lfunc_begin1                   @   base address
	.long	.Lfunc_begin1-.Lfunc_begin1
	.long	.Ltmp7-.Lfunc_begin1
	.short	1                               @ Loc expr size
	.byte	82                              @ DW_OP_reg2
	.long	.Ltmp7-.Lfunc_begin1
	.long	.Ltmp8-.Lfunc_begin1
	.short	1                               @ Loc expr size
	.byte	88                              @ DW_OP_reg8
	.long	.Ltmp14-.Lfunc_begin1
	.long	.Ltmp15-.Lfunc_begin1
	.short	1                               @ Loc expr size
	.byte	82                              @ DW_OP_reg2
	.long	0
	.long	0
.Ldebug_loc6:
	.long	-1
	.long	.Lfunc_begin1                   @   base address
	.long	.Lfunc_begin1-.Lfunc_begin1
	.long	.Ltmp10-.Lfunc_begin1
	.short	1                               @ Loc expr size
	.byte	83                              @ DW_OP_reg3
	.long	.Ltmp10-.Lfunc_begin1
	.long	.Lfunc_end1-.Lfunc_begin1
	.short	4                               @ Loc expr size
	.byte	243                             @ DW_OP_GNU_entry_value
	.byte	1                               @ 1
	.byte	83                              @ DW_OP_reg3
	.byte	159                             @ DW_OP_stack_value
	.long	0
	.long	0
.Ldebug_loc7:
	.long	-1
	.long	.Lfunc_begin2                   @   base address
	.long	.Lfunc_begin2-.Lfunc_begin2
	.long	.Ltmp27-.Lfunc_begin2
	.short	1                               @ Loc expr size
	.byte	80                              @ DW_OP_reg0
	.long	.Ltmp27-.Lfunc_begin2
	.long	.Ltmp40-.Lfunc_begin2
	.short	1                               @ Loc expr size
	.byte	90                              @ DW_OP_reg10
	.long	.Ltmp40-.Lfunc_begin2
	.long	.Lfunc_end2-.Lfunc_begin2
	.short	4                               @ Loc expr size
	.byte	243                             @ DW_OP_GNU_entry_value
	.byte	1                               @ 1
	.byte	80                              @ DW_OP_reg0
	.byte	159                             @ DW_OP_stack_value
	.long	0
	.long	0
.Ldebug_loc8:
	.long	-1
	.long	.Lfunc_begin2                   @   base address
	.long	.Lfunc_begin2-.Lfunc_begin2
	.long	.Ltmp23-.Lfunc_begin2
	.short	1                               @ Loc expr size
	.byte	81                              @ DW_OP_reg1
	.long	.Ltmp23-.Lfunc_begin2
	.long	.Ltmp26-.Lfunc_begin2
	.short	1                               @ Loc expr size
	.byte	85                              @ DW_OP_reg5
	.long	0
	.long	0
.Ldebug_loc9:
	.long	-1
	.long	.Lfunc_begin2                   @   base address
	.long	.Lfunc_begin2-.Lfunc_begin2
	.long	.Ltmp23-.Lfunc_begin2
	.short	1                               @ Loc expr size
	.byte	82                              @ DW_OP_reg2
	.long	.Ltmp23-.Lfunc_begin2
	.long	.Ltmp25-.Lfunc_begin2
	.short	1                               @ Loc expr size
	.byte	91                              @ DW_OP_reg11
	.long	0
	.long	0
.Ldebug_loc10:
	.long	-1
	.long	.Lfunc_begin2                   @   base address
	.long	.Lfunc_begin2-.Lfunc_begin2
	.long	.Ltmp23-.Lfunc_begin2
	.short	1                               @ Loc expr size
	.byte	83                              @ DW_OP_reg3
	.long	.Ltmp23-.Lfunc_begin2
	.long	.Ltmp24-.Lfunc_begin2
	.short	1                               @ Loc expr size
	.byte	89                              @ DW_OP_reg9
	.long	0
	.long	0
.Ldebug_loc11:
	.long	-1
	.long	.Lfunc_begin2                   @   base address
	.long	.Ltmp30-.Lfunc_begin2
	.long	.Ltmp32-.Lfunc_begin2
	.short	2                               @ Loc expr size
	.byte	48                              @ DW_OP_lit0
	.byte	159                             @ DW_OP_stack_value
	.long	.Ltmp32-.Lfunc_begin2
	.long	.Ltmp39-.Lfunc_begin2
	.short	1                               @ Loc expr size
	.byte	88                              @ DW_OP_reg8
	.long	0
	.long	0
.Ldebug_loc12:
	.long	-1
	.long	.Lfunc_begin2                   @   base address
	.long	.Ltmp30-.Lfunc_begin2
	.long	.Ltmp32-.Lfunc_begin2
	.short	1                               @ Loc expr size
	.byte	90                              @ DW_OP_reg10
	.long	0
	.long	0
.Ldebug_loc13:
	.long	-1
	.long	.Lfunc_begin3                   @   base address
	.long	.Lfunc_begin3-.Lfunc_begin3
	.long	.Ltmp44-.Lfunc_begin3
	.short	1                               @ Loc expr size
	.byte	80                              @ DW_OP_reg0
	.long	.Ltmp44-.Lfunc_begin3
	.long	.Ltmp50-.Lfunc_begin3
	.short	1                               @ Loc expr size
	.byte	86                              @ DW_OP_reg6
	.long	0
	.long	0
.Ldebug_loc14:
	.long	-1
	.long	.Lfunc_begin3                   @   base address
	.long	.Lfunc_begin3-.Lfunc_begin3
	.long	.Ltmp42-.Lfunc_begin3
	.short	1                               @ Loc expr size
	.byte	81                              @ DW_OP_reg1
	.long	.Ltmp42-.Lfunc_begin3
	.long	.Ltmp47-.Lfunc_begin3
	.short	1                               @ Loc expr size
	.byte	85                              @ DW_OP_reg5
	.long	.Ltmp47-.Lfunc_begin3
	.long	.Ltmp49-.Lfunc_begin3
	.short	1                               @ Loc expr size
	.byte	81                              @ DW_OP_reg1
	.long	0
	.long	0
.Ldebug_loc15:
	.long	-1
	.long	.Lfunc_begin3                   @   base address
	.long	.Lfunc_begin3-.Lfunc_begin3
	.long	.Ltmp43-.Lfunc_begin3
	.short	1                               @ Loc expr size
	.byte	82                              @ DW_OP_reg2
	.long	.Ltmp43-.Lfunc_begin3
	.long	.Ltmp48-.Lfunc_begin3
	.short	1                               @ Loc expr size
	.byte	84                              @ DW_OP_reg4
	.long	.Ltmp48-.Lfunc_begin3
	.long	.Ltmp49-.Lfunc_begin3
	.short	1                               @ Loc expr size
	.byte	82                              @ DW_OP_reg2
	.long	0
	.long	0
	.section	.debug_abbrev,"",%progbits
	.byte	1                               @ Abbreviation Code
	.byte	17                              @ DW_TAG_compile_unit
	.byte	1                               @ DW_CHILDREN_yes
	.byte	37                              @ DW_AT_producer
	.byte	14                              @ DW_FORM_strp
	.byte	19                              @ DW_AT_language
	.byte	5                               @ DW_FORM_data2
	.byte	3                               @ DW_AT_name
	.byte	14                              @ DW_FORM_strp
	.byte	16                              @ DW_AT_stmt_list
	.byte	23                              @ DW_FORM_sec_offset
	.byte	27                              @ DW_AT_comp_dir
	.byte	14                              @ DW_FORM_strp
	.byte	17                              @ DW_AT_low_pc
	.byte	1                               @ DW_FORM_addr
	.byte	85                              @ DW_AT_ranges
	.byte	23                              @ DW_FORM_sec_offset
	.byte	0                               @ EOM(1)
	.byte	0                               @ EOM(2)
	.byte	2                               @ Abbreviation Code
	.byte	22                              @ DW_TAG_typedef
	.byte	0                               @ DW_CHILDREN_no
	.byte	73                              @ DW_AT_type
	.byte	19                              @ DW_FORM_ref4
	.byte	3                               @ DW_AT_name
	.byte	14                              @ DW_FORM_strp
	.byte	58                              @ DW_AT_decl_file
	.byte	11                              @ DW_FORM_data1
	.byte	59                              @ DW_AT_decl_line
	.byte	11                              @ DW_FORM_data1
	.byte	0                               @ EOM(1)
	.byte	0                               @ EOM(2)
	.byte	3                               @ Abbreviation Code
	.byte	36                              @ DW_TAG_base_type
	.byte	0                               @ DW_CHILDREN_no
	.byte	3                               @ DW_AT_name
	.byte	14                              @ DW_FORM_strp
	.byte	62                              @ DW_AT_encoding
	.byte	11                              @ DW_FORM_data1
	.byte	11                              @ DW_AT_byte_size
	.byte	11                              @ DW_FORM_data1
	.byte	0                               @ EOM(1)
	.byte	0                               @ EOM(2)
	.byte	4                               @ Abbreviation Code
	.byte	15                              @ DW_TAG_pointer_type
	.byte	0                               @ DW_CHILDREN_no
	.byte	73                              @ DW_AT_type
	.byte	19                              @ DW_FORM_ref4
	.byte	0                               @ EOM(1)
	.byte	0                               @ EOM(2)
	.byte	5                               @ Abbreviation Code
	.byte	19                              @ DW_TAG_structure_type
	.byte	1                               @ DW_CHILDREN_yes
	.byte	11                              @ DW_AT_byte_size
	.byte	11                              @ DW_FORM_data1
	.byte	58                              @ DW_AT_decl_file
	.byte	11                              @ DW_FORM_data1
	.byte	59                              @ DW_AT_decl_line
	.byte	11                              @ DW_FORM_data1
	.byte	0                               @ EOM(1)
	.byte	0                               @ EOM(2)
	.byte	6                               @ Abbreviation Code
	.byte	13                              @ DW_TAG_member
	.byte	0                               @ DW_CHILDREN_no
	.byte	3                               @ DW_AT_name
	.byte	14                              @ DW_FORM_strp
	.byte	73                              @ DW_AT_type
	.byte	19                              @ DW_FORM_ref4
	.byte	58                              @ DW_AT_decl_file
	.byte	11                              @ DW_FORM_data1
	.byte	59                              @ DW_AT_decl_line
	.byte	11                              @ DW_FORM_data1
	.byte	56                              @ DW_AT_data_member_location
	.byte	11                              @ DW_FORM_data1
	.byte	0                               @ EOM(1)
	.byte	0                               @ EOM(2)
	.byte	7                               @ Abbreviation Code
	.byte	1                               @ DW_TAG_array_type
	.byte	1                               @ DW_CHILDREN_yes
	.byte	73                              @ DW_AT_type
	.byte	19                              @ DW_FORM_ref4
	.byte	0                               @ EOM(1)
	.byte	0                               @ EOM(2)
	.byte	8                               @ Abbreviation Code
	.byte	33                              @ DW_TAG_subrange_type
	.byte	0                               @ DW_CHILDREN_no
	.byte	73                              @ DW_AT_type
	.byte	19                              @ DW_FORM_ref4
	.byte	55                              @ DW_AT_count
	.byte	11                              @ DW_FORM_data1
	.byte	0                               @ EOM(1)
	.byte	0                               @ EOM(2)
	.byte	9                               @ Abbreviation Code
	.byte	36                              @ DW_TAG_base_type
	.byte	0                               @ DW_CHILDREN_no
	.byte	3                               @ DW_AT_name
	.byte	14                              @ DW_FORM_strp
	.byte	11                              @ DW_AT_byte_size
	.byte	11                              @ DW_FORM_data1
	.byte	62                              @ DW_AT_encoding
	.byte	11                              @ DW_FORM_data1
	.byte	0                               @ EOM(1)
	.byte	0                               @ EOM(2)
	.byte	10                              @ Abbreviation Code
	.byte	46                              @ DW_TAG_subprogram
	.byte	1                               @ DW_CHILDREN_yes
	.byte	17                              @ DW_AT_low_pc
	.byte	1                               @ DW_FORM_addr
	.byte	18                              @ DW_AT_high_pc
	.byte	6                               @ DW_FORM_data4
	.byte	64                              @ DW_AT_frame_base
	.byte	24                              @ DW_FORM_exprloc
	.ascii	"\227B"                         @ DW_AT_GNU_all_call_sites
	.byte	25                              @ DW_FORM_flag_present
	.byte	49                              @ DW_AT_abstract_origin
	.byte	19                              @ DW_FORM_ref4
	.byte	0                               @ EOM(1)
	.byte	0                               @ EOM(2)
	.byte	11                              @ Abbreviation Code
	.byte	5                               @ DW_TAG_formal_parameter
	.byte	0                               @ DW_CHILDREN_no
	.byte	2                               @ DW_AT_location
	.byte	23                              @ DW_FORM_sec_offset
	.byte	49                              @ DW_AT_abstract_origin
	.byte	19                              @ DW_FORM_ref4
	.byte	0                               @ EOM(1)
	.byte	0                               @ EOM(2)
	.byte	12                              @ Abbreviation Code
	.ascii	"\211\202\001"                  @ DW_TAG_GNU_call_site
	.byte	0                               @ DW_CHILDREN_no
	.byte	49                              @ DW_AT_abstract_origin
	.byte	19                              @ DW_FORM_ref4
	.ascii	"\225B"                         @ DW_AT_GNU_tail_call
	.byte	25                              @ DW_FORM_flag_present
	.byte	17                              @ DW_AT_low_pc
	.byte	1                               @ DW_FORM_addr
	.byte	0                               @ EOM(1)
	.byte	0                               @ EOM(2)
	.byte	13                              @ Abbreviation Code
	.byte	46                              @ DW_TAG_subprogram
	.byte	1                               @ DW_CHILDREN_yes
	.byte	17                              @ DW_AT_low_pc
	.byte	1                               @ DW_FORM_addr
	.byte	18                              @ DW_AT_high_pc
	.byte	6                               @ DW_FORM_data4
	.byte	64                              @ DW_AT_frame_base
	.byte	24                              @ DW_FORM_exprloc
	.ascii	"\227B"                         @ DW_AT_GNU_all_call_sites
	.byte	25                              @ DW_FORM_flag_present
	.byte	3                               @ DW_AT_name
	.byte	14                              @ DW_FORM_strp
	.byte	58                              @ DW_AT_decl_file
	.byte	11                              @ DW_FORM_data1
	.byte	59                              @ DW_AT_decl_line
	.byte	11                              @ DW_FORM_data1
	.byte	39                              @ DW_AT_prototyped
	.byte	25                              @ DW_FORM_flag_present
	.byte	0                               @ EOM(1)
	.byte	0                               @ EOM(2)
	.byte	14                              @ Abbreviation Code
	.byte	5                               @ DW_TAG_formal_parameter
	.byte	0                               @ DW_CHILDREN_no
	.byte	2                               @ DW_AT_location
	.byte	23                              @ DW_FORM_sec_offset
	.byte	3                               @ DW_AT_name
	.byte	14                              @ DW_FORM_strp
	.byte	58                              @ DW_AT_decl_file
	.byte	11                              @ DW_FORM_data1
	.byte	59                              @ DW_AT_decl_line
	.byte	11                              @ DW_FORM_data1
	.byte	73                              @ DW_AT_type
	.byte	19                              @ DW_FORM_ref4
	.byte	0                               @ EOM(1)
	.byte	0                               @ EOM(2)
	.byte	15                              @ Abbreviation Code
	.byte	52                              @ DW_TAG_variable
	.byte	0                               @ DW_CHILDREN_no
	.byte	2                               @ DW_AT_location
	.byte	24                              @ DW_FORM_exprloc
	.byte	3                               @ DW_AT_name
	.byte	14                              @ DW_FORM_strp
	.byte	58                              @ DW_AT_decl_file
	.byte	11                              @ DW_FORM_data1
	.byte	59                              @ DW_AT_decl_line
	.byte	11                              @ DW_FORM_data1
	.byte	73                              @ DW_AT_type
	.byte	19                              @ DW_FORM_ref4
	.byte	0                               @ EOM(1)
	.byte	0                               @ EOM(2)
	.byte	16                              @ Abbreviation Code
	.byte	46                              @ DW_TAG_subprogram
	.byte	1                               @ DW_CHILDREN_yes
	.byte	3                               @ DW_AT_name
	.byte	14                              @ DW_FORM_strp
	.byte	58                              @ DW_AT_decl_file
	.byte	11                              @ DW_FORM_data1
	.byte	59                              @ DW_AT_decl_line
	.byte	11                              @ DW_FORM_data1
	.byte	39                              @ DW_AT_prototyped
	.byte	25                              @ DW_FORM_flag_present
	.byte	63                              @ DW_AT_external
	.byte	25                              @ DW_FORM_flag_present
	.byte	32                              @ DW_AT_inline
	.byte	11                              @ DW_FORM_data1
	.byte	0                               @ EOM(1)
	.byte	0                               @ EOM(2)
	.byte	17                              @ Abbreviation Code
	.byte	5                               @ DW_TAG_formal_parameter
	.byte	0                               @ DW_CHILDREN_no
	.byte	3                               @ DW_AT_name
	.byte	14                              @ DW_FORM_strp
	.byte	58                              @ DW_AT_decl_file
	.byte	11                              @ DW_FORM_data1
	.byte	59                              @ DW_AT_decl_line
	.byte	11                              @ DW_FORM_data1
	.byte	73                              @ DW_AT_type
	.byte	19                              @ DW_FORM_ref4
	.byte	0                               @ EOM(1)
	.byte	0                               @ EOM(2)
	.byte	18                              @ Abbreviation Code
	.byte	19                              @ DW_TAG_structure_type
	.byte	1                               @ DW_CHILDREN_yes
	.byte	3                               @ DW_AT_name
	.byte	14                              @ DW_FORM_strp
	.byte	11                              @ DW_AT_byte_size
	.byte	11                              @ DW_FORM_data1
	.byte	58                              @ DW_AT_decl_file
	.byte	11                              @ DW_FORM_data1
	.byte	59                              @ DW_AT_decl_line
	.byte	11                              @ DW_FORM_data1
	.byte	0                               @ EOM(1)
	.byte	0                               @ EOM(2)
	.byte	19                              @ Abbreviation Code
	.byte	46                              @ DW_TAG_subprogram
	.byte	1                               @ DW_CHILDREN_yes
	.byte	17                              @ DW_AT_low_pc
	.byte	1                               @ DW_FORM_addr
	.byte	18                              @ DW_AT_high_pc
	.byte	6                               @ DW_FORM_data4
	.byte	64                              @ DW_AT_frame_base
	.byte	24                              @ DW_FORM_exprloc
	.ascii	"\227B"                         @ DW_AT_GNU_all_call_sites
	.byte	25                              @ DW_FORM_flag_present
	.byte	3                               @ DW_AT_name
	.byte	14                              @ DW_FORM_strp
	.byte	58                              @ DW_AT_decl_file
	.byte	11                              @ DW_FORM_data1
	.byte	59                              @ DW_AT_decl_line
	.byte	11                              @ DW_FORM_data1
	.byte	39                              @ DW_AT_prototyped
	.byte	25                              @ DW_FORM_flag_present
	.byte	63                              @ DW_AT_external
	.byte	25                              @ DW_FORM_flag_present
	.byte	0                               @ EOM(1)
	.byte	0                               @ EOM(2)
	.byte	20                              @ Abbreviation Code
	.byte	5                               @ DW_TAG_formal_parameter
	.byte	0                               @ DW_CHILDREN_no
	.byte	2                               @ DW_AT_location
	.byte	24                              @ DW_FORM_exprloc
	.byte	3                               @ DW_AT_name
	.byte	14                              @ DW_FORM_strp
	.byte	58                              @ DW_AT_decl_file
	.byte	11                              @ DW_FORM_data1
	.byte	59                              @ DW_AT_decl_line
	.byte	11                              @ DW_FORM_data1
	.byte	73                              @ DW_AT_type
	.byte	19                              @ DW_FORM_ref4
	.byte	0                               @ EOM(1)
	.byte	0                               @ EOM(2)
	.byte	21                              @ Abbreviation Code
	.byte	52                              @ DW_TAG_variable
	.byte	0                               @ DW_CHILDREN_no
	.byte	2                               @ DW_AT_location
	.byte	23                              @ DW_FORM_sec_offset
	.byte	3                               @ DW_AT_name
	.byte	14                              @ DW_FORM_strp
	.byte	58                              @ DW_AT_decl_file
	.byte	11                              @ DW_FORM_data1
	.byte	59                              @ DW_AT_decl_line
	.byte	11                              @ DW_FORM_data1
	.byte	73                              @ DW_AT_type
	.byte	19                              @ DW_FORM_ref4
	.byte	0                               @ EOM(1)
	.byte	0                               @ EOM(2)
	.byte	22                              @ Abbreviation Code
	.byte	29                              @ DW_TAG_inlined_subroutine
	.byte	1                               @ DW_CHILDREN_yes
	.byte	49                              @ DW_AT_abstract_origin
	.byte	19                              @ DW_FORM_ref4
	.byte	17                              @ DW_AT_low_pc
	.byte	1                               @ DW_FORM_addr
	.byte	18                              @ DW_AT_high_pc
	.byte	6                               @ DW_FORM_data4
	.byte	88                              @ DW_AT_call_file
	.byte	11                              @ DW_FORM_data1
	.byte	89                              @ DW_AT_call_line
	.byte	11                              @ DW_FORM_data1
	.byte	87                              @ DW_AT_call_column
	.byte	11                              @ DW_FORM_data1
	.byte	0                               @ EOM(1)
	.byte	0                               @ EOM(2)
	.byte	23                              @ Abbreviation Code
	.byte	5                               @ DW_TAG_formal_parameter
	.byte	0                               @ DW_CHILDREN_no
	.byte	2                               @ DW_AT_location
	.byte	24                              @ DW_FORM_exprloc
	.byte	49                              @ DW_AT_abstract_origin
	.byte	19                              @ DW_FORM_ref4
	.byte	0                               @ EOM(1)
	.byte	0                               @ EOM(2)
	.byte	24                              @ Abbreviation Code
	.byte	46                              @ DW_TAG_subprogram
	.byte	1                               @ DW_CHILDREN_yes
	.byte	17                              @ DW_AT_low_pc
	.byte	1                               @ DW_FORM_addr
	.byte	18                              @ DW_AT_high_pc
	.byte	6                               @ DW_FORM_data4
	.byte	64                              @ DW_AT_frame_base
	.byte	24                              @ DW_FORM_exprloc
	.ascii	"\227B"                         @ DW_AT_GNU_all_call_sites
	.byte	25                              @ DW_FORM_flag_present
	.byte	3                               @ DW_AT_name
	.byte	14                              @ DW_FORM_strp
	.byte	58                              @ DW_AT_decl_file
	.byte	11                              @ DW_FORM_data1
	.byte	59                              @ DW_AT_decl_line
	.byte	11                              @ DW_FORM_data1
	.byte	39                              @ DW_AT_prototyped
	.byte	25                              @ DW_FORM_flag_present
	.byte	73                              @ DW_AT_type
	.byte	19                              @ DW_FORM_ref4
	.byte	63                              @ DW_AT_external
	.byte	25                              @ DW_FORM_flag_present
	.byte	0                               @ EOM(1)
	.byte	0                               @ EOM(2)
	.byte	0                               @ EOM(3)
	.section	.debug_info,"",%progbits
.Lcu_begin0:
	.long	.Ldebug_info_end0-.Ldebug_info_start0 @ Length of Unit
.Ldebug_info_start0:
	.short	4                               @ DWARF version number
	.long	.debug_abbrev                   @ Offset Into Abbrev. Section
	.byte	4                               @ Address Size (in bytes)
	.byte	1                               @ Abbrev [1] 0xb:0x2f6 DW_TAG_compile_unit
	.long	.Linfo_string0                  @ DW_AT_producer
	.short	12                              @ DW_AT_language
	.long	.Linfo_string1                  @ DW_AT_name
	.long	.Lline_table_start0             @ DW_AT_stmt_list
	.long	.Linfo_string2                  @ DW_AT_comp_dir
	.long	0                               @ DW_AT_low_pc
	.long	.Ldebug_ranges0                 @ DW_AT_ranges
	.byte	2                               @ Abbrev [2] 0x26:0xb DW_TAG_typedef
	.long	49                              @ DW_AT_type
	.long	.Linfo_string4                  @ DW_AT_name
	.byte	1                               @ DW_AT_decl_file
	.byte	62                              @ DW_AT_decl_line
	.byte	3                               @ Abbrev [3] 0x31:0x7 DW_TAG_base_type
	.long	.Linfo_string3                  @ DW_AT_name
	.byte	8                               @ DW_AT_encoding
	.byte	1                               @ DW_AT_byte_size
	.byte	4                               @ Abbrev [4] 0x38:0x5 DW_TAG_pointer_type
	.long	61                              @ DW_AT_type
	.byte	2                               @ Abbrev [2] 0x3d:0xb DW_TAG_typedef
	.long	72                              @ DW_AT_type
	.long	.Linfo_string11                 @ DW_AT_name
	.byte	2                               @ DW_AT_decl_file
	.byte	42                              @ DW_AT_decl_line
	.byte	5                               @ Abbrev [5] 0x48:0x29 DW_TAG_structure_type
	.byte	104                             @ DW_AT_byte_size
	.byte	2                               @ DW_AT_decl_file
	.byte	37                              @ DW_AT_decl_line
	.byte	6                               @ Abbrev [6] 0x4c:0xc DW_TAG_member
	.long	.Linfo_string5                  @ DW_AT_name
	.long	113                             @ DW_AT_type
	.byte	2                               @ DW_AT_decl_file
	.byte	39                              @ DW_AT_decl_line
	.byte	0                               @ DW_AT_data_member_location
	.byte	6                               @ Abbrev [6] 0x58:0xc DW_TAG_member
	.long	.Linfo_string9                  @ DW_AT_name
	.long	150                             @ DW_AT_type
	.byte	2                               @ DW_AT_decl_file
	.byte	40                              @ DW_AT_decl_line
	.byte	8                               @ DW_AT_data_member_location
	.byte	6                               @ Abbrev [6] 0x64:0xc DW_TAG_member
	.long	.Linfo_string10                 @ DW_AT_name
	.long	162                             @ DW_AT_type
	.byte	2                               @ DW_AT_decl_file
	.byte	41                              @ DW_AT_decl_line
	.byte	40                              @ DW_AT_data_member_location
	.byte	0                               @ End Of Children Mark
	.byte	7                               @ Abbrev [7] 0x71:0xc DW_TAG_array_type
	.long	125                             @ DW_AT_type
	.byte	8                               @ Abbrev [8] 0x76:0x6 DW_TAG_subrange_type
	.long	143                             @ DW_AT_type
	.byte	2                               @ DW_AT_count
	.byte	0                               @ End Of Children Mark
	.byte	2                               @ Abbrev [2] 0x7d:0xb DW_TAG_typedef
	.long	136                             @ DW_AT_type
	.long	.Linfo_string7                  @ DW_AT_name
	.byte	1                               @ DW_AT_decl_file
	.byte	64                              @ DW_AT_decl_line
	.byte	3                               @ Abbrev [3] 0x88:0x7 DW_TAG_base_type
	.long	.Linfo_string6                  @ DW_AT_name
	.byte	7                               @ DW_AT_encoding
	.byte	4                               @ DW_AT_byte_size
	.byte	9                               @ Abbrev [9] 0x8f:0x7 DW_TAG_base_type
	.long	.Linfo_string8                  @ DW_AT_name
	.byte	8                               @ DW_AT_byte_size
	.byte	7                               @ DW_AT_encoding
	.byte	7                               @ Abbrev [7] 0x96:0xc DW_TAG_array_type
	.long	125                             @ DW_AT_type
	.byte	8                               @ Abbrev [8] 0x9b:0x6 DW_TAG_subrange_type
	.long	143                             @ DW_AT_type
	.byte	8                               @ DW_AT_count
	.byte	0                               @ End Of Children Mark
	.byte	7                               @ Abbrev [7] 0xa2:0xc DW_TAG_array_type
	.long	38                              @ DW_AT_type
	.byte	8                               @ Abbrev [8] 0xa7:0x6 DW_TAG_subrange_type
	.long	143                             @ DW_AT_type
	.byte	64                              @ DW_AT_count
	.byte	0                               @ End Of Children Mark
	.byte	10                              @ Abbrev [10] 0xae:0x34 DW_TAG_subprogram
	.long	.Lfunc_begin0                   @ DW_AT_low_pc
	.long	.Lfunc_end0-.Lfunc_begin0       @ DW_AT_high_pc
	.byte	1                               @ DW_AT_frame_base
	.byte	93
                                        @ DW_AT_GNU_all_call_sites
	.long	348                             @ DW_AT_abstract_origin
	.byte	11                              @ Abbrev [11] 0xbd:0x9 DW_TAG_formal_parameter
	.long	.Ldebug_loc0                    @ DW_AT_location
	.long	356                             @ DW_AT_abstract_origin
	.byte	11                              @ Abbrev [11] 0xc6:0x9 DW_TAG_formal_parameter
	.long	.Ldebug_loc1                    @ DW_AT_location
	.long	367                             @ DW_AT_abstract_origin
	.byte	11                              @ Abbrev [11] 0xcf:0x9 DW_TAG_formal_parameter
	.long	.Ldebug_loc2                    @ DW_AT_location
	.long	378                             @ DW_AT_abstract_origin
	.byte	12                              @ Abbrev [12] 0xd8:0x9 DW_TAG_GNU_call_site
	.long	226                             @ DW_AT_abstract_origin
                                        @ DW_AT_GNU_tail_call
	.long	.Ltmp5                          @ DW_AT_low_pc
	.byte	0                               @ End Of Children Mark
	.byte	13                              @ Abbrev [13] 0xe2:0x7a DW_TAG_subprogram
	.long	.Lfunc_begin1                   @ DW_AT_low_pc
	.long	.Lfunc_end1-.Lfunc_begin1       @ DW_AT_high_pc
	.byte	1                               @ DW_AT_frame_base
	.byte	93
                                        @ DW_AT_GNU_all_call_sites
	.long	.Linfo_string19                 @ DW_AT_name
	.byte	3                               @ DW_AT_decl_file
	.byte	17                              @ DW_AT_decl_line
                                        @ DW_AT_prototyped
	.byte	14                              @ Abbrev [14] 0xf3:0xf DW_TAG_formal_parameter
	.long	.Ldebug_loc3                    @ DW_AT_location
	.long	.Linfo_string9                  @ DW_AT_name
	.byte	3                               @ DW_AT_decl_file
	.byte	17                              @ DW_AT_decl_line
	.long	390                             @ DW_AT_type
	.byte	14                              @ Abbrev [14] 0x102:0xf DW_TAG_formal_parameter
	.long	.Ldebug_loc4                    @ DW_AT_location
	.long	.Linfo_string17                 @ DW_AT_name
	.byte	3                               @ DW_AT_decl_file
	.byte	17                              @ DW_AT_decl_line
	.long	451                             @ DW_AT_type
	.byte	14                              @ Abbrev [14] 0x111:0xf DW_TAG_formal_parameter
	.long	.Ldebug_loc5                    @ DW_AT_location
	.long	.Linfo_string18                 @ DW_AT_name
	.byte	3                               @ DW_AT_decl_file
	.byte	17                              @ DW_AT_decl_line
	.long	125                             @ DW_AT_type
	.byte	14                              @ Abbrev [14] 0x120:0xf DW_TAG_formal_parameter
	.long	.Ldebug_loc6                    @ DW_AT_location
	.long	.Linfo_string27                 @ DW_AT_name
	.byte	3                               @ DW_AT_decl_file
	.byte	17                              @ DW_AT_decl_line
	.long	125                             @ DW_AT_type
	.byte	15                              @ Abbrev [15] 0x12f:0xf DW_TAG_variable
	.byte	3                               @ DW_AT_location
	.byte	145
	.ascii	"\360\001"
	.long	.Linfo_string22                 @ DW_AT_name
	.byte	3                               @ DW_AT_decl_file
	.byte	19                              @ DW_AT_decl_line
	.long	692                             @ DW_AT_type
	.byte	15                              @ Abbrev [15] 0x13e:0xf DW_TAG_variable
	.byte	3                               @ DW_AT_location
	.byte	145
	.ascii	"\260\001"
	.long	.Linfo_string23                 @ DW_AT_name
	.byte	3                               @ DW_AT_decl_file
	.byte	19                              @ DW_AT_decl_line
	.long	162                             @ DW_AT_type
	.byte	15                              @ Abbrev [15] 0x14d:0xe DW_TAG_variable
	.byte	2                               @ DW_AT_location
	.byte	145
	.byte	8
	.long	.Linfo_string24                 @ DW_AT_name
	.byte	3                               @ DW_AT_decl_file
	.byte	21                              @ DW_AT_decl_line
	.long	704                             @ DW_AT_type
	.byte	0                               @ End Of Children Mark
	.byte	16                              @ Abbrev [16] 0x15c:0x2a DW_TAG_subprogram
	.long	.Linfo_string12                 @ DW_AT_name
	.byte	3                               @ DW_AT_decl_file
	.byte	79                              @ DW_AT_decl_line
                                        @ DW_AT_prototyped
                                        @ DW_AT_external
	.byte	1                               @ DW_AT_inline
	.byte	17                              @ Abbrev [17] 0x164:0xb DW_TAG_formal_parameter
	.long	.Linfo_string9                  @ DW_AT_name
	.byte	3                               @ DW_AT_decl_file
	.byte	79                              @ DW_AT_decl_line
	.long	390                             @ DW_AT_type
	.byte	17                              @ Abbrev [17] 0x16f:0xb DW_TAG_formal_parameter
	.long	.Linfo_string17                 @ DW_AT_name
	.byte	3                               @ DW_AT_decl_file
	.byte	79                              @ DW_AT_decl_line
	.long	451                             @ DW_AT_type
	.byte	17                              @ Abbrev [17] 0x17a:0xb DW_TAG_formal_parameter
	.long	.Linfo_string18                 @ DW_AT_name
	.byte	3                               @ DW_AT_decl_file
	.byte	79                              @ DW_AT_decl_line
	.long	125                             @ DW_AT_type
	.byte	0                               @ End Of Children Mark
	.byte	4                               @ Abbrev [4] 0x186:0x5 DW_TAG_pointer_type
	.long	395                             @ DW_AT_type
	.byte	2                               @ Abbrev [2] 0x18b:0xb DW_TAG_typedef
	.long	406                             @ DW_AT_type
	.long	.Linfo_string16                 @ DW_AT_name
	.byte	4                               @ DW_AT_decl_file
	.byte	20                              @ DW_AT_decl_line
	.byte	18                              @ Abbrev [18] 0x196:0x21 DW_TAG_structure_type
	.long	.Linfo_string15                 @ DW_AT_name
	.byte	64                              @ DW_AT_byte_size
	.byte	4                               @ DW_AT_decl_file
	.byte	14                              @ DW_AT_decl_line
	.byte	6                               @ Abbrev [6] 0x19e:0xc DW_TAG_member
	.long	.Linfo_string13                 @ DW_AT_name
	.long	439                             @ DW_AT_type
	.byte	4                               @ DW_AT_decl_file
	.byte	16                              @ DW_AT_decl_line
	.byte	0                               @ DW_AT_data_member_location
	.byte	6                               @ Abbrev [6] 0x1aa:0xc DW_TAG_member
	.long	.Linfo_string14                 @ DW_AT_name
	.long	439                             @ DW_AT_type
	.byte	4                               @ DW_AT_decl_file
	.byte	18                              @ DW_AT_decl_line
	.byte	32                              @ DW_AT_data_member_location
	.byte	0                               @ End Of Children Mark
	.byte	7                               @ Abbrev [7] 0x1b7:0xc DW_TAG_array_type
	.long	38                              @ DW_AT_type
	.byte	8                               @ Abbrev [8] 0x1bc:0x6 DW_TAG_subrange_type
	.long	143                             @ DW_AT_type
	.byte	32                              @ DW_AT_count
	.byte	0                               @ End Of Children Mark
	.byte	4                               @ Abbrev [4] 0x1c3:0x5 DW_TAG_pointer_type
	.long	38                              @ DW_AT_type
	.byte	19                              @ Abbrev [19] 0x1c8:0xa9 DW_TAG_subprogram
	.long	.Lfunc_begin2                   @ DW_AT_low_pc
	.long	.Lfunc_end2-.Lfunc_begin2       @ DW_AT_high_pc
	.byte	1                               @ DW_AT_frame_base
	.byte	93
                                        @ DW_AT_GNU_all_call_sites
	.long	.Linfo_string20                 @ DW_AT_name
	.byte	3                               @ DW_AT_decl_file
	.byte	95                              @ DW_AT_decl_line
                                        @ DW_AT_prototyped
                                        @ DW_AT_external
	.byte	14                              @ Abbrev [14] 0x1d9:0xf DW_TAG_formal_parameter
	.long	.Ldebug_loc7                    @ DW_AT_location
	.long	.Linfo_string28                 @ DW_AT_name
	.byte	3                               @ DW_AT_decl_file
	.byte	95                              @ DW_AT_decl_line
	.long	451                             @ DW_AT_type
	.byte	14                              @ Abbrev [14] 0x1e8:0xf DW_TAG_formal_parameter
	.long	.Ldebug_loc8                    @ DW_AT_location
	.long	.Linfo_string9                  @ DW_AT_name
	.byte	3                               @ DW_AT_decl_file
	.byte	95                              @ DW_AT_decl_line
	.long	390                             @ DW_AT_type
	.byte	14                              @ Abbrev [14] 0x1f7:0xf DW_TAG_formal_parameter
	.long	.Ldebug_loc9                    @ DW_AT_location
	.long	.Linfo_string29                 @ DW_AT_name
	.byte	3                               @ DW_AT_decl_file
	.byte	95                              @ DW_AT_decl_line
	.long	125                             @ DW_AT_type
	.byte	14                              @ Abbrev [14] 0x206:0xf DW_TAG_formal_parameter
	.long	.Ldebug_loc10                   @ DW_AT_location
	.long	.Linfo_string17                 @ DW_AT_name
	.byte	3                               @ DW_AT_decl_file
	.byte	96                              @ DW_AT_decl_line
	.long	451                             @ DW_AT_type
	.byte	20                              @ Abbrev [20] 0x215:0xe DW_TAG_formal_parameter
	.byte	2                               @ DW_AT_location
	.byte	145
	.byte	48
	.long	.Linfo_string18                 @ DW_AT_name
	.byte	3                               @ DW_AT_decl_file
	.byte	96                              @ DW_AT_decl_line
	.long	125                             @ DW_AT_type
	.byte	21                              @ Abbrev [21] 0x223:0xf DW_TAG_variable
	.long	.Ldebug_loc11                   @ DW_AT_location
	.long	.Linfo_string30                 @ DW_AT_name
	.byte	3                               @ DW_AT_decl_file
	.byte	98                              @ DW_AT_decl_line
	.long	125                             @ DW_AT_type
	.byte	21                              @ Abbrev [21] 0x232:0xf DW_TAG_variable
	.long	.Ldebug_loc12                   @ DW_AT_location
	.long	.Linfo_string31                 @ DW_AT_name
	.byte	3                               @ DW_AT_decl_file
	.byte	99                              @ DW_AT_decl_line
	.long	451                             @ DW_AT_type
	.byte	22                              @ Abbrev [22] 0x241:0x26 DW_TAG_inlined_subroutine
	.long	348                             @ DW_AT_abstract_origin
	.long	.Ltmp28                         @ DW_AT_low_pc
	.long	.Ltmp30-.Ltmp28                 @ DW_AT_high_pc
	.byte	3                               @ DW_AT_call_file
	.byte	105                             @ DW_AT_call_line
	.byte	9                               @ DW_AT_call_column
	.byte	23                              @ Abbrev [23] 0x251:0x7 DW_TAG_formal_parameter
	.byte	1                               @ DW_AT_location
	.byte	85
	.long	356                             @ DW_AT_abstract_origin
	.byte	23                              @ Abbrev [23] 0x258:0x7 DW_TAG_formal_parameter
	.byte	1                               @ DW_AT_location
	.byte	89
	.long	367                             @ DW_AT_abstract_origin
	.byte	23                              @ Abbrev [23] 0x25f:0x7 DW_TAG_formal_parameter
	.byte	1                               @ DW_AT_location
	.byte	84
	.long	378                             @ DW_AT_abstract_origin
	.byte	0                               @ End Of Children Mark
	.byte	12                              @ Abbrev [12] 0x267:0x9 DW_TAG_GNU_call_site
	.long	174                             @ DW_AT_abstract_origin
                                        @ DW_AT_GNU_tail_call
	.long	.Ltmp41                         @ DW_AT_low_pc
	.byte	0                               @ End Of Children Mark
	.byte	24                              @ Abbrev [24] 0x271:0x43 DW_TAG_subprogram
	.long	.Lfunc_begin3                   @ DW_AT_low_pc
	.long	.Lfunc_end3-.Lfunc_begin3       @ DW_AT_high_pc
	.byte	1                               @ DW_AT_frame_base
	.byte	93
                                        @ DW_AT_GNU_all_call_sites
	.long	.Linfo_string21                 @ DW_AT_name
	.byte	3                               @ DW_AT_decl_file
	.byte	137                             @ DW_AT_decl_line
                                        @ DW_AT_prototyped
	.long	125                             @ DW_AT_type
                                        @ DW_AT_external
	.byte	14                              @ Abbrev [14] 0x286:0xf DW_TAG_formal_parameter
	.long	.Ldebug_loc13                   @ DW_AT_location
	.long	.Linfo_string9                  @ DW_AT_name
	.byte	3                               @ DW_AT_decl_file
	.byte	137                             @ DW_AT_decl_line
	.long	390                             @ DW_AT_type
	.byte	14                              @ Abbrev [14] 0x295:0xf DW_TAG_formal_parameter
	.long	.Ldebug_loc14                   @ DW_AT_location
	.long	.Linfo_string32                 @ DW_AT_name
	.byte	3                               @ DW_AT_decl_file
	.byte	137                             @ DW_AT_decl_line
	.long	451                             @ DW_AT_type
	.byte	14                              @ Abbrev [14] 0x2a4:0xf DW_TAG_formal_parameter
	.long	.Ldebug_loc15                   @ DW_AT_location
	.long	.Linfo_string33                 @ DW_AT_name
	.byte	3                               @ DW_AT_decl_file
	.byte	137                             @ DW_AT_decl_line
	.long	125                             @ DW_AT_type
	.byte	0                               @ End Of Children Mark
	.byte	7                               @ Abbrev [7] 0x2b4:0xc DW_TAG_array_type
	.long	38                              @ DW_AT_type
	.byte	8                               @ Abbrev [8] 0x2b9:0x6 DW_TAG_subrange_type
	.long	143                             @ DW_AT_type
	.byte	4                               @ DW_AT_count
	.byte	0                               @ End Of Children Mark
	.byte	2                               @ Abbrev [2] 0x2c0:0xb DW_TAG_typedef
	.long	715                             @ DW_AT_type
	.long	.Linfo_string26                 @ DW_AT_name
	.byte	2                               @ DW_AT_decl_file
	.byte	58                              @ DW_AT_decl_line
	.byte	5                               @ Abbrev [5] 0x2cb:0x35 DW_TAG_structure_type
	.byte	168                             @ DW_AT_byte_size
	.byte	2                               @ DW_AT_decl_file
	.byte	51                              @ DW_AT_decl_line
	.byte	6                               @ Abbrev [6] 0x2cf:0xc DW_TAG_member
	.long	.Linfo_string5                  @ DW_AT_name
	.long	113                             @ DW_AT_type
	.byte	2                               @ DW_AT_decl_file
	.byte	53                              @ DW_AT_decl_line
	.byte	0                               @ DW_AT_data_member_location
	.byte	6                               @ Abbrev [6] 0x2db:0xc DW_TAG_member
	.long	.Linfo_string9                  @ DW_AT_name
	.long	150                             @ DW_AT_type
	.byte	2                               @ DW_AT_decl_file
	.byte	54                              @ DW_AT_decl_line
	.byte	8                               @ DW_AT_data_member_location
	.byte	6                               @ Abbrev [6] 0x2e7:0xc DW_TAG_member
	.long	.Linfo_string10                 @ DW_AT_name
	.long	162                             @ DW_AT_type
	.byte	2                               @ DW_AT_decl_file
	.byte	56                              @ DW_AT_decl_line
	.byte	40                              @ DW_AT_data_member_location
	.byte	6                               @ Abbrev [6] 0x2f3:0xc DW_TAG_member
	.long	.Linfo_string25                 @ DW_AT_name
	.long	162                             @ DW_AT_type
	.byte	2                               @ DW_AT_decl_file
	.byte	57                              @ DW_AT_decl_line
	.byte	104                             @ DW_AT_data_member_location
	.byte	0                               @ End Of Children Mark
	.byte	0                               @ End Of Children Mark
.Ldebug_info_end0:
	.section	.debug_ranges,"",%progbits
.Ldebug_ranges0:
	.long	.Lfunc_begin0
	.long	.Lfunc_end0
	.long	.Lfunc_begin1
	.long	.Lfunc_end1
	.long	.Lfunc_begin2
	.long	.Lfunc_end2
	.long	.Lfunc_begin3
	.long	.Lfunc_end3
	.long	0
	.long	0
	.section	.debug_str,"MS",%progbits,1
.Linfo_string0:
	.asciz	"Component: ARM Compiler 6.16 Tool: armclang [5dfeb700]" @ string offset=0
.Linfo_string1:
	.asciz	"../../../components/platform/soc/rt582/rt582_crypto\\rt_hmac_drbg.c" @ string offset=55
.Linfo_string2:
	.asciz	"D:\\Rafael-IoT-SDK-Internal-main\\examples\\das_subg_thread\\keil" @ string offset=122
.Linfo_string3:
	.asciz	"unsigned char"                 @ string offset=184
.Linfo_string4:
	.asciz	"uint8_t"                       @ string offset=198
.Linfo_string5:
	.asciz	"total"                         @ string offset=206
.Linfo_string6:
	.asciz	"unsigned int"                  @ string offset=212
.Linfo_string7:
	.asciz	"uint32_t"                      @ string offset=225
.Linfo_string8:
	.asciz	"__ARRAY_SIZE_TYPE__"           @ string offset=234
.Linfo_string9:
	.asciz	"state"                         @ string offset=254
.Linfo_string10:
	.asciz	"buffer"                        @ string offset=260
.Linfo_string11:
	.asciz	"sha256_context"                @ string offset=267
.Linfo_string12:
	.asciz	"hmac_drbg_update"              @ string offset=282
.Linfo_string13:
	.asciz	"key"                           @ string offset=299
.Linfo_string14:
	.asciz	"v"                             @ string offset=303
.Linfo_string15:
	.asciz	"hmac_drbg_state_struct"        @ string offset=305
.Linfo_string16:
	.asciz	"hmac_drbg_state"               @ string offset=328
.Linfo_string17:
	.asciz	"data"                          @ string offset=344
.Linfo_string18:
	.asciz	"data_length"                   @ string offset=349
.Linfo_string19:
	.asciz	"hmac_drbg_update_index"        @ string offset=361
.Linfo_string20:
	.asciz	"hmac_drbg_generate"            @ string offset=384
.Linfo_string21:
	.asciz	"hmac_drbg_instantiate"         @ string offset=403
.Linfo_string22:
	.asciz	"temp_index"                    @ string offset=425
.Linfo_string23:
	.asciz	"tmp_msg"                       @ string offset=436
.Linfo_string24:
	.asciz	"hmac_cntx"                     @ string offset=444
.Linfo_string25:
	.asciz	"opad"                          @ string offset=454
.Linfo_string26:
	.asciz	"hmac_sha256_context"           @ string offset=459
.Linfo_string27:
	.asciz	"index"                         @ string offset=479
.Linfo_string28:
	.asciz	"out_result"                    @ string offset=485
.Linfo_string29:
	.asciz	"request_bytes"                 @ string offset=496
.Linfo_string30:
	.asciz	"count_length"                  @ string offset=510
.Linfo_string31:
	.asciz	"copy_ptr"                      @ string offset=523
.Linfo_string32:
	.asciz	"seed_material"                 @ string offset=532
.Linfo_string33:
	.asciz	"seed_material_length"          @ string offset=546
	.ident	"Component: ARM Compiler 6.16 Tool: armclang [5dfeb700]"
	.section	".note.GNU-stack","",%progbits
	.eabi_attribute	30, 3	@ Tag_ABI_optimization_goals
	.ARM_attribute	16, 1	@ Tag_AV_eba
	.section	.debug_line,"",%progbits
.Lline_table_start0:
