


ARM Macro Assembler    Page 1 


    1 00000000         ;/*
    2 00000000         ;//-------- <<< Use Configuration Wizard in Context Menu
                        >>> ------------------
    3 00000000         ;*/
    4 00000000         ;// ----------------------------------------------
    5 00000000         ;// Purpose: Cortex-M3 device startup code for Arm 
    6 00000000         ;//           toolchains
    7 00000000         ;// ----------------------------------------------
    8 00000000         
    9 00000000         ; <h> Stack Configuration
   10 00000000         ;   <o> Stack Size (in Bytes) <0x0-0xFFFFFFFF:8>
   11 00000000         ; </h>
   12 00000000         
   13 00000000 00000800 
                       Stack_Size
                               EQU              0x00000800
   14 00000000         
   15 00000000                 AREA             STACK, NOINIT, READWRITE, ALIGN
=3
   16 00000000         Stack_Mem
                               SPACE            Stack_Size
   17 00000800         __initial_sp
   18 00000800         
   19 00000800         
   20 00000800         ; <h> Heap Configuration
   21 00000800         ;   <o>  Heap Size (in Bytes) <0x0-0xFFFFFFFF:8>
   22 00000800         ; </h>
   23 00000800         
   24 00000800                 IF               :DEF:BOOTLOADER
   27 00000800 00000800 
                       Heap_Size
                               EQU              0x00000800
   28 00000800                 ENDIF
   29 00000800         
   30 00000800                 AREA             HEAP, NOINIT, READWRITE, ALIGN=
3
   31 00000000         __heap_base
   32 00000000         Heap_Mem
                               SPACE            Heap_Size
   33 00000800         __heap_limit
   34 00000800         
   35 00000800                 IF               :DEF:USE_FREERTOS
   36 00000800                 IMPORT           xPortPendSVHandler
   37 00000800                 IMPORT           xPortSysTickHandler
   38 00000800                 IMPORT           vPortSVCHandler
   39 00000800                 ENDIF
   40 00000800         
   41 00000800                 PRESERVE8
   42 00000800                 THUMB
   43 00000800         
   44 00000800         
   45 00000800         ; Vector Table Mapped to Address 0 at Reset
   46 00000800         
   47 00000800                 AREA             RESET, DATA, READONLY
   48 00000000                 EXPORT           __Vectors
   49 00000000                 EXPORT           __Vectors_End
   50 00000000                 EXPORT           __Vectors_Size
   51 00000000         
   52 00000000 00000000 



ARM Macro Assembler    Page 2 


                       __Vectors
                               DCD              __initial_sp ; Top of Stack
   53 00000004 00000000        DCD              Reset_Handler ; Reset Handler
   54 00000008 00000000        DCD              NMI_Handler ; NMI Handler
   55 0000000C 00000000        DCD              HardFault_Handler ; Hard Fault 
                                                            Handler
   56 00000010 00000000        DCD              MemManage_Handler 
                                                            ; MPU Fault Handler
                                                            
   57 00000014 00000000        DCD              BusFault_Handler 
                                                            ; Bus Fault Handler
                                                            
   58 00000018 00000000        DCD              UsageFault_Handler ; Usage Faul
                                                            t Handler
   59 0000001C 00000000        DCD              0           ; Reserved
   60 00000020 00000000        DCD              0           ; Reserved
   61 00000024 00000000        DCD              0           ; Reserved
   62 00000028 00000000        DCD              0           ; Reserved
   63 0000002C                 IF               :DEF:USE_FREERTOS
   64 0000002C 00000000        DCD              vPortSVCHandler 
                                                            ; SVCall Handler
   65 00000030                 ELSE
   67                          ENDIF
   68 00000030 00000000        DCD              DebugMon_Handler ; Debug Monito
                                                            r Handler
   69 00000034 00000000        DCD              0           ; Reserved
   70 00000038                 IF               :DEF:USE_FREERTOS
   71 00000038 00000000        DCD              xPortPendSVHandler 
                                                            ; PendSV Handler
   72 0000003C 00000000        DCD              xPortSysTickHandler 
                                                            ; SysTick Handler
   73 00000040                 ELSE
   76                          ENDIF
   77 00000040         
   78 00000040         ;External Interrupts
   79 00000040 00000000        DCD              gpio_handler ; GPIO Handler
   80 00000044 00000000        DCD              Timer0_Handler 
                                                            ; Timer 0 Handler
   81 00000048 00000000        DCD              Timer1_Handler 
                                                            ; Timer 1 Handler
   82 0000004C 00000000        DCD              Wdt_Handler ; WatchDog handler
   83 00000050 00000000        DCD              uart0_handler ; UART 0 Handler
   84 00000054 00000000        DCD              i2cm_handler ; I2C Master Handl
                                                            er
   85 00000058 00000000        DCD              flashctl_handler 
                                                            ; FlashCtl Handler
   86 0000005C 00000000        DCD              uart1_handler ; UART 1 Handler
   87 00000060 00000000        DCD              rtc_handler ; Rtc Handler
   88 00000064 00000000        DCD              dma0_c0_handler 
                                                            ; DMA0[0] Handler
   89 00000068 00000000        DCD              dma0_c1_handler 
                                                            ; DMA0[1] Hanlder
   90 0000006C 00000000        DCD              dma0_c2_handler 
                                                            ; DMA0[2] Handler
   91 00000070 00000000        DCD              dma0_c3_handler 
                                                            ; DMA0[3] Handler
   92 00000074 00000000        DCD              qspi0_handler ; QSPI0 Handler
   93 00000078 00000000        DCD              I2s_Handler ; I2S Handler
   94 0000007C 00000000        DCD              Timer3_Handler 



ARM Macro Assembler    Page 3 


                                                            ; Timer 3 Handler
   95 00000080 00000000        DCD              Timer4_Handler 
                                                            ; Timer 4 Handler
   96 00000084 00000000        DCD              dma1_c2_handler 
                                                            ; DMA1[2] Handler
   97 00000088 00000000        DCD              bod_handler ; BOD Handler
   98 0000008C 00000000        DCD              uart2_handler ; UART 2 Handler
   99 00000090 00000000        DCD              commsubsystem_handler ; CommSub
                                                            system Handler
  100 00000094 00000000        DCD              Pwm0_Handler ; PWM0 Handler
  101 00000098 00000000        DCD              Pwm1_Handler ; PWM1 Handler
  102 0000009C 00000000        DCD              Pwm2_Handler ; PWM2 Handler
  103 000000A0 00000000        DCD              Pwm3_Handler ; PWM3 Handler
  104 000000A4 00000000        DCD              Pwm4_Handler ; PWM4 Handler
  105 000000A8 00000000        DCD              Sadc_Handler ; SADC Handler
  106 000000AC 00000000        DCD              crypto_handler ; Crypto Handler
                                                            
  107 000000B0 00000000        DCD              Timer2_Handler ; TIMER2 Handler
                                                            
  108 000000B4 00000000        DCD              qspi1_handler ; QSPI1 Handler
  109 000000B8 00000000        DCD              Sw_Handler  ; Software Handler
  110 000000BC 00000000        DCD              trng_handler ; TRNG Handler
  111 000000C0 00000000        DCD              Comp_Handler ; COMPARATOR Handl
                                                            er
  112 000000C4         __Vectors_End
  113 000000C4         
  114 000000C4 000000C4 
                       __Vectors_Size
                               EQU              __Vectors_End - __Vectors
  115 000000C4         
  116 000000C4                 AREA             |.text|, CODE, READONLY
  117 00000000         
  118 00000000         
  119 00000000         ; Reset Handler
  120 00000000         
  121 00000000         Reset_Handler
                               PROC
  122 00000000                 EXPORT           Reset_Handler             [WEAK
]
  123 00000000                 IMPORT           SystemInit
  124 00000000                 IMPORT           __main
  125 00000000 4806            LDR              R0, =SystemInit
  126 00000002 4780            BLX              R0
  127 00000004 4806            LDR              R0, =__main
  128 00000006 4700            BX               R0
  129 00000008                 ENDP
  130 00000008         
  131 00000008         
  132 00000008         ; Dummy Exception Handlers (infinite loops which can be 
                       modified)
  133 00000008         
  134 00000008         NMI_Handler
                               PROC
  135 00000008                 EXPORT           NMI_Handler               [WEAK
]
  136 00000008 E7FE            B                .
  137 0000000A                 ENDP
  139 0000000A         HardFault_Handler
                               PROC



ARM Macro Assembler    Page 4 


  140 0000000A                 EXPORT           HardFault_Handler         [WEAK
]
  141 0000000A E7FE            B                .
  142 0000000C                 ENDP
  144 0000000C         MemManage_Handler
                               PROC
  145 0000000C                 EXPORT           MemManage_Handler         [WEAK
]
  146 0000000C E7FE            B                .
  147 0000000E                 ENDP
  149 0000000E         BusFault_Handler
                               PROC
  150 0000000E                 EXPORT           BusFault_Handler          [WEAK
]
  151 0000000E E7FE            B                .
  152 00000010                 ENDP
  154 00000010         UsageFault_Handler
                               PROC
  155 00000010                 EXPORT           UsageFault_Handler        [WEAK
]
  156 00000010 E7FE            B                .
  157 00000012                 ENDP
  158 00000012         SVC_Handler
                               PROC
  159 00000012                 EXPORT           SVC_Handler               [WEAK
]
  160 00000012 E7FE            B                .
  161 00000014                 ENDP
  163 00000014         DebugMon_Handler
                               PROC
  164 00000014                 EXPORT           DebugMon_Handler          [WEAK
]
  165 00000014 E7FE            B                .
  166 00000016                 ENDP
  168 00000016         PendSV_Handler
                               PROC
  169 00000016                 EXPORT           PendSV_Handler            [WEAK
]
  170 00000016 E7FE            B                .
  171 00000018                 ENDP
  173 00000018         SysTick_Handler
                               PROC
  174 00000018                 EXPORT           SysTick_Handler           [WEAK
]
  175 00000018 E7FE            B                .
  176 0000001A                 ENDP
  177 0000001A         
  178 0000001A         Default_Handler
                               PROC
  179 0000001A         
  180 0000001A                 EXPORT           gpio_handler               [WEA
K]
  181 0000001A                 EXPORT           Timer0_Handler             [WEA
K]
  182 0000001A                 EXPORT           Timer1_Handler             [WEA
K]
  183 0000001A                 EXPORT           Wdt_Handler                [WEA
K]
  184 0000001A                 EXPORT           uart0_handler              [WEA



ARM Macro Assembler    Page 5 


K]
  185 0000001A                 EXPORT           i2cm_handler               [WEA
K]
  186 0000001A                 EXPORT           flashctl_handler           [WEA
K]
  187 0000001A                 EXPORT           uart1_handler              [WEA
K]
  188 0000001A                 EXPORT           rtc_handler                [WEA
K]
  189 0000001A                 EXPORT           dma0_c0_handler            [WEA
K]
  190 0000001A                 EXPORT           dma0_c1_handler            [WEA
K]
  191 0000001A                 EXPORT           dma0_c2_handler            [WEA
K]
  192 0000001A                 EXPORT           dma0_c3_handler            [WEA
K]
  193 0000001A                 EXPORT           qspi0_handler              [WEA
K]
  194 0000001A                 EXPORT           I2s_Handler                [WEA
K]
  195 0000001A                 EXPORT           Timer3_Handler             [WEA
K]
  196 0000001A                 EXPORT           Timer4_Handler             [WEA
K]
  197 0000001A                 EXPORT           dma1_c2_handler            [WEA
K]
  198 0000001A                 EXPORT           bod_handler                [WEA
K]
  199 0000001A                 EXPORT           uart2_handler              [WEA
K]
  200 0000001A                 EXPORT           commsubsystem_handler      [WEA
K]
  201 0000001A                 EXPORT           Pwm0_Handler               [WEA
K]
  202 0000001A                 EXPORT           Pwm1_Handler               [WEA
K]
  203 0000001A                 EXPORT           Pwm2_Handler               [WEA
K]
  204 0000001A                 EXPORT           Pwm3_Handler               [WEA
K]
  205 0000001A                 EXPORT           Pwm4_Handler               [WEA
K]
  206 0000001A                 EXPORT           Sadc_Handler               [WEA
K]
  207 0000001A                 EXPORT           crypto_handler             [WEA
K]
  208 0000001A                 EXPORT           Timer2_Handler             [WEA
K]
  209 0000001A                 EXPORT           qspi1_handler              [WEA
K]
  210 0000001A                 EXPORT           Sw_Handler                 [WEA
K]
  211 0000001A                 EXPORT           trng_handler               [WEA
K]
  212 0000001A                 EXPORT           Comp_Handler               [WEA
K]
  213 0000001A         
  214 0000001A         gpio_handler



ARM Macro Assembler    Page 6 


  215 0000001A         Timer0_Handler
  216 0000001A         Timer1_Handler
  217 0000001A         Wdt_Handler
  218 0000001A         uart0_handler
  219 0000001A         i2cm_handler
  220 0000001A         flashctl_handler
  221 0000001A         uart1_handler
  222 0000001A         rtc_handler
  223 0000001A         dma0_c0_handler
  224 0000001A         dma0_c1_handler
  225 0000001A         dma0_c2_handler
  226 0000001A         dma0_c3_handler
  227 0000001A         qspi0_handler
  228 0000001A         I2s_Handler
  229 0000001A         Timer3_Handler
  230 0000001A         Timer4_Handler
  231 0000001A         dma1_c2_handler
  232 0000001A         bod_handler
  233 0000001A         uart2_handler
  234 0000001A         commsubsystem_handler
  235 0000001A         Pwm0_Handler
  236 0000001A         Pwm1_Handler
  237 0000001A         Pwm2_Handler
  238 0000001A         Pwm3_Handler
  239 0000001A         Pwm4_Handler
  240 0000001A         Sadc_Handler
  241 0000001A         crypto_handler
  242 0000001A         Timer2_Handler
  243 0000001A         qspi1_handler
  244 0000001A         Sw_Handler
  245 0000001A         trng_handler
  246 0000001A         Comp_Handler
  247 0000001A E7FE            B                .
  248 0000001C                 ENDP
  249 0000001C         
  250 0000001C         
  251 0000001C                 ALIGN
  252 0000001C         
  253 0000001C         
  254 0000001C         ; User Initial Stack & Heap
  255 0000001C         
  256 0000001C                 IF               :DEF:__MICROLIB
  257 0000001C         
  258 0000001C                 EXPORT           __initial_sp
  259 0000001C                 EXPORT           __heap_base
  260 0000001C                 EXPORT           __heap_limit
  261 0000001C         
  262 0000001C                 ELSE
  277                          ENDIF
  278 0000001C         
  279 0000001C         
  280 0000001C                 END
              00000000 
              00000000 
Command Line: --debug --xref --diag_suppress=9931,A1950W --cpu=Cortex-M3 --depe
nd=.\objects\startup_cm3_mcu.d -o.\objects\startup_cm3_mcu.o -I.\RTE\_das_subg_
thread -IC:\Keil_v5\ARM\Pack\ARM\CMSIS\6.0.0\CMSIS\Core\Include -IC:\Keil_v5\AR
M\Pack\ARM\Cortex_DFP\1.0.0\Device\ARMCM3\Include -IC:\Keil_v5\ARM\Pack\ARM\Cor
tex_DFP\1.0.0\Device\ARM\ARMCM3\Include --predefine="__MICROLIB SETA 1" --prede



ARM Macro Assembler    Page 7 


fine="__UVISION_VERSION SETA 539" --predefine="_RTE_ SETA 1" --predefine="ARMCM
3 SETA 1" --predefine="_RTE_ SETA 1" --predefine="USE_FREERTOS SETA 1" --list=.
\listings\startup_cm3_mcu.lst ..\..\..\components\platform\soc\rt582\rt582_dong
le\dongle\src\boot\ARM\startup_cm3_mcu.s



ARM Macro Assembler    Page 1 Alphabetic symbol ordering
Relocatable symbols

STACK 00000000

Symbol: STACK
   Definitions
      At line 15 in file ..\..\..\components\platform\soc\rt582\rt582_dongle\do
ngle\src\boot\ARM\startup_cm3_mcu.s
   Uses
      None
Comment: STACK unused
Stack_Mem 00000000

Symbol: Stack_Mem
   Definitions
      At line 16 in file ..\..\..\components\platform\soc\rt582\rt582_dongle\do
ngle\src\boot\ARM\startup_cm3_mcu.s
   Uses
      None
Comment: Stack_Mem unused
__initial_sp 00000800

Symbol: __initial_sp
   Definitions
      At line 17 in file ..\..\..\components\platform\soc\rt582\rt582_dongle\do
ngle\src\boot\ARM\startup_cm3_mcu.s
   Uses
      At line 52 in file ..\..\..\components\platform\soc\rt582\rt582_dongle\do
ngle\src\boot\ARM\startup_cm3_mcu.s
      At line 258 in file ..\..\..\components\platform\soc\rt582\rt582_dongle\d
ongle\src\boot\ARM\startup_cm3_mcu.s

3 symbols



ARM Macro Assembler    Page 1 Alphabetic symbol ordering
Relocatable symbols

HEAP 00000000

Symbol: HEAP
   Definitions
      At line 30 in file ..\..\..\components\platform\soc\rt582\rt582_dongle\do
ngle\src\boot\ARM\startup_cm3_mcu.s
   Uses
      None
Comment: HEAP unused
Heap_Mem 00000000

Symbol: Heap_Mem
   Definitions
      At line 32 in file ..\..\..\components\platform\soc\rt582\rt582_dongle\do
ngle\src\boot\ARM\startup_cm3_mcu.s
   Uses
      None
Comment: Heap_Mem unused
__heap_base 00000000

Symbol: __heap_base
   Definitions
      At line 31 in file ..\..\..\components\platform\soc\rt582\rt582_dongle\do
ngle\src\boot\ARM\startup_cm3_mcu.s
   Uses
      At line 259 in file ..\..\..\components\platform\soc\rt582\rt582_dongle\d
ongle\src\boot\ARM\startup_cm3_mcu.s
Comment: __heap_base used once
__heap_limit 00000800

Symbol: __heap_limit
   Definitions
      At line 33 in file ..\..\..\components\platform\soc\rt582\rt582_dongle\do
ngle\src\boot\ARM\startup_cm3_mcu.s
   Uses
      At line 260 in file ..\..\..\components\platform\soc\rt582\rt582_dongle\d
ongle\src\boot\ARM\startup_cm3_mcu.s
Comment: __heap_limit used once
4 symbols



ARM Macro Assembler    Page 1 Alphabetic symbol ordering
Relocatable symbols

RESET 00000000

Symbol: RESET
   Definitions
      At line 47 in file ..\..\..\components\platform\soc\rt582\rt582_dongle\do
ngle\src\boot\ARM\startup_cm3_mcu.s
   Uses
      None
Comment: RESET unused
__Vectors 00000000

Symbol: __Vectors
   Definitions
      At line 52 in file ..\..\..\components\platform\soc\rt582\rt582_dongle\do
ngle\src\boot\ARM\startup_cm3_mcu.s
   Uses
      At line 48 in file ..\..\..\components\platform\soc\rt582\rt582_dongle\do
ngle\src\boot\ARM\startup_cm3_mcu.s
      At line 114 in file ..\..\..\components\platform\soc\rt582\rt582_dongle\d
ongle\src\boot\ARM\startup_cm3_mcu.s

__Vectors_End 000000C4

Symbol: __Vectors_End
   Definitions
      At line 112 in file ..\..\..\components\platform\soc\rt582\rt582_dongle\d
ongle\src\boot\ARM\startup_cm3_mcu.s
   Uses
      At line 49 in file ..\..\..\components\platform\soc\rt582\rt582_dongle\do
ngle\src\boot\ARM\startup_cm3_mcu.s
      At line 114 in file ..\..\..\components\platform\soc\rt582\rt582_dongle\d
ongle\src\boot\ARM\startup_cm3_mcu.s

3 symbols



ARM Macro Assembler    Page 1 Alphabetic symbol ordering
Relocatable symbols

.text 00000000

Symbol: .text
   Definitions
      At line 116 in file ..\..\..\components\platform\soc\rt582\rt582_dongle\d
ongle\src\boot\ARM\startup_cm3_mcu.s
   Uses
      None
Comment: .text unused
BusFault_Handler 0000000E

Symbol: BusFault_Handler
   Definitions
      At line 149 in file ..\..\..\components\platform\soc\rt582\rt582_dongle\d
ongle\src\boot\ARM\startup_cm3_mcu.s
   Uses
      At line 57 in file ..\..\..\components\platform\soc\rt582\rt582_dongle\do
ngle\src\boot\ARM\startup_cm3_mcu.s
      At line 150 in file ..\..\..\components\platform\soc\rt582\rt582_dongle\d
ongle\src\boot\ARM\startup_cm3_mcu.s

Comp_Handler 0000001A

Symbol: Comp_Handler
   Definitions
      At line 246 in file ..\..\..\components\platform\soc\rt582\rt582_dongle\d
ongle\src\boot\ARM\startup_cm3_mcu.s
   Uses
      At line 111 in file ..\..\..\components\platform\soc\rt582\rt582_dongle\d
ongle\src\boot\ARM\startup_cm3_mcu.s
      At line 212 in file ..\..\..\components\platform\soc\rt582\rt582_dongle\d
ongle\src\boot\ARM\startup_cm3_mcu.s

DebugMon_Handler 00000014

Symbol: DebugMon_Handler
   Definitions
      At line 163 in file ..\..\..\components\platform\soc\rt582\rt582_dongle\d
ongle\src\boot\ARM\startup_cm3_mcu.s
   Uses
      At line 68 in file ..\..\..\components\platform\soc\rt582\rt582_dongle\do
ngle\src\boot\ARM\startup_cm3_mcu.s
      At line 164 in file ..\..\..\components\platform\soc\rt582\rt582_dongle\d
ongle\src\boot\ARM\startup_cm3_mcu.s

Default_Handler 0000001A

Symbol: Default_Handler
   Definitions
      At line 178 in file ..\..\..\components\platform\soc\rt582\rt582_dongle\d
ongle\src\boot\ARM\startup_cm3_mcu.s
   Uses
      None
Comment: Default_Handler unused
HardFault_Handler 0000000A

Symbol: HardFault_Handler
   Definitions
      At line 139 in file ..\..\..\components\platform\soc\rt582\rt582_dongle\d



ARM Macro Assembler    Page 2 Alphabetic symbol ordering
Relocatable symbols

ongle\src\boot\ARM\startup_cm3_mcu.s
   Uses
      At line 55 in file ..\..\..\components\platform\soc\rt582\rt582_dongle\do
ngle\src\boot\ARM\startup_cm3_mcu.s
      At line 140 in file ..\..\..\components\platform\soc\rt582\rt582_dongle\d
ongle\src\boot\ARM\startup_cm3_mcu.s

I2s_Handler 0000001A

Symbol: I2s_Handler
   Definitions
      At line 228 in file ..\..\..\components\platform\soc\rt582\rt582_dongle\d
ongle\src\boot\ARM\startup_cm3_mcu.s
   Uses
      At line 93 in file ..\..\..\components\platform\soc\rt582\rt582_dongle\do
ngle\src\boot\ARM\startup_cm3_mcu.s
      At line 194 in file ..\..\..\components\platform\soc\rt582\rt582_dongle\d
ongle\src\boot\ARM\startup_cm3_mcu.s

MemManage_Handler 0000000C

Symbol: MemManage_Handler
   Definitions
      At line 144 in file ..\..\..\components\platform\soc\rt582\rt582_dongle\d
ongle\src\boot\ARM\startup_cm3_mcu.s
   Uses
      At line 56 in file ..\..\..\components\platform\soc\rt582\rt582_dongle\do
ngle\src\boot\ARM\startup_cm3_mcu.s
      At line 145 in file ..\..\..\components\platform\soc\rt582\rt582_dongle\d
ongle\src\boot\ARM\startup_cm3_mcu.s

NMI_Handler 00000008

Symbol: NMI_Handler
   Definitions
      At line 134 in file ..\..\..\components\platform\soc\rt582\rt582_dongle\d
ongle\src\boot\ARM\startup_cm3_mcu.s
   Uses
      At line 54 in file ..\..\..\components\platform\soc\rt582\rt582_dongle\do
ngle\src\boot\ARM\startup_cm3_mcu.s
      At line 135 in file ..\..\..\components\platform\soc\rt582\rt582_dongle\d
ongle\src\boot\ARM\startup_cm3_mcu.s

PendSV_Handler 00000016

Symbol: PendSV_Handler
   Definitions
      At line 168 in file ..\..\..\components\platform\soc\rt582\rt582_dongle\d
ongle\src\boot\ARM\startup_cm3_mcu.s
   Uses
      At line 169 in file ..\..\..\components\platform\soc\rt582\rt582_dongle\d
ongle\src\boot\ARM\startup_cm3_mcu.s
Comment: PendSV_Handler used once
Pwm0_Handler 0000001A

Symbol: Pwm0_Handler
   Definitions
      At line 235 in file ..\..\..\components\platform\soc\rt582\rt582_dongle\d
ongle\src\boot\ARM\startup_cm3_mcu.s



ARM Macro Assembler    Page 3 Alphabetic symbol ordering
Relocatable symbols

   Uses
      At line 100 in file ..\..\..\components\platform\soc\rt582\rt582_dongle\d
ongle\src\boot\ARM\startup_cm3_mcu.s
      At line 201 in file ..\..\..\components\platform\soc\rt582\rt582_dongle\d
ongle\src\boot\ARM\startup_cm3_mcu.s

Pwm1_Handler 0000001A

Symbol: Pwm1_Handler
   Definitions
      At line 236 in file ..\..\..\components\platform\soc\rt582\rt582_dongle\d
ongle\src\boot\ARM\startup_cm3_mcu.s
   Uses
      At line 101 in file ..\..\..\components\platform\soc\rt582\rt582_dongle\d
ongle\src\boot\ARM\startup_cm3_mcu.s
      At line 202 in file ..\..\..\components\platform\soc\rt582\rt582_dongle\d
ongle\src\boot\ARM\startup_cm3_mcu.s

Pwm2_Handler 0000001A

Symbol: Pwm2_Handler
   Definitions
      At line 237 in file ..\..\..\components\platform\soc\rt582\rt582_dongle\d
ongle\src\boot\ARM\startup_cm3_mcu.s
   Uses
      At line 102 in file ..\..\..\components\platform\soc\rt582\rt582_dongle\d
ongle\src\boot\ARM\startup_cm3_mcu.s
      At line 203 in file ..\..\..\components\platform\soc\rt582\rt582_dongle\d
ongle\src\boot\ARM\startup_cm3_mcu.s

Pwm3_Handler 0000001A

Symbol: Pwm3_Handler
   Definitions
      At line 238 in file ..\..\..\components\platform\soc\rt582\rt582_dongle\d
ongle\src\boot\ARM\startup_cm3_mcu.s
   Uses
      At line 103 in file ..\..\..\components\platform\soc\rt582\rt582_dongle\d
ongle\src\boot\ARM\startup_cm3_mcu.s
      At line 204 in file ..\..\..\components\platform\soc\rt582\rt582_dongle\d
ongle\src\boot\ARM\startup_cm3_mcu.s

Pwm4_Handler 0000001A

Symbol: Pwm4_Handler
   Definitions
      At line 239 in file ..\..\..\components\platform\soc\rt582\rt582_dongle\d
ongle\src\boot\ARM\startup_cm3_mcu.s
   Uses
      At line 104 in file ..\..\..\components\platform\soc\rt582\rt582_dongle\d
ongle\src\boot\ARM\startup_cm3_mcu.s
      At line 205 in file ..\..\..\components\platform\soc\rt582\rt582_dongle\d
ongle\src\boot\ARM\startup_cm3_mcu.s

Reset_Handler 00000000

Symbol: Reset_Handler
   Definitions
      At line 121 in file ..\..\..\components\platform\soc\rt582\rt582_dongle\d



ARM Macro Assembler    Page 4 Alphabetic symbol ordering
Relocatable symbols

ongle\src\boot\ARM\startup_cm3_mcu.s
   Uses
      At line 53 in file ..\..\..\components\platform\soc\rt582\rt582_dongle\do
ngle\src\boot\ARM\startup_cm3_mcu.s
      At line 122 in file ..\..\..\components\platform\soc\rt582\rt582_dongle\d
ongle\src\boot\ARM\startup_cm3_mcu.s

SVC_Handler 00000012

Symbol: SVC_Handler
   Definitions
      At line 158 in file ..\..\..\components\platform\soc\rt582\rt582_dongle\d
ongle\src\boot\ARM\startup_cm3_mcu.s
   Uses
      At line 159 in file ..\..\..\components\platform\soc\rt582\rt582_dongle\d
ongle\src\boot\ARM\startup_cm3_mcu.s
Comment: SVC_Handler used once
Sadc_Handler 0000001A

Symbol: Sadc_Handler
   Definitions
      At line 240 in file ..\..\..\components\platform\soc\rt582\rt582_dongle\d
ongle\src\boot\ARM\startup_cm3_mcu.s
   Uses
      At line 105 in file ..\..\..\components\platform\soc\rt582\rt582_dongle\d
ongle\src\boot\ARM\startup_cm3_mcu.s
      At line 206 in file ..\..\..\components\platform\soc\rt582\rt582_dongle\d
ongle\src\boot\ARM\startup_cm3_mcu.s

Sw_Handler 0000001A

Symbol: Sw_Handler
   Definitions
      At line 244 in file ..\..\..\components\platform\soc\rt582\rt582_dongle\d
ongle\src\boot\ARM\startup_cm3_mcu.s
   Uses
      At line 109 in file ..\..\..\components\platform\soc\rt582\rt582_dongle\d
ongle\src\boot\ARM\startup_cm3_mcu.s
      At line 210 in file ..\..\..\components\platform\soc\rt582\rt582_dongle\d
ongle\src\boot\ARM\startup_cm3_mcu.s

SysTick_Handler 00000018

Symbol: SysTick_Handler
   Definitions
      At line 173 in file ..\..\..\components\platform\soc\rt582\rt582_dongle\d
ongle\src\boot\ARM\startup_cm3_mcu.s
   Uses
      At line 174 in file ..\..\..\components\platform\soc\rt582\rt582_dongle\d
ongle\src\boot\ARM\startup_cm3_mcu.s
Comment: SysTick_Handler used once
Timer0_Handler 0000001A

Symbol: Timer0_Handler
   Definitions
      At line 215 in file ..\..\..\components\platform\soc\rt582\rt582_dongle\d
ongle\src\boot\ARM\startup_cm3_mcu.s
   Uses
      At line 80 in file ..\..\..\components\platform\soc\rt582\rt582_dongle\do



ARM Macro Assembler    Page 5 Alphabetic symbol ordering
Relocatable symbols

ngle\src\boot\ARM\startup_cm3_mcu.s
      At line 181 in file ..\..\..\components\platform\soc\rt582\rt582_dongle\d
ongle\src\boot\ARM\startup_cm3_mcu.s

Timer1_Handler 0000001A

Symbol: Timer1_Handler
   Definitions
      At line 216 in file ..\..\..\components\platform\soc\rt582\rt582_dongle\d
ongle\src\boot\ARM\startup_cm3_mcu.s
   Uses
      At line 81 in file ..\..\..\components\platform\soc\rt582\rt582_dongle\do
ngle\src\boot\ARM\startup_cm3_mcu.s
      At line 182 in file ..\..\..\components\platform\soc\rt582\rt582_dongle\d
ongle\src\boot\ARM\startup_cm3_mcu.s

Timer2_Handler 0000001A

Symbol: Timer2_Handler
   Definitions
      At line 242 in file ..\..\..\components\platform\soc\rt582\rt582_dongle\d
ongle\src\boot\ARM\startup_cm3_mcu.s
   Uses
      At line 107 in file ..\..\..\components\platform\soc\rt582\rt582_dongle\d
ongle\src\boot\ARM\startup_cm3_mcu.s
      At line 208 in file ..\..\..\components\platform\soc\rt582\rt582_dongle\d
ongle\src\boot\ARM\startup_cm3_mcu.s

Timer3_Handler 0000001A

Symbol: Timer3_Handler
   Definitions
      At line 229 in file ..\..\..\components\platform\soc\rt582\rt582_dongle\d
ongle\src\boot\ARM\startup_cm3_mcu.s
   Uses
      At line 94 in file ..\..\..\components\platform\soc\rt582\rt582_dongle\do
ngle\src\boot\ARM\startup_cm3_mcu.s
      At line 195 in file ..\..\..\components\platform\soc\rt582\rt582_dongle\d
ongle\src\boot\ARM\startup_cm3_mcu.s

Timer4_Handler 0000001A

Symbol: Timer4_Handler
   Definitions
      At line 230 in file ..\..\..\components\platform\soc\rt582\rt582_dongle\d
ongle\src\boot\ARM\startup_cm3_mcu.s
   Uses
      At line 95 in file ..\..\..\components\platform\soc\rt582\rt582_dongle\do
ngle\src\boot\ARM\startup_cm3_mcu.s
      At line 196 in file ..\..\..\components\platform\soc\rt582\rt582_dongle\d
ongle\src\boot\ARM\startup_cm3_mcu.s

UsageFault_Handler 00000010

Symbol: UsageFault_Handler
   Definitions
      At line 154 in file ..\..\..\components\platform\soc\rt582\rt582_dongle\d
ongle\src\boot\ARM\startup_cm3_mcu.s
   Uses



ARM Macro Assembler    Page 6 Alphabetic symbol ordering
Relocatable symbols

      At line 58 in file ..\..\..\components\platform\soc\rt582\rt582_dongle\do
ngle\src\boot\ARM\startup_cm3_mcu.s
      At line 155 in file ..\..\..\components\platform\soc\rt582\rt582_dongle\d
ongle\src\boot\ARM\startup_cm3_mcu.s

Wdt_Handler 0000001A

Symbol: Wdt_Handler
   Definitions
      At line 217 in file ..\..\..\components\platform\soc\rt582\rt582_dongle\d
ongle\src\boot\ARM\startup_cm3_mcu.s
   Uses
      At line 82 in file ..\..\..\components\platform\soc\rt582\rt582_dongle\do
ngle\src\boot\ARM\startup_cm3_mcu.s
      At line 183 in file ..\..\..\components\platform\soc\rt582\rt582_dongle\d
ongle\src\boot\ARM\startup_cm3_mcu.s

bod_handler 0000001A

Symbol: bod_handler
   Definitions
      At line 232 in file ..\..\..\components\platform\soc\rt582\rt582_dongle\d
ongle\src\boot\ARM\startup_cm3_mcu.s
   Uses
      At line 97 in file ..\..\..\components\platform\soc\rt582\rt582_dongle\do
ngle\src\boot\ARM\startup_cm3_mcu.s
      At line 198 in file ..\..\..\components\platform\soc\rt582\rt582_dongle\d
ongle\src\boot\ARM\startup_cm3_mcu.s

commsubsystem_handler 0000001A

Symbol: commsubsystem_handler
   Definitions
      At line 234 in file ..\..\..\components\platform\soc\rt582\rt582_dongle\d
ongle\src\boot\ARM\startup_cm3_mcu.s
   Uses
      At line 99 in file ..\..\..\components\platform\soc\rt582\rt582_dongle\do
ngle\src\boot\ARM\startup_cm3_mcu.s
      At line 200 in file ..\..\..\components\platform\soc\rt582\rt582_dongle\d
ongle\src\boot\ARM\startup_cm3_mcu.s

crypto_handler 0000001A

Symbol: crypto_handler
   Definitions
      At line 241 in file ..\..\..\components\platform\soc\rt582\rt582_dongle\d
ongle\src\boot\ARM\startup_cm3_mcu.s
   Uses
      At line 106 in file ..\..\..\components\platform\soc\rt582\rt582_dongle\d
ongle\src\boot\ARM\startup_cm3_mcu.s
      At line 207 in file ..\..\..\components\platform\soc\rt582\rt582_dongle\d
ongle\src\boot\ARM\startup_cm3_mcu.s

dma0_c0_handler 0000001A

Symbol: dma0_c0_handler
   Definitions
      At line 223 in file ..\..\..\components\platform\soc\rt582\rt582_dongle\d
ongle\src\boot\ARM\startup_cm3_mcu.s



ARM Macro Assembler    Page 7 Alphabetic symbol ordering
Relocatable symbols

   Uses
      At line 88 in file ..\..\..\components\platform\soc\rt582\rt582_dongle\do
ngle\src\boot\ARM\startup_cm3_mcu.s
      At line 189 in file ..\..\..\components\platform\soc\rt582\rt582_dongle\d
ongle\src\boot\ARM\startup_cm3_mcu.s

dma0_c1_handler 0000001A

Symbol: dma0_c1_handler
   Definitions
      At line 224 in file ..\..\..\components\platform\soc\rt582\rt582_dongle\d
ongle\src\boot\ARM\startup_cm3_mcu.s
   Uses
      At line 89 in file ..\..\..\components\platform\soc\rt582\rt582_dongle\do
ngle\src\boot\ARM\startup_cm3_mcu.s
      At line 190 in file ..\..\..\components\platform\soc\rt582\rt582_dongle\d
ongle\src\boot\ARM\startup_cm3_mcu.s

dma0_c2_handler 0000001A

Symbol: dma0_c2_handler
   Definitions
      At line 225 in file ..\..\..\components\platform\soc\rt582\rt582_dongle\d
ongle\src\boot\ARM\startup_cm3_mcu.s
   Uses
      At line 90 in file ..\..\..\components\platform\soc\rt582\rt582_dongle\do
ngle\src\boot\ARM\startup_cm3_mcu.s
      At line 191 in file ..\..\..\components\platform\soc\rt582\rt582_dongle\d
ongle\src\boot\ARM\startup_cm3_mcu.s

dma0_c3_handler 0000001A

Symbol: dma0_c3_handler
   Definitions
      At line 226 in file ..\..\..\components\platform\soc\rt582\rt582_dongle\d
ongle\src\boot\ARM\startup_cm3_mcu.s
   Uses
      At line 91 in file ..\..\..\components\platform\soc\rt582\rt582_dongle\do
ngle\src\boot\ARM\startup_cm3_mcu.s
      At line 192 in file ..\..\..\components\platform\soc\rt582\rt582_dongle\d
ongle\src\boot\ARM\startup_cm3_mcu.s

dma1_c2_handler 0000001A

Symbol: dma1_c2_handler
   Definitions
      At line 231 in file ..\..\..\components\platform\soc\rt582\rt582_dongle\d
ongle\src\boot\ARM\startup_cm3_mcu.s
   Uses
      At line 96 in file ..\..\..\components\platform\soc\rt582\rt582_dongle\do
ngle\src\boot\ARM\startup_cm3_mcu.s
      At line 197 in file ..\..\..\components\platform\soc\rt582\rt582_dongle\d
ongle\src\boot\ARM\startup_cm3_mcu.s

flashctl_handler 0000001A

Symbol: flashctl_handler
   Definitions
      At line 220 in file ..\..\..\components\platform\soc\rt582\rt582_dongle\d



ARM Macro Assembler    Page 8 Alphabetic symbol ordering
Relocatable symbols

ongle\src\boot\ARM\startup_cm3_mcu.s
   Uses
      At line 85 in file ..\..\..\components\platform\soc\rt582\rt582_dongle\do
ngle\src\boot\ARM\startup_cm3_mcu.s
      At line 186 in file ..\..\..\components\platform\soc\rt582\rt582_dongle\d
ongle\src\boot\ARM\startup_cm3_mcu.s

gpio_handler 0000001A

Symbol: gpio_handler
   Definitions
      At line 214 in file ..\..\..\components\platform\soc\rt582\rt582_dongle\d
ongle\src\boot\ARM\startup_cm3_mcu.s
   Uses
      At line 79 in file ..\..\..\components\platform\soc\rt582\rt582_dongle\do
ngle\src\boot\ARM\startup_cm3_mcu.s
      At line 180 in file ..\..\..\components\platform\soc\rt582\rt582_dongle\d
ongle\src\boot\ARM\startup_cm3_mcu.s

i2cm_handler 0000001A

Symbol: i2cm_handler
   Definitions
      At line 219 in file ..\..\..\components\platform\soc\rt582\rt582_dongle\d
ongle\src\boot\ARM\startup_cm3_mcu.s
   Uses
      At line 84 in file ..\..\..\components\platform\soc\rt582\rt582_dongle\do
ngle\src\boot\ARM\startup_cm3_mcu.s
      At line 185 in file ..\..\..\components\platform\soc\rt582\rt582_dongle\d
ongle\src\boot\ARM\startup_cm3_mcu.s

qspi0_handler 0000001A

Symbol: qspi0_handler
   Definitions
      At line 227 in file ..\..\..\components\platform\soc\rt582\rt582_dongle\d
ongle\src\boot\ARM\startup_cm3_mcu.s
   Uses
      At line 92 in file ..\..\..\components\platform\soc\rt582\rt582_dongle\do
ngle\src\boot\ARM\startup_cm3_mcu.s
      At line 193 in file ..\..\..\components\platform\soc\rt582\rt582_dongle\d
ongle\src\boot\ARM\startup_cm3_mcu.s

qspi1_handler 0000001A

Symbol: qspi1_handler
   Definitions
      At line 243 in file ..\..\..\components\platform\soc\rt582\rt582_dongle\d
ongle\src\boot\ARM\startup_cm3_mcu.s
   Uses
      At line 108 in file ..\..\..\components\platform\soc\rt582\rt582_dongle\d
ongle\src\boot\ARM\startup_cm3_mcu.s
      At line 209 in file ..\..\..\components\platform\soc\rt582\rt582_dongle\d
ongle\src\boot\ARM\startup_cm3_mcu.s

rtc_handler 0000001A

Symbol: rtc_handler
   Definitions



ARM Macro Assembler    Page 9 Alphabetic symbol ordering
Relocatable symbols

      At line 222 in file ..\..\..\components\platform\soc\rt582\rt582_dongle\d
ongle\src\boot\ARM\startup_cm3_mcu.s
   Uses
      At line 87 in file ..\..\..\components\platform\soc\rt582\rt582_dongle\do
ngle\src\boot\ARM\startup_cm3_mcu.s
      At line 188 in file ..\..\..\components\platform\soc\rt582\rt582_dongle\d
ongle\src\boot\ARM\startup_cm3_mcu.s

trng_handler 0000001A

Symbol: trng_handler
   Definitions
      At line 245 in file ..\..\..\components\platform\soc\rt582\rt582_dongle\d
ongle\src\boot\ARM\startup_cm3_mcu.s
   Uses
      At line 110 in file ..\..\..\components\platform\soc\rt582\rt582_dongle\d
ongle\src\boot\ARM\startup_cm3_mcu.s
      At line 211 in file ..\..\..\components\platform\soc\rt582\rt582_dongle\d
ongle\src\boot\ARM\startup_cm3_mcu.s

uart0_handler 0000001A

Symbol: uart0_handler
   Definitions
      At line 218 in file ..\..\..\components\platform\soc\rt582\rt582_dongle\d
ongle\src\boot\ARM\startup_cm3_mcu.s
   Uses
      At line 83 in file ..\..\..\components\platform\soc\rt582\rt582_dongle\do
ngle\src\boot\ARM\startup_cm3_mcu.s
      At line 184 in file ..\..\..\components\platform\soc\rt582\rt582_dongle\d
ongle\src\boot\ARM\startup_cm3_mcu.s

uart1_handler 0000001A

Symbol: uart1_handler
   Definitions
      At line 221 in file ..\..\..\components\platform\soc\rt582\rt582_dongle\d
ongle\src\boot\ARM\startup_cm3_mcu.s
   Uses
      At line 86 in file ..\..\..\components\platform\soc\rt582\rt582_dongle\do
ngle\src\boot\ARM\startup_cm3_mcu.s
      At line 187 in file ..\..\..\components\platform\soc\rt582\rt582_dongle\d
ongle\src\boot\ARM\startup_cm3_mcu.s

uart2_handler 0000001A

Symbol: uart2_handler
   Definitions
      At line 233 in file ..\..\..\components\platform\soc\rt582\rt582_dongle\d
ongle\src\boot\ARM\startup_cm3_mcu.s
   Uses
      At line 98 in file ..\..\..\components\platform\soc\rt582\rt582_dongle\do
ngle\src\boot\ARM\startup_cm3_mcu.s
      At line 199 in file ..\..\..\components\platform\soc\rt582\rt582_dongle\d
ongle\src\boot\ARM\startup_cm3_mcu.s

45 symbols



ARM Macro Assembler    Page 1 Alphabetic symbol ordering
Absolute symbols

Heap_Size 00000800

Symbol: Heap_Size
   Definitions
      At line 27 in file ..\..\..\components\platform\soc\rt582\rt582_dongle\do
ngle\src\boot\ARM\startup_cm3_mcu.s
   Uses
      At line 32 in file ..\..\..\components\platform\soc\rt582\rt582_dongle\do
ngle\src\boot\ARM\startup_cm3_mcu.s
Comment: Heap_Size used once
Stack_Size 00000800

Symbol: Stack_Size
   Definitions
      At line 13 in file ..\..\..\components\platform\soc\rt582\rt582_dongle\do
ngle\src\boot\ARM\startup_cm3_mcu.s
   Uses
      At line 16 in file ..\..\..\components\platform\soc\rt582\rt582_dongle\do
ngle\src\boot\ARM\startup_cm3_mcu.s
Comment: Stack_Size used once
__Vectors_Size 000000C4

Symbol: __Vectors_Size
   Definitions
      At line 114 in file ..\..\..\components\platform\soc\rt582\rt582_dongle\d
ongle\src\boot\ARM\startup_cm3_mcu.s
   Uses
      At line 50 in file ..\..\..\components\platform\soc\rt582\rt582_dongle\do
ngle\src\boot\ARM\startup_cm3_mcu.s
Comment: __Vectors_Size used once
3 symbols



ARM Macro Assembler    Page 1 Alphabetic symbol ordering
External symbols

SystemInit 00000000

Symbol: SystemInit
   Definitions
      At line 123 in file ..\..\..\components\platform\soc\rt582\rt582_dongle\d
ongle\src\boot\ARM\startup_cm3_mcu.s
   Uses
      At line 125 in file ..\..\..\components\platform\soc\rt582\rt582_dongle\d
ongle\src\boot\ARM\startup_cm3_mcu.s
Comment: SystemInit used once
__main 00000000

Symbol: __main
   Definitions
      At line 124 in file ..\..\..\components\platform\soc\rt582\rt582_dongle\d
ongle\src\boot\ARM\startup_cm3_mcu.s
   Uses
      At line 127 in file ..\..\..\components\platform\soc\rt582\rt582_dongle\d
ongle\src\boot\ARM\startup_cm3_mcu.s
Comment: __main used once
vPortSVCHandler 00000000

Symbol: vPortSVCHandler
   Definitions
      At line 38 in file ..\..\..\components\platform\soc\rt582\rt582_dongle\do
ngle\src\boot\ARM\startup_cm3_mcu.s
   Uses
      At line 64 in file ..\..\..\components\platform\soc\rt582\rt582_dongle\do
ngle\src\boot\ARM\startup_cm3_mcu.s
Comment: vPortSVCHandler used once
xPortPendSVHandler 00000000

Symbol: xPortPendSVHandler
   Definitions
      At line 36 in file ..\..\..\components\platform\soc\rt582\rt582_dongle\do
ngle\src\boot\ARM\startup_cm3_mcu.s
   Uses
      At line 71 in file ..\..\..\components\platform\soc\rt582\rt582_dongle\do
ngle\src\boot\ARM\startup_cm3_mcu.s
Comment: xPortPendSVHandler used once
xPortSysTickHandler 00000000

Symbol: xPortSysTickHandler
   Definitions
      At line 37 in file ..\..\..\components\platform\soc\rt582\rt582_dongle\do
ngle\src\boot\ARM\startup_cm3_mcu.s
   Uses
      At line 72 in file ..\..\..\components\platform\soc\rt582\rt582_dongle\do
ngle\src\boot\ARM\startup_cm3_mcu.s
Comment: xPortSysTickHandler used once
5 symbols
402 symbols in table
