	.text
	.syntax unified
	.eabi_attribute	67, "2.09"	@ Tag_conformance
	.cpu	cortex-m3
	.eabi_attribute	6, 10	@ Tag_CPU_arch
	.eabi_attribute	7, 77	@ Tag_CPU_arch_profile
	.eabi_attribute	8, 0	@ Tag_ARM_ISA_use
	.eabi_attribute	9, 2	@ Tag_THUMB_ISA_use
	.eabi_attribute	34, 1	@ Tag_CPU_unaligned_access
	.eabi_attribute	17, 1	@ Tag_ABI_PCS_GOT_use
	.eabi_attribute	20, 2	@ Tag_ABI_FP_denormal
	.eabi_attribute	21, 0	@ Tag_ABI_FP_exceptions
	.eabi_attribute	23, 1	@ Tag_ABI_FP_number_model
	.eabi_attribute	24, 1	@ Tag_ABI_align_needed
	.eabi_attribute	25, 1	@ Tag_ABI_align_preserved
	.eabi_attribute	38, 1	@ Tag_ABI_FP_16bit_format
	.eabi_attribute	18, 4	@ Tag_ABI_PCS_wchar_t
	.eabi_attribute	26, 2	@ Tag_ABI_enum_size
	.eabi_attribute	14, 0	@ Tag_ABI_PCS_R9_use
	.file	"swi.c"
	.file	1 "C:\\Keil_v5\\ARM\\ARMCLANG\\Bin\\..\\include" "stdint.h"
	.file	2 "D:\\Rafael-IoT-SDK-Internal-main\\examples\\das_subg_thread\\keil" "../../../components/platform/soc/rt582/rt582_driver/Inc/swi.h"
	.file	3 "D:\\Rafael-IoT-SDK-Internal-main\\examples\\das_subg_thread\\keil" "../../../components/platform/soc/rt582/rt582_driver/Src/swi.c"
	.file	4 "D:\\Rafael-IoT-SDK-Internal-main\\examples\\das_subg_thread\\keil" "../../../components/platform/soc/rt582/rt582_driver/Inc/cm3_mcu.h"
	.file	5 "D:\\Rafael-IoT-SDK-Internal-main\\examples\\das_subg_thread\\keil" "../../../components/platform/soc/rt582/rt582_driver/Inc/remap_reg.h"
	.file	6 "C:/Users\\P350\\AppData\\Local\\Arm\\Packs\\ARM\\CMSIS\\5.8.0\\CMSIS\\Core\\Include" "core_cm3.h"
	.section	.text.Sw_Handler,"ax",%progbits
	.hidden	Sw_Handler                      @ -- Begin function Sw_Handler
	.globl	Sw_Handler
	.p2align	1
	.type	Sw_Handler,%function
	.code	16                              @ @Sw_Handler
	.thumb_func
Sw_Handler:
.Lfunc_begin0:
	.loc	3 48 0                          @ ../../../components/platform/soc/rt582/rt582_driver/Src/swi.c:48:0
	.fnstart
	.cfi_sections .debug_frame
	.cfi_startproc
@ %bb.0:
	.save	{r4, r5, r6, lr}
	push	{r4, r5, r6, lr}
	.cfi_def_cfa_offset 16
	.cfi_offset lr, -4
	.cfi_offset r6, -8
	.cfi_offset r5, -12
	.cfi_offset r4, -16
	movs	r0, #16
	movt	r0, #16464
.Ltmp0:
	.loc	3 52 19 prologue_end            @ ../../../components/platform/soc/rt582/rt582_driver/Src/swi.c:52:19
	ldr	r5, [r0]
.Ltmp1:
	@DEBUG_VALUE: Sw_Handler:swi_int_reg <- $r5
	.loc	3 53 5                          @ ../../../components/platform/soc/rt582/rt582_driver/Src/swi.c:53:5
	str	r5, [r0, #4]
.Ltmp2:
	.loc	3 55 9                          @ ../../../components/platform/soc/rt582/rt582_driver/Src/swi.c:55:9
	ldr	r0, [r0]
.Ltmp3:
	.loc	3 55 9 is_stmt 0                @ ../../../components/platform/soc/rt582/rt582_driver/Src/swi.c:55:9
	cbz	r0, .LBB0_2
.Ltmp4:
	.p2align	2
.LBB0_1:                                @ =>This Inner Loop Header: Depth=1
	@DEBUG_VALUE: Sw_Handler:swi_int_reg <- $r5
	.loc	3 57 9 is_stmt 1                @ ../../../components/platform/soc/rt582/rt582_driver/Src/swi.c:57:9
	b	.LBB0_1
.Ltmp5:
.LBB0_2:
	@DEBUG_VALUE: Sw_Handler:swi_int_reg <- $r5
	.loc	3 60 9                          @ ../../../components/platform/soc/rt582/rt582_driver/Src/swi.c:60:9
	cbz	r5, .LBB0_8
.Ltmp6:
@ %bb.3:
	@DEBUG_VALUE: Sw_Handler:swi_int_reg <- $r5
	.loc	3 0 9 is_stmt 0                 @ ../../../components/platform/soc/rt582/rt582_driver/Src/swi.c:0:9
	movw	r6, :lower16:swi_reg_handler
	movs	r4, #0
	movt	r6, :upper16:swi_reg_handler
.Ltmp7:
	.p2align	2
.LBB0_4:                                @ =>This Inner Loop Header: Depth=1
	@DEBUG_VALUE: Sw_Handler:swi_int_reg <- $r5
	@DEBUG_VALUE: Sw_Handler:i <- $r4
	.loc	3 64 42 is_stmt 1               @ ../../../components/platform/soc/rt582/rt582_driver/Src/swi.c:64:42
	lsr.w	r0, r5, r4
	lsls	r0, r0, #31
	beq	.LBB0_7
.Ltmp8:
@ %bb.5:                                @   in Loop: Header=BB0_4 Depth=1
	@DEBUG_VALUE: Sw_Handler:swi_int_reg <- $r5
	@DEBUG_VALUE: Sw_Handler:i <- $r4
	.loc	3 64 46 is_stmt 0               @ ../../../components/platform/soc/rt582/rt582_driver/Src/swi.c:64:46
	ldr.w	r1, [r6, r4, lsl #2]
.Ltmp9:
	.loc	3 64 17                         @ ../../../components/platform/soc/rt582/rt582_driver/Src/swi.c:64:17
	cbz	r1, .LBB0_7
.Ltmp10:
@ %bb.6:                                @   in Loop: Header=BB0_4 Depth=1
	@DEBUG_VALUE: Sw_Handler:swi_int_reg <- $r5
	@DEBUG_VALUE: Sw_Handler:i <- $r4
	.loc	3 66 17 is_stmt 1               @ ../../../components/platform/soc/rt582/rt582_driver/Src/swi.c:66:17
	mov	r0, r4
	blx	r1
.Ltmp11:
.LBB0_7:                                @   in Loop: Header=BB0_4 Depth=1
	@DEBUG_VALUE: Sw_Handler:swi_int_reg <- $r5
	@DEBUG_VALUE: Sw_Handler:i <- $r4
	.loc	3 62 52                         @ ../../../components/platform/soc/rt582/rt582_driver/Src/swi.c:62:52
	adds	r4, #1
.Ltmp12:
	@DEBUG_VALUE: Sw_Handler:i <- $r4
	.loc	3 62 9 is_stmt 0                @ ../../../components/platform/soc/rt582/rt582_driver/Src/swi.c:62:9
	cmp	r4, #32
	bne	.LBB0_4
.Ltmp13:
.LBB0_8:
	@DEBUG_VALUE: Sw_Handler:swi_int_reg <- $r5
	.loc	3 72 1 is_stmt 1                @ ../../../components/platform/soc/rt582/rt582_driver/Src/swi.c:72:1
	pop	{r4, r5, r6, pc}
.Ltmp14:
.Lfunc_end0:
	.size	Sw_Handler, .Lfunc_end0-Sw_Handler
	.cfi_endproc
	.cantunwind
	.fnend
                                        @ -- End function
	.section	.text.Swi_Int_Callback_Clear,"ax",%progbits
	.hidden	Swi_Int_Callback_Clear          @ -- Begin function Swi_Int_Callback_Clear
	.globl	Swi_Int_Callback_Clear
	.p2align	1
	.type	Swi_Int_Callback_Clear,%function
	.code	16                              @ @Swi_Int_Callback_Clear
	.thumb_func
Swi_Int_Callback_Clear:
.Lfunc_begin1:
	.loc	3 106 0                         @ ../../../components/platform/soc/rt582/rt582_driver/Src/swi.c:106:0
	.fnstart
	.cfi_startproc
@ %bb.0:
	.save	{r7, lr}
	push	{r7, lr}
	.cfi_def_cfa_offset 8
	.cfi_offset lr, -4
	.cfi_offset r7, -8
.Ltmp15:
	@DEBUG_VALUE: Swi_Int_Callback_Clear:i <- 0
	.loc	3 99 29 prologue_end            @ ../../../components/platform/soc/rt582/rt582_driver/Src/swi.c:99:29
	movw	r0, :lower16:swi_reg_handler
	movt	r0, :upper16:swi_reg_handler
	movs	r1, #128
	bl	__aeabi_memclr4
.Ltmp16:
	@DEBUG_VALUE: Swi_Int_Callback_Unregister:swi_id <- undef
	@DEBUG_VALUE: Swi_Int_Callback_Clear:i <- [DW_OP_plus_uconst 1, DW_OP_stack_value] undef
	.loc	3 115 1                         @ ../../../components/platform/soc/rt582/rt582_driver/Src/swi.c:115:1
	pop	{r7, pc}
.Ltmp17:
.Lfunc_end1:
	.size	Swi_Int_Callback_Clear, .Lfunc_end1-Swi_Int_Callback_Clear
	.cfi_endproc
	.cantunwind
	.fnend
                                        @ -- End function
	.section	.text.Swi_Int_Enable,"ax",%progbits
	.hidden	Swi_Int_Enable                  @ -- Begin function Swi_Int_Enable
	.globl	Swi_Int_Enable
	.p2align	1
	.type	Swi_Int_Enable,%function
	.code	16                              @ @Swi_Int_Enable
	.thumb_func
Swi_Int_Enable:
.Lfunc_begin2:
	.loc	3 119 0                         @ ../../../components/platform/soc/rt582/rt582_driver/Src/swi.c:119:0
	.fnstart
	.cfi_startproc
@ %bb.0:
	@DEBUG_VALUE: Swi_Int_Enable:swi_id <- $r0
	@DEBUG_VALUE: Swi_Int_Enable:swi_id <- $r0
	@DEBUG_VALUE: Swi_Int_Enable:swi_int_callback <- $r1
	.loc	3 122 9 prologue_end            @ ../../../components/platform/soc/rt582/rt582_driver/Src/swi.c:122:9
	cmp	r0, #31
	@DEBUG_VALUE: Swi_Int_Enable:swi_int_callback <- $r1
	.loc	3 137 1                         @ ../../../components/platform/soc/rt582/rt582_driver/Src/swi.c:137:1
	it	hi
	bxhi	lr
.Ltmp18:
.LBB2_1:
	@DEBUG_VALUE: Swi_Int_Enable:swi_int_callback <- $r1
	@DEBUG_VALUE: Swi_Int_Enable:swi_id <- $r0
	@DEBUG_VALUE: Swi_Int_Callback_Register:swi_id <- $r0
	@DEBUG_VALUE: Swi_Int_Callback_Register:swi_int_callback <- $r1
	.loc	3 84 5                          @ ../../../components/platform/soc/rt582/rt582_driver/Src/swi.c:84:5
	movw	r2, :lower16:swi_reg_handler
	movt	r2, :upper16:swi_reg_handler
	.loc	3 84 29 is_stmt 0               @ ../../../components/platform/soc/rt582/rt582_driver/Src/swi.c:84:29
	str.w	r1, [r2, r0, lsl #2]
	movs	r1, #1
.Ltmp19:
	@DEBUG_VALUE: Swi_Int_Enable:swi_int_callback <- [DW_OP_LLVM_entry_value 1] $r1
	.loc	3 126 23 is_stmt 1              @ ../../../components/platform/soc/rt582/rt582_driver/Src/swi.c:126:23
	lsl.w	r0, r1, r0
.Ltmp20:
	@DEBUG_VALUE: Swi_Int_Enable:swi_id <- [DW_OP_LLVM_entry_value 1] $r0
	@DEBUG_VALUE: __NVIC_EnableIRQ:IRQn <- 30
	@DEBUG_VALUE: Swi_Int_Enable:swi_mask <- $r0
	.loc	3 0 23 is_stmt 0                @ ../../../components/platform/soc/rt582/rt582_driver/Src/swi.c:0:23
	movw	r1, #57600
	movt	r1, #57344
	mov.w	r2, #1073741824
.Ltmp21:
	.loc	6 1512 5 is_stmt 1              @ C:/Users\P350\AppData\Local\Arm\Packs\ARM\CMSIS\5.8.0\CMSIS\Core\Include\core_cm3.h:1512:5
	@APP
	@NO_APP
	.loc	6 1513 43                       @ C:/Users\P350\AppData\Local\Arm\Packs\ARM\CMSIS\5.8.0\CMSIS\Core\Include\core_cm3.h:1513:43
	str	r2, [r1]
	movs	r1, #20
	.loc	6 1514 5                        @ C:/Users\P350\AppData\Local\Arm\Packs\ARM\CMSIS\5.8.0\CMSIS\Core\Include\core_cm3.h:1514:5
	@APP
	@NO_APP
	movt	r1, #16464
.Ltmp22:
	.loc	3 132 9                         @ ../../../components/platform/soc/rt582/rt582_driver/Src/swi.c:132:9
	str	r0, [r1]
	.loc	3 133 9                         @ ../../../components/platform/soc/rt582/rt582_driver/Src/swi.c:133:9
	str	r0, [r1, #4]
.Ltmp23:
	.loc	3 137 1                         @ ../../../components/platform/soc/rt582/rt582_driver/Src/swi.c:137:1
	bx	lr
.Ltmp24:
.Lfunc_end2:
	.size	Swi_Int_Enable, .Lfunc_end2-Swi_Int_Enable
	.cfi_endproc
	.cantunwind
	.fnend
                                        @ -- End function
	.section	.text.Swi_Int_Disable,"ax",%progbits
	.hidden	Swi_Int_Disable                 @ -- Begin function Swi_Int_Disable
	.globl	Swi_Int_Disable
	.p2align	1
	.type	Swi_Int_Disable,%function
	.code	16                              @ @Swi_Int_Disable
	.thumb_func
Swi_Int_Disable:
.Lfunc_begin3:
	.loc	3 141 0                         @ ../../../components/platform/soc/rt582/rt582_driver/Src/swi.c:141:0
	.fnstart
	.cfi_startproc
@ %bb.0:
	@DEBUG_VALUE: Swi_Int_Disable:swi_id <- $r0
	@DEBUG_VALUE: Swi_Int_Disable:swi_id <- $r0
	.loc	3 144 9 prologue_end            @ ../../../components/platform/soc/rt582/rt582_driver/Src/swi.c:144:9
	cmp	r0, #31
	bhi	.LBB3_3
.Ltmp25:
@ %bb.1:
	@DEBUG_VALUE: Swi_Int_Disable:swi_id <- $r0
	@DEBUG_VALUE: Swi_Int_Callback_Unregister:swi_id <- $r0
	.loc	3 99 5                          @ ../../../components/platform/soc/rt582/rt582_driver/Src/swi.c:99:5
	movw	r1, :lower16:swi_reg_handler
	movt	r1, :upper16:swi_reg_handler
	movs	r2, #0
	.loc	3 99 29 is_stmt 0               @ ../../../components/platform/soc/rt582/rt582_driver/Src/swi.c:99:29
	str.w	r2, [r1, r0, lsl #2]
	movs	r1, #1
.Ltmp26:
	.loc	3 148 23 is_stmt 1              @ ../../../components/platform/soc/rt582/rt582_driver/Src/swi.c:148:23
	lsl.w	r0, r1, r0
.Ltmp27:
	@DEBUG_VALUE: Swi_Int_Disable:swi_id <- [DW_OP_LLVM_entry_value 1] $r0
	@DEBUG_VALUE: Swi_Int_Disable:swi_mask <- $r0
	.loc	3 0 23 is_stmt 0                @ ../../../components/platform/soc/rt582/rt582_driver/Src/swi.c:0:23
	movs	r1, #20
	movt	r1, #16464
	.loc	3 150 9 is_stmt 1               @ ../../../components/platform/soc/rt582/rt582_driver/Src/swi.c:150:9
	str	r0, [r1, #8]
	.loc	3 151 9                         @ ../../../components/platform/soc/rt582/rt582_driver/Src/swi.c:151:9
	str	r0, [r1]
.Ltmp28:
	.loc	3 153 13                        @ ../../../components/platform/soc/rt582/rt582_driver/Src/swi.c:153:13
	ldr	r0, [r1, #4]
.Ltmp29:
	.loc	3 153 13 is_stmt 0              @ ../../../components/platform/soc/rt582/rt582_driver/Src/swi.c:153:13
	cmp	r0, #0
.Ltmp30:
	.loc	3 160 1 is_stmt 1               @ ../../../components/platform/soc/rt582/rt582_driver/Src/swi.c:160:1
	it	ne
	bxne	lr
.Ltmp31:
.LBB3_2:
	@DEBUG_VALUE: Swi_Int_Disable:swi_id <- [DW_OP_LLVM_entry_value 1] $r0
	.loc	3 0 1 is_stmt 0                 @ ../../../components/platform/soc/rt582/rt582_driver/Src/swi.c:0:1
	movw	r0, #57728
	movt	r0, #57344
	mov.w	r1, #1073741824
.Ltmp32:
	@DEBUG_VALUE: __NVIC_DisableIRQ:IRQn <- 30
	.loc	6 1550 43 is_stmt 1             @ C:/Users\P350\AppData\Local\Arm\Packs\ARM\CMSIS\5.8.0\CMSIS\Core\Include\core_cm3.h:1550:43
	str	r1, [r0]
	.loc	6 1551 5                        @ C:/Users\P350\AppData\Local\Arm\Packs\ARM\CMSIS\5.8.0\CMSIS\Core\Include\core_cm3.h:1551:5
	dsb	sy
	.loc	6 1552 5                        @ C:/Users\P350\AppData\Local\Arm\Packs\ARM\CMSIS\5.8.0\CMSIS\Core\Include\core_cm3.h:1552:5
	isb	sy
.Ltmp33:
.LBB3_3:
	.loc	3 160 1                         @ ../../../components/platform/soc/rt582/rt582_driver/Src/swi.c:160:1
	bx	lr
.Ltmp34:
.Lfunc_end3:
	.size	Swi_Int_Disable, .Lfunc_end3-Swi_Int_Disable
	.cfi_endproc
	.cantunwind
	.fnend
                                        @ -- End function
	.section	.text.Swi_Int_Trigger,"ax",%progbits
	.hidden	Swi_Int_Trigger                 @ -- Begin function Swi_Int_Trigger
	.globl	Swi_Int_Trigger
	.p2align	1
	.type	Swi_Int_Trigger,%function
	.code	16                              @ @Swi_Int_Trigger
	.thumb_func
Swi_Int_Trigger:
.Lfunc_begin4:
	.loc	3 164 0                         @ ../../../components/platform/soc/rt582/rt582_driver/Src/swi.c:164:0
	.fnstart
	.cfi_startproc
@ %bb.0:
	@DEBUG_VALUE: Swi_Int_Trigger:swi_id <- $r0
	@DEBUG_VALUE: Swi_Int_Trigger:swi_id <- $r0
	.loc	3 167 9 prologue_end            @ ../../../components/platform/soc/rt582/rt582_driver/Src/swi.c:167:9
	cmp	r0, #31
	.loc	3 175 1                         @ ../../../components/platform/soc/rt582/rt582_driver/Src/swi.c:175:1
	it	hi
	bxhi	lr
.Ltmp35:
.LBB4_1:
	@DEBUG_VALUE: Swi_Int_Trigger:swi_id <- $r0
	.loc	3 0 1 is_stmt 0                 @ ../../../components/platform/soc/rt582/rt582_driver/Src/swi.c:0:1
	movs	r1, #1
.Ltmp36:
	.loc	3 169 23 is_stmt 1              @ ../../../components/platform/soc/rt582/rt582_driver/Src/swi.c:169:23
	lsl.w	r0, r1, r0
.Ltmp37:
	@DEBUG_VALUE: Swi_Int_Trigger:swi_id <- [DW_OP_LLVM_entry_value 1] $r0
	@DEBUG_VALUE: Swi_Int_Trigger:swi_mask <- $r0
	.loc	3 0 23 is_stmt 0                @ ../../../components/platform/soc/rt582/rt582_driver/Src/swi.c:0:23
	movs	r1, #16
	movt	r1, #16464
	.loc	3 171 9 is_stmt 1               @ ../../../components/platform/soc/rt582/rt582_driver/Src/swi.c:171:9
	str	r0, [r1]
.Ltmp38:
	.loc	3 175 1                         @ ../../../components/platform/soc/rt582/rt582_driver/Src/swi.c:175:1
	bx	lr
.Ltmp39:
.Lfunc_end4:
	.size	Swi_Int_Trigger, .Lfunc_end4-Swi_Int_Trigger
	.cfi_endproc
	.cantunwind
	.fnend
                                        @ -- End function
	.type	swi_reg_handler,%object         @ @swi_reg_handler
	.section	.bss.swi_reg_handler,"aw",%nobits
	.p2align	2
swi_reg_handler:
	.zero	128
	.size	swi_reg_handler, 128

	.section	.debug_loc,"",%progbits
.Ldebug_loc0:
	.long	-1
	.long	.Lfunc_begin0                   @   base address
	.long	.Ltmp1-.Lfunc_begin0
	.long	.Ltmp14-.Lfunc_begin0
	.short	1                               @ Loc expr size
	.byte	85                              @ DW_OP_reg5
	.long	0
	.long	0
.Ldebug_loc1:
	.long	-1
	.long	.Lfunc_begin0                   @   base address
	.long	.Ltmp7-.Lfunc_begin0
	.long	.Ltmp13-.Lfunc_begin0
	.short	1                               @ Loc expr size
	.byte	84                              @ DW_OP_reg4
	.long	0
	.long	0
.Ldebug_loc2:
	.long	-1
	.long	.Lfunc_begin1                   @   base address
	.long	.Ltmp15-.Lfunc_begin1
	.long	.Ltmp16-.Lfunc_begin1
	.short	2                               @ Loc expr size
	.byte	48                              @ DW_OP_lit0
	.byte	159                             @ DW_OP_stack_value
	.long	0
	.long	0
.Ldebug_loc3:
	.long	-1
	.long	.Lfunc_begin2                   @   base address
	.long	.Lfunc_begin2-.Lfunc_begin2
	.long	.Ltmp20-.Lfunc_begin2
	.short	1                               @ Loc expr size
	.byte	80                              @ DW_OP_reg0
	.long	.Ltmp20-.Lfunc_begin2
	.long	.Lfunc_end2-.Lfunc_begin2
	.short	4                               @ Loc expr size
	.byte	243                             @ DW_OP_GNU_entry_value
	.byte	1                               @ 1
	.byte	80                              @ DW_OP_reg0
	.byte	159                             @ DW_OP_stack_value
	.long	0
	.long	0
.Ldebug_loc4:
	.long	-1
	.long	.Lfunc_begin2                   @   base address
	.long	.Lfunc_begin2-.Lfunc_begin2
	.long	.Ltmp19-.Lfunc_begin2
	.short	1                               @ Loc expr size
	.byte	81                              @ DW_OP_reg1
	.long	.Ltmp19-.Lfunc_begin2
	.long	.Lfunc_end2-.Lfunc_begin2
	.short	4                               @ Loc expr size
	.byte	243                             @ DW_OP_GNU_entry_value
	.byte	1                               @ 1
	.byte	81                              @ DW_OP_reg1
	.byte	159                             @ DW_OP_stack_value
	.long	0
	.long	0
.Ldebug_loc5:
	.long	-1
	.long	.Lfunc_begin2                   @   base address
	.long	.Ltmp20-.Lfunc_begin2
	.long	.Lfunc_end2-.Lfunc_begin2
	.short	1                               @ Loc expr size
	.byte	80                              @ DW_OP_reg0
	.long	0
	.long	0
.Ldebug_loc6:
	.long	-1
	.long	.Lfunc_begin3                   @   base address
	.long	.Lfunc_begin3-.Lfunc_begin3
	.long	.Ltmp27-.Lfunc_begin3
	.short	1                               @ Loc expr size
	.byte	80                              @ DW_OP_reg0
	.long	.Ltmp27-.Lfunc_begin3
	.long	.Ltmp33-.Lfunc_begin3
	.short	4                               @ Loc expr size
	.byte	243                             @ DW_OP_GNU_entry_value
	.byte	1                               @ 1
	.byte	80                              @ DW_OP_reg0
	.byte	159                             @ DW_OP_stack_value
	.long	0
	.long	0
.Ldebug_loc7:
	.long	-1
	.long	.Lfunc_begin3                   @   base address
	.long	.Ltmp27-.Lfunc_begin3
	.long	.Ltmp29-.Lfunc_begin3
	.short	1                               @ Loc expr size
	.byte	80                              @ DW_OP_reg0
	.long	0
	.long	0
.Ldebug_loc8:
	.long	-1
	.long	.Lfunc_begin4                   @   base address
	.long	.Lfunc_begin4-.Lfunc_begin4
	.long	.Ltmp37-.Lfunc_begin4
	.short	1                               @ Loc expr size
	.byte	80                              @ DW_OP_reg0
	.long	.Ltmp37-.Lfunc_begin4
	.long	.Lfunc_end4-.Lfunc_begin4
	.short	4                               @ Loc expr size
	.byte	243                             @ DW_OP_GNU_entry_value
	.byte	1                               @ 1
	.byte	80                              @ DW_OP_reg0
	.byte	159                             @ DW_OP_stack_value
	.long	0
	.long	0
.Ldebug_loc9:
	.long	-1
	.long	.Lfunc_begin4                   @   base address
	.long	.Ltmp37-.Lfunc_begin4
	.long	.Lfunc_end4-.Lfunc_begin4
	.short	1                               @ Loc expr size
	.byte	80                              @ DW_OP_reg0
	.long	0
	.long	0
	.section	.debug_abbrev,"",%progbits
	.byte	1                               @ Abbreviation Code
	.byte	17                              @ DW_TAG_compile_unit
	.byte	1                               @ DW_CHILDREN_yes
	.byte	37                              @ DW_AT_producer
	.byte	14                              @ DW_FORM_strp
	.byte	19                              @ DW_AT_language
	.byte	5                               @ DW_FORM_data2
	.byte	3                               @ DW_AT_name
	.byte	14                              @ DW_FORM_strp
	.byte	16                              @ DW_AT_stmt_list
	.byte	23                              @ DW_FORM_sec_offset
	.byte	27                              @ DW_AT_comp_dir
	.byte	14                              @ DW_FORM_strp
	.byte	17                              @ DW_AT_low_pc
	.byte	1                               @ DW_FORM_addr
	.byte	85                              @ DW_AT_ranges
	.byte	23                              @ DW_FORM_sec_offset
	.byte	0                               @ EOM(1)
	.byte	0                               @ EOM(2)
	.byte	2                               @ Abbreviation Code
	.byte	52                              @ DW_TAG_variable
	.byte	0                               @ DW_CHILDREN_no
	.byte	3                               @ DW_AT_name
	.byte	14                              @ DW_FORM_strp
	.byte	73                              @ DW_AT_type
	.byte	19                              @ DW_FORM_ref4
	.byte	58                              @ DW_AT_decl_file
	.byte	11                              @ DW_FORM_data1
	.byte	59                              @ DW_AT_decl_line
	.byte	11                              @ DW_FORM_data1
	.byte	2                               @ DW_AT_location
	.byte	24                              @ DW_FORM_exprloc
	.byte	0                               @ EOM(1)
	.byte	0                               @ EOM(2)
	.byte	3                               @ Abbreviation Code
	.byte	1                               @ DW_TAG_array_type
	.byte	1                               @ DW_CHILDREN_yes
	.byte	73                              @ DW_AT_type
	.byte	19                              @ DW_FORM_ref4
	.byte	0                               @ EOM(1)
	.byte	0                               @ EOM(2)
	.byte	4                               @ Abbreviation Code
	.byte	33                              @ DW_TAG_subrange_type
	.byte	0                               @ DW_CHILDREN_no
	.byte	73                              @ DW_AT_type
	.byte	19                              @ DW_FORM_ref4
	.byte	55                              @ DW_AT_count
	.byte	11                              @ DW_FORM_data1
	.byte	0                               @ EOM(1)
	.byte	0                               @ EOM(2)
	.byte	5                               @ Abbreviation Code
	.byte	22                              @ DW_TAG_typedef
	.byte	0                               @ DW_CHILDREN_no
	.byte	73                              @ DW_AT_type
	.byte	19                              @ DW_FORM_ref4
	.byte	3                               @ DW_AT_name
	.byte	14                              @ DW_FORM_strp
	.byte	58                              @ DW_AT_decl_file
	.byte	11                              @ DW_FORM_data1
	.byte	59                              @ DW_AT_decl_line
	.byte	11                              @ DW_FORM_data1
	.byte	0                               @ EOM(1)
	.byte	0                               @ EOM(2)
	.byte	6                               @ Abbreviation Code
	.byte	15                              @ DW_TAG_pointer_type
	.byte	0                               @ DW_CHILDREN_no
	.byte	73                              @ DW_AT_type
	.byte	19                              @ DW_FORM_ref4
	.byte	0                               @ EOM(1)
	.byte	0                               @ EOM(2)
	.byte	7                               @ Abbreviation Code
	.byte	21                              @ DW_TAG_subroutine_type
	.byte	1                               @ DW_CHILDREN_yes
	.byte	39                              @ DW_AT_prototyped
	.byte	25                              @ DW_FORM_flag_present
	.byte	0                               @ EOM(1)
	.byte	0                               @ EOM(2)
	.byte	8                               @ Abbreviation Code
	.byte	5                               @ DW_TAG_formal_parameter
	.byte	0                               @ DW_CHILDREN_no
	.byte	73                              @ DW_AT_type
	.byte	19                              @ DW_FORM_ref4
	.byte	0                               @ EOM(1)
	.byte	0                               @ EOM(2)
	.byte	9                               @ Abbreviation Code
	.byte	36                              @ DW_TAG_base_type
	.byte	0                               @ DW_CHILDREN_no
	.byte	3                               @ DW_AT_name
	.byte	14                              @ DW_FORM_strp
	.byte	62                              @ DW_AT_encoding
	.byte	11                              @ DW_FORM_data1
	.byte	11                              @ DW_AT_byte_size
	.byte	11                              @ DW_FORM_data1
	.byte	0                               @ EOM(1)
	.byte	0                               @ EOM(2)
	.byte	10                              @ Abbreviation Code
	.byte	36                              @ DW_TAG_base_type
	.byte	0                               @ DW_CHILDREN_no
	.byte	3                               @ DW_AT_name
	.byte	14                              @ DW_FORM_strp
	.byte	11                              @ DW_AT_byte_size
	.byte	11                              @ DW_FORM_data1
	.byte	62                              @ DW_AT_encoding
	.byte	11                              @ DW_FORM_data1
	.byte	0                               @ EOM(1)
	.byte	0                               @ EOM(2)
	.byte	11                              @ Abbreviation Code
	.byte	4                               @ DW_TAG_enumeration_type
	.byte	1                               @ DW_CHILDREN_yes
	.byte	73                              @ DW_AT_type
	.byte	19                              @ DW_FORM_ref4
	.byte	11                              @ DW_AT_byte_size
	.byte	11                              @ DW_FORM_data1
	.byte	58                              @ DW_AT_decl_file
	.byte	11                              @ DW_FORM_data1
	.byte	59                              @ DW_AT_decl_line
	.byte	11                              @ DW_FORM_data1
	.byte	0                               @ EOM(1)
	.byte	0                               @ EOM(2)
	.byte	12                              @ Abbreviation Code
	.byte	40                              @ DW_TAG_enumerator
	.byte	0                               @ DW_CHILDREN_no
	.byte	3                               @ DW_AT_name
	.byte	14                              @ DW_FORM_strp
	.byte	28                              @ DW_AT_const_value
	.byte	15                              @ DW_FORM_udata
	.byte	0                               @ EOM(1)
	.byte	0                               @ EOM(2)
	.byte	13                              @ Abbreviation Code
	.byte	4                               @ DW_TAG_enumeration_type
	.byte	1                               @ DW_CHILDREN_yes
	.byte	73                              @ DW_AT_type
	.byte	19                              @ DW_FORM_ref4
	.byte	3                               @ DW_AT_name
	.byte	14                              @ DW_FORM_strp
	.byte	11                              @ DW_AT_byte_size
	.byte	11                              @ DW_FORM_data1
	.byte	58                              @ DW_AT_decl_file
	.byte	11                              @ DW_FORM_data1
	.byte	59                              @ DW_AT_decl_line
	.byte	11                              @ DW_FORM_data1
	.byte	0                               @ EOM(1)
	.byte	0                               @ EOM(2)
	.byte	14                              @ Abbreviation Code
	.byte	40                              @ DW_TAG_enumerator
	.byte	0                               @ DW_CHILDREN_no
	.byte	3                               @ DW_AT_name
	.byte	14                              @ DW_FORM_strp
	.byte	28                              @ DW_AT_const_value
	.byte	13                              @ DW_FORM_sdata
	.byte	0                               @ EOM(1)
	.byte	0                               @ EOM(2)
	.byte	15                              @ Abbreviation Code
	.byte	19                              @ DW_TAG_structure_type
	.byte	1                               @ DW_CHILDREN_yes
	.byte	11                              @ DW_AT_byte_size
	.byte	11                              @ DW_FORM_data1
	.byte	58                              @ DW_AT_decl_file
	.byte	11                              @ DW_FORM_data1
	.byte	59                              @ DW_AT_decl_line
	.byte	11                              @ DW_FORM_data1
	.byte	0                               @ EOM(1)
	.byte	0                               @ EOM(2)
	.byte	16                              @ Abbreviation Code
	.byte	13                              @ DW_TAG_member
	.byte	0                               @ DW_CHILDREN_no
	.byte	3                               @ DW_AT_name
	.byte	14                              @ DW_FORM_strp
	.byte	73                              @ DW_AT_type
	.byte	19                              @ DW_FORM_ref4
	.byte	58                              @ DW_AT_decl_file
	.byte	11                              @ DW_FORM_data1
	.byte	59                              @ DW_AT_decl_line
	.byte	11                              @ DW_FORM_data1
	.byte	56                              @ DW_AT_data_member_location
	.byte	11                              @ DW_FORM_data1
	.byte	0                               @ EOM(1)
	.byte	0                               @ EOM(2)
	.byte	17                              @ Abbreviation Code
	.byte	53                              @ DW_TAG_volatile_type
	.byte	0                               @ DW_CHILDREN_no
	.byte	73                              @ DW_AT_type
	.byte	19                              @ DW_FORM_ref4
	.byte	0                               @ EOM(1)
	.byte	0                               @ EOM(2)
	.byte	18                              @ Abbreviation Code
	.byte	22                              @ DW_TAG_typedef
	.byte	0                               @ DW_CHILDREN_no
	.byte	73                              @ DW_AT_type
	.byte	19                              @ DW_FORM_ref4
	.byte	3                               @ DW_AT_name
	.byte	14                              @ DW_FORM_strp
	.byte	58                              @ DW_AT_decl_file
	.byte	11                              @ DW_FORM_data1
	.byte	59                              @ DW_AT_decl_line
	.byte	5                               @ DW_FORM_data2
	.byte	0                               @ EOM(1)
	.byte	0                               @ EOM(2)
	.byte	19                              @ Abbreviation Code
	.byte	19                              @ DW_TAG_structure_type
	.byte	1                               @ DW_CHILDREN_yes
	.byte	11                              @ DW_AT_byte_size
	.byte	5                               @ DW_FORM_data2
	.byte	58                              @ DW_AT_decl_file
	.byte	11                              @ DW_FORM_data1
	.byte	59                              @ DW_AT_decl_line
	.byte	5                               @ DW_FORM_data2
	.byte	0                               @ EOM(1)
	.byte	0                               @ EOM(2)
	.byte	20                              @ Abbreviation Code
	.byte	13                              @ DW_TAG_member
	.byte	0                               @ DW_CHILDREN_no
	.byte	3                               @ DW_AT_name
	.byte	14                              @ DW_FORM_strp
	.byte	73                              @ DW_AT_type
	.byte	19                              @ DW_FORM_ref4
	.byte	58                              @ DW_AT_decl_file
	.byte	11                              @ DW_FORM_data1
	.byte	59                              @ DW_AT_decl_line
	.byte	5                               @ DW_FORM_data2
	.byte	56                              @ DW_AT_data_member_location
	.byte	11                              @ DW_FORM_data1
	.byte	0                               @ EOM(1)
	.byte	0                               @ EOM(2)
	.byte	21                              @ Abbreviation Code
	.byte	13                              @ DW_TAG_member
	.byte	0                               @ DW_CHILDREN_no
	.byte	3                               @ DW_AT_name
	.byte	14                              @ DW_FORM_strp
	.byte	73                              @ DW_AT_type
	.byte	19                              @ DW_FORM_ref4
	.byte	58                              @ DW_AT_decl_file
	.byte	11                              @ DW_FORM_data1
	.byte	59                              @ DW_AT_decl_line
	.byte	5                               @ DW_FORM_data2
	.byte	56                              @ DW_AT_data_member_location
	.byte	5                               @ DW_FORM_data2
	.byte	0                               @ EOM(1)
	.byte	0                               @ EOM(2)
	.byte	22                              @ Abbreviation Code
	.byte	33                              @ DW_TAG_subrange_type
	.byte	0                               @ DW_CHILDREN_no
	.byte	73                              @ DW_AT_type
	.byte	19                              @ DW_FORM_ref4
	.byte	55                              @ DW_AT_count
	.byte	5                               @ DW_FORM_data2
	.byte	0                               @ EOM(1)
	.byte	0                               @ EOM(2)
	.byte	23                              @ Abbreviation Code
	.byte	46                              @ DW_TAG_subprogram
	.byte	1                               @ DW_CHILDREN_yes
	.byte	17                              @ DW_AT_low_pc
	.byte	1                               @ DW_FORM_addr
	.byte	18                              @ DW_AT_high_pc
	.byte	6                               @ DW_FORM_data4
	.byte	64                              @ DW_AT_frame_base
	.byte	24                              @ DW_FORM_exprloc
	.ascii	"\227B"                         @ DW_AT_GNU_all_call_sites
	.byte	25                              @ DW_FORM_flag_present
	.byte	3                               @ DW_AT_name
	.byte	14                              @ DW_FORM_strp
	.byte	58                              @ DW_AT_decl_file
	.byte	11                              @ DW_FORM_data1
	.byte	59                              @ DW_AT_decl_line
	.byte	11                              @ DW_FORM_data1
	.byte	39                              @ DW_AT_prototyped
	.byte	25                              @ DW_FORM_flag_present
	.byte	63                              @ DW_AT_external
	.byte	25                              @ DW_FORM_flag_present
	.byte	0                               @ EOM(1)
	.byte	0                               @ EOM(2)
	.byte	24                              @ Abbreviation Code
	.byte	52                              @ DW_TAG_variable
	.byte	0                               @ DW_CHILDREN_no
	.byte	2                               @ DW_AT_location
	.byte	23                              @ DW_FORM_sec_offset
	.byte	3                               @ DW_AT_name
	.byte	14                              @ DW_FORM_strp
	.byte	58                              @ DW_AT_decl_file
	.byte	11                              @ DW_FORM_data1
	.byte	59                              @ DW_AT_decl_line
	.byte	11                              @ DW_FORM_data1
	.byte	73                              @ DW_AT_type
	.byte	19                              @ DW_FORM_ref4
	.byte	0                               @ EOM(1)
	.byte	0                               @ EOM(2)
	.byte	25                              @ Abbreviation Code
	.byte	46                              @ DW_TAG_subprogram
	.byte	1                               @ DW_CHILDREN_yes
	.byte	3                               @ DW_AT_name
	.byte	14                              @ DW_FORM_strp
	.byte	58                              @ DW_AT_decl_file
	.byte	11                              @ DW_FORM_data1
	.byte	59                              @ DW_AT_decl_line
	.byte	11                              @ DW_FORM_data1
	.byte	39                              @ DW_AT_prototyped
	.byte	25                              @ DW_FORM_flag_present
	.byte	32                              @ DW_AT_inline
	.byte	11                              @ DW_FORM_data1
	.byte	0                               @ EOM(1)
	.byte	0                               @ EOM(2)
	.byte	26                              @ Abbreviation Code
	.byte	5                               @ DW_TAG_formal_parameter
	.byte	0                               @ DW_CHILDREN_no
	.byte	3                               @ DW_AT_name
	.byte	14                              @ DW_FORM_strp
	.byte	58                              @ DW_AT_decl_file
	.byte	11                              @ DW_FORM_data1
	.byte	59                              @ DW_AT_decl_line
	.byte	11                              @ DW_FORM_data1
	.byte	73                              @ DW_AT_type
	.byte	19                              @ DW_FORM_ref4
	.byte	0                               @ EOM(1)
	.byte	0                               @ EOM(2)
	.byte	27                              @ Abbreviation Code
	.byte	29                              @ DW_TAG_inlined_subroutine
	.byte	0                               @ DW_CHILDREN_no
	.byte	49                              @ DW_AT_abstract_origin
	.byte	19                              @ DW_FORM_ref4
	.byte	17                              @ DW_AT_low_pc
	.byte	1                               @ DW_FORM_addr
	.byte	18                              @ DW_AT_high_pc
	.byte	6                               @ DW_FORM_data4
	.byte	88                              @ DW_AT_call_file
	.byte	11                              @ DW_FORM_data1
	.byte	89                              @ DW_AT_call_line
	.byte	11                              @ DW_FORM_data1
	.byte	87                              @ DW_AT_call_column
	.byte	11                              @ DW_FORM_data1
	.byte	0                               @ EOM(1)
	.byte	0                               @ EOM(2)
	.byte	28                              @ Abbreviation Code
	.byte	46                              @ DW_TAG_subprogram
	.byte	1                               @ DW_CHILDREN_yes
	.byte	3                               @ DW_AT_name
	.byte	14                              @ DW_FORM_strp
	.byte	58                              @ DW_AT_decl_file
	.byte	11                              @ DW_FORM_data1
	.byte	59                              @ DW_AT_decl_line
	.byte	5                               @ DW_FORM_data2
	.byte	39                              @ DW_AT_prototyped
	.byte	25                              @ DW_FORM_flag_present
	.byte	32                              @ DW_AT_inline
	.byte	11                              @ DW_FORM_data1
	.byte	0                               @ EOM(1)
	.byte	0                               @ EOM(2)
	.byte	29                              @ Abbreviation Code
	.byte	5                               @ DW_TAG_formal_parameter
	.byte	0                               @ DW_CHILDREN_no
	.byte	3                               @ DW_AT_name
	.byte	14                              @ DW_FORM_strp
	.byte	58                              @ DW_AT_decl_file
	.byte	11                              @ DW_FORM_data1
	.byte	59                              @ DW_AT_decl_line
	.byte	5                               @ DW_FORM_data2
	.byte	73                              @ DW_AT_type
	.byte	19                              @ DW_FORM_ref4
	.byte	0                               @ EOM(1)
	.byte	0                               @ EOM(2)
	.byte	30                              @ Abbreviation Code
	.byte	5                               @ DW_TAG_formal_parameter
	.byte	0                               @ DW_CHILDREN_no
	.byte	2                               @ DW_AT_location
	.byte	23                              @ DW_FORM_sec_offset
	.byte	3                               @ DW_AT_name
	.byte	14                              @ DW_FORM_strp
	.byte	58                              @ DW_AT_decl_file
	.byte	11                              @ DW_FORM_data1
	.byte	59                              @ DW_AT_decl_line
	.byte	11                              @ DW_FORM_data1
	.byte	73                              @ DW_AT_type
	.byte	19                              @ DW_FORM_ref4
	.byte	0                               @ EOM(1)
	.byte	0                               @ EOM(2)
	.byte	31                              @ Abbreviation Code
	.byte	29                              @ DW_TAG_inlined_subroutine
	.byte	1                               @ DW_CHILDREN_yes
	.byte	49                              @ DW_AT_abstract_origin
	.byte	19                              @ DW_FORM_ref4
	.byte	17                              @ DW_AT_low_pc
	.byte	1                               @ DW_FORM_addr
	.byte	18                              @ DW_AT_high_pc
	.byte	6                               @ DW_FORM_data4
	.byte	88                              @ DW_AT_call_file
	.byte	11                              @ DW_FORM_data1
	.byte	89                              @ DW_AT_call_line
	.byte	11                              @ DW_FORM_data1
	.byte	87                              @ DW_AT_call_column
	.byte	11                              @ DW_FORM_data1
	.byte	0                               @ EOM(1)
	.byte	0                               @ EOM(2)
	.byte	32                              @ Abbreviation Code
	.byte	5                               @ DW_TAG_formal_parameter
	.byte	0                               @ DW_CHILDREN_no
	.byte	2                               @ DW_AT_location
	.byte	24                              @ DW_FORM_exprloc
	.byte	49                              @ DW_AT_abstract_origin
	.byte	19                              @ DW_FORM_ref4
	.byte	0                               @ EOM(1)
	.byte	0                               @ EOM(2)
	.byte	33                              @ Abbreviation Code
	.byte	5                               @ DW_TAG_formal_parameter
	.byte	0                               @ DW_CHILDREN_no
	.byte	28                              @ DW_AT_const_value
	.byte	13                              @ DW_FORM_sdata
	.byte	49                              @ DW_AT_abstract_origin
	.byte	19                              @ DW_FORM_ref4
	.byte	0                               @ EOM(1)
	.byte	0                               @ EOM(2)
	.byte	0                               @ EOM(3)
	.section	.debug_info,"",%progbits
.Lcu_begin0:
	.long	.Ldebug_info_end0-.Ldebug_info_start0 @ Length of Unit
.Ldebug_info_start0:
	.short	4                               @ DWARF version number
	.long	.debug_abbrev                   @ Offset Into Abbrev. Section
	.byte	4                               @ Address Size (in bytes)
	.byte	1                               @ Abbrev [1] 0xb:0x5c5 DW_TAG_compile_unit
	.long	.Linfo_string0                  @ DW_AT_producer
	.short	12                              @ DW_AT_language
	.long	.Linfo_string1                  @ DW_AT_name
	.long	.Lline_table_start0             @ DW_AT_stmt_list
	.long	.Linfo_string2                  @ DW_AT_comp_dir
	.long	0                               @ DW_AT_low_pc
	.long	.Ldebug_ranges0                 @ DW_AT_ranges
	.byte	2                               @ Abbrev [2] 0x26:0x11 DW_TAG_variable
	.long	.Linfo_string3                  @ DW_AT_name
	.long	55                              @ DW_AT_type
	.byte	3                               @ DW_AT_decl_file
	.byte	28                              @ DW_AT_decl_line
	.byte	5                               @ DW_AT_location
	.byte	3
	.long	swi_reg_handler
	.byte	3                               @ Abbrev [3] 0x37:0xc DW_TAG_array_type
	.long	67                              @ DW_AT_type
	.byte	4                               @ Abbrev [4] 0x3c:0x6 DW_TAG_subrange_type
	.long	108                             @ DW_AT_type
	.byte	32                              @ DW_AT_count
	.byte	0                               @ End Of Children Mark
	.byte	5                               @ Abbrev [5] 0x43:0xb DW_TAG_typedef
	.long	78                              @ DW_AT_type
	.long	.Linfo_string6                  @ DW_AT_name
	.byte	2                               @ DW_AT_decl_file
	.byte	80                              @ DW_AT_decl_line
	.byte	6                               @ Abbrev [6] 0x4e:0x5 DW_TAG_pointer_type
	.long	83                              @ DW_AT_type
	.byte	7                               @ Abbrev [7] 0x53:0x7 DW_TAG_subroutine_type
                                        @ DW_AT_prototyped
	.byte	8                               @ Abbrev [8] 0x54:0x5 DW_TAG_formal_parameter
	.long	90                              @ DW_AT_type
	.byte	0                               @ End Of Children Mark
	.byte	5                               @ Abbrev [5] 0x5a:0xb DW_TAG_typedef
	.long	101                             @ DW_AT_type
	.long	.Linfo_string5                  @ DW_AT_name
	.byte	1                               @ DW_AT_decl_file
	.byte	64                              @ DW_AT_decl_line
	.byte	9                               @ Abbrev [9] 0x65:0x7 DW_TAG_base_type
	.long	.Linfo_string4                  @ DW_AT_name
	.byte	7                               @ DW_AT_encoding
	.byte	4                               @ DW_AT_byte_size
	.byte	10                              @ Abbrev [10] 0x6c:0x7 DW_TAG_base_type
	.long	.Linfo_string7                  @ DW_AT_name
	.byte	8                               @ DW_AT_byte_size
	.byte	7                               @ DW_AT_encoding
	.byte	11                              @ Abbrev [11] 0x73:0xcf DW_TAG_enumeration_type
	.long	101                             @ DW_AT_type
	.byte	4                               @ DW_AT_byte_size
	.byte	2                               @ DW_AT_decl_file
	.byte	35                              @ DW_AT_decl_line
	.byte	12                              @ Abbrev [12] 0x7b:0x6 DW_TAG_enumerator
	.long	.Linfo_string8                  @ DW_AT_name
	.byte	0                               @ DW_AT_const_value
	.byte	12                              @ Abbrev [12] 0x81:0x6 DW_TAG_enumerator
	.long	.Linfo_string9                  @ DW_AT_name
	.byte	1                               @ DW_AT_const_value
	.byte	12                              @ Abbrev [12] 0x87:0x6 DW_TAG_enumerator
	.long	.Linfo_string10                 @ DW_AT_name
	.byte	2                               @ DW_AT_const_value
	.byte	12                              @ Abbrev [12] 0x8d:0x6 DW_TAG_enumerator
	.long	.Linfo_string11                 @ DW_AT_name
	.byte	3                               @ DW_AT_const_value
	.byte	12                              @ Abbrev [12] 0x93:0x6 DW_TAG_enumerator
	.long	.Linfo_string12                 @ DW_AT_name
	.byte	4                               @ DW_AT_const_value
	.byte	12                              @ Abbrev [12] 0x99:0x6 DW_TAG_enumerator
	.long	.Linfo_string13                 @ DW_AT_name
	.byte	5                               @ DW_AT_const_value
	.byte	12                              @ Abbrev [12] 0x9f:0x6 DW_TAG_enumerator
	.long	.Linfo_string14                 @ DW_AT_name
	.byte	6                               @ DW_AT_const_value
	.byte	12                              @ Abbrev [12] 0xa5:0x6 DW_TAG_enumerator
	.long	.Linfo_string15                 @ DW_AT_name
	.byte	7                               @ DW_AT_const_value
	.byte	12                              @ Abbrev [12] 0xab:0x6 DW_TAG_enumerator
	.long	.Linfo_string16                 @ DW_AT_name
	.byte	8                               @ DW_AT_const_value
	.byte	12                              @ Abbrev [12] 0xb1:0x6 DW_TAG_enumerator
	.long	.Linfo_string17                 @ DW_AT_name
	.byte	9                               @ DW_AT_const_value
	.byte	12                              @ Abbrev [12] 0xb7:0x6 DW_TAG_enumerator
	.long	.Linfo_string18                 @ DW_AT_name
	.byte	10                              @ DW_AT_const_value
	.byte	12                              @ Abbrev [12] 0xbd:0x6 DW_TAG_enumerator
	.long	.Linfo_string19                 @ DW_AT_name
	.byte	11                              @ DW_AT_const_value
	.byte	12                              @ Abbrev [12] 0xc3:0x6 DW_TAG_enumerator
	.long	.Linfo_string20                 @ DW_AT_name
	.byte	12                              @ DW_AT_const_value
	.byte	12                              @ Abbrev [12] 0xc9:0x6 DW_TAG_enumerator
	.long	.Linfo_string21                 @ DW_AT_name
	.byte	13                              @ DW_AT_const_value
	.byte	12                              @ Abbrev [12] 0xcf:0x6 DW_TAG_enumerator
	.long	.Linfo_string22                 @ DW_AT_name
	.byte	14                              @ DW_AT_const_value
	.byte	12                              @ Abbrev [12] 0xd5:0x6 DW_TAG_enumerator
	.long	.Linfo_string23                 @ DW_AT_name
	.byte	15                              @ DW_AT_const_value
	.byte	12                              @ Abbrev [12] 0xdb:0x6 DW_TAG_enumerator
	.long	.Linfo_string24                 @ DW_AT_name
	.byte	16                              @ DW_AT_const_value
	.byte	12                              @ Abbrev [12] 0xe1:0x6 DW_TAG_enumerator
	.long	.Linfo_string25                 @ DW_AT_name
	.byte	17                              @ DW_AT_const_value
	.byte	12                              @ Abbrev [12] 0xe7:0x6 DW_TAG_enumerator
	.long	.Linfo_string26                 @ DW_AT_name
	.byte	18                              @ DW_AT_const_value
	.byte	12                              @ Abbrev [12] 0xed:0x6 DW_TAG_enumerator
	.long	.Linfo_string27                 @ DW_AT_name
	.byte	19                              @ DW_AT_const_value
	.byte	12                              @ Abbrev [12] 0xf3:0x6 DW_TAG_enumerator
	.long	.Linfo_string28                 @ DW_AT_name
	.byte	20                              @ DW_AT_const_value
	.byte	12                              @ Abbrev [12] 0xf9:0x6 DW_TAG_enumerator
	.long	.Linfo_string29                 @ DW_AT_name
	.byte	21                              @ DW_AT_const_value
	.byte	12                              @ Abbrev [12] 0xff:0x6 DW_TAG_enumerator
	.long	.Linfo_string30                 @ DW_AT_name
	.byte	22                              @ DW_AT_const_value
	.byte	12                              @ Abbrev [12] 0x105:0x6 DW_TAG_enumerator
	.long	.Linfo_string31                 @ DW_AT_name
	.byte	23                              @ DW_AT_const_value
	.byte	12                              @ Abbrev [12] 0x10b:0x6 DW_TAG_enumerator
	.long	.Linfo_string32                 @ DW_AT_name
	.byte	24                              @ DW_AT_const_value
	.byte	12                              @ Abbrev [12] 0x111:0x6 DW_TAG_enumerator
	.long	.Linfo_string33                 @ DW_AT_name
	.byte	25                              @ DW_AT_const_value
	.byte	12                              @ Abbrev [12] 0x117:0x6 DW_TAG_enumerator
	.long	.Linfo_string34                 @ DW_AT_name
	.byte	26                              @ DW_AT_const_value
	.byte	12                              @ Abbrev [12] 0x11d:0x6 DW_TAG_enumerator
	.long	.Linfo_string35                 @ DW_AT_name
	.byte	27                              @ DW_AT_const_value
	.byte	12                              @ Abbrev [12] 0x123:0x6 DW_TAG_enumerator
	.long	.Linfo_string36                 @ DW_AT_name
	.byte	28                              @ DW_AT_const_value
	.byte	12                              @ Abbrev [12] 0x129:0x6 DW_TAG_enumerator
	.long	.Linfo_string37                 @ DW_AT_name
	.byte	29                              @ DW_AT_const_value
	.byte	12                              @ Abbrev [12] 0x12f:0x6 DW_TAG_enumerator
	.long	.Linfo_string38                 @ DW_AT_name
	.byte	30                              @ DW_AT_const_value
	.byte	12                              @ Abbrev [12] 0x135:0x6 DW_TAG_enumerator
	.long	.Linfo_string39                 @ DW_AT_name
	.byte	31                              @ DW_AT_const_value
	.byte	12                              @ Abbrev [12] 0x13b:0x6 DW_TAG_enumerator
	.long	.Linfo_string40                 @ DW_AT_name
	.byte	32                              @ DW_AT_const_value
	.byte	0                               @ End Of Children Mark
	.byte	13                              @ Abbrev [13] 0x142:0x109 DW_TAG_enumeration_type
	.long	587                             @ DW_AT_type
	.long	.Linfo_string84                 @ DW_AT_name
	.byte	4                               @ DW_AT_byte_size
	.byte	4                               @ DW_AT_decl_file
	.byte	42                              @ DW_AT_decl_line
	.byte	14                              @ Abbrev [14] 0x14e:0x6 DW_TAG_enumerator
	.long	.Linfo_string42                 @ DW_AT_name
	.byte	114                             @ DW_AT_const_value
	.byte	14                              @ Abbrev [14] 0x154:0x6 DW_TAG_enumerator
	.long	.Linfo_string43                 @ DW_AT_name
	.byte	115                             @ DW_AT_const_value
	.byte	14                              @ Abbrev [14] 0x15a:0x6 DW_TAG_enumerator
	.long	.Linfo_string44                 @ DW_AT_name
	.byte	116                             @ DW_AT_const_value
	.byte	14                              @ Abbrev [14] 0x160:0x6 DW_TAG_enumerator
	.long	.Linfo_string45                 @ DW_AT_name
	.byte	117                             @ DW_AT_const_value
	.byte	14                              @ Abbrev [14] 0x166:0x6 DW_TAG_enumerator
	.long	.Linfo_string46                 @ DW_AT_name
	.byte	118                             @ DW_AT_const_value
	.byte	14                              @ Abbrev [14] 0x16c:0x6 DW_TAG_enumerator
	.long	.Linfo_string47                 @ DW_AT_name
	.byte	123                             @ DW_AT_const_value
	.byte	14                              @ Abbrev [14] 0x172:0x6 DW_TAG_enumerator
	.long	.Linfo_string48                 @ DW_AT_name
	.byte	124                             @ DW_AT_const_value
	.byte	14                              @ Abbrev [14] 0x178:0x6 DW_TAG_enumerator
	.long	.Linfo_string49                 @ DW_AT_name
	.byte	126                             @ DW_AT_const_value
	.byte	14                              @ Abbrev [14] 0x17e:0x6 DW_TAG_enumerator
	.long	.Linfo_string50                 @ DW_AT_name
	.byte	127                             @ DW_AT_const_value
	.byte	14                              @ Abbrev [14] 0x184:0x6 DW_TAG_enumerator
	.long	.Linfo_string51                 @ DW_AT_name
	.byte	0                               @ DW_AT_const_value
	.byte	14                              @ Abbrev [14] 0x18a:0x6 DW_TAG_enumerator
	.long	.Linfo_string52                 @ DW_AT_name
	.byte	1                               @ DW_AT_const_value
	.byte	14                              @ Abbrev [14] 0x190:0x6 DW_TAG_enumerator
	.long	.Linfo_string53                 @ DW_AT_name
	.byte	2                               @ DW_AT_const_value
	.byte	14                              @ Abbrev [14] 0x196:0x6 DW_TAG_enumerator
	.long	.Linfo_string54                 @ DW_AT_name
	.byte	3                               @ DW_AT_const_value
	.byte	14                              @ Abbrev [14] 0x19c:0x6 DW_TAG_enumerator
	.long	.Linfo_string55                 @ DW_AT_name
	.byte	4                               @ DW_AT_const_value
	.byte	14                              @ Abbrev [14] 0x1a2:0x6 DW_TAG_enumerator
	.long	.Linfo_string56                 @ DW_AT_name
	.byte	5                               @ DW_AT_const_value
	.byte	14                              @ Abbrev [14] 0x1a8:0x6 DW_TAG_enumerator
	.long	.Linfo_string57                 @ DW_AT_name
	.byte	6                               @ DW_AT_const_value
	.byte	14                              @ Abbrev [14] 0x1ae:0x6 DW_TAG_enumerator
	.long	.Linfo_string58                 @ DW_AT_name
	.byte	7                               @ DW_AT_const_value
	.byte	14                              @ Abbrev [14] 0x1b4:0x6 DW_TAG_enumerator
	.long	.Linfo_string59                 @ DW_AT_name
	.byte	8                               @ DW_AT_const_value
	.byte	14                              @ Abbrev [14] 0x1ba:0x6 DW_TAG_enumerator
	.long	.Linfo_string60                 @ DW_AT_name
	.byte	9                               @ DW_AT_const_value
	.byte	14                              @ Abbrev [14] 0x1c0:0x6 DW_TAG_enumerator
	.long	.Linfo_string61                 @ DW_AT_name
	.byte	10                              @ DW_AT_const_value
	.byte	14                              @ Abbrev [14] 0x1c6:0x6 DW_TAG_enumerator
	.long	.Linfo_string62                 @ DW_AT_name
	.byte	11                              @ DW_AT_const_value
	.byte	14                              @ Abbrev [14] 0x1cc:0x6 DW_TAG_enumerator
	.long	.Linfo_string63                 @ DW_AT_name
	.byte	12                              @ DW_AT_const_value
	.byte	14                              @ Abbrev [14] 0x1d2:0x6 DW_TAG_enumerator
	.long	.Linfo_string64                 @ DW_AT_name
	.byte	13                              @ DW_AT_const_value
	.byte	14                              @ Abbrev [14] 0x1d8:0x6 DW_TAG_enumerator
	.long	.Linfo_string65                 @ DW_AT_name
	.byte	14                              @ DW_AT_const_value
	.byte	14                              @ Abbrev [14] 0x1de:0x6 DW_TAG_enumerator
	.long	.Linfo_string66                 @ DW_AT_name
	.byte	15                              @ DW_AT_const_value
	.byte	14                              @ Abbrev [14] 0x1e4:0x6 DW_TAG_enumerator
	.long	.Linfo_string67                 @ DW_AT_name
	.byte	16                              @ DW_AT_const_value
	.byte	14                              @ Abbrev [14] 0x1ea:0x6 DW_TAG_enumerator
	.long	.Linfo_string68                 @ DW_AT_name
	.byte	17                              @ DW_AT_const_value
	.byte	14                              @ Abbrev [14] 0x1f0:0x6 DW_TAG_enumerator
	.long	.Linfo_string69                 @ DW_AT_name
	.byte	18                              @ DW_AT_const_value
	.byte	14                              @ Abbrev [14] 0x1f6:0x6 DW_TAG_enumerator
	.long	.Linfo_string70                 @ DW_AT_name
	.byte	19                              @ DW_AT_const_value
	.byte	14                              @ Abbrev [14] 0x1fc:0x6 DW_TAG_enumerator
	.long	.Linfo_string71                 @ DW_AT_name
	.byte	20                              @ DW_AT_const_value
	.byte	14                              @ Abbrev [14] 0x202:0x6 DW_TAG_enumerator
	.long	.Linfo_string72                 @ DW_AT_name
	.byte	21                              @ DW_AT_const_value
	.byte	14                              @ Abbrev [14] 0x208:0x6 DW_TAG_enumerator
	.long	.Linfo_string73                 @ DW_AT_name
	.byte	22                              @ DW_AT_const_value
	.byte	14                              @ Abbrev [14] 0x20e:0x6 DW_TAG_enumerator
	.long	.Linfo_string74                 @ DW_AT_name
	.byte	23                              @ DW_AT_const_value
	.byte	14                              @ Abbrev [14] 0x214:0x6 DW_TAG_enumerator
	.long	.Linfo_string75                 @ DW_AT_name
	.byte	24                              @ DW_AT_const_value
	.byte	14                              @ Abbrev [14] 0x21a:0x6 DW_TAG_enumerator
	.long	.Linfo_string76                 @ DW_AT_name
	.byte	25                              @ DW_AT_const_value
	.byte	14                              @ Abbrev [14] 0x220:0x6 DW_TAG_enumerator
	.long	.Linfo_string77                 @ DW_AT_name
	.byte	26                              @ DW_AT_const_value
	.byte	14                              @ Abbrev [14] 0x226:0x6 DW_TAG_enumerator
	.long	.Linfo_string78                 @ DW_AT_name
	.byte	27                              @ DW_AT_const_value
	.byte	14                              @ Abbrev [14] 0x22c:0x6 DW_TAG_enumerator
	.long	.Linfo_string79                 @ DW_AT_name
	.byte	28                              @ DW_AT_const_value
	.byte	14                              @ Abbrev [14] 0x232:0x6 DW_TAG_enumerator
	.long	.Linfo_string80                 @ DW_AT_name
	.byte	29                              @ DW_AT_const_value
	.byte	14                              @ Abbrev [14] 0x238:0x6 DW_TAG_enumerator
	.long	.Linfo_string81                 @ DW_AT_name
	.byte	30                              @ DW_AT_const_value
	.byte	14                              @ Abbrev [14] 0x23e:0x6 DW_TAG_enumerator
	.long	.Linfo_string82                 @ DW_AT_name
	.byte	31                              @ DW_AT_const_value
	.byte	14                              @ Abbrev [14] 0x244:0x6 DW_TAG_enumerator
	.long	.Linfo_string83                 @ DW_AT_name
	.byte	32                              @ DW_AT_const_value
	.byte	0                               @ End Of Children Mark
	.byte	9                               @ Abbrev [9] 0x24b:0x7 DW_TAG_base_type
	.long	.Linfo_string41                 @ DW_AT_name
	.byte	5                               @ DW_AT_encoding
	.byte	4                               @ DW_AT_byte_size
	.byte	6                               @ Abbrev [6] 0x252:0x5 DW_TAG_pointer_type
	.long	599                             @ DW_AT_type
	.byte	5                               @ Abbrev [5] 0x257:0xb DW_TAG_typedef
	.long	610                             @ DW_AT_type
	.long	.Linfo_string93                 @ DW_AT_name
	.byte	5                               @ DW_AT_decl_file
	.byte	29                              @ DW_AT_decl_line
	.byte	15                              @ Abbrev [15] 0x262:0x65 DW_TAG_structure_type
	.byte	32                              @ DW_AT_byte_size
	.byte	5                               @ DW_AT_decl_file
	.byte	19                              @ DW_AT_decl_line
	.byte	16                              @ Abbrev [16] 0x266:0xc DW_TAG_member
	.long	.Linfo_string85                 @ DW_AT_name
	.long	711                             @ DW_AT_type
	.byte	5                               @ DW_AT_decl_file
	.byte	21                              @ DW_AT_decl_line
	.byte	0                               @ DW_AT_data_member_location
	.byte	16                              @ Abbrev [16] 0x272:0xc DW_TAG_member
	.long	.Linfo_string86                 @ DW_AT_name
	.long	711                             @ DW_AT_type
	.byte	5                               @ DW_AT_decl_file
	.byte	22                              @ DW_AT_decl_line
	.byte	4                               @ DW_AT_data_member_location
	.byte	16                              @ Abbrev [16] 0x27e:0xc DW_TAG_member
	.long	.Linfo_string87                 @ DW_AT_name
	.long	711                             @ DW_AT_type
	.byte	5                               @ DW_AT_decl_file
	.byte	23                              @ DW_AT_decl_line
	.byte	8                               @ DW_AT_data_member_location
	.byte	16                              @ Abbrev [16] 0x28a:0xc DW_TAG_member
	.long	.Linfo_string88                 @ DW_AT_name
	.long	711                             @ DW_AT_type
	.byte	5                               @ DW_AT_decl_file
	.byte	24                              @ DW_AT_decl_line
	.byte	12                              @ DW_AT_data_member_location
	.byte	16                              @ Abbrev [16] 0x296:0xc DW_TAG_member
	.long	.Linfo_string89                 @ DW_AT_name
	.long	711                             @ DW_AT_type
	.byte	5                               @ DW_AT_decl_file
	.byte	25                              @ DW_AT_decl_line
	.byte	16                              @ DW_AT_data_member_location
	.byte	16                              @ Abbrev [16] 0x2a2:0xc DW_TAG_member
	.long	.Linfo_string90                 @ DW_AT_name
	.long	711                             @ DW_AT_type
	.byte	5                               @ DW_AT_decl_file
	.byte	26                              @ DW_AT_decl_line
	.byte	20                              @ DW_AT_data_member_location
	.byte	16                              @ Abbrev [16] 0x2ae:0xc DW_TAG_member
	.long	.Linfo_string91                 @ DW_AT_name
	.long	711                             @ DW_AT_type
	.byte	5                               @ DW_AT_decl_file
	.byte	27                              @ DW_AT_decl_line
	.byte	24                              @ DW_AT_data_member_location
	.byte	16                              @ Abbrev [16] 0x2ba:0xc DW_TAG_member
	.long	.Linfo_string92                 @ DW_AT_name
	.long	711                             @ DW_AT_type
	.byte	5                               @ DW_AT_decl_file
	.byte	28                              @ DW_AT_decl_line
	.byte	28                              @ DW_AT_data_member_location
	.byte	0                               @ End Of Children Mark
	.byte	17                              @ Abbrev [17] 0x2c7:0x5 DW_TAG_volatile_type
	.long	90                              @ DW_AT_type
	.byte	5                               @ Abbrev [5] 0x2cc:0xb DW_TAG_typedef
	.long	322                             @ DW_AT_type
	.long	.Linfo_string84                 @ DW_AT_name
	.byte	4                               @ DW_AT_decl_file
	.byte	89                              @ DW_AT_decl_line
	.byte	5                               @ Abbrev [5] 0x2d7:0xb DW_TAG_typedef
	.long	587                             @ DW_AT_type
	.long	.Linfo_string94                 @ DW_AT_name
	.byte	1                               @ DW_AT_decl_file
	.byte	58                              @ DW_AT_decl_line
	.byte	6                               @ Abbrev [6] 0x2e2:0x5 DW_TAG_pointer_type
	.long	743                             @ DW_AT_type
	.byte	18                              @ Abbrev [18] 0x2e7:0xc DW_TAG_typedef
	.long	755                             @ DW_AT_type
	.long	.Linfo_string106                @ DW_AT_name
	.byte	6                               @ DW_AT_decl_file
	.short	360                             @ DW_AT_decl_line
	.byte	19                              @ Abbrev [19] 0x2f3:0xb9 DW_TAG_structure_type
	.short	3588                            @ DW_AT_byte_size
	.byte	6                               @ DW_AT_decl_file
	.short	345                             @ DW_AT_decl_line
	.byte	20                              @ Abbrev [20] 0x2f9:0xd DW_TAG_member
	.long	.Linfo_string95                 @ DW_AT_name
	.long	940                             @ DW_AT_type
	.byte	6                               @ DW_AT_decl_file
	.short	347                             @ DW_AT_decl_line
	.byte	0                               @ DW_AT_data_member_location
	.byte	20                              @ Abbrev [20] 0x306:0xd DW_TAG_member
	.long	.Linfo_string96                 @ DW_AT_name
	.long	952                             @ DW_AT_type
	.byte	6                               @ DW_AT_decl_file
	.short	348                             @ DW_AT_decl_line
	.byte	32                              @ DW_AT_data_member_location
	.byte	20                              @ Abbrev [20] 0x313:0xd DW_TAG_member
	.long	.Linfo_string97                 @ DW_AT_name
	.long	940                             @ DW_AT_type
	.byte	6                               @ DW_AT_decl_file
	.short	349                             @ DW_AT_decl_line
	.byte	128                             @ DW_AT_data_member_location
	.byte	20                              @ Abbrev [20] 0x320:0xd DW_TAG_member
	.long	.Linfo_string85                 @ DW_AT_name
	.long	952                             @ DW_AT_type
	.byte	6                               @ DW_AT_decl_file
	.short	350                             @ DW_AT_decl_line
	.byte	160                             @ DW_AT_data_member_location
	.byte	21                              @ Abbrev [21] 0x32d:0xe DW_TAG_member
	.long	.Linfo_string98                 @ DW_AT_name
	.long	940                             @ DW_AT_type
	.byte	6                               @ DW_AT_decl_file
	.short	351                             @ DW_AT_decl_line
	.short	256                             @ DW_AT_data_member_location
	.byte	21                              @ Abbrev [21] 0x33b:0xe DW_TAG_member
	.long	.Linfo_string86                 @ DW_AT_name
	.long	952                             @ DW_AT_type
	.byte	6                               @ DW_AT_decl_file
	.short	352                             @ DW_AT_decl_line
	.short	288                             @ DW_AT_data_member_location
	.byte	21                              @ Abbrev [21] 0x349:0xe DW_TAG_member
	.long	.Linfo_string99                 @ DW_AT_name
	.long	940                             @ DW_AT_type
	.byte	6                               @ DW_AT_decl_file
	.short	353                             @ DW_AT_decl_line
	.short	384                             @ DW_AT_data_member_location
	.byte	21                              @ Abbrev [21] 0x357:0xe DW_TAG_member
	.long	.Linfo_string87                 @ DW_AT_name
	.long	952                             @ DW_AT_type
	.byte	6                               @ DW_AT_decl_file
	.short	354                             @ DW_AT_decl_line
	.short	416                             @ DW_AT_data_member_location
	.byte	21                              @ Abbrev [21] 0x365:0xe DW_TAG_member
	.long	.Linfo_string100                @ DW_AT_name
	.long	940                             @ DW_AT_type
	.byte	6                               @ DW_AT_decl_file
	.short	355                             @ DW_AT_decl_line
	.short	512                             @ DW_AT_data_member_location
	.byte	21                              @ Abbrev [21] 0x373:0xe DW_TAG_member
	.long	.Linfo_string88                 @ DW_AT_name
	.long	964                             @ DW_AT_type
	.byte	6                               @ DW_AT_decl_file
	.short	356                             @ DW_AT_decl_line
	.short	544                             @ DW_AT_data_member_location
	.byte	21                              @ Abbrev [21] 0x381:0xe DW_TAG_member
	.long	.Linfo_string101                @ DW_AT_name
	.long	976                             @ DW_AT_type
	.byte	6                               @ DW_AT_decl_file
	.short	357                             @ DW_AT_decl_line
	.short	768                             @ DW_AT_data_member_location
	.byte	21                              @ Abbrev [21] 0x38f:0xe DW_TAG_member
	.long	.Linfo_string104                @ DW_AT_name
	.long	1011                            @ DW_AT_type
	.byte	6                               @ DW_AT_decl_file
	.short	358                             @ DW_AT_decl_line
	.short	1008                            @ DW_AT_data_member_location
	.byte	21                              @ Abbrev [21] 0x39d:0xe DW_TAG_member
	.long	.Linfo_string105                @ DW_AT_name
	.long	711                             @ DW_AT_type
	.byte	6                               @ DW_AT_decl_file
	.short	359                             @ DW_AT_decl_line
	.short	3584                            @ DW_AT_data_member_location
	.byte	0                               @ End Of Children Mark
	.byte	3                               @ Abbrev [3] 0x3ac:0xc DW_TAG_array_type
	.long	711                             @ DW_AT_type
	.byte	4                               @ Abbrev [4] 0x3b1:0x6 DW_TAG_subrange_type
	.long	108                             @ DW_AT_type
	.byte	8                               @ DW_AT_count
	.byte	0                               @ End Of Children Mark
	.byte	3                               @ Abbrev [3] 0x3b8:0xc DW_TAG_array_type
	.long	90                              @ DW_AT_type
	.byte	4                               @ Abbrev [4] 0x3bd:0x6 DW_TAG_subrange_type
	.long	108                             @ DW_AT_type
	.byte	24                              @ DW_AT_count
	.byte	0                               @ End Of Children Mark
	.byte	3                               @ Abbrev [3] 0x3c4:0xc DW_TAG_array_type
	.long	90                              @ DW_AT_type
	.byte	4                               @ Abbrev [4] 0x3c9:0x6 DW_TAG_subrange_type
	.long	108                             @ DW_AT_type
	.byte	56                              @ DW_AT_count
	.byte	0                               @ End Of Children Mark
	.byte	3                               @ Abbrev [3] 0x3d0:0xc DW_TAG_array_type
	.long	988                             @ DW_AT_type
	.byte	4                               @ Abbrev [4] 0x3d5:0x6 DW_TAG_subrange_type
	.long	108                             @ DW_AT_type
	.byte	240                             @ DW_AT_count
	.byte	0                               @ End Of Children Mark
	.byte	17                              @ Abbrev [17] 0x3dc:0x5 DW_TAG_volatile_type
	.long	993                             @ DW_AT_type
	.byte	5                               @ Abbrev [5] 0x3e1:0xb DW_TAG_typedef
	.long	1004                            @ DW_AT_type
	.long	.Linfo_string103                @ DW_AT_name
	.byte	1                               @ DW_AT_decl_file
	.byte	62                              @ DW_AT_decl_line
	.byte	9                               @ Abbrev [9] 0x3ec:0x7 DW_TAG_base_type
	.long	.Linfo_string102                @ DW_AT_name
	.byte	8                               @ DW_AT_encoding
	.byte	1                               @ DW_AT_byte_size
	.byte	3                               @ Abbrev [3] 0x3f3:0xd DW_TAG_array_type
	.long	90                              @ DW_AT_type
	.byte	22                              @ Abbrev [22] 0x3f8:0x7 DW_TAG_subrange_type
	.long	108                             @ DW_AT_type
	.short	644                             @ DW_AT_count
	.byte	0                               @ End Of Children Mark
	.byte	23                              @ Abbrev [23] 0x400:0x30 DW_TAG_subprogram
	.long	.Lfunc_begin0                   @ DW_AT_low_pc
	.long	.Lfunc_end0-.Lfunc_begin0       @ DW_AT_high_pc
	.byte	1                               @ DW_AT_frame_base
	.byte	93
                                        @ DW_AT_GNU_all_call_sites
	.long	.Linfo_string115                @ DW_AT_name
	.byte	3                               @ DW_AT_decl_file
	.byte	47                              @ DW_AT_decl_line
                                        @ DW_AT_prototyped
                                        @ DW_AT_external
	.byte	24                              @ Abbrev [24] 0x411:0xf DW_TAG_variable
	.long	.Ldebug_loc0                    @ DW_AT_location
	.long	.Linfo_string120                @ DW_AT_name
	.byte	3                               @ DW_AT_decl_file
	.byte	50                              @ DW_AT_decl_line
	.long	90                              @ DW_AT_type
	.byte	24                              @ Abbrev [24] 0x420:0xf DW_TAG_variable
	.long	.Ldebug_loc1                    @ DW_AT_location
	.long	.Linfo_string121                @ DW_AT_name
	.byte	3                               @ DW_AT_decl_file
	.byte	49                              @ DW_AT_decl_line
	.long	1092                            @ DW_AT_type
	.byte	0                               @ End Of Children Mark
	.byte	25                              @ Abbrev [25] 0x430:0x14 DW_TAG_subprogram
	.long	.Linfo_string107                @ DW_AT_name
	.byte	3                               @ DW_AT_decl_file
	.byte	97                              @ DW_AT_decl_line
                                        @ DW_AT_prototyped
	.byte	1                               @ DW_AT_inline
	.byte	26                              @ Abbrev [26] 0x438:0xb DW_TAG_formal_parameter
	.long	.Linfo_string108                @ DW_AT_name
	.byte	3                               @ DW_AT_decl_file
	.byte	97                              @ DW_AT_decl_line
	.long	1092                            @ DW_AT_type
	.byte	0                               @ End Of Children Mark
	.byte	5                               @ Abbrev [5] 0x444:0xb DW_TAG_typedef
	.long	115                             @ DW_AT_type
	.long	.Linfo_string109                @ DW_AT_name
	.byte	2                               @ DW_AT_decl_file
	.byte	70                              @ DW_AT_decl_line
	.byte	23                              @ Abbrev [23] 0x44f:0x31 DW_TAG_subprogram
	.long	.Lfunc_begin1                   @ DW_AT_low_pc
	.long	.Lfunc_end1-.Lfunc_begin1       @ DW_AT_high_pc
	.byte	1                               @ DW_AT_frame_base
	.byte	93
                                        @ DW_AT_GNU_all_call_sites
	.long	.Linfo_string116                @ DW_AT_name
	.byte	3                               @ DW_AT_decl_file
	.byte	105                             @ DW_AT_decl_line
                                        @ DW_AT_prototyped
                                        @ DW_AT_external
	.byte	24                              @ Abbrev [24] 0x460:0xf DW_TAG_variable
	.long	.Ldebug_loc2                    @ DW_AT_location
	.long	.Linfo_string121                @ DW_AT_name
	.byte	3                               @ DW_AT_decl_file
	.byte	107                             @ DW_AT_decl_line
	.long	1092                            @ DW_AT_type
	.byte	27                              @ Abbrev [27] 0x46f:0x10 DW_TAG_inlined_subroutine
	.long	1072                            @ DW_AT_abstract_origin
	.long	.Ltmp15                         @ DW_AT_low_pc
	.long	.Ltmp16-.Ltmp15                 @ DW_AT_high_pc
	.byte	3                               @ DW_AT_call_file
	.byte	111                             @ DW_AT_call_line
	.byte	9                               @ DW_AT_call_column
	.byte	0                               @ End Of Children Mark
	.byte	25                              @ Abbrev [25] 0x480:0x1f DW_TAG_subprogram
	.long	.Linfo_string110                @ DW_AT_name
	.byte	3                               @ DW_AT_decl_file
	.byte	82                              @ DW_AT_decl_line
                                        @ DW_AT_prototyped
	.byte	1                               @ DW_AT_inline
	.byte	26                              @ Abbrev [26] 0x488:0xb DW_TAG_formal_parameter
	.long	.Linfo_string108                @ DW_AT_name
	.byte	3                               @ DW_AT_decl_file
	.byte	82                              @ DW_AT_decl_line
	.long	1092                            @ DW_AT_type
	.byte	26                              @ Abbrev [26] 0x493:0xb DW_TAG_formal_parameter
	.long	.Linfo_string111                @ DW_AT_name
	.byte	3                               @ DW_AT_decl_file
	.byte	82                              @ DW_AT_decl_line
	.long	67                              @ DW_AT_type
	.byte	0                               @ End Of Children Mark
	.byte	28                              @ Abbrev [28] 0x49f:0x16 DW_TAG_subprogram
	.long	.Linfo_string112                @ DW_AT_name
	.byte	6                               @ DW_AT_decl_file
	.short	1508                            @ DW_AT_decl_line
                                        @ DW_AT_prototyped
	.byte	1                               @ DW_AT_inline
	.byte	29                              @ Abbrev [29] 0x4a8:0xc DW_TAG_formal_parameter
	.long	.Linfo_string113                @ DW_AT_name
	.byte	6                               @ DW_AT_decl_file
	.short	1508                            @ DW_AT_decl_line
	.long	716                             @ DW_AT_type
	.byte	0                               @ End Of Children Mark
	.byte	23                              @ Abbrev [23] 0x4b5:0x75 DW_TAG_subprogram
	.long	.Lfunc_begin2                   @ DW_AT_low_pc
	.long	.Lfunc_end2-.Lfunc_begin2       @ DW_AT_high_pc
	.byte	1                               @ DW_AT_frame_base
	.byte	93
                                        @ DW_AT_GNU_all_call_sites
	.long	.Linfo_string117                @ DW_AT_name
	.byte	3                               @ DW_AT_decl_file
	.byte	118                             @ DW_AT_decl_line
                                        @ DW_AT_prototyped
                                        @ DW_AT_external
	.byte	30                              @ Abbrev [30] 0x4c6:0xf DW_TAG_formal_parameter
	.long	.Ldebug_loc3                    @ DW_AT_location
	.long	.Linfo_string108                @ DW_AT_name
	.byte	3                               @ DW_AT_decl_file
	.byte	118                             @ DW_AT_decl_line
	.long	1092                            @ DW_AT_type
	.byte	30                              @ Abbrev [30] 0x4d5:0xf DW_TAG_formal_parameter
	.long	.Ldebug_loc4                    @ DW_AT_location
	.long	.Linfo_string111                @ DW_AT_name
	.byte	3                               @ DW_AT_decl_file
	.byte	118                             @ DW_AT_decl_line
	.long	67                              @ DW_AT_type
	.byte	24                              @ Abbrev [24] 0x4e4:0xf DW_TAG_variable
	.long	.Ldebug_loc5                    @ DW_AT_location
	.long	.Linfo_string122                @ DW_AT_name
	.byte	3                               @ DW_AT_decl_file
	.byte	120                             @ DW_AT_decl_line
	.long	90                              @ DW_AT_type
	.byte	31                              @ Abbrev [31] 0x4f3:0x1f DW_TAG_inlined_subroutine
	.long	1152                            @ DW_AT_abstract_origin
	.long	.Ltmp18                         @ DW_AT_low_pc
	.long	.Ltmp19-.Ltmp18                 @ DW_AT_high_pc
	.byte	3                               @ DW_AT_call_file
	.byte	124                             @ DW_AT_call_line
	.byte	9                               @ DW_AT_call_column
	.byte	32                              @ Abbrev [32] 0x503:0x7 DW_TAG_formal_parameter
	.byte	1                               @ DW_AT_location
	.byte	80
	.long	1160                            @ DW_AT_abstract_origin
	.byte	32                              @ Abbrev [32] 0x50a:0x7 DW_TAG_formal_parameter
	.byte	1                               @ DW_AT_location
	.byte	81
	.long	1171                            @ DW_AT_abstract_origin
	.byte	0                               @ End Of Children Mark
	.byte	31                              @ Abbrev [31] 0x512:0x17 DW_TAG_inlined_subroutine
	.long	1183                            @ DW_AT_abstract_origin
	.long	.Ltmp21                         @ DW_AT_low_pc
	.long	.Ltmp22-.Ltmp21                 @ DW_AT_high_pc
	.byte	3                               @ DW_AT_call_file
	.byte	129                             @ DW_AT_call_line
	.byte	9                               @ DW_AT_call_column
	.byte	33                              @ Abbrev [33] 0x522:0x6 DW_TAG_formal_parameter
	.byte	30                              @ DW_AT_const_value
	.long	1192                            @ DW_AT_abstract_origin
	.byte	0                               @ End Of Children Mark
	.byte	0                               @ End Of Children Mark
	.byte	28                              @ Abbrev [28] 0x52a:0x16 DW_TAG_subprogram
	.long	.Linfo_string114                @ DW_AT_name
	.byte	6                               @ DW_AT_decl_file
	.short	1546                            @ DW_AT_decl_line
                                        @ DW_AT_prototyped
	.byte	1                               @ DW_AT_inline
	.byte	29                              @ Abbrev [29] 0x533:0xc DW_TAG_formal_parameter
	.long	.Linfo_string113                @ DW_AT_name
	.byte	6                               @ DW_AT_decl_file
	.short	1546                            @ DW_AT_decl_line
	.long	716                             @ DW_AT_type
	.byte	0                               @ End Of Children Mark
	.byte	23                              @ Abbrev [23] 0x540:0x5f DW_TAG_subprogram
	.long	.Lfunc_begin3                   @ DW_AT_low_pc
	.long	.Lfunc_end3-.Lfunc_begin3       @ DW_AT_high_pc
	.byte	1                               @ DW_AT_frame_base
	.byte	93
                                        @ DW_AT_GNU_all_call_sites
	.long	.Linfo_string118                @ DW_AT_name
	.byte	3                               @ DW_AT_decl_file
	.byte	140                             @ DW_AT_decl_line
                                        @ DW_AT_prototyped
                                        @ DW_AT_external
	.byte	30                              @ Abbrev [30] 0x551:0xf DW_TAG_formal_parameter
	.long	.Ldebug_loc6                    @ DW_AT_location
	.long	.Linfo_string108                @ DW_AT_name
	.byte	3                               @ DW_AT_decl_file
	.byte	140                             @ DW_AT_decl_line
	.long	1092                            @ DW_AT_type
	.byte	24                              @ Abbrev [24] 0x560:0xf DW_TAG_variable
	.long	.Ldebug_loc7                    @ DW_AT_location
	.long	.Linfo_string122                @ DW_AT_name
	.byte	3                               @ DW_AT_decl_file
	.byte	142                             @ DW_AT_decl_line
	.long	90                              @ DW_AT_type
	.byte	31                              @ Abbrev [31] 0x56f:0x18 DW_TAG_inlined_subroutine
	.long	1072                            @ DW_AT_abstract_origin
	.long	.Ltmp25                         @ DW_AT_low_pc
	.long	.Ltmp26-.Ltmp25                 @ DW_AT_high_pc
	.byte	3                               @ DW_AT_call_file
	.byte	146                             @ DW_AT_call_line
	.byte	9                               @ DW_AT_call_column
	.byte	32                              @ Abbrev [32] 0x57f:0x7 DW_TAG_formal_parameter
	.byte	1                               @ DW_AT_location
	.byte	80
	.long	1080                            @ DW_AT_abstract_origin
	.byte	0                               @ End Of Children Mark
	.byte	31                              @ Abbrev [31] 0x587:0x17 DW_TAG_inlined_subroutine
	.long	1322                            @ DW_AT_abstract_origin
	.long	.Ltmp32                         @ DW_AT_low_pc
	.long	.Ltmp33-.Ltmp32                 @ DW_AT_high_pc
	.byte	3                               @ DW_AT_call_file
	.byte	155                             @ DW_AT_call_line
	.byte	13                              @ DW_AT_call_column
	.byte	33                              @ Abbrev [33] 0x597:0x6 DW_TAG_formal_parameter
	.byte	30                              @ DW_AT_const_value
	.long	1331                            @ DW_AT_abstract_origin
	.byte	0                               @ End Of Children Mark
	.byte	0                               @ End Of Children Mark
	.byte	23                              @ Abbrev [23] 0x59f:0x30 DW_TAG_subprogram
	.long	.Lfunc_begin4                   @ DW_AT_low_pc
	.long	.Lfunc_end4-.Lfunc_begin4       @ DW_AT_high_pc
	.byte	1                               @ DW_AT_frame_base
	.byte	93
                                        @ DW_AT_GNU_all_call_sites
	.long	.Linfo_string119                @ DW_AT_name
	.byte	3                               @ DW_AT_decl_file
	.byte	163                             @ DW_AT_decl_line
                                        @ DW_AT_prototyped
                                        @ DW_AT_external
	.byte	30                              @ Abbrev [30] 0x5b0:0xf DW_TAG_formal_parameter
	.long	.Ldebug_loc8                    @ DW_AT_location
	.long	.Linfo_string108                @ DW_AT_name
	.byte	3                               @ DW_AT_decl_file
	.byte	163                             @ DW_AT_decl_line
	.long	1092                            @ DW_AT_type
	.byte	24                              @ Abbrev [24] 0x5bf:0xf DW_TAG_variable
	.long	.Ldebug_loc9                    @ DW_AT_location
	.long	.Linfo_string122                @ DW_AT_name
	.byte	3                               @ DW_AT_decl_file
	.byte	165                             @ DW_AT_decl_line
	.long	90                              @ DW_AT_type
	.byte	0                               @ End Of Children Mark
	.byte	0                               @ End Of Children Mark
.Ldebug_info_end0:
	.section	.debug_ranges,"",%progbits
.Ldebug_ranges0:
	.long	.Lfunc_begin0
	.long	.Lfunc_end0
	.long	.Lfunc_begin1
	.long	.Lfunc_end1
	.long	.Lfunc_begin2
	.long	.Lfunc_end2
	.long	.Lfunc_begin3
	.long	.Lfunc_end3
	.long	.Lfunc_begin4
	.long	.Lfunc_end4
	.long	0
	.long	0
	.section	.debug_str,"MS",%progbits,1
.Linfo_string0:
	.asciz	"Component: ARM Compiler 6.16 Tool: armclang [5dfeb700]" @ string offset=0
.Linfo_string1:
	.asciz	"../../../components/platform/soc/rt582/rt582_driver/Src\\swi.c" @ string offset=55
.Linfo_string2:
	.asciz	"D:\\Rafael-IoT-SDK-Internal-main\\examples\\das_subg_thread\\keil" @ string offset=117
.Linfo_string3:
	.asciz	"swi_reg_handler"               @ string offset=179
.Linfo_string4:
	.asciz	"unsigned int"                  @ string offset=195
.Linfo_string5:
	.asciz	"uint32_t"                      @ string offset=208
.Linfo_string6:
	.asciz	"swi_isr_handler_t"             @ string offset=217
.Linfo_string7:
	.asciz	"__ARRAY_SIZE_TYPE__"           @ string offset=235
.Linfo_string8:
	.asciz	"SWI_ID_0"                      @ string offset=255
.Linfo_string9:
	.asciz	"SWI_ID_1"                      @ string offset=264
.Linfo_string10:
	.asciz	"SWI_ID_2"                      @ string offset=273
.Linfo_string11:
	.asciz	"SWI_ID_3"                      @ string offset=282
.Linfo_string12:
	.asciz	"SWI_ID_4"                      @ string offset=291
.Linfo_string13:
	.asciz	"SWI_ID_5"                      @ string offset=300
.Linfo_string14:
	.asciz	"SWI_ID_6"                      @ string offset=309
.Linfo_string15:
	.asciz	"SWI_ID_7"                      @ string offset=318
.Linfo_string16:
	.asciz	"SWI_ID_8"                      @ string offset=327
.Linfo_string17:
	.asciz	"SWI_ID_9"                      @ string offset=336
.Linfo_string18:
	.asciz	"SWI_ID_10"                     @ string offset=345
.Linfo_string19:
	.asciz	"SWI_ID_11"                     @ string offset=355
.Linfo_string20:
	.asciz	"SWI_ID_12"                     @ string offset=365
.Linfo_string21:
	.asciz	"SWI_ID_13"                     @ string offset=375
.Linfo_string22:
	.asciz	"SWI_ID_14"                     @ string offset=385
.Linfo_string23:
	.asciz	"SWI_ID_15"                     @ string offset=395
.Linfo_string24:
	.asciz	"SWI_ID_16"                     @ string offset=405
.Linfo_string25:
	.asciz	"SWI_ID_17"                     @ string offset=415
.Linfo_string26:
	.asciz	"SWI_ID_18"                     @ string offset=425
.Linfo_string27:
	.asciz	"SWI_ID_19"                     @ string offset=435
.Linfo_string28:
	.asciz	"SWI_ID_20"                     @ string offset=445
.Linfo_string29:
	.asciz	"SWI_ID_21"                     @ string offset=455
.Linfo_string30:
	.asciz	"SWI_ID_22"                     @ string offset=465
.Linfo_string31:
	.asciz	"SWI_ID_23"                     @ string offset=475
.Linfo_string32:
	.asciz	"SWI_ID_24"                     @ string offset=485
.Linfo_string33:
	.asciz	"SWI_ID_25"                     @ string offset=495
.Linfo_string34:
	.asciz	"SWI_ID_26"                     @ string offset=505
.Linfo_string35:
	.asciz	"SWI_ID_27"                     @ string offset=515
.Linfo_string36:
	.asciz	"SWI_ID_28"                     @ string offset=525
.Linfo_string37:
	.asciz	"SWI_ID_29"                     @ string offset=535
.Linfo_string38:
	.asciz	"SWI_ID_30"                     @ string offset=545
.Linfo_string39:
	.asciz	"SWI_ID_31"                     @ string offset=555
.Linfo_string40:
	.asciz	"MAX_NUMBER_OF_SWI"             @ string offset=565
.Linfo_string41:
	.asciz	"int"                           @ string offset=583
.Linfo_string42:
	.asciz	"NonMaskableInt_IRQn"           @ string offset=587
.Linfo_string43:
	.asciz	"HardFault_IRQn"                @ string offset=607
.Linfo_string44:
	.asciz	"MemoryManagement_IRQn"         @ string offset=622
.Linfo_string45:
	.asciz	"BusFault_IRQn"                 @ string offset=644
.Linfo_string46:
	.asciz	"UsageFault_IRQn"               @ string offset=658
.Linfo_string47:
	.asciz	"SVCall_IRQn"                   @ string offset=674
.Linfo_string48:
	.asciz	"DebugMonitor_IRQn"             @ string offset=686
.Linfo_string49:
	.asciz	"PendSV_IRQn"                   @ string offset=704
.Linfo_string50:
	.asciz	"SysTick_IRQn"                  @ string offset=716
.Linfo_string51:
	.asciz	"Gpio_IRQn"                     @ string offset=729
.Linfo_string52:
	.asciz	"Timer0_IRQn"                   @ string offset=739
.Linfo_string53:
	.asciz	"Timer1_IRQn"                   @ string offset=751
.Linfo_string54:
	.asciz	"Wdt_IRQn"                      @ string offset=763
.Linfo_string55:
	.asciz	"Uart0_IRQn"                    @ string offset=772
.Linfo_string56:
	.asciz	"I2cm_IRQn"                     @ string offset=783
.Linfo_string57:
	.asciz	"FlashCtl_IRQn"                 @ string offset=793
.Linfo_string58:
	.asciz	"Uart1_IRQn"                    @ string offset=807
.Linfo_string59:
	.asciz	"Rtc_IRQn"                      @ string offset=818
.Linfo_string60:
	.asciz	"Dma0_C0_IRQn"                  @ string offset=827
.Linfo_string61:
	.asciz	"Dma0_C1_IRQn"                  @ string offset=840
.Linfo_string62:
	.asciz	"Dma0_C2_IRQn"                  @ string offset=853
.Linfo_string63:
	.asciz	"Dma0_C3_IRQn"                  @ string offset=866
.Linfo_string64:
	.asciz	"Qspi0_IRQn"                    @ string offset=879
.Linfo_string65:
	.asciz	"I2s0_IRQn"                     @ string offset=890
.Linfo_string66:
	.asciz	"Timer3_IRQn"                   @ string offset=900
.Linfo_string67:
	.asciz	"Timer4_IRQn"                   @ string offset=912
.Linfo_string68:
	.asciz	"Dma1_C2_IRQn"                  @ string offset=924
.Linfo_string69:
	.asciz	"Bod_IRQn"                      @ string offset=937
.Linfo_string70:
	.asciz	"Uart2_IRQn"                    @ string offset=946
.Linfo_string71:
	.asciz	"CommSubsystem_IRQn"            @ string offset=957
.Linfo_string72:
	.asciz	"Pwm0_IRQn"                     @ string offset=976
.Linfo_string73:
	.asciz	"Pwm1_IRQn"                     @ string offset=986
.Linfo_string74:
	.asciz	"Pwm2_IRQn"                     @ string offset=996
.Linfo_string75:
	.asciz	"Pwm3_IRQn"                     @ string offset=1006
.Linfo_string76:
	.asciz	"Pwm4_IRQn"                     @ string offset=1016
.Linfo_string77:
	.asciz	"Sadc_IRQn"                     @ string offset=1026
.Linfo_string78:
	.asciz	"Crypto_IRQn"                   @ string offset=1036
.Linfo_string79:
	.asciz	"Timer2_IRQn"                   @ string offset=1048
.Linfo_string80:
	.asciz	"Qspi1_IRQn"                    @ string offset=1060
.Linfo_string81:
	.asciz	"Soft_IRQn"                     @ string offset=1071
.Linfo_string82:
	.asciz	"Trng_IRQn"                     @ string offset=1081
.Linfo_string83:
	.asciz	"Comp_IRQn"                     @ string offset=1091
.Linfo_string84:
	.asciz	"IRQn_Type"                     @ string offset=1101
.Linfo_string85:
	.asciz	"RESERVED1"                     @ string offset=1111
.Linfo_string86:
	.asciz	"RESERVED2"                     @ string offset=1121
.Linfo_string87:
	.asciz	"RESERVED3"                     @ string offset=1131
.Linfo_string88:
	.asciz	"RESERVED4"                     @ string offset=1141
.Linfo_string89:
	.asciz	"SW_IRQ_SET"                    @ string offset=1151
.Linfo_string90:
	.asciz	"SW_IRQ_CLR"                    @ string offset=1162
.Linfo_string91:
	.asciz	"SW_IRQ_EN_SET"                 @ string offset=1173
.Linfo_string92:
	.asciz	"SW_IRQ_EN_CLR"                 @ string offset=1187
.Linfo_string93:
	.asciz	"remap_t"                       @ string offset=1201
.Linfo_string94:
	.asciz	"int32_t"                       @ string offset=1209
.Linfo_string95:
	.asciz	"ISER"                          @ string offset=1217
.Linfo_string96:
	.asciz	"RESERVED0"                     @ string offset=1222
.Linfo_string97:
	.asciz	"ICER"                          @ string offset=1232
.Linfo_string98:
	.asciz	"ISPR"                          @ string offset=1237
.Linfo_string99:
	.asciz	"ICPR"                          @ string offset=1242
.Linfo_string100:
	.asciz	"IABR"                          @ string offset=1247
.Linfo_string101:
	.asciz	"IP"                            @ string offset=1252
.Linfo_string102:
	.asciz	"unsigned char"                 @ string offset=1255
.Linfo_string103:
	.asciz	"uint8_t"                       @ string offset=1269
.Linfo_string104:
	.asciz	"RESERVED5"                     @ string offset=1277
.Linfo_string105:
	.asciz	"STIR"                          @ string offset=1287
.Linfo_string106:
	.asciz	"NVIC_Type"                     @ string offset=1292
.Linfo_string107:
	.asciz	"Swi_Int_Callback_Unregister"   @ string offset=1302
.Linfo_string108:
	.asciz	"swi_id"                        @ string offset=1330
.Linfo_string109:
	.asciz	"swi_id_sel_t"                  @ string offset=1337
.Linfo_string110:
	.asciz	"Swi_Int_Callback_Register"     @ string offset=1350
.Linfo_string111:
	.asciz	"swi_int_callback"              @ string offset=1376
.Linfo_string112:
	.asciz	"__NVIC_EnableIRQ"              @ string offset=1393
.Linfo_string113:
	.asciz	"IRQn"                          @ string offset=1410
.Linfo_string114:
	.asciz	"__NVIC_DisableIRQ"             @ string offset=1415
.Linfo_string115:
	.asciz	"Sw_Handler"                    @ string offset=1433
.Linfo_string116:
	.asciz	"Swi_Int_Callback_Clear"        @ string offset=1444
.Linfo_string117:
	.asciz	"Swi_Int_Enable"                @ string offset=1467
.Linfo_string118:
	.asciz	"Swi_Int_Disable"               @ string offset=1482
.Linfo_string119:
	.asciz	"Swi_Int_Trigger"               @ string offset=1498
.Linfo_string120:
	.asciz	"swi_int_reg"                   @ string offset=1514
.Linfo_string121:
	.asciz	"i"                             @ string offset=1526
.Linfo_string122:
	.asciz	"swi_mask"                      @ string offset=1528
	.ident	"Component: ARM Compiler 6.16 Tool: armclang [5dfeb700]"
	.section	".note.GNU-stack","",%progbits
	.eabi_attribute	30, 3	@ Tag_ABI_optimization_goals
	.ARM_attribute	16, 1	@ Tag_AV_eba
	.section	.debug_line,"",%progbits
.Lline_table_start0:
