	.text
	.syntax unified
	.eabi_attribute	67, "2.09"	@ Tag_conformance
	.cpu	cortex-m3
	.eabi_attribute	6, 10	@ Tag_CPU_arch
	.eabi_attribute	7, 77	@ Tag_CPU_arch_profile
	.eabi_attribute	8, 0	@ Tag_ARM_ISA_use
	.eabi_attribute	9, 2	@ Tag_THUMB_ISA_use
	.eabi_attribute	34, 1	@ Tag_CPU_unaligned_access
	.eabi_attribute	17, 1	@ Tag_ABI_PCS_GOT_use
	.eabi_attribute	20, 2	@ Tag_ABI_FP_denormal
	.eabi_attribute	21, 0	@ Tag_ABI_FP_exceptions
	.eabi_attribute	23, 1	@ Tag_ABI_FP_number_model
	.eabi_attribute	24, 1	@ Tag_ABI_align_needed
	.eabi_attribute	25, 1	@ Tag_ABI_align_preserved
	.eabi_attribute	38, 1	@ Tag_ABI_FP_16bit_format
	.eabi_attribute	18, 4	@ Tag_ABI_PCS_wchar_t
	.eabi_attribute	26, 2	@ Tag_ABI_enum_size
	.eabi_attribute	14, 0	@ Tag_ABI_PCS_R9_use
	.file	"uart_retarget.c"
	.file	1 "C:\\Keil_v5\\ARM\\ARMCLANG\\Bin\\..\\include" "stdint.h"
	.file	2 "D:\\Rafael-IoT-SDK-Internal-main\\examples\\das_subg_thread\\keil" "../../../components/platform/soc/rt582/rt582_driver/Src/uart_retarget.c"
	.file	3 "D:\\Rafael-IoT-SDK-Internal-main\\examples\\das_subg_thread\\keil" "../../../components/platform/soc/rt582/rt582_driver/Inc\\uart_retarget.h"
	.file	4 "D:\\Rafael-IoT-SDK-Internal-main\\examples\\das_subg_thread\\keil" "../../../components/platform/soc/rt582/rt582_driver/Inc/uart_reg.h"
	.section	.text.uart_retarget_init,"ax",%progbits
	.hidden	uart_retarget_init              @ -- Begin function uart_retarget_init
	.globl	uart_retarget_init
	.p2align	1
	.type	uart_retarget_init,%function
	.code	16                              @ @uart_retarget_init
	.thumb_func
uart_retarget_init:
.Lfunc_begin0:
	.loc	2 44 0                          @ ../../../components/platform/soc/rt582/rt582_driver/Src/uart_retarget.c:44:0
	.fnstart
	.cfi_sections .debug_frame
	.cfi_startproc
@ %bb.0:
	@DEBUG_VALUE: uart_retarget_init:pt_retarget_desc <- $r0
	@DEBUG_VALUE: uart_retarget_init:pt_retarget_desc <- $r0
	@DEBUG_VALUE: uart_retarget_init:ret <- 0
	.loc	2 48 17 prologue_end            @ ../../../components/platform/soc/rt582/rt582_driver/Src/uart_retarget.c:48:17
	movw	r1, :lower16:sUartId
	.loc	2 48 37 is_stmt 0               @ ../../../components/platform/soc/rt582/rt582_driver/Src/uart_retarget.c:48:37
	ldrd	r2, r3, [r0]
	.loc	2 48 17                         @ ../../../components/platform/soc/rt582/rt582_driver/Src/uart_retarget.c:48:17
	movt	r1, :upper16:sUartId
	str	r2, [r1]
	.loc	2 49 22 is_stmt 1               @ ../../../components/platform/soc/rt582/rt582_driver/Src/uart_retarget.c:49:22
	movw	r1, :lower16:pf_stdin_str
	movt	r1, :upper16:pf_stdin_str
.Ltmp0:
	.loc	2 52 5                          @ ../../../components/platform/soc/rt582/rt582_driver/Src/uart_retarget.c:52:5
	movs	r0, #0
.Ltmp1:
	@DEBUG_VALUE: uart_retarget_init:pt_retarget_desc <- [DW_OP_LLVM_entry_value 1] $r0
	.loc	2 49 22                         @ ../../../components/platform/soc/rt582/rt582_driver/Src/uart_retarget.c:49:22
	str	r3, [r1]
.Ltmp2:
	.loc	2 52 5                          @ ../../../components/platform/soc/rt582/rt582_driver/Src/uart_retarget.c:52:5
	bx	lr
.Ltmp3:
.Lfunc_end0:
	.size	uart_retarget_init, .Lfunc_end0-uart_retarget_init
	.cfi_endproc
	.cantunwind
	.fnend
                                        @ -- End function
	.section	.text.retarget_stdout_string,"ax",%progbits
	.hidden	retarget_stdout_string          @ -- Begin function retarget_stdout_string
	.globl	retarget_stdout_string
	.p2align	1
	.type	retarget_stdout_string,%function
	.code	16                              @ @retarget_stdout_string
	.thumb_func
retarget_stdout_string:
.Lfunc_begin1:
	.loc	2 55 0                          @ ../../../components/platform/soc/rt582/rt582_driver/Src/uart_retarget.c:55:0
	.fnstart
	.cfi_startproc
@ %bb.0:
	@DEBUG_VALUE: retarget_stdout_string:str <- $r0
	@DEBUG_VALUE: retarget_stdout_string:length <- $r1
	@DEBUG_VALUE: retarget_stdout_string:length <- $r1
	@DEBUG_VALUE: retarget_stdout_string:p_csr <- $r2
	@DEBUG_VALUE: retarget_stdout_string:p_csr <- $r2
	@DEBUG_VALUE: retarget_stdout_string:str <- $r0
	.loc	2 56 5 prologue_end             @ ../../../components/platform/soc/rt582/rt582_driver/Src/uart_retarget.c:56:5
	cbz	r1, .LBB1_3
.Ltmp4:
	.p2align	2
.LBB1_1:                                @ =>This Inner Loop Header: Depth=1
	@DEBUG_VALUE: retarget_stdout_string:p_csr <- $r2
	@DEBUG_VALUE: retarget_stdout_string:length <- $r1
	@DEBUG_VALUE: retarget_stdout_string:str <- $r0
	.loc	2 58 18                         @ ../../../components/platform/soc/rt582/rt582_driver/Src/uart_retarget.c:58:18
	ldr	r3, [r2, #20]
	.loc	2 58 9 is_stmt 0                @ ../../../components/platform/soc/rt582/rt582_driver/Src/uart_retarget.c:58:9
	lsls	r3, r3, #26
	bpl	.LBB1_1
.Ltmp5:
@ %bb.2:                                @   in Loop: Header=BB1_1 Depth=1
	@DEBUG_VALUE: retarget_stdout_string:p_csr <- $r2
	@DEBUG_VALUE: retarget_stdout_string:length <- $r1
	@DEBUG_VALUE: retarget_stdout_string:str <- $r0
	.loc	2 60 22 is_stmt 1               @ ../../../components/platform/soc/rt582/rt582_driver/Src/uart_retarget.c:60:22
	ldrb	r3, [r0], #1
.Ltmp6:
	@DEBUG_VALUE: retarget_stdout_string:str <- [DW_OP_LLVM_entry_value 1] $r0
	@DEBUG_VALUE: retarget_stdout_string:str <- $r0
	.loc	2 61 15                         @ ../../../components/platform/soc/rt582/rt582_driver/Src/uart_retarget.c:61:15
	subs	r1, #1
.Ltmp7:
	@DEBUG_VALUE: retarget_stdout_string:length <- [DW_OP_LLVM_entry_value 1] $r1
	@DEBUG_VALUE: retarget_stdout_string:length <- $r1
	.loc	2 60 20                         @ ../../../components/platform/soc/rt582/rt582_driver/Src/uart_retarget.c:60:20
	str	r3, [r2]
.Ltmp8:
	.loc	2 56 5                          @ ../../../components/platform/soc/rt582/rt582_driver/Src/uart_retarget.c:56:5
	bne	.LBB1_1
.Ltmp9:
.LBB1_3:
	@DEBUG_VALUE: retarget_stdout_string:p_csr <- $r2
	@DEBUG_VALUE: retarget_stdout_string:length <- $r1
	@DEBUG_VALUE: retarget_stdout_string:str <- $r0
	.loc	2 63 5                          @ ../../../components/platform/soc/rt582/rt582_driver/Src/uart_retarget.c:63:5
	movs	r0, #0
.Ltmp10:
	@DEBUG_VALUE: retarget_stdout_string:str <- [DW_OP_LLVM_entry_value 1] $r0
	bx	lr
.Ltmp11:
.Lfunc_end1:
	.size	retarget_stdout_string, .Lfunc_end1-retarget_stdout_string
	.cfi_endproc
	.cantunwind
	.fnend
                                        @ -- End function
	.section	.text.retarget_stdout_char,"ax",%progbits
	.hidden	retarget_stdout_char            @ -- Begin function retarget_stdout_char
	.globl	retarget_stdout_char
	.p2align	1
	.type	retarget_stdout_char,%function
	.code	16                              @ @retarget_stdout_char
	.thumb_func
retarget_stdout_char:
.Lfunc_begin2:
	.loc	2 66 0                          @ ../../../components/platform/soc/rt582/rt582_driver/Src/uart_retarget.c:66:0
	.fnstart
	.cfi_startproc
@ %bb.0:
	@DEBUG_VALUE: retarget_stdout_char:ch <- $r0
	@DEBUG_VALUE: retarget_stdout_char:ch <- $r0
	@DEBUG_VALUE: retarget_stdout_char:p_csr <- $r1
	@DEBUG_VALUE: retarget_stdout_char:p_csr <- $r1
	.p2align	2
.LBB2_1:                                @ =>This Inner Loop Header: Depth=1
	@DEBUG_VALUE: retarget_stdout_char:p_csr <- $r1
	@DEBUG_VALUE: retarget_stdout_char:ch <- $r0
	.loc	2 67 14 prologue_end            @ ../../../components/platform/soc/rt582/rt582_driver/Src/uart_retarget.c:67:14
	ldr	r2, [r1, #20]
	.loc	2 67 5 is_stmt 0                @ ../../../components/platform/soc/rt582/rt582_driver/Src/uart_retarget.c:67:5
	lsls	r2, r2, #26
	bpl	.LBB2_1
.Ltmp12:
@ %bb.2:
	@DEBUG_VALUE: retarget_stdout_char:p_csr <- $r1
	@DEBUG_VALUE: retarget_stdout_char:ch <- $r0
	.loc	2 69 16 is_stmt 1               @ ../../../components/platform/soc/rt582/rt582_driver/Src/uart_retarget.c:69:16
	str	r0, [r1]
	.loc	2 71 5                          @ ../../../components/platform/soc/rt582/rt582_driver/Src/uart_retarget.c:71:5
	bx	lr
.Ltmp13:
.Lfunc_end2:
	.size	retarget_stdout_char, .Lfunc_end2-retarget_stdout_char
	.cfi_endproc
	.cantunwind
	.fnend
                                        @ -- End function
	.section	.text.uart_retarget_stdout_string,"ax",%progbits
	.hidden	uart_retarget_stdout_string     @ -- Begin function uart_retarget_stdout_string
	.globl	uart_retarget_stdout_string
	.p2align	1
	.type	uart_retarget_stdout_string,%function
	.code	16                              @ @uart_retarget_stdout_string
	.thumb_func
uart_retarget_stdout_string:
.Lfunc_begin3:
	.loc	2 74 0                          @ ../../../components/platform/soc/rt582/rt582_driver/Src/uart_retarget.c:74:0
	.fnstart
	.cfi_startproc
@ %bb.0:
	@DEBUG_VALUE: uart_retarget_stdout_string:str <- $r0
	@DEBUG_VALUE: uart_retarget_stdout_string:length <- $r1
	@DEBUG_VALUE: uart_retarget_stdout_string:length <- $r1
	@DEBUG_VALUE: retarget_stdout_string:length <- $r1
	@DEBUG_VALUE: retarget_stdout_string:str <- undef
	@DEBUG_VALUE: retarget_stdout_string:p_csr <- undef
	@DEBUG_VALUE: uart_retarget_stdout_string:str <- $r0
	.loc	2 56 5 prologue_end             @ ../../../components/platform/soc/rt582/rt582_driver/Src/uart_retarget.c:56:5
	cbz	r1, .LBB3_4
.Ltmp14:
@ %bb.1:
	@DEBUG_VALUE: retarget_stdout_string:length <- $r1
	@DEBUG_VALUE: uart_retarget_stdout_string:length <- $r1
	@DEBUG_VALUE: uart_retarget_stdout_string:str <- $r0
	.loc	2 0 5 is_stmt 0                 @ ../../../components/platform/soc/rt582/rt582_driver/Src/uart_retarget.c:0:5
	movw	r2, :lower16:sUartId
	movt	r2, :upper16:sUartId
	ldr	r2, [r2]
	movw	r3, :lower16:sUartHandle
	movt	r3, :upper16:sUartHandle
	ldr.w	r2, [r3, r2, lsl #2]
.Ltmp15:
	@DEBUG_VALUE: retarget_stdout_string:p_csr <- $r2
	@DEBUG_VALUE: retarget_stdout_string:str <- $r0
	@DEBUG_VALUE: retarget_stdout_string:length <- $r1
	.p2align	2
.LBB3_2:                                @ =>This Inner Loop Header: Depth=1
	@DEBUG_VALUE: retarget_stdout_string:p_csr <- $r2
	@DEBUG_VALUE: retarget_stdout_string:length <- $r1
	@DEBUG_VALUE: retarget_stdout_string:str <- $r0
	.loc	2 58 18 is_stmt 1               @ ../../../components/platform/soc/rt582/rt582_driver/Src/uart_retarget.c:58:18
	ldr	r3, [r2, #20]
	.loc	2 58 9 is_stmt 0                @ ../../../components/platform/soc/rt582/rt582_driver/Src/uart_retarget.c:58:9
	lsls	r3, r3, #26
	bpl	.LBB3_2
.Ltmp16:
@ %bb.3:                                @   in Loop: Header=BB3_2 Depth=1
	@DEBUG_VALUE: retarget_stdout_string:p_csr <- $r2
	@DEBUG_VALUE: retarget_stdout_string:length <- $r1
	@DEBUG_VALUE: retarget_stdout_string:str <- $r0
	.loc	2 60 22 is_stmt 1               @ ../../../components/platform/soc/rt582/rt582_driver/Src/uart_retarget.c:60:22
	ldrb	r3, [r0], #1
.Ltmp17:
	@DEBUG_VALUE: uart_retarget_stdout_string:str <- [DW_OP_LLVM_entry_value 1] $r0
	@DEBUG_VALUE: retarget_stdout_string:str <- $r0
	.loc	2 61 15                         @ ../../../components/platform/soc/rt582/rt582_driver/Src/uart_retarget.c:61:15
	subs	r1, #1
.Ltmp18:
	@DEBUG_VALUE: uart_retarget_stdout_string:length <- [DW_OP_LLVM_entry_value 1] $r1
	@DEBUG_VALUE: retarget_stdout_string:length <- $r1
	.loc	2 60 20                         @ ../../../components/platform/soc/rt582/rt582_driver/Src/uart_retarget.c:60:20
	str	r3, [r2]
.Ltmp19:
	.loc	2 56 5                          @ ../../../components/platform/soc/rt582/rt582_driver/Src/uart_retarget.c:56:5
	bne	.LBB3_2
.Ltmp20:
.LBB3_4:
	.loc	2 75 5                          @ ../../../components/platform/soc/rt582/rt582_driver/Src/uart_retarget.c:75:5
	movs	r0, #0
	bx	lr
.Ltmp21:
.Lfunc_end3:
	.size	uart_retarget_stdout_string, .Lfunc_end3-uart_retarget_stdout_string
	.cfi_endproc
	.cantunwind
	.fnend
                                        @ -- End function
	.section	.text.uart_retarget_stdout_char,"ax",%progbits
	.hidden	uart_retarget_stdout_char       @ -- Begin function uart_retarget_stdout_char
	.globl	uart_retarget_stdout_char
	.p2align	1
	.type	uart_retarget_stdout_char,%function
	.code	16                              @ @uart_retarget_stdout_char
	.thumb_func
uart_retarget_stdout_char:
.Lfunc_begin4:
	.loc	2 78 0                          @ ../../../components/platform/soc/rt582/rt582_driver/Src/uart_retarget.c:78:0
	.fnstart
	.cfi_startproc
@ %bb.0:
	@DEBUG_VALUE: uart_retarget_stdout_char:ch <- $r0
	.loc	2 79 49 prologue_end            @ ../../../components/platform/soc/rt582/rt582_driver/Src/uart_retarget.c:79:49
	movw	r1, :lower16:sUartId
	movt	r1, :upper16:sUartId
	ldr	r1, [r1]
	.loc	2 79 58 is_stmt 0               @ ../../../components/platform/soc/rt582/rt582_driver/Src/uart_retarget.c:79:58
	movw	r2, :lower16:sUartHandle
	movt	r2, :upper16:sUartHandle
	ldr.w	r1, [r2, r1, lsl #2]
	@DEBUG_VALUE: retarget_stdout_char:ch <- undef
	@DEBUG_VALUE: retarget_stdout_char:p_csr <- $r1
	@DEBUG_VALUE: uart_retarget_stdout_char:ch <- $r0
.Ltmp22:
	.p2align	2
.LBB4_1:                                @ =>This Inner Loop Header: Depth=1
	@DEBUG_VALUE: retarget_stdout_char:p_csr <- $r1
	@DEBUG_VALUE: uart_retarget_stdout_char:ch <- $r0
	.loc	2 67 14 is_stmt 1               @ ../../../components/platform/soc/rt582/rt582_driver/Src/uart_retarget.c:67:14
	ldr	r2, [r1, #20]
	.loc	2 67 5 is_stmt 0                @ ../../../components/platform/soc/rt582/rt582_driver/Src/uart_retarget.c:67:5
	lsls	r2, r2, #26
	bpl	.LBB4_1
.Ltmp23:
@ %bb.2:
	@DEBUG_VALUE: retarget_stdout_char:p_csr <- $r1
	@DEBUG_VALUE: uart_retarget_stdout_char:ch <- $r0
	.loc	2 69 16 is_stmt 1               @ ../../../components/platform/soc/rt582/rt582_driver/Src/uart_retarget.c:69:16
	str	r0, [r1]
.Ltmp24:
	.loc	2 79 5                          @ ../../../components/platform/soc/rt582/rt582_driver/Src/uart_retarget.c:79:5
	bx	lr
.Ltmp25:
.Lfunc_end4:
	.size	uart_retarget_stdout_char, .Lfunc_end4-uart_retarget_stdout_char
	.cfi_endproc
	.cantunwind
	.fnend
                                        @ -- End function
	.section	.text.fputc,"ax",%progbits
	.hidden	fputc                           @ -- Begin function fputc
	.globl	fputc
	.p2align	1
	.type	fputc,%function
	.code	16                              @ @fputc
	.thumb_func
fputc:
.Lfunc_begin5:
	.loc	2 83 0                          @ ../../../components/platform/soc/rt582/rt582_driver/Src/uart_retarget.c:83:0
	.fnstart
	.cfi_startproc
@ %bb.0:
	@DEBUG_VALUE: fputc:ch <- $r0
	@DEBUG_VALUE: fputc:ch <- $r0
	@DEBUG_VALUE: fputc:p_file <- $r1
	.loc	2 0 0 prologue_end              @ ../../../components/platform/soc/rt582/rt582_driver/Src/uart_retarget.c:0:0
	movw	r1, :lower16:sUartId
.Ltmp26:
	@DEBUG_VALUE: fputc:p_file <- [DW_OP_LLVM_entry_value 1] $r1
	movt	r1, :upper16:sUartId
	ldr	r1, [r1]
	movw	r2, :lower16:sUartHandle
	movt	r2, :upper16:sUartHandle
	ldr.w	r1, [r2, r1, lsl #2]
	.loc	2 84 9                          @ ../../../components/platform/soc/rt582/rt582_driver/Src/uart_retarget.c:84:9
	cmp	r0, #10
	bne	.LBB5_3
.Ltmp27:
	.p2align	2
.LBB5_1:                                @ =>This Inner Loop Header: Depth=1
	@DEBUG_VALUE: fputc:ch <- $r0
	@DEBUG_VALUE: fputc:p_file <- [DW_OP_LLVM_entry_value 1] $r1
	.loc	2 67 14                         @ ../../../components/platform/soc/rt582/rt582_driver/Src/uart_retarget.c:67:14
	ldr	r2, [r1, #20]
	.loc	2 67 5 is_stmt 0                @ ../../../components/platform/soc/rt582/rt582_driver/Src/uart_retarget.c:67:5
	lsls	r2, r2, #26
	bpl	.LBB5_1
.Ltmp28:
@ %bb.2:
	@DEBUG_VALUE: fputc:ch <- $r0
	@DEBUG_VALUE: fputc:p_file <- [DW_OP_LLVM_entry_value 1] $r1
	.loc	2 0 5                           @ ../../../components/platform/soc/rt582/rt582_driver/Src/uart_retarget.c:0:5
	movs	r2, #13
	.loc	2 69 16 is_stmt 1               @ ../../../components/platform/soc/rt582/rt582_driver/Src/uart_retarget.c:69:16
	str	r2, [r1]
.Ltmp29:
	@DEBUG_VALUE: uart_retarget_stdout_char:ch <- $r0
	@DEBUG_VALUE: retarget_stdout_char:ch <- $r0
	@DEBUG_VALUE: retarget_stdout_char:p_csr <- $r1
	.p2align	2
.LBB5_3:                                @ =>This Inner Loop Header: Depth=1
	@DEBUG_VALUE: fputc:ch <- $r0
	@DEBUG_VALUE: fputc:p_file <- [DW_OP_LLVM_entry_value 1] $r1
	.loc	2 67 14                         @ ../../../components/platform/soc/rt582/rt582_driver/Src/uart_retarget.c:67:14
	ldr	r2, [r1, #20]
	.loc	2 67 5 is_stmt 0                @ ../../../components/platform/soc/rt582/rt582_driver/Src/uart_retarget.c:67:5
	lsls	r2, r2, #26
	bpl	.LBB5_3
.Ltmp30:
@ %bb.4:
	@DEBUG_VALUE: fputc:ch <- $r0
	@DEBUG_VALUE: fputc:p_file <- [DW_OP_LLVM_entry_value 1] $r1
	.loc	2 69 16 is_stmt 1               @ ../../../components/platform/soc/rt582/rt582_driver/Src/uart_retarget.c:69:16
	str	r0, [r1]
.Ltmp31:
	.loc	2 89 5                          @ ../../../components/platform/soc/rt582/rt582_driver/Src/uart_retarget.c:89:5
	bx	lr
.Ltmp32:
.Lfunc_end5:
	.size	fputc, .Lfunc_end5-fputc
	.cfi_endproc
	.cantunwind
	.fnend
                                        @ -- End function
	.section	.text.fgetc,"ax",%progbits
	.hidden	fgetc                           @ -- Begin function fgetc
	.globl	fgetc
	.p2align	1
	.type	fgetc,%function
	.code	16                              @ @fgetc
	.thumb_func
fgetc:
.Lfunc_begin6:
	.loc	2 93 0                          @ ../../../components/platform/soc/rt582/rt582_driver/Src/uart_retarget.c:93:0
	.fnstart
	.cfi_startproc
@ %bb.0:
	@DEBUG_VALUE: fgetc:p_file <- $r0
	.save	{r7, lr}
	push	{r7, lr}
	.cfi_def_cfa_offset 8
	.cfi_offset lr, -4
	.cfi_offset r7, -8
	.pad	#8
	sub	sp, #8
	.cfi_def_cfa_offset 16
.Ltmp33:
	.loc	2 96 9 prologue_end             @ ../../../components/platform/soc/rt582/rt582_driver/Src/uart_retarget.c:96:9
	movw	r0, :lower16:pf_stdin_str
.Ltmp34:
	@DEBUG_VALUE: fgetc:p_file <- [DW_OP_LLVM_entry_value 1] $r0
	movt	r0, :upper16:pf_stdin_str
	ldr	r2, [r0]
.Ltmp35:
	.loc	2 96 9 is_stmt 0                @ ../../../components/platform/soc/rt582/rt582_driver/Src/uart_retarget.c:96:9
	cbz	r2, .LBB6_2
.Ltmp36:
@ %bb.1:
	@DEBUG_VALUE: fgetc:p_file <- [DW_OP_LLVM_entry_value 1] $r0
	@DEBUG_VALUE: fgetc:pBuf <- [DW_OP_plus_uconst 7, DW_OP_deref] $sp
	.loc	2 0 9                           @ ../../../components/platform/soc/rt582/rt582_driver/Src/uart_retarget.c:0:9
	add.w	r0, sp, #7
.Ltmp37:
	.loc	2 98 9 is_stmt 1                @ ../../../components/platform/soc/rt582/rt582_driver/Src/uart_retarget.c:98:9
	movs	r1, #1
	blx	r2
.Ltmp38:
	.loc	2 101 12                        @ ../../../components/platform/soc/rt582/rt582_driver/Src/uart_retarget.c:101:12
	ldrb.w	r0, [sp, #7]
	b	.LBB6_3
.Ltmp39:
.LBB6_2:
	@DEBUG_VALUE: fgetc:p_file <- [DW_OP_LLVM_entry_value 1] $r0
	.loc	2 0 12 is_stmt 0                @ ../../../components/platform/soc/rt582/rt582_driver/Src/uart_retarget.c:0:12
	movs	r0, #0
.Ltmp40:
.LBB6_3:
	@DEBUG_VALUE: fgetc:p_file <- [DW_OP_LLVM_entry_value 1] $r0
	@DEBUG_VALUE: fgetc:pBuf <- undef
	.loc	2 101 5                         @ ../../../components/platform/soc/rt582/rt582_driver/Src/uart_retarget.c:101:5
	add	sp, #8
	pop	{r7, pc}
.Ltmp41:
.Lfunc_end6:
	.size	fgetc, .Lfunc_end6-fgetc
	.cfi_endproc
	.cantunwind
	.fnend
                                        @ -- End function
	.type	sUartId,%object                 @ @sUartId
	.section	.bss.sUartId,"aw",%nobits
	.p2align	2
sUartId:
	.long	0                               @ 0x0
	.size	sUartId, 4

	.type	pf_stdin_str,%object            @ @pf_stdin_str
	.section	.bss.pf_stdin_str,"aw",%nobits
	.p2align	2
pf_stdin_str:
	.long	0
	.size	pf_stdin_str, 4

	.type	sUartHandle,%object             @ @sUartHandle
	.section	.rodata.sUartHandle,"a",%progbits
	.p2align	2
sUartHandle:
	.long	2684354560
	.long	2689597440
	.long	2690646016
	.size	sUartHandle, 12

	.file	5 "C:\\Keil_v5\\ARM\\ARMCLANG\\Bin\\..\\include" "stdio.h"
	.section	.debug_loc,"",%progbits
.Ldebug_loc0:
	.long	-1
	.long	.Lfunc_begin0                   @   base address
	.long	.Lfunc_begin0-.Lfunc_begin0
	.long	.Ltmp1-.Lfunc_begin0
	.short	1                               @ Loc expr size
	.byte	80                              @ DW_OP_reg0
	.long	.Ltmp1-.Lfunc_begin0
	.long	.Lfunc_end0-.Lfunc_begin0
	.short	4                               @ Loc expr size
	.byte	243                             @ DW_OP_GNU_entry_value
	.byte	1                               @ 1
	.byte	80                              @ DW_OP_reg0
	.byte	159                             @ DW_OP_stack_value
	.long	0
	.long	0
.Ldebug_loc1:
	.long	-1
	.long	.Lfunc_begin1                   @   base address
	.long	.Lfunc_begin1-.Lfunc_begin1
	.long	.Ltmp10-.Lfunc_begin1
	.short	1                               @ Loc expr size
	.byte	80                              @ DW_OP_reg0
	.long	.Ltmp10-.Lfunc_begin1
	.long	.Lfunc_end1-.Lfunc_begin1
	.short	4                               @ Loc expr size
	.byte	243                             @ DW_OP_GNU_entry_value
	.byte	1                               @ 1
	.byte	80                              @ DW_OP_reg0
	.byte	159                             @ DW_OP_stack_value
	.long	0
	.long	0
.Ldebug_loc2:
	.long	-1
	.long	.Lfunc_begin3                   @   base address
	.long	.Lfunc_begin3-.Lfunc_begin3
	.long	.Ltmp15-.Lfunc_begin3
	.short	1                               @ Loc expr size
	.byte	80                              @ DW_OP_reg0
	.long	.Ltmp17-.Lfunc_begin3
	.long	.Ltmp20-.Lfunc_begin3
	.short	4                               @ Loc expr size
	.byte	243                             @ DW_OP_GNU_entry_value
	.byte	1                               @ 1
	.byte	80                              @ DW_OP_reg0
	.byte	159                             @ DW_OP_stack_value
	.long	0
	.long	0
.Ldebug_loc3:
	.long	-1
	.long	.Lfunc_begin3                   @   base address
	.long	.Lfunc_begin3-.Lfunc_begin3
	.long	.Ltmp15-.Lfunc_begin3
	.short	1                               @ Loc expr size
	.byte	81                              @ DW_OP_reg1
	.long	.Ltmp18-.Lfunc_begin3
	.long	.Ltmp20-.Lfunc_begin3
	.short	4                               @ Loc expr size
	.byte	243                             @ DW_OP_GNU_entry_value
	.byte	1                               @ 1
	.byte	81                              @ DW_OP_reg1
	.byte	159                             @ DW_OP_stack_value
	.long	0
	.long	0
.Ldebug_loc4:
	.long	-1
	.long	.Lfunc_begin3                   @   base address
	.long	.Ltmp15-.Lfunc_begin3
	.long	.Ltmp20-.Lfunc_begin3
	.short	1                               @ Loc expr size
	.byte	80                              @ DW_OP_reg0
	.long	0
	.long	0
.Ldebug_loc5:
	.long	-1
	.long	.Lfunc_begin3                   @   base address
	.long	.Ltmp15-.Lfunc_begin3
	.long	.Ltmp20-.Lfunc_begin3
	.short	1                               @ Loc expr size
	.byte	82                              @ DW_OP_reg2
	.long	0
	.long	0
.Ldebug_loc6:
	.long	-1
	.long	.Lfunc_begin5                   @   base address
	.long	.Lfunc_begin5-.Lfunc_begin5
	.long	.Ltmp26-.Lfunc_begin5
	.short	1                               @ Loc expr size
	.byte	81                              @ DW_OP_reg1
	.long	.Ltmp26-.Lfunc_begin5
	.long	.Lfunc_end5-.Lfunc_begin5
	.short	4                               @ Loc expr size
	.byte	243                             @ DW_OP_GNU_entry_value
	.byte	1                               @ 1
	.byte	81                              @ DW_OP_reg1
	.byte	159                             @ DW_OP_stack_value
	.long	0
	.long	0
.Ldebug_loc7:
	.long	-1
	.long	.Lfunc_begin6                   @   base address
	.long	.Lfunc_begin6-.Lfunc_begin6
	.long	.Ltmp34-.Lfunc_begin6
	.short	1                               @ Loc expr size
	.byte	80                              @ DW_OP_reg0
	.long	.Ltmp34-.Lfunc_begin6
	.long	.Lfunc_end6-.Lfunc_begin6
	.short	4                               @ Loc expr size
	.byte	243                             @ DW_OP_GNU_entry_value
	.byte	1                               @ 1
	.byte	80                              @ DW_OP_reg0
	.byte	159                             @ DW_OP_stack_value
	.long	0
	.long	0
.Ldebug_loc8:
	.long	-1
	.long	.Lfunc_begin6                   @   base address
	.long	.Ltmp36-.Lfunc_begin6
	.long	.Ltmp39-.Lfunc_begin6
	.short	2                               @ Loc expr size
	.byte	125                             @ DW_OP_breg13
	.byte	7                               @ 7
	.long	0
	.long	0
	.section	.debug_abbrev,"",%progbits
	.byte	1                               @ Abbreviation Code
	.byte	17                              @ DW_TAG_compile_unit
	.byte	1                               @ DW_CHILDREN_yes
	.byte	37                              @ DW_AT_producer
	.byte	14                              @ DW_FORM_strp
	.byte	19                              @ DW_AT_language
	.byte	5                               @ DW_FORM_data2
	.byte	3                               @ DW_AT_name
	.byte	14                              @ DW_FORM_strp
	.byte	16                              @ DW_AT_stmt_list
	.byte	23                              @ DW_FORM_sec_offset
	.byte	27                              @ DW_AT_comp_dir
	.byte	14                              @ DW_FORM_strp
	.byte	17                              @ DW_AT_low_pc
	.byte	1                               @ DW_FORM_addr
	.byte	85                              @ DW_AT_ranges
	.byte	23                              @ DW_FORM_sec_offset
	.byte	0                               @ EOM(1)
	.byte	0                               @ EOM(2)
	.byte	2                               @ Abbreviation Code
	.byte	52                              @ DW_TAG_variable
	.byte	0                               @ DW_CHILDREN_no
	.byte	3                               @ DW_AT_name
	.byte	14                              @ DW_FORM_strp
	.byte	73                              @ DW_AT_type
	.byte	19                              @ DW_FORM_ref4
	.byte	58                              @ DW_AT_decl_file
	.byte	11                              @ DW_FORM_data1
	.byte	59                              @ DW_AT_decl_line
	.byte	11                              @ DW_FORM_data1
	.byte	2                               @ DW_AT_location
	.byte	24                              @ DW_FORM_exprloc
	.byte	0                               @ EOM(1)
	.byte	0                               @ EOM(2)
	.byte	3                               @ Abbreviation Code
	.byte	22                              @ DW_TAG_typedef
	.byte	0                               @ DW_CHILDREN_no
	.byte	73                              @ DW_AT_type
	.byte	19                              @ DW_FORM_ref4
	.byte	3                               @ DW_AT_name
	.byte	14                              @ DW_FORM_strp
	.byte	58                              @ DW_AT_decl_file
	.byte	11                              @ DW_FORM_data1
	.byte	59                              @ DW_AT_decl_line
	.byte	11                              @ DW_FORM_data1
	.byte	0                               @ EOM(1)
	.byte	0                               @ EOM(2)
	.byte	4                               @ Abbreviation Code
	.byte	36                              @ DW_TAG_base_type
	.byte	0                               @ DW_CHILDREN_no
	.byte	3                               @ DW_AT_name
	.byte	14                              @ DW_FORM_strp
	.byte	62                              @ DW_AT_encoding
	.byte	11                              @ DW_FORM_data1
	.byte	11                              @ DW_AT_byte_size
	.byte	11                              @ DW_FORM_data1
	.byte	0                               @ EOM(1)
	.byte	0                               @ EOM(2)
	.byte	5                               @ Abbreviation Code
	.byte	15                              @ DW_TAG_pointer_type
	.byte	0                               @ DW_CHILDREN_no
	.byte	73                              @ DW_AT_type
	.byte	19                              @ DW_FORM_ref4
	.byte	0                               @ EOM(1)
	.byte	0                               @ EOM(2)
	.byte	6                               @ Abbreviation Code
	.byte	21                              @ DW_TAG_subroutine_type
	.byte	1                               @ DW_CHILDREN_yes
	.byte	73                              @ DW_AT_type
	.byte	19                              @ DW_FORM_ref4
	.byte	39                              @ DW_AT_prototyped
	.byte	25                              @ DW_FORM_flag_present
	.byte	0                               @ EOM(1)
	.byte	0                               @ EOM(2)
	.byte	7                               @ Abbreviation Code
	.byte	5                               @ DW_TAG_formal_parameter
	.byte	0                               @ DW_CHILDREN_no
	.byte	73                              @ DW_AT_type
	.byte	19                              @ DW_FORM_ref4
	.byte	0                               @ EOM(1)
	.byte	0                               @ EOM(2)
	.byte	8                               @ Abbreviation Code
	.byte	1                               @ DW_TAG_array_type
	.byte	1                               @ DW_CHILDREN_yes
	.byte	73                              @ DW_AT_type
	.byte	19                              @ DW_FORM_ref4
	.byte	0                               @ EOM(1)
	.byte	0                               @ EOM(2)
	.byte	9                               @ Abbreviation Code
	.byte	33                              @ DW_TAG_subrange_type
	.byte	0                               @ DW_CHILDREN_no
	.byte	73                              @ DW_AT_type
	.byte	19                              @ DW_FORM_ref4
	.byte	55                              @ DW_AT_count
	.byte	11                              @ DW_FORM_data1
	.byte	0                               @ EOM(1)
	.byte	0                               @ EOM(2)
	.byte	10                              @ Abbreviation Code
	.byte	19                              @ DW_TAG_structure_type
	.byte	1                               @ DW_CHILDREN_yes
	.byte	11                              @ DW_AT_byte_size
	.byte	11                              @ DW_FORM_data1
	.byte	58                              @ DW_AT_decl_file
	.byte	11                              @ DW_FORM_data1
	.byte	59                              @ DW_AT_decl_line
	.byte	11                              @ DW_FORM_data1
	.byte	0                               @ EOM(1)
	.byte	0                               @ EOM(2)
	.byte	11                              @ Abbreviation Code
	.byte	13                              @ DW_TAG_member
	.byte	0                               @ DW_CHILDREN_no
	.byte	3                               @ DW_AT_name
	.byte	14                              @ DW_FORM_strp
	.byte	73                              @ DW_AT_type
	.byte	19                              @ DW_FORM_ref4
	.byte	58                              @ DW_AT_decl_file
	.byte	11                              @ DW_FORM_data1
	.byte	59                              @ DW_AT_decl_line
	.byte	11                              @ DW_FORM_data1
	.byte	56                              @ DW_AT_data_member_location
	.byte	11                              @ DW_FORM_data1
	.byte	0                               @ EOM(1)
	.byte	0                               @ EOM(2)
	.byte	12                              @ Abbreviation Code
	.byte	53                              @ DW_TAG_volatile_type
	.byte	0                               @ DW_CHILDREN_no
	.byte	73                              @ DW_AT_type
	.byte	19                              @ DW_FORM_ref4
	.byte	0                               @ EOM(1)
	.byte	0                               @ EOM(2)
	.byte	13                              @ Abbreviation Code
	.byte	38                              @ DW_TAG_const_type
	.byte	0                               @ DW_CHILDREN_no
	.byte	73                              @ DW_AT_type
	.byte	19                              @ DW_FORM_ref4
	.byte	0                               @ EOM(1)
	.byte	0                               @ EOM(2)
	.byte	14                              @ Abbreviation Code
	.byte	36                              @ DW_TAG_base_type
	.byte	0                               @ DW_CHILDREN_no
	.byte	3                               @ DW_AT_name
	.byte	14                              @ DW_FORM_strp
	.byte	11                              @ DW_AT_byte_size
	.byte	11                              @ DW_FORM_data1
	.byte	62                              @ DW_AT_encoding
	.byte	11                              @ DW_FORM_data1
	.byte	0                               @ EOM(1)
	.byte	0                               @ EOM(2)
	.byte	15                              @ Abbreviation Code
	.byte	46                              @ DW_TAG_subprogram
	.byte	1                               @ DW_CHILDREN_yes
	.byte	17                              @ DW_AT_low_pc
	.byte	1                               @ DW_FORM_addr
	.byte	18                              @ DW_AT_high_pc
	.byte	6                               @ DW_FORM_data4
	.byte	64                              @ DW_AT_frame_base
	.byte	24                              @ DW_FORM_exprloc
	.ascii	"\227B"                         @ DW_AT_GNU_all_call_sites
	.byte	25                              @ DW_FORM_flag_present
	.byte	3                               @ DW_AT_name
	.byte	14                              @ DW_FORM_strp
	.byte	58                              @ DW_AT_decl_file
	.byte	11                              @ DW_FORM_data1
	.byte	59                              @ DW_AT_decl_line
	.byte	11                              @ DW_FORM_data1
	.byte	39                              @ DW_AT_prototyped
	.byte	25                              @ DW_FORM_flag_present
	.byte	73                              @ DW_AT_type
	.byte	19                              @ DW_FORM_ref4
	.byte	63                              @ DW_AT_external
	.byte	25                              @ DW_FORM_flag_present
	.byte	0                               @ EOM(1)
	.byte	0                               @ EOM(2)
	.byte	16                              @ Abbreviation Code
	.byte	5                               @ DW_TAG_formal_parameter
	.byte	0                               @ DW_CHILDREN_no
	.byte	2                               @ DW_AT_location
	.byte	23                              @ DW_FORM_sec_offset
	.byte	3                               @ DW_AT_name
	.byte	14                              @ DW_FORM_strp
	.byte	58                              @ DW_AT_decl_file
	.byte	11                              @ DW_FORM_data1
	.byte	59                              @ DW_AT_decl_line
	.byte	11                              @ DW_FORM_data1
	.byte	73                              @ DW_AT_type
	.byte	19                              @ DW_FORM_ref4
	.byte	0                               @ EOM(1)
	.byte	0                               @ EOM(2)
	.byte	17                              @ Abbreviation Code
	.byte	52                              @ DW_TAG_variable
	.byte	0                               @ DW_CHILDREN_no
	.byte	28                              @ DW_AT_const_value
	.byte	13                              @ DW_FORM_sdata
	.byte	3                               @ DW_AT_name
	.byte	14                              @ DW_FORM_strp
	.byte	58                              @ DW_AT_decl_file
	.byte	11                              @ DW_FORM_data1
	.byte	59                              @ DW_AT_decl_line
	.byte	11                              @ DW_FORM_data1
	.byte	73                              @ DW_AT_type
	.byte	19                              @ DW_FORM_ref4
	.byte	0                               @ EOM(1)
	.byte	0                               @ EOM(2)
	.byte	18                              @ Abbreviation Code
	.byte	46                              @ DW_TAG_subprogram
	.byte	1                               @ DW_CHILDREN_yes
	.byte	17                              @ DW_AT_low_pc
	.byte	1                               @ DW_FORM_addr
	.byte	18                              @ DW_AT_high_pc
	.byte	6                               @ DW_FORM_data4
	.byte	64                              @ DW_AT_frame_base
	.byte	24                              @ DW_FORM_exprloc
	.ascii	"\227B"                         @ DW_AT_GNU_all_call_sites
	.byte	25                              @ DW_FORM_flag_present
	.byte	49                              @ DW_AT_abstract_origin
	.byte	19                              @ DW_FORM_ref4
	.byte	0                               @ EOM(1)
	.byte	0                               @ EOM(2)
	.byte	19                              @ Abbreviation Code
	.byte	5                               @ DW_TAG_formal_parameter
	.byte	0                               @ DW_CHILDREN_no
	.byte	2                               @ DW_AT_location
	.byte	23                              @ DW_FORM_sec_offset
	.byte	49                              @ DW_AT_abstract_origin
	.byte	19                              @ DW_FORM_ref4
	.byte	0                               @ EOM(1)
	.byte	0                               @ EOM(2)
	.byte	20                              @ Abbreviation Code
	.byte	5                               @ DW_TAG_formal_parameter
	.byte	0                               @ DW_CHILDREN_no
	.byte	2                               @ DW_AT_location
	.byte	24                              @ DW_FORM_exprloc
	.byte	49                              @ DW_AT_abstract_origin
	.byte	19                              @ DW_FORM_ref4
	.byte	0                               @ EOM(1)
	.byte	0                               @ EOM(2)
	.byte	21                              @ Abbreviation Code
	.byte	46                              @ DW_TAG_subprogram
	.byte	1                               @ DW_CHILDREN_yes
	.byte	3                               @ DW_AT_name
	.byte	14                              @ DW_FORM_strp
	.byte	58                              @ DW_AT_decl_file
	.byte	11                              @ DW_FORM_data1
	.byte	59                              @ DW_AT_decl_line
	.byte	11                              @ DW_FORM_data1
	.byte	39                              @ DW_AT_prototyped
	.byte	25                              @ DW_FORM_flag_present
	.byte	73                              @ DW_AT_type
	.byte	19                              @ DW_FORM_ref4
	.byte	63                              @ DW_AT_external
	.byte	25                              @ DW_FORM_flag_present
	.byte	32                              @ DW_AT_inline
	.byte	11                              @ DW_FORM_data1
	.byte	0                               @ EOM(1)
	.byte	0                               @ EOM(2)
	.byte	22                              @ Abbreviation Code
	.byte	5                               @ DW_TAG_formal_parameter
	.byte	0                               @ DW_CHILDREN_no
	.byte	3                               @ DW_AT_name
	.byte	14                              @ DW_FORM_strp
	.byte	58                              @ DW_AT_decl_file
	.byte	11                              @ DW_FORM_data1
	.byte	59                              @ DW_AT_decl_line
	.byte	11                              @ DW_FORM_data1
	.byte	73                              @ DW_AT_type
	.byte	19                              @ DW_FORM_ref4
	.byte	0                               @ EOM(1)
	.byte	0                               @ EOM(2)
	.byte	23                              @ Abbreviation Code
	.byte	29                              @ DW_TAG_inlined_subroutine
	.byte	1                               @ DW_CHILDREN_yes
	.byte	49                              @ DW_AT_abstract_origin
	.byte	19                              @ DW_FORM_ref4
	.byte	17                              @ DW_AT_low_pc
	.byte	1                               @ DW_FORM_addr
	.byte	18                              @ DW_AT_high_pc
	.byte	6                               @ DW_FORM_data4
	.byte	88                              @ DW_AT_call_file
	.byte	11                              @ DW_FORM_data1
	.byte	89                              @ DW_AT_call_line
	.byte	11                              @ DW_FORM_data1
	.byte	87                              @ DW_AT_call_column
	.byte	11                              @ DW_FORM_data1
	.byte	0                               @ EOM(1)
	.byte	0                               @ EOM(2)
	.byte	24                              @ Abbreviation Code
	.byte	5                               @ DW_TAG_formal_parameter
	.byte	0                               @ DW_CHILDREN_no
	.byte	2                               @ DW_AT_location
	.byte	24                              @ DW_FORM_exprloc
	.byte	3                               @ DW_AT_name
	.byte	14                              @ DW_FORM_strp
	.byte	58                              @ DW_AT_decl_file
	.byte	11                              @ DW_FORM_data1
	.byte	59                              @ DW_AT_decl_line
	.byte	11                              @ DW_FORM_data1
	.byte	73                              @ DW_AT_type
	.byte	19                              @ DW_FORM_ref4
	.byte	0                               @ EOM(1)
	.byte	0                               @ EOM(2)
	.byte	25                              @ Abbreviation Code
	.byte	29                              @ DW_TAG_inlined_subroutine
	.byte	0                               @ DW_CHILDREN_no
	.byte	49                              @ DW_AT_abstract_origin
	.byte	19                              @ DW_FORM_ref4
	.byte	17                              @ DW_AT_low_pc
	.byte	1                               @ DW_FORM_addr
	.byte	18                              @ DW_AT_high_pc
	.byte	6                               @ DW_FORM_data4
	.byte	88                              @ DW_AT_call_file
	.byte	11                              @ DW_FORM_data1
	.byte	89                              @ DW_AT_call_line
	.byte	11                              @ DW_FORM_data1
	.byte	87                              @ DW_AT_call_column
	.byte	11                              @ DW_FORM_data1
	.byte	0                               @ EOM(1)
	.byte	0                               @ EOM(2)
	.byte	26                              @ Abbreviation Code
	.byte	52                              @ DW_TAG_variable
	.byte	0                               @ DW_CHILDREN_no
	.byte	2                               @ DW_AT_location
	.byte	23                              @ DW_FORM_sec_offset
	.byte	3                               @ DW_AT_name
	.byte	14                              @ DW_FORM_strp
	.byte	58                              @ DW_AT_decl_file
	.byte	11                              @ DW_FORM_data1
	.byte	59                              @ DW_AT_decl_line
	.byte	11                              @ DW_FORM_data1
	.byte	73                              @ DW_AT_type
	.byte	19                              @ DW_FORM_ref4
	.byte	0                               @ EOM(1)
	.byte	0                               @ EOM(2)
	.byte	27                              @ Abbreviation Code
	.byte	19                              @ DW_TAG_structure_type
	.byte	1                               @ DW_CHILDREN_yes
	.byte	3                               @ DW_AT_name
	.byte	14                              @ DW_FORM_strp
	.byte	11                              @ DW_AT_byte_size
	.byte	11                              @ DW_FORM_data1
	.byte	58                              @ DW_AT_decl_file
	.byte	11                              @ DW_FORM_data1
	.byte	59                              @ DW_AT_decl_line
	.byte	11                              @ DW_FORM_data1
	.byte	0                               @ EOM(1)
	.byte	0                               @ EOM(2)
	.byte	28                              @ Abbreviation Code
	.byte	23                              @ DW_TAG_union_type
	.byte	1                               @ DW_CHILDREN_yes
	.byte	11                              @ DW_AT_byte_size
	.byte	11                              @ DW_FORM_data1
	.byte	58                              @ DW_AT_decl_file
	.byte	11                              @ DW_FORM_data1
	.byte	59                              @ DW_AT_decl_line
	.byte	11                              @ DW_FORM_data1
	.byte	0                               @ EOM(1)
	.byte	0                               @ EOM(2)
	.byte	0                               @ EOM(3)
	.section	.debug_info,"",%progbits
.Lcu_begin0:
	.long	.Ldebug_info_end0-.Ldebug_info_start0 @ Length of Unit
.Ldebug_info_start0:
	.short	4                               @ DWARF version number
	.long	.debug_abbrev                   @ Offset Into Abbrev. Section
	.byte	4                               @ Address Size (in bytes)
	.byte	1                               @ Abbrev [1] 0xb:0x454 DW_TAG_compile_unit
	.long	.Linfo_string0                  @ DW_AT_producer
	.short	12                              @ DW_AT_language
	.long	.Linfo_string1                  @ DW_AT_name
	.long	.Lline_table_start0             @ DW_AT_stmt_list
	.long	.Linfo_string2                  @ DW_AT_comp_dir
	.long	0                               @ DW_AT_low_pc
	.long	.Ldebug_ranges0                 @ DW_AT_ranges
	.byte	2                               @ Abbrev [2] 0x26:0x11 DW_TAG_variable
	.long	.Linfo_string3                  @ DW_AT_name
	.long	55                              @ DW_AT_type
	.byte	2                               @ DW_AT_decl_file
	.byte	34                              @ DW_AT_decl_line
	.byte	5                               @ DW_AT_location
	.byte	3
	.long	sUartId
	.byte	3                               @ Abbrev [3] 0x37:0xb DW_TAG_typedef
	.long	66                              @ DW_AT_type
	.long	.Linfo_string5                  @ DW_AT_name
	.byte	1                               @ DW_AT_decl_file
	.byte	64                              @ DW_AT_decl_line
	.byte	4                               @ Abbrev [4] 0x42:0x7 DW_TAG_base_type
	.long	.Linfo_string4                  @ DW_AT_name
	.byte	7                               @ DW_AT_encoding
	.byte	4                               @ DW_AT_byte_size
	.byte	2                               @ Abbrev [2] 0x49:0x11 DW_TAG_variable
	.long	.Linfo_string6                  @ DW_AT_name
	.long	90                              @ DW_AT_type
	.byte	2                               @ DW_AT_decl_file
	.byte	35                              @ DW_AT_decl_line
	.byte	5                               @ DW_AT_location
	.byte	3
	.long	pf_stdin_str
	.byte	3                               @ Abbrev [3] 0x5a:0xb DW_TAG_typedef
	.long	101                             @ DW_AT_type
	.long	.Linfo_string9                  @ DW_AT_name
	.byte	3                               @ DW_AT_decl_file
	.byte	22                              @ DW_AT_decl_line
	.byte	5                               @ Abbrev [5] 0x65:0x5 DW_TAG_pointer_type
	.long	106                             @ DW_AT_type
	.byte	6                               @ Abbrev [6] 0x6a:0x10 DW_TAG_subroutine_type
	.long	122                             @ DW_AT_type
                                        @ DW_AT_prototyped
	.byte	7                               @ Abbrev [7] 0x6f:0x5 DW_TAG_formal_parameter
	.long	129                             @ DW_AT_type
	.byte	7                               @ Abbrev [7] 0x74:0x5 DW_TAG_formal_parameter
	.long	122                             @ DW_AT_type
	.byte	0                               @ End Of Children Mark
	.byte	4                               @ Abbrev [4] 0x7a:0x7 DW_TAG_base_type
	.long	.Linfo_string7                  @ DW_AT_name
	.byte	5                               @ DW_AT_encoding
	.byte	4                               @ DW_AT_byte_size
	.byte	5                               @ Abbrev [5] 0x81:0x5 DW_TAG_pointer_type
	.long	134                             @ DW_AT_type
	.byte	4                               @ Abbrev [4] 0x86:0x7 DW_TAG_base_type
	.long	.Linfo_string8                  @ DW_AT_name
	.byte	8                               @ DW_AT_encoding
	.byte	1                               @ DW_AT_byte_size
	.byte	2                               @ Abbrev [2] 0x8d:0x11 DW_TAG_variable
	.long	.Linfo_string10                 @ DW_AT_name
	.long	158                             @ DW_AT_type
	.byte	2                               @ DW_AT_decl_file
	.byte	39                              @ DW_AT_decl_line
	.byte	5                               @ DW_AT_location
	.byte	3
	.long	sUartHandle
	.byte	8                               @ Abbrev [8] 0x9e:0xc DW_TAG_array_type
	.long	170                             @ DW_AT_type
	.byte	9                               @ Abbrev [9] 0xa3:0x6 DW_TAG_subrange_type
	.long	445                             @ DW_AT_type
	.byte	3                               @ DW_AT_count
	.byte	0                               @ End Of Children Mark
	.byte	3                               @ Abbrev [3] 0xaa:0xb DW_TAG_typedef
	.long	181                             @ DW_AT_type
	.long	.Linfo_string31                 @ DW_AT_name
	.byte	2                               @ DW_AT_decl_file
	.byte	30                              @ DW_AT_decl_line
	.byte	10                              @ Abbrev [10] 0xb5:0x11 DW_TAG_structure_type
	.byte	4                               @ DW_AT_byte_size
	.byte	2                               @ DW_AT_decl_file
	.byte	27                              @ DW_AT_decl_line
	.byte	11                              @ Abbrev [11] 0xb9:0xc DW_TAG_member
	.long	.Linfo_string11                 @ DW_AT_name
	.long	198                             @ DW_AT_type
	.byte	2                               @ DW_AT_decl_file
	.byte	29                              @ DW_AT_decl_line
	.byte	0                               @ DW_AT_data_member_location
	.byte	0                               @ End Of Children Mark
	.byte	5                               @ Abbrev [5] 0xc6:0x5 DW_TAG_pointer_type
	.long	203                             @ DW_AT_type
	.byte	3                               @ Abbrev [3] 0xcb:0xb DW_TAG_typedef
	.long	214                             @ DW_AT_type
	.long	.Linfo_string30                 @ DW_AT_name
	.byte	4                               @ DW_AT_decl_file
	.byte	39                              @ DW_AT_decl_line
	.byte	10                              @ Abbrev [10] 0xd6:0xdd DW_TAG_structure_type
	.byte	72                              @ DW_AT_byte_size
	.byte	4                               @ DW_AT_decl_file
	.byte	17                              @ DW_AT_decl_line
	.byte	11                              @ Abbrev [11] 0xda:0xc DW_TAG_member
	.long	.Linfo_string12                 @ DW_AT_name
	.long	435                             @ DW_AT_type
	.byte	4                               @ DW_AT_decl_file
	.byte	19                              @ DW_AT_decl_line
	.byte	0                               @ DW_AT_data_member_location
	.byte	11                              @ Abbrev [11] 0xe6:0xc DW_TAG_member
	.long	.Linfo_string13                 @ DW_AT_name
	.long	435                             @ DW_AT_type
	.byte	4                               @ DW_AT_decl_file
	.byte	20                              @ DW_AT_decl_line
	.byte	4                               @ DW_AT_data_member_location
	.byte	11                              @ Abbrev [11] 0xf2:0xc DW_TAG_member
	.long	.Linfo_string14                 @ DW_AT_name
	.long	435                             @ DW_AT_type
	.byte	4                               @ DW_AT_decl_file
	.byte	21                              @ DW_AT_decl_line
	.byte	8                               @ DW_AT_data_member_location
	.byte	11                              @ Abbrev [11] 0xfe:0xc DW_TAG_member
	.long	.Linfo_string15                 @ DW_AT_name
	.long	435                             @ DW_AT_type
	.byte	4                               @ DW_AT_decl_file
	.byte	22                              @ DW_AT_decl_line
	.byte	12                              @ DW_AT_data_member_location
	.byte	11                              @ Abbrev [11] 0x10a:0xc DW_TAG_member
	.long	.Linfo_string16                 @ DW_AT_name
	.long	435                             @ DW_AT_type
	.byte	4                               @ DW_AT_decl_file
	.byte	23                              @ DW_AT_decl_line
	.byte	16                              @ DW_AT_data_member_location
	.byte	11                              @ Abbrev [11] 0x116:0xc DW_TAG_member
	.long	.Linfo_string17                 @ DW_AT_name
	.long	440                             @ DW_AT_type
	.byte	4                               @ DW_AT_decl_file
	.byte	24                              @ DW_AT_decl_line
	.byte	20                              @ DW_AT_data_member_location
	.byte	11                              @ Abbrev [11] 0x122:0xc DW_TAG_member
	.long	.Linfo_string18                 @ DW_AT_name
	.long	440                             @ DW_AT_type
	.byte	4                               @ DW_AT_decl_file
	.byte	25                              @ DW_AT_decl_line
	.byte	24                              @ DW_AT_data_member_location
	.byte	11                              @ Abbrev [11] 0x12e:0xc DW_TAG_member
	.long	.Linfo_string19                 @ DW_AT_name
	.long	435                             @ DW_AT_type
	.byte	4                               @ DW_AT_decl_file
	.byte	26                              @ DW_AT_decl_line
	.byte	28                              @ DW_AT_data_member_location
	.byte	11                              @ Abbrev [11] 0x13a:0xc DW_TAG_member
	.long	.Linfo_string20                 @ DW_AT_name
	.long	435                             @ DW_AT_type
	.byte	4                               @ DW_AT_decl_file
	.byte	28                              @ DW_AT_decl_line
	.byte	32                              @ DW_AT_data_member_location
	.byte	11                              @ Abbrev [11] 0x146:0xc DW_TAG_member
	.long	.Linfo_string21                 @ DW_AT_name
	.long	435                             @ DW_AT_type
	.byte	4                               @ DW_AT_decl_file
	.byte	29                              @ DW_AT_decl_line
	.byte	36                              @ DW_AT_data_member_location
	.byte	11                              @ Abbrev [11] 0x152:0xc DW_TAG_member
	.long	.Linfo_string22                 @ DW_AT_name
	.long	435                             @ DW_AT_type
	.byte	4                               @ DW_AT_decl_file
	.byte	30                              @ DW_AT_decl_line
	.byte	40                              @ DW_AT_data_member_location
	.byte	11                              @ Abbrev [11] 0x15e:0xc DW_TAG_member
	.long	.Linfo_string23                 @ DW_AT_name
	.long	435                             @ DW_AT_type
	.byte	4                               @ DW_AT_decl_file
	.byte	31                              @ DW_AT_decl_line
	.byte	44                              @ DW_AT_data_member_location
	.byte	11                              @ Abbrev [11] 0x16a:0xc DW_TAG_member
	.long	.Linfo_string24                 @ DW_AT_name
	.long	440                             @ DW_AT_type
	.byte	4                               @ DW_AT_decl_file
	.byte	32                              @ DW_AT_decl_line
	.byte	48                              @ DW_AT_data_member_location
	.byte	11                              @ Abbrev [11] 0x176:0xc DW_TAG_member
	.long	.Linfo_string25                 @ DW_AT_name
	.long	440                             @ DW_AT_type
	.byte	4                               @ DW_AT_decl_file
	.byte	33                              @ DW_AT_decl_line
	.byte	52                              @ DW_AT_data_member_location
	.byte	11                              @ Abbrev [11] 0x182:0xc DW_TAG_member
	.long	.Linfo_string26                 @ DW_AT_name
	.long	435                             @ DW_AT_type
	.byte	4                               @ DW_AT_decl_file
	.byte	34                              @ DW_AT_decl_line
	.byte	56                              @ DW_AT_data_member_location
	.byte	11                              @ Abbrev [11] 0x18e:0xc DW_TAG_member
	.long	.Linfo_string27                 @ DW_AT_name
	.long	435                             @ DW_AT_type
	.byte	4                               @ DW_AT_decl_file
	.byte	35                              @ DW_AT_decl_line
	.byte	60                              @ DW_AT_data_member_location
	.byte	11                              @ Abbrev [11] 0x19a:0xc DW_TAG_member
	.long	.Linfo_string28                 @ DW_AT_name
	.long	435                             @ DW_AT_type
	.byte	4                               @ DW_AT_decl_file
	.byte	36                              @ DW_AT_decl_line
	.byte	64                              @ DW_AT_data_member_location
	.byte	11                              @ Abbrev [11] 0x1a6:0xc DW_TAG_member
	.long	.Linfo_string29                 @ DW_AT_name
	.long	435                             @ DW_AT_type
	.byte	4                               @ DW_AT_decl_file
	.byte	37                              @ DW_AT_decl_line
	.byte	68                              @ DW_AT_data_member_location
	.byte	0                               @ End Of Children Mark
	.byte	12                              @ Abbrev [12] 0x1b3:0x5 DW_TAG_volatile_type
	.long	55                              @ DW_AT_type
	.byte	13                              @ Abbrev [13] 0x1b8:0x5 DW_TAG_const_type
	.long	435                             @ DW_AT_type
	.byte	14                              @ Abbrev [14] 0x1bd:0x7 DW_TAG_base_type
	.long	.Linfo_string32                 @ DW_AT_name
	.byte	8                               @ DW_AT_byte_size
	.byte	7                               @ DW_AT_encoding
	.byte	15                              @ Abbrev [15] 0x1c4:0x31 DW_TAG_subprogram
	.long	.Lfunc_begin0                   @ DW_AT_low_pc
	.long	.Lfunc_end0-.Lfunc_begin0       @ DW_AT_high_pc
	.byte	1                               @ DW_AT_frame_base
	.byte	93
                                        @ DW_AT_GNU_all_call_sites
	.long	.Linfo_string40                 @ DW_AT_name
	.byte	2                               @ DW_AT_decl_file
	.byte	43                              @ DW_AT_decl_line
                                        @ DW_AT_prototyped
	.long	122                             @ DW_AT_type
                                        @ DW_AT_external
	.byte	16                              @ Abbrev [16] 0x1d9:0xf DW_TAG_formal_parameter
	.long	.Ldebug_loc0                    @ DW_AT_location
	.long	.Linfo_string44                 @ DW_AT_name
	.byte	2                               @ DW_AT_decl_file
	.byte	43                              @ DW_AT_decl_line
	.long	984                             @ DW_AT_type
	.byte	17                              @ Abbrev [17] 0x1e8:0xc DW_TAG_variable
	.byte	0                               @ DW_AT_const_value
	.long	.Linfo_string48                 @ DW_AT_name
	.byte	2                               @ DW_AT_decl_file
	.byte	45                              @ DW_AT_decl_line
	.long	122                             @ DW_AT_type
	.byte	0                               @ End Of Children Mark
	.byte	18                              @ Abbrev [18] 0x1f5:0x27 DW_TAG_subprogram
	.long	.Lfunc_begin1                   @ DW_AT_low_pc
	.long	.Lfunc_end1-.Lfunc_begin1       @ DW_AT_high_pc
	.byte	1                               @ DW_AT_frame_base
	.byte	93
                                        @ DW_AT_GNU_all_call_sites
	.long	570                             @ DW_AT_abstract_origin
	.byte	19                              @ Abbrev [19] 0x204:0x9 DW_TAG_formal_parameter
	.long	.Ldebug_loc1                    @ DW_AT_location
	.long	582                             @ DW_AT_abstract_origin
	.byte	20                              @ Abbrev [20] 0x20d:0x7 DW_TAG_formal_parameter
	.byte	1                               @ DW_AT_location
	.byte	81
	.long	593                             @ DW_AT_abstract_origin
	.byte	20                              @ Abbrev [20] 0x214:0x7 DW_TAG_formal_parameter
	.byte	1                               @ DW_AT_location
	.byte	82
	.long	604                             @ DW_AT_abstract_origin
	.byte	0                               @ End Of Children Mark
	.byte	18                              @ Abbrev [18] 0x21c:0x1e DW_TAG_subprogram
	.long	.Lfunc_begin2                   @ DW_AT_low_pc
	.long	.Lfunc_end2-.Lfunc_begin2       @ DW_AT_high_pc
	.byte	1                               @ DW_AT_frame_base
	.byte	93
                                        @ DW_AT_GNU_all_call_sites
	.long	710                             @ DW_AT_abstract_origin
	.byte	20                              @ Abbrev [20] 0x22b:0x7 DW_TAG_formal_parameter
	.byte	1                               @ DW_AT_location
	.byte	80
	.long	722                             @ DW_AT_abstract_origin
	.byte	20                              @ Abbrev [20] 0x232:0x7 DW_TAG_formal_parameter
	.byte	1                               @ DW_AT_location
	.byte	81
	.long	733                             @ DW_AT_abstract_origin
	.byte	0                               @ End Of Children Mark
	.byte	21                              @ Abbrev [21] 0x23a:0x2e DW_TAG_subprogram
	.long	.Linfo_string33                 @ DW_AT_name
	.byte	2                               @ DW_AT_decl_file
	.byte	54                              @ DW_AT_decl_line
                                        @ DW_AT_prototyped
	.long	122                             @ DW_AT_type
                                        @ DW_AT_external
	.byte	1                               @ DW_AT_inline
	.byte	22                              @ Abbrev [22] 0x246:0xb DW_TAG_formal_parameter
	.long	.Linfo_string34                 @ DW_AT_name
	.byte	2                               @ DW_AT_decl_file
	.byte	54                              @ DW_AT_decl_line
	.long	129                             @ DW_AT_type
	.byte	22                              @ Abbrev [22] 0x251:0xb DW_TAG_formal_parameter
	.long	.Linfo_string35                 @ DW_AT_name
	.byte	2                               @ DW_AT_decl_file
	.byte	54                              @ DW_AT_decl_line
	.long	122                             @ DW_AT_type
	.byte	22                              @ Abbrev [22] 0x25c:0xb DW_TAG_formal_parameter
	.long	.Linfo_string36                 @ DW_AT_name
	.byte	2                               @ DW_AT_decl_file
	.byte	54                              @ DW_AT_decl_line
	.long	198                             @ DW_AT_type
	.byte	0                               @ End Of Children Mark
	.byte	15                              @ Abbrev [15] 0x268:0x5e DW_TAG_subprogram
	.long	.Lfunc_begin3                   @ DW_AT_low_pc
	.long	.Lfunc_end3-.Lfunc_begin3       @ DW_AT_high_pc
	.byte	1                               @ DW_AT_frame_base
	.byte	93
                                        @ DW_AT_GNU_all_call_sites
	.long	.Linfo_string41                 @ DW_AT_name
	.byte	2                               @ DW_AT_decl_file
	.byte	73                              @ DW_AT_decl_line
                                        @ DW_AT_prototyped
	.long	122                             @ DW_AT_type
                                        @ DW_AT_external
	.byte	16                              @ Abbrev [16] 0x27d:0xf DW_TAG_formal_parameter
	.long	.Ldebug_loc2                    @ DW_AT_location
	.long	.Linfo_string34                 @ DW_AT_name
	.byte	2                               @ DW_AT_decl_file
	.byte	73                              @ DW_AT_decl_line
	.long	129                             @ DW_AT_type
	.byte	16                              @ Abbrev [16] 0x28c:0xf DW_TAG_formal_parameter
	.long	.Ldebug_loc3                    @ DW_AT_location
	.long	.Linfo_string35                 @ DW_AT_name
	.byte	2                               @ DW_AT_decl_file
	.byte	73                              @ DW_AT_decl_line
	.long	122                             @ DW_AT_type
	.byte	23                              @ Abbrev [23] 0x29b:0x2a DW_TAG_inlined_subroutine
	.long	570                             @ DW_AT_abstract_origin
	.long	.Lfunc_begin3                   @ DW_AT_low_pc
	.long	.Ltmp20-.Lfunc_begin3           @ DW_AT_high_pc
	.byte	2                               @ DW_AT_call_file
	.byte	75                              @ DW_AT_call_line
	.byte	12                              @ DW_AT_call_column
	.byte	19                              @ Abbrev [19] 0x2ab:0x9 DW_TAG_formal_parameter
	.long	.Ldebug_loc4                    @ DW_AT_location
	.long	582                             @ DW_AT_abstract_origin
	.byte	20                              @ Abbrev [20] 0x2b4:0x7 DW_TAG_formal_parameter
	.byte	1                               @ DW_AT_location
	.byte	81
	.long	593                             @ DW_AT_abstract_origin
	.byte	19                              @ Abbrev [19] 0x2bb:0x9 DW_TAG_formal_parameter
	.long	.Ldebug_loc5                    @ DW_AT_location
	.long	604                             @ DW_AT_abstract_origin
	.byte	0                               @ End Of Children Mark
	.byte	0                               @ End Of Children Mark
	.byte	21                              @ Abbrev [21] 0x2c6:0x23 DW_TAG_subprogram
	.long	.Linfo_string37                 @ DW_AT_name
	.byte	2                               @ DW_AT_decl_file
	.byte	65                              @ DW_AT_decl_line
                                        @ DW_AT_prototyped
	.long	122                             @ DW_AT_type
                                        @ DW_AT_external
	.byte	1                               @ DW_AT_inline
	.byte	22                              @ Abbrev [22] 0x2d2:0xb DW_TAG_formal_parameter
	.long	.Linfo_string38                 @ DW_AT_name
	.byte	2                               @ DW_AT_decl_file
	.byte	65                              @ DW_AT_decl_line
	.long	122                             @ DW_AT_type
	.byte	22                              @ Abbrev [22] 0x2dd:0xb DW_TAG_formal_parameter
	.long	.Linfo_string36                 @ DW_AT_name
	.byte	2                               @ DW_AT_decl_file
	.byte	65                              @ DW_AT_decl_line
	.long	198                             @ DW_AT_type
	.byte	0                               @ End Of Children Mark
	.byte	18                              @ Abbrev [18] 0x2e9:0x2f DW_TAG_subprogram
	.long	.Lfunc_begin4                   @ DW_AT_low_pc
	.long	.Lfunc_end4-.Lfunc_begin4       @ DW_AT_high_pc
	.byte	1                               @ DW_AT_frame_base
	.byte	93
                                        @ DW_AT_GNU_all_call_sites
	.long	792                             @ DW_AT_abstract_origin
	.byte	20                              @ Abbrev [20] 0x2f8:0x7 DW_TAG_formal_parameter
	.byte	1                               @ DW_AT_location
	.byte	80
	.long	804                             @ DW_AT_abstract_origin
	.byte	23                              @ Abbrev [23] 0x2ff:0x18 DW_TAG_inlined_subroutine
	.long	710                             @ DW_AT_abstract_origin
	.long	.Ltmp22                         @ DW_AT_low_pc
	.long	.Ltmp24-.Ltmp22                 @ DW_AT_high_pc
	.byte	2                               @ DW_AT_call_file
	.byte	79                              @ DW_AT_call_line
	.byte	12                              @ DW_AT_call_column
	.byte	20                              @ Abbrev [20] 0x30f:0x7 DW_TAG_formal_parameter
	.byte	1                               @ DW_AT_location
	.byte	81
	.long	733                             @ DW_AT_abstract_origin
	.byte	0                               @ End Of Children Mark
	.byte	0                               @ End Of Children Mark
	.byte	21                              @ Abbrev [21] 0x318:0x18 DW_TAG_subprogram
	.long	.Linfo_string39                 @ DW_AT_name
	.byte	2                               @ DW_AT_decl_file
	.byte	77                              @ DW_AT_decl_line
                                        @ DW_AT_prototyped
	.long	122                             @ DW_AT_type
                                        @ DW_AT_external
	.byte	1                               @ DW_AT_inline
	.byte	22                              @ Abbrev [22] 0x324:0xb DW_TAG_formal_parameter
	.long	.Linfo_string38                 @ DW_AT_name
	.byte	2                               @ DW_AT_decl_file
	.byte	77                              @ DW_AT_decl_line
	.long	122                             @ DW_AT_type
	.byte	0                               @ End Of Children Mark
	.byte	15                              @ Abbrev [15] 0x330:0x74 DW_TAG_subprogram
	.long	.Lfunc_begin5                   @ DW_AT_low_pc
	.long	.Lfunc_end5-.Lfunc_begin5       @ DW_AT_high_pc
	.byte	1                               @ DW_AT_frame_base
	.byte	93
                                        @ DW_AT_GNU_all_call_sites
	.long	.Linfo_string42                 @ DW_AT_name
	.byte	2                               @ DW_AT_decl_file
	.byte	82                              @ DW_AT_decl_line
                                        @ DW_AT_prototyped
	.long	122                             @ DW_AT_type
                                        @ DW_AT_external
	.byte	24                              @ Abbrev [24] 0x345:0xd DW_TAG_formal_parameter
	.byte	1                               @ DW_AT_location
	.byte	80
	.long	.Linfo_string38                 @ DW_AT_name
	.byte	2                               @ DW_AT_decl_file
	.byte	82                              @ DW_AT_decl_line
	.long	122                             @ DW_AT_type
	.byte	16                              @ Abbrev [16] 0x352:0xf DW_TAG_formal_parameter
	.long	.Ldebug_loc6                    @ DW_AT_location
	.long	.Linfo_string49                 @ DW_AT_name
	.byte	2                               @ DW_AT_decl_file
	.byte	82                              @ DW_AT_decl_line
	.long	1033                            @ DW_AT_type
	.byte	23                              @ Abbrev [23] 0x361:0x21 DW_TAG_inlined_subroutine
	.long	792                             @ DW_AT_abstract_origin
	.long	.Ltmp27                         @ DW_AT_low_pc
	.long	.Ltmp29-.Ltmp27                 @ DW_AT_high_pc
	.byte	2                               @ DW_AT_call_file
	.byte	86                              @ DW_AT_call_line
	.byte	9                               @ DW_AT_call_column
	.byte	25                              @ Abbrev [25] 0x371:0x10 DW_TAG_inlined_subroutine
	.long	710                             @ DW_AT_abstract_origin
	.long	.Ltmp27                         @ DW_AT_low_pc
	.long	.Ltmp29-.Ltmp27                 @ DW_AT_high_pc
	.byte	2                               @ DW_AT_call_file
	.byte	79                              @ DW_AT_call_line
	.byte	12                              @ DW_AT_call_column
	.byte	0                               @ End Of Children Mark
	.byte	23                              @ Abbrev [23] 0x382:0x21 DW_TAG_inlined_subroutine
	.long	792                             @ DW_AT_abstract_origin
	.long	.Ltmp29                         @ DW_AT_low_pc
	.long	.Ltmp31-.Ltmp29                 @ DW_AT_high_pc
	.byte	2                               @ DW_AT_call_file
	.byte	88                              @ DW_AT_call_line
	.byte	5                               @ DW_AT_call_column
	.byte	25                              @ Abbrev [25] 0x392:0x10 DW_TAG_inlined_subroutine
	.long	710                             @ DW_AT_abstract_origin
	.long	.Ltmp29                         @ DW_AT_low_pc
	.long	.Ltmp31-.Ltmp29                 @ DW_AT_high_pc
	.byte	2                               @ DW_AT_call_file
	.byte	79                              @ DW_AT_call_line
	.byte	12                              @ DW_AT_call_column
	.byte	0                               @ End Of Children Mark
	.byte	0                               @ End Of Children Mark
	.byte	15                              @ Abbrev [15] 0x3a4:0x34 DW_TAG_subprogram
	.long	.Lfunc_begin6                   @ DW_AT_low_pc
	.long	.Lfunc_end6-.Lfunc_begin6       @ DW_AT_high_pc
	.byte	1                               @ DW_AT_frame_base
	.byte	93
                                        @ DW_AT_GNU_all_call_sites
	.long	.Linfo_string43                 @ DW_AT_name
	.byte	2                               @ DW_AT_decl_file
	.byte	92                              @ DW_AT_decl_line
                                        @ DW_AT_prototyped
	.long	122                             @ DW_AT_type
                                        @ DW_AT_external
	.byte	16                              @ Abbrev [16] 0x3b9:0xf DW_TAG_formal_parameter
	.long	.Ldebug_loc7                    @ DW_AT_location
	.long	.Linfo_string49                 @ DW_AT_name
	.byte	2                               @ DW_AT_decl_file
	.byte	92                              @ DW_AT_decl_line
	.long	1033                            @ DW_AT_type
	.byte	26                              @ Abbrev [26] 0x3c8:0xf DW_TAG_variable
	.long	.Ldebug_loc8                    @ DW_AT_location
	.long	.Linfo_string56                 @ DW_AT_name
	.byte	2                               @ DW_AT_decl_file
	.byte	94                              @ DW_AT_decl_line
	.long	134                             @ DW_AT_type
	.byte	0                               @ End Of Children Mark
	.byte	5                               @ Abbrev [5] 0x3d8:0x5 DW_TAG_pointer_type
	.long	989                             @ DW_AT_type
	.byte	3                               @ Abbrev [3] 0x3dd:0xb DW_TAG_typedef
	.long	1000                            @ DW_AT_type
	.long	.Linfo_string47                 @ DW_AT_name
	.byte	3                               @ DW_AT_decl_file
	.byte	35                              @ DW_AT_decl_line
	.byte	27                              @ Abbrev [27] 0x3e8:0x21 DW_TAG_structure_type
	.long	.Linfo_string46                 @ DW_AT_name
	.byte	8                               @ DW_AT_byte_size
	.byte	3                               @ DW_AT_decl_file
	.byte	29                              @ DW_AT_decl_line
	.byte	11                              @ Abbrev [11] 0x3f0:0xc DW_TAG_member
	.long	.Linfo_string45                 @ DW_AT_name
	.long	55                              @ DW_AT_type
	.byte	3                               @ DW_AT_decl_file
	.byte	31                              @ DW_AT_decl_line
	.byte	0                               @ DW_AT_data_member_location
	.byte	11                              @ Abbrev [11] 0x3fc:0xc DW_TAG_member
	.long	.Linfo_string6                  @ DW_AT_name
	.long	90                              @ DW_AT_type
	.byte	3                               @ DW_AT_decl_file
	.byte	34                              @ DW_AT_decl_line
	.byte	4                               @ DW_AT_data_member_location
	.byte	0                               @ End Of Children Mark
	.byte	5                               @ Abbrev [5] 0x409:0x5 DW_TAG_pointer_type
	.long	1038                            @ DW_AT_type
	.byte	3                               @ Abbrev [3] 0x40e:0xb DW_TAG_typedef
	.long	1049                            @ DW_AT_type
	.long	.Linfo_string55                 @ DW_AT_name
	.byte	5                               @ DW_AT_decl_file
	.byte	108                             @ DW_AT_decl_line
	.byte	27                              @ Abbrev [27] 0x419:0x32 DW_TAG_structure_type
	.long	.Linfo_string54                 @ DW_AT_name
	.byte	84                              @ DW_AT_byte_size
	.byte	5                               @ DW_AT_decl_file
	.byte	119                             @ DW_AT_decl_line
	.byte	11                              @ Abbrev [11] 0x421:0xc DW_TAG_member
	.long	.Linfo_string50                 @ DW_AT_name
	.long	1069                            @ DW_AT_type
	.byte	5                               @ DW_AT_decl_file
	.byte	127                             @ DW_AT_decl_line
	.byte	0                               @ DW_AT_data_member_location
	.byte	28                              @ Abbrev [28] 0x42d:0x1d DW_TAG_union_type
	.byte	84                              @ DW_AT_byte_size
	.byte	5                               @ DW_AT_decl_file
	.byte	120                             @ DW_AT_decl_line
	.byte	11                              @ Abbrev [11] 0x431:0xc DW_TAG_member
	.long	.Linfo_string51                 @ DW_AT_name
	.long	1099                            @ DW_AT_type
	.byte	5                               @ DW_AT_decl_file
	.byte	121                             @ DW_AT_decl_line
	.byte	0                               @ DW_AT_data_member_location
	.byte	11                              @ Abbrev [11] 0x43d:0xc DW_TAG_member
	.long	.Linfo_string53                 @ DW_AT_name
	.long	1106                            @ DW_AT_type
	.byte	5                               @ DW_AT_decl_file
	.byte	125                             @ DW_AT_decl_line
	.byte	0                               @ DW_AT_data_member_location
	.byte	0                               @ End Of Children Mark
	.byte	0                               @ End Of Children Mark
	.byte	4                               @ Abbrev [4] 0x44b:0x7 DW_TAG_base_type
	.long	.Linfo_string52                 @ DW_AT_name
	.byte	5                               @ DW_AT_encoding
	.byte	4                               @ DW_AT_byte_size
	.byte	8                               @ Abbrev [8] 0x452:0xc DW_TAG_array_type
	.long	134                             @ DW_AT_type
	.byte	9                               @ Abbrev [9] 0x457:0x6 DW_TAG_subrange_type
	.long	445                             @ DW_AT_type
	.byte	84                              @ DW_AT_count
	.byte	0                               @ End Of Children Mark
	.byte	0                               @ End Of Children Mark
.Ldebug_info_end0:
	.section	.debug_ranges,"",%progbits
.Ldebug_ranges0:
	.long	.Lfunc_begin0
	.long	.Lfunc_end0
	.long	.Lfunc_begin1
	.long	.Lfunc_end1
	.long	.Lfunc_begin2
	.long	.Lfunc_end2
	.long	.Lfunc_begin3
	.long	.Lfunc_end3
	.long	.Lfunc_begin4
	.long	.Lfunc_end4
	.long	.Lfunc_begin5
	.long	.Lfunc_end5
	.long	.Lfunc_begin6
	.long	.Lfunc_end6
	.long	0
	.long	0
	.section	.debug_str,"MS",%progbits,1
.Linfo_string0:
	.asciz	"Component: ARM Compiler 6.16 Tool: armclang [5dfeb700]" @ string offset=0
.Linfo_string1:
	.asciz	"../../../components/platform/soc/rt582/rt582_driver/Src\\uart_retarget.c" @ string offset=55
.Linfo_string2:
	.asciz	"D:\\Rafael-IoT-SDK-Internal-main\\examples\\das_subg_thread\\keil" @ string offset=127
.Linfo_string3:
	.asciz	"sUartId"                       @ string offset=189
.Linfo_string4:
	.asciz	"unsigned int"                  @ string offset=197
.Linfo_string5:
	.asciz	"uint32_t"                      @ string offset=210
.Linfo_string6:
	.asciz	"pf_stdin_str"                  @ string offset=219
.Linfo_string7:
	.asciz	"int"                           @ string offset=232
.Linfo_string8:
	.asciz	"char"                          @ string offset=236
.Linfo_string9:
	.asciz	"cb_stdin_str_t"                @ string offset=241
.Linfo_string10:
	.asciz	"sUartHandle"                   @ string offset=256
.Linfo_string11:
	.asciz	"uart"                          @ string offset=268
.Linfo_string12:
	.asciz	"RBR"                           @ string offset=273
.Linfo_string13:
	.asciz	"IER"                           @ string offset=277
.Linfo_string14:
	.asciz	"FCR"                           @ string offset=281
.Linfo_string15:
	.asciz	"LCR"                           @ string offset=285
.Linfo_string16:
	.asciz	"MCR"                           @ string offset=289
.Linfo_string17:
	.asciz	"LSR"                           @ string offset=293
.Linfo_string18:
	.asciz	"MSR"                           @ string offset=297
.Linfo_string19:
	.asciz	"SPR"                           @ string offset=301
.Linfo_string20:
	.asciz	"xDMA_RX_ADDR"                  @ string offset=305
.Linfo_string21:
	.asciz	"xDMA_RX_LEN"                   @ string offset=318
.Linfo_string22:
	.asciz	"xDMA_TX_ADDR"                  @ string offset=330
.Linfo_string23:
	.asciz	"xDMA_TX_LEN"                   @ string offset=343
.Linfo_string24:
	.asciz	"xDMA_RX_RLEN"                  @ string offset=355
.Linfo_string25:
	.asciz	"xDMA_TX_RLEN"                  @ string offset=368
.Linfo_string26:
	.asciz	"xDMA_IER"                      @ string offset=381
.Linfo_string27:
	.asciz	"xDMA_INT_STATUS"               @ string offset=390
.Linfo_string28:
	.asciz	"xDMA_RX_ENABLE"                @ string offset=406
.Linfo_string29:
	.asciz	"xDMA_TX_ENABLE"                @ string offset=421
.Linfo_string30:
	.asciz	"UART_T"                        @ string offset=436
.Linfo_string31:
	.asciz	"uart_handle_t"                 @ string offset=443
.Linfo_string32:
	.asciz	"__ARRAY_SIZE_TYPE__"           @ string offset=457
.Linfo_string33:
	.asciz	"retarget_stdout_string"        @ string offset=477
.Linfo_string34:
	.asciz	"str"                           @ string offset=500
.Linfo_string35:
	.asciz	"length"                        @ string offset=504
.Linfo_string36:
	.asciz	"p_csr"                         @ string offset=511
.Linfo_string37:
	.asciz	"retarget_stdout_char"          @ string offset=517
.Linfo_string38:
	.asciz	"ch"                            @ string offset=538
.Linfo_string39:
	.asciz	"uart_retarget_stdout_char"     @ string offset=541
.Linfo_string40:
	.asciz	"uart_retarget_init"            @ string offset=567
.Linfo_string41:
	.asciz	"uart_retarget_stdout_string"   @ string offset=586
.Linfo_string42:
	.asciz	"fputc"                         @ string offset=614
.Linfo_string43:
	.asciz	"fgetc"                         @ string offset=620
.Linfo_string44:
	.asciz	"pt_retarget_desc"              @ string offset=626
.Linfo_string45:
	.asciz	"uart_id"                       @ string offset=643
.Linfo_string46:
	.asciz	"retarget_desc"                 @ string offset=651
.Linfo_string47:
	.asciz	"uart_retarget_desc_t"          @ string offset=665
.Linfo_string48:
	.asciz	"ret"                           @ string offset=686
.Linfo_string49:
	.asciz	"p_file"                        @ string offset=690
.Linfo_string50:
	.asciz	"__FILE_opaque"                 @ string offset=697
.Linfo_string51:
	.asciz	"__FILE_alignment"              @ string offset=711
.Linfo_string52:
	.asciz	"long int"                      @ string offset=728
.Linfo_string53:
	.asciz	"__FILE_size"                   @ string offset=737
.Linfo_string54:
	.asciz	"__FILE"                        @ string offset=749
.Linfo_string55:
	.asciz	"FILE"                          @ string offset=756
.Linfo_string56:
	.asciz	"pBuf"                          @ string offset=761
	.ident	"Component: ARM Compiler 6.16 Tool: armclang [5dfeb700]"
	.section	".note.GNU-stack","",%progbits
	.eabi_attribute	30, 3	@ Tag_ABI_optimization_goals
	.ARM_attribute	16, 1	@ Tag_AV_eba
	.section	.debug_line,"",%progbits
.Lline_table_start0:
