	.text
	.syntax unified
	.eabi_attribute	67, "2.09"	@ Tag_conformance
	.cpu	cortex-m3
	.eabi_attribute	6, 10	@ Tag_CPU_arch
	.eabi_attribute	7, 77	@ Tag_CPU_arch_profile
	.eabi_attribute	8, 0	@ Tag_ARM_ISA_use
	.eabi_attribute	9, 2	@ Tag_THUMB_ISA_use
	.eabi_attribute	34, 1	@ Tag_CPU_unaligned_access
	.eabi_attribute	17, 1	@ Tag_ABI_PCS_GOT_use
	.eabi_attribute	20, 2	@ Tag_ABI_FP_denormal
	.eabi_attribute	21, 0	@ Tag_ABI_FP_exceptions
	.eabi_attribute	23, 1	@ Tag_ABI_FP_number_model
	.eabi_attribute	24, 1	@ Tag_ABI_align_needed
	.eabi_attribute	25, 1	@ Tag_ABI_align_preserved
	.eabi_attribute	38, 1	@ Tag_ABI_FP_16bit_format
	.eabi_attribute	18, 4	@ Tag_ABI_PCS_wchar_t
	.eabi_attribute	26, 2	@ Tag_ABI_enum_size
	.eabi_attribute	14, 0	@ Tag_ABI_PCS_R9_use
	.file	"util_log.c"
	.file	1 "D:\\Rafael-IoT-SDK-Internal-main\\examples\\das_subg_thread\\keil" "../../../components/utility/utility/Inc\\util_log.h"
	.file	2 "C:\\Keil_v5\\ARM\\ARMCLANG\\Bin\\..\\include" "stdint.h"
	.file	3 "D:\\Rafael-IoT-SDK-Internal-main\\examples\\das_subg_thread\\keil" "../../../components/platform/soc/rt582/rt582_freertos/portable/GCC/ARM_CM3\\portmacro.h"
	.section	.text.log_buf_out,"ax",%progbits
	.hidden	log_buf_out                     @ -- Begin function log_buf_out
	.globl	log_buf_out
	.p2align	1
	.type	log_buf_out,%function
	.code	16                              @ @log_buf_out
	.thumb_func
log_buf_out:
.Lfunc_begin0:
	.file	4 "D:\\Rafael-IoT-SDK-Internal-main\\examples\\das_subg_thread\\keil" "../../../components/utility/utility/util_log.c"
	.loc	4 26 0                          @ ../../../components/utility/utility/util_log.c:26:0
	.fnstart
	.cfi_sections .debug_frame
	.cfi_startproc
@ %bb.0:
	@DEBUG_VALUE: log_buf_out:file <- $r0
	@DEBUG_VALUE: log_buf_out:line <- $r1
	@DEBUG_VALUE: log_buf_out:inbuf <- $r2
	@DEBUG_VALUE: log_buf_out:len <- $r3
	.save	{r4, r5, r6, r7, r8, r9, r10, r11, lr}
	push.w	{r4, r5, r6, r7, r8, r9, r10, r11, lr}
	.cfi_def_cfa_offset 36
	.cfi_offset lr, -4
	.cfi_offset r11, -8
	.cfi_offset r10, -12
	.cfi_offset r9, -16
	.cfi_offset r8, -20
	.cfi_offset r7, -24
	.cfi_offset r6, -28
	.cfi_offset r5, -32
	.cfi_offset r4, -36
	.pad	#28
	sub	sp, #28
	.cfi_def_cfa_offset 64
.Ltmp0:
	@DEBUG_VALUE: log_buf_out:buf <- $r2
	strd	r0, r1, [sp, #20]               @ 8-byte Folded Spill
.Ltmp1:
	@DEBUG_VALUE: log_buf_out:pbuffer <- 0
	@DEBUG_VALUE: log_buf_out:buf <- $r4
	@DEBUG_VALUE: log_buf_out:type <- [DW_OP_plus_uconst 64] [$sp+0]
	@DEBUG_VALUE: log_buf_out:len <- $r5
	@DEBUG_VALUE: log_buf_out:inbuf <- $r4
	@DEBUG_VALUE: log_buf_out:line <- [DW_OP_plus_uconst 24] [$sp+0]
	@DEBUG_VALUE: log_buf_out:file <- [DW_OP_plus_uconst 20] [$sp+0]
	.loc	4 30 23 prologue_end            @ ../../../components/utility/utility/util_log.c:30:23
	mov.w	r0, #512
	mov	r5, r3
.Ltmp2:
	.loc	4 0 23 is_stmt 0                @ ../../../components/utility/utility/util_log.c:0:23
	mov	r4, r2
.Ltmp3:
	.loc	4 30 23                         @ ../../../components/utility/utility/util_log.c:30:23
	bl	pvPortMalloc
.Ltmp4:
	mov	r7, r0
.Ltmp5:
	@DEBUG_VALUE: log_buf_out:pbuffer <- $r7
	.loc	4 31 8 is_stmt 1                @ ../../../components/utility/utility/util_log.c:31:8
	cmp	r5, #1
	mov.w	r0, #-1
.Ltmp6:
	@DEBUG_VALUE: log_buf_out:tmp <- 170
	@DEBUG_VALUE: log_buf_out:k <- 0
	@DEBUG_VALUE: log_buf_out:j <- 0
	@DEBUG_VALUE: log_buf_out:n <- 0
	@DEBUG_VALUE: log_buf_out:m <- 0
	blt.w	.LBB0_43
.Ltmp7:
@ %bb.1:
	@DEBUG_VALUE: log_buf_out:pbuffer <- $r7
	@DEBUG_VALUE: log_buf_out:file <- [DW_OP_plus_uconst 20] [$sp+0]
	@DEBUG_VALUE: log_buf_out:line <- [DW_OP_plus_uconst 24] [$sp+0]
	@DEBUG_VALUE: log_buf_out:type <- [DW_OP_plus_uconst 64] [$sp+0]
	@DEBUG_VALUE: log_buf_out:m <- 0
	@DEBUG_VALUE: log_buf_out:n <- 0
	@DEBUG_VALUE: log_buf_out:j <- 0
	@DEBUG_VALUE: log_buf_out:k <- 0
	@DEBUG_VALUE: log_buf_out:tmp <- 170
	cmp	r7, #0
	beq.w	.LBB0_43
.Ltmp8:
@ %bb.2:
	@DEBUG_VALUE: log_buf_out:pbuffer <- $r7
	@DEBUG_VALUE: log_buf_out:file <- [DW_OP_plus_uconst 20] [$sp+0]
	@DEBUG_VALUE: log_buf_out:line <- [DW_OP_plus_uconst 24] [$sp+0]
	@DEBUG_VALUE: log_buf_out:type <- [DW_OP_plus_uconst 64] [$sp+0]
	@DEBUG_VALUE: log_buf_out:m <- 0
	@DEBUG_VALUE: log_buf_out:n <- 0
	@DEBUG_VALUE: log_buf_out:j <- 0
	@DEBUG_VALUE: log_buf_out:k <- 0
	@DEBUG_VALUE: log_buf_out:tmp <- 170
	.loc	4 0 8 is_stmt 0                 @ ../../../components/utility/utility/util_log.c:0:8
	movw	r0, #34079
	movt	r0, #20971
	.loc	4 46 13 is_stmt 1               @ ../../../components/utility/utility/util_log.c:46:13
	umull	r0, r1, r5, r0
	lsrs	r6, r1, #4
.Ltmp9:
	@DEBUG_VALUE: log_buf_out:m <- $r6
	.loc	4 0 13 is_stmt 0                @ ../../../components/utility/utility/util_log.c:0:13
	movs	r0, #50
	mls	r11, r6, r0, r5
.Ltmp10:
	@DEBUG_VALUE: log_buf_out:n <- $r11
	ldr.w	r10, [sp, #64]
	.loc	4 48 9 is_stmt 1                @ ../../../components/utility/utility/util_log.c:48:9
	cmp.w	r11, #0
	mov.w	r0, #1
	it	ne
	addne.w	r6, r0, r1, lsr #4
.Ltmp11:
	@DEBUG_VALUE: log_buf_out:k <- 0
	@DEBUG_VALUE: log_buf_out:m <- $r6
	.loc	4 0 9 is_stmt 0                 @ ../../../components/utility/utility/util_log.c:0:9
	str	r6, [sp, #16]                   @ 4-byte Spill
.Ltmp12:
	@DEBUG_VALUE: log_buf_out:m <- [DW_OP_plus_uconst 16] [$sp+0]
	.loc	4 53 9 is_stmt 1                @ ../../../components/utility/utility/util_log.c:53:9
	beq.w	.LBB0_29
.Ltmp13:
@ %bb.3:
	@DEBUG_VALUE: log_buf_out:n <- $r11
	@DEBUG_VALUE: log_buf_out:pbuffer <- $r7
	@DEBUG_VALUE: log_buf_out:m <- [DW_OP_plus_uconst 16] [$sp+0]
	@DEBUG_VALUE: log_buf_out:file <- [DW_OP_plus_uconst 20] [$sp+0]
	@DEBUG_VALUE: log_buf_out:line <- [DW_OP_plus_uconst 24] [$sp+0]
	@DEBUG_VALUE: log_buf_out:type <- [DW_OP_plus_uconst 64] [$sp+0]
	@DEBUG_VALUE: log_buf_out:j <- 0
	@DEBUG_VALUE: log_buf_out:k <- 0
	@DEBUG_VALUE: log_buf_out:tmp <- 170
	.loc	4 54 9                          @ ../../../components/utility/utility/util_log.c:54:9
	cmp	r6, #0
	beq.w	.LBB0_42
.Ltmp14:
@ %bb.4:
	@DEBUG_VALUE: log_buf_out:n <- $r11
	@DEBUG_VALUE: log_buf_out:pbuffer <- $r7
	@DEBUG_VALUE: log_buf_out:m <- [DW_OP_plus_uconst 16] [$sp+0]
	@DEBUG_VALUE: log_buf_out:file <- [DW_OP_plus_uconst 20] [$sp+0]
	@DEBUG_VALUE: log_buf_out:line <- [DW_OP_plus_uconst 24] [$sp+0]
	@DEBUG_VALUE: log_buf_out:type <- [DW_OP_plus_uconst 64] [$sp+0]
	@DEBUG_VALUE: log_buf_out:j <- 0
	@DEBUG_VALUE: log_buf_out:k <- 0
	@DEBUG_VALUE: log_buf_out:tmp <- 170
	.loc	4 0 9 is_stmt 0                 @ ../../../components/utility/utility/util_log.c:0:9
	movw	r9, :lower16:.L.str.2
	mov.w	r8, #0
	movt	r9, :upper16:.L.str.2
.Ltmp15:
	.p2align	2
.LBB0_5:                                @ =>This Loop Header: Depth=1
                                        @     Child Loop BB0_16 Depth 2
                                        @     Child Loop BB0_7 Depth 2
	@DEBUG_VALUE: log_buf_out:n <- $r11
	@DEBUG_VALUE: log_buf_out:pbuffer <- $r7
	@DEBUG_VALUE: log_buf_out:m <- [DW_OP_plus_uconst 16] [$sp+0]
	@DEBUG_VALUE: log_buf_out:file <- [DW_OP_plus_uconst 20] [$sp+0]
	@DEBUG_VALUE: log_buf_out:line <- [DW_OP_plus_uconst 24] [$sp+0]
	@DEBUG_VALUE: log_buf_out:type <- [DW_OP_plus_uconst 64] [$sp+0]
	@DEBUG_VALUE: log_buf_out:k <- $r8
	.loc	4 55 19 is_stmt 1               @ ../../../components/utility/utility/util_log.c:55:19
	add.w	r8, r8, #1
.Ltmp16:
	@DEBUG_VALUE: log_buf_out:tmp <- 0
	@DEBUG_VALUE: log_buf_out:j <- 0
	.loc	4 55 17 is_stmt 0               @ ../../../components/utility/utility/util_log.c:55:17
	cmp	r8, r6
	bne	.LBB0_15
.Ltmp17:
@ %bb.6:                                @   in Loop: Header=BB0_5 Depth=1
	@DEBUG_VALUE: log_buf_out:n <- $r11
	@DEBUG_VALUE: log_buf_out:pbuffer <- $r7
	@DEBUG_VALUE: log_buf_out:m <- [DW_OP_plus_uconst 16] [$sp+0]
	@DEBUG_VALUE: log_buf_out:file <- [DW_OP_plus_uconst 20] [$sp+0]
	@DEBUG_VALUE: log_buf_out:line <- [DW_OP_plus_uconst 24] [$sp+0]
	@DEBUG_VALUE: log_buf_out:type <- [DW_OP_plus_uconst 64] [$sp+0]
	@DEBUG_VALUE: log_buf_out:tmp <- 0
	@DEBUG_VALUE: log_buf_out:j <- 0
	.loc	4 0 17                          @ ../../../components/utility/utility/util_log.c:0:17
	movs	r5, #0
	movs	r6, #0
.Ltmp18:
	.p2align	2
.LBB0_7:                                @   Parent Loop BB0_5 Depth=1
                                        @ =>  This Inner Loop Header: Depth=2
	@DEBUG_VALUE: log_buf_out:n <- $r11
	@DEBUG_VALUE: log_buf_out:pbuffer <- $r7
	@DEBUG_VALUE: log_buf_out:m <- [DW_OP_plus_uconst 16] [$sp+0]
	@DEBUG_VALUE: log_buf_out:file <- [DW_OP_plus_uconst 20] [$sp+0]
	@DEBUG_VALUE: log_buf_out:line <- [DW_OP_plus_uconst 24] [$sp+0]
	@DEBUG_VALUE: log_buf_out:type <- [DW_OP_plus_uconst 64] [$sp+0]
	@DEBUG_VALUE: log_buf_out:j <- $r6
	@DEBUG_VALUE: log_buf_out:tmp <- $r5
	.loc	4 58 21 is_stmt 1               @ ../../../components/utility/utility/util_log.c:58:21
	cmp.w	r10, #2
	beq	.LBB0_10
.Ltmp19:
@ %bb.8:                                @   in Loop: Header=BB0_7 Depth=2
	@DEBUG_VALUE: log_buf_out:n <- $r11
	@DEBUG_VALUE: log_buf_out:pbuffer <- $r7
	@DEBUG_VALUE: log_buf_out:j <- $r6
	@DEBUG_VALUE: log_buf_out:tmp <- $r5
	@DEBUG_VALUE: log_buf_out:m <- [DW_OP_plus_uconst 16] [$sp+0]
	@DEBUG_VALUE: log_buf_out:file <- [DW_OP_plus_uconst 20] [$sp+0]
	@DEBUG_VALUE: log_buf_out:line <- [DW_OP_plus_uconst 24] [$sp+0]
	@DEBUG_VALUE: log_buf_out:type <- [DW_OP_plus_uconst 64] [$sp+0]
	cmp.w	r10, #1
	bne	.LBB0_11
.Ltmp20:
@ %bb.9:                                @   in Loop: Header=BB0_7 Depth=2
	@DEBUG_VALUE: log_buf_out:n <- $r11
	@DEBUG_VALUE: log_buf_out:pbuffer <- $r7
	@DEBUG_VALUE: log_buf_out:j <- $r6
	@DEBUG_VALUE: log_buf_out:tmp <- $r5
	@DEBUG_VALUE: log_buf_out:m <- [DW_OP_plus_uconst 16] [$sp+0]
	@DEBUG_VALUE: log_buf_out:file <- [DW_OP_plus_uconst 20] [$sp+0]
	@DEBUG_VALUE: log_buf_out:line <- [DW_OP_plus_uconst 24] [$sp+0]
	@DEBUG_VALUE: log_buf_out:type <- [DW_OP_plus_uconst 64] [$sp+0]
	.loc	4 61 75                         @ ../../../components/utility/utility/util_log.c:61:75
	ldrsb	r2, [r4, r6]
	.loc	4 61 36 is_stmt 0               @ ../../../components/utility/utility/util_log.c:61:36
	movw	r1, :lower16:.L.str
	.loc	4 61 52                         @ ../../../components/utility/utility/util_log.c:61:52
	adds	r0, r7, r5
	.loc	4 61 36                         @ ../../../components/utility/utility/util_log.c:61:36
	movt	r1, :upper16:.L.str
	b	.LBB0_12
.Ltmp21:
	.p2align	2
.LBB0_10:                               @   in Loop: Header=BB0_7 Depth=2
	@DEBUG_VALUE: log_buf_out:n <- $r11
	@DEBUG_VALUE: log_buf_out:pbuffer <- $r7
	@DEBUG_VALUE: log_buf_out:j <- $r6
	@DEBUG_VALUE: log_buf_out:tmp <- $r5
	@DEBUG_VALUE: log_buf_out:m <- [DW_OP_plus_uconst 16] [$sp+0]
	@DEBUG_VALUE: log_buf_out:file <- [DW_OP_plus_uconst 20] [$sp+0]
	@DEBUG_VALUE: log_buf_out:line <- [DW_OP_plus_uconst 24] [$sp+0]
	@DEBUG_VALUE: log_buf_out:type <- [DW_OP_plus_uconst 64] [$sp+0]
	.loc	4 66 76 is_stmt 1               @ ../../../components/utility/utility/util_log.c:66:76
	ldrb	r2, [r4, r6]
	.loc	4 66 36 is_stmt 0               @ ../../../components/utility/utility/util_log.c:66:36
	movw	r1, :lower16:.L.str.1
	.loc	4 66 52                         @ ../../../components/utility/utility/util_log.c:66:52
	adds	r0, r7, r5
	.loc	4 66 36                         @ ../../../components/utility/utility/util_log.c:66:36
	movt	r1, :upper16:.L.str.1
	b	.LBB0_12
.Ltmp22:
	.p2align	2
.LBB0_11:                               @   in Loop: Header=BB0_7 Depth=2
	@DEBUG_VALUE: log_buf_out:n <- $r11
	@DEBUG_VALUE: log_buf_out:pbuffer <- $r7
	@DEBUG_VALUE: log_buf_out:j <- $r6
	@DEBUG_VALUE: log_buf_out:tmp <- $r5
	@DEBUG_VALUE: log_buf_out:m <- [DW_OP_plus_uconst 16] [$sp+0]
	@DEBUG_VALUE: log_buf_out:file <- [DW_OP_plus_uconst 20] [$sp+0]
	@DEBUG_VALUE: log_buf_out:line <- [DW_OP_plus_uconst 24] [$sp+0]
	@DEBUG_VALUE: log_buf_out:type <- [DW_OP_plus_uconst 64] [$sp+0]
	.loc	4 72 77 is_stmt 1               @ ../../../components/utility/utility/util_log.c:72:77
	ldrb	r2, [r4, r6]
	.loc	4 72 52 is_stmt 0               @ ../../../components/utility/utility/util_log.c:72:52
	adds	r0, r7, r5
	.loc	4 72 36                         @ ../../../components/utility/utility/util_log.c:72:36
	mov	r1, r9
.Ltmp23:
.LBB0_12:                               @   in Loop: Header=BB0_7 Depth=2
	@DEBUG_VALUE: log_buf_out:n <- $r11
	@DEBUG_VALUE: log_buf_out:pbuffer <- $r7
	@DEBUG_VALUE: log_buf_out:j <- $r6
	@DEBUG_VALUE: log_buf_out:tmp <- $r5
	@DEBUG_VALUE: log_buf_out:m <- [DW_OP_plus_uconst 16] [$sp+0]
	@DEBUG_VALUE: log_buf_out:file <- [DW_OP_plus_uconst 20] [$sp+0]
	@DEBUG_VALUE: log_buf_out:line <- [DW_OP_plus_uconst 24] [$sp+0]
	@DEBUG_VALUE: log_buf_out:type <- [DW_OP_plus_uconst 64] [$sp+0]
	.loc	4 0 0                           @ ../../../components/utility/utility/util_log.c:0:0
	bl	__2sprintf
.Ltmp24:
	@DEBUG_VALUE: log_buf_out:tmp <- undef
	.loc	4 57 37 is_stmt 1               @ ../../../components/utility/utility/util_log.c:57:37
	adds	r6, #1
.Ltmp25:
	@DEBUG_VALUE: log_buf_out:j <- $r6
	.loc	4 57 17 is_stmt 0               @ ../../../components/utility/utility/util_log.c:57:17
	cmp	r11, r6
.Ltmp26:
	.loc	4 0 0                           @ ../../../components/utility/utility/util_log.c:0:0
	add	r5, r0
.Ltmp27:
	@DEBUG_VALUE: log_buf_out:tmp <- $r5
	.loc	4 57 17                         @ ../../../components/utility/utility/util_log.c:57:17
	bne	.LBB0_7
.Ltmp28:
@ %bb.13:                               @   in Loop: Header=BB0_5 Depth=1
	@DEBUG_VALUE: log_buf_out:n <- $r11
	@DEBUG_VALUE: log_buf_out:pbuffer <- $r7
	@DEBUG_VALUE: log_buf_out:j <- $r6
	@DEBUG_VALUE: log_buf_out:tmp <- $r5
	@DEBUG_VALUE: log_buf_out:m <- [DW_OP_plus_uconst 16] [$sp+0]
	@DEBUG_VALUE: log_buf_out:file <- [DW_OP_plus_uconst 20] [$sp+0]
	@DEBUG_VALUE: log_buf_out:line <- [DW_OP_plus_uconst 24] [$sp+0]
	@DEBUG_VALUE: log_buf_out:type <- [DW_OP_plus_uconst 64] [$sp+0]
	.loc	3 177 2 is_stmt 1               @ ../../../components/platform/soc/rt582/rt582_freertos/portable/GCC/ARM_CM3\portmacro.h:177:2
	@APP
	mrs	r0, ipsr
	@NO_APP
.Ltmp29:
	@DEBUG_VALUE: xPortIsInsideInterrupt:xReturn <- [DW_OP_LLVM_convert 1 7, DW_OP_LLVM_convert 32 7, DW_OP_stack_value] undef
	@DEBUG_VALUE: xPortIsInsideInterrupt:ulCurrentInterrupt <- $r0
	.loc	4 76 17                         @ ../../../components/utility/utility/util_log.c:76:17
	cbz	r0, .LBB0_24
.Ltmp30:
@ %bb.14:                               @   in Loop: Header=BB0_5 Depth=1
	@DEBUG_VALUE: log_buf_out:n <- $r11
	@DEBUG_VALUE: log_buf_out:pbuffer <- $r7
	@DEBUG_VALUE: log_buf_out:j <- $r6
	@DEBUG_VALUE: log_buf_out:tmp <- $r5
	@DEBUG_VALUE: log_buf_out:m <- [DW_OP_plus_uconst 16] [$sp+0]
	@DEBUG_VALUE: log_buf_out:file <- [DW_OP_plus_uconst 20] [$sp+0]
	@DEBUG_VALUE: log_buf_out:line <- [DW_OP_plus_uconst 24] [$sp+0]
	@DEBUG_VALUE: log_buf_out:type <- [DW_OP_plus_uconst 64] [$sp+0]
	bl	xTaskGetTickCountFromISR
.Ltmp31:
	.loc	4 0 17 is_stmt 0                @ ../../../components/utility/utility/util_log.c:0:17
	b	.LBB0_25
.Ltmp32:
	.p2align	2
.LBB0_15:                               @   in Loop: Header=BB0_5 Depth=1
	@DEBUG_VALUE: log_buf_out:n <- $r11
	@DEBUG_VALUE: log_buf_out:pbuffer <- $r7
	@DEBUG_VALUE: log_buf_out:m <- [DW_OP_plus_uconst 16] [$sp+0]
	@DEBUG_VALUE: log_buf_out:file <- [DW_OP_plus_uconst 20] [$sp+0]
	@DEBUG_VALUE: log_buf_out:line <- [DW_OP_plus_uconst 24] [$sp+0]
	@DEBUG_VALUE: log_buf_out:type <- [DW_OP_plus_uconst 64] [$sp+0]
	@DEBUG_VALUE: log_buf_out:tmp <- 0
	@DEBUG_VALUE: log_buf_out:j <- 0
	str.w	r8, [sp, #12]                   @ 4-byte Spill
	mov.w	r8, #0
	movs	r5, #0
.Ltmp33:
	.p2align	2
.LBB0_16:                               @   Parent Loop BB0_5 Depth=1
                                        @ =>  This Inner Loop Header: Depth=2
	@DEBUG_VALUE: log_buf_out:n <- $r11
	@DEBUG_VALUE: log_buf_out:pbuffer <- $r7
	@DEBUG_VALUE: log_buf_out:m <- [DW_OP_plus_uconst 16] [$sp+0]
	@DEBUG_VALUE: log_buf_out:file <- [DW_OP_plus_uconst 20] [$sp+0]
	@DEBUG_VALUE: log_buf_out:line <- [DW_OP_plus_uconst 24] [$sp+0]
	@DEBUG_VALUE: log_buf_out:type <- [DW_OP_plus_uconst 64] [$sp+0]
	@DEBUG_VALUE: log_buf_out:j <- $r5
	@DEBUG_VALUE: log_buf_out:tmp <- $r8
	.loc	4 80 21 is_stmt 1               @ ../../../components/utility/utility/util_log.c:80:21
	cmp.w	r10, #2
	beq	.LBB0_19
.Ltmp34:
@ %bb.17:                               @   in Loop: Header=BB0_16 Depth=2
	@DEBUG_VALUE: log_buf_out:n <- $r11
	@DEBUG_VALUE: log_buf_out:tmp <- $r8
	@DEBUG_VALUE: log_buf_out:pbuffer <- $r7
	@DEBUG_VALUE: log_buf_out:j <- $r5
	@DEBUG_VALUE: log_buf_out:m <- [DW_OP_plus_uconst 16] [$sp+0]
	@DEBUG_VALUE: log_buf_out:file <- [DW_OP_plus_uconst 20] [$sp+0]
	@DEBUG_VALUE: log_buf_out:line <- [DW_OP_plus_uconst 24] [$sp+0]
	@DEBUG_VALUE: log_buf_out:type <- [DW_OP_plus_uconst 64] [$sp+0]
	cmp.w	r10, #1
	bne	.LBB0_20
.Ltmp35:
@ %bb.18:                               @   in Loop: Header=BB0_16 Depth=2
	@DEBUG_VALUE: log_buf_out:n <- $r11
	@DEBUG_VALUE: log_buf_out:tmp <- $r8
	@DEBUG_VALUE: log_buf_out:pbuffer <- $r7
	@DEBUG_VALUE: log_buf_out:j <- $r5
	@DEBUG_VALUE: log_buf_out:m <- [DW_OP_plus_uconst 16] [$sp+0]
	@DEBUG_VALUE: log_buf_out:file <- [DW_OP_plus_uconst 20] [$sp+0]
	@DEBUG_VALUE: log_buf_out:line <- [DW_OP_plus_uconst 24] [$sp+0]
	@DEBUG_VALUE: log_buf_out:type <- [DW_OP_plus_uconst 64] [$sp+0]
	.loc	4 83 75                         @ ../../../components/utility/utility/util_log.c:83:75
	ldrsb	r2, [r4, r5]
	.loc	4 83 36 is_stmt 0               @ ../../../components/utility/utility/util_log.c:83:36
	movw	r1, :lower16:.L.str
	.loc	4 83 52                         @ ../../../components/utility/utility/util_log.c:83:52
	add.w	r0, r7, r8
	.loc	4 83 36                         @ ../../../components/utility/utility/util_log.c:83:36
	movt	r1, :upper16:.L.str
	b	.LBB0_21
.Ltmp36:
	.p2align	2
.LBB0_19:                               @   in Loop: Header=BB0_16 Depth=2
	@DEBUG_VALUE: log_buf_out:n <- $r11
	@DEBUG_VALUE: log_buf_out:tmp <- $r8
	@DEBUG_VALUE: log_buf_out:pbuffer <- $r7
	@DEBUG_VALUE: log_buf_out:j <- $r5
	@DEBUG_VALUE: log_buf_out:m <- [DW_OP_plus_uconst 16] [$sp+0]
	@DEBUG_VALUE: log_buf_out:file <- [DW_OP_plus_uconst 20] [$sp+0]
	@DEBUG_VALUE: log_buf_out:line <- [DW_OP_plus_uconst 24] [$sp+0]
	@DEBUG_VALUE: log_buf_out:type <- [DW_OP_plus_uconst 64] [$sp+0]
	.loc	4 88 76 is_stmt 1               @ ../../../components/utility/utility/util_log.c:88:76
	ldrb	r2, [r4, r5]
	.loc	4 88 36 is_stmt 0               @ ../../../components/utility/utility/util_log.c:88:36
	movw	r1, :lower16:.L.str.1
	.loc	4 88 52                         @ ../../../components/utility/utility/util_log.c:88:52
	add.w	r0, r7, r8
	.loc	4 88 36                         @ ../../../components/utility/utility/util_log.c:88:36
	movt	r1, :upper16:.L.str.1
	b	.LBB0_21
.Ltmp37:
	.p2align	2
.LBB0_20:                               @   in Loop: Header=BB0_16 Depth=2
	@DEBUG_VALUE: log_buf_out:n <- $r11
	@DEBUG_VALUE: log_buf_out:tmp <- $r8
	@DEBUG_VALUE: log_buf_out:pbuffer <- $r7
	@DEBUG_VALUE: log_buf_out:j <- $r5
	@DEBUG_VALUE: log_buf_out:m <- [DW_OP_plus_uconst 16] [$sp+0]
	@DEBUG_VALUE: log_buf_out:file <- [DW_OP_plus_uconst 20] [$sp+0]
	@DEBUG_VALUE: log_buf_out:line <- [DW_OP_plus_uconst 24] [$sp+0]
	@DEBUG_VALUE: log_buf_out:type <- [DW_OP_plus_uconst 64] [$sp+0]
	.loc	4 94 77 is_stmt 1               @ ../../../components/utility/utility/util_log.c:94:77
	ldrb	r2, [r4, r5]
	.loc	4 94 52 is_stmt 0               @ ../../../components/utility/utility/util_log.c:94:52
	add.w	r0, r7, r8
	.loc	4 94 36                         @ ../../../components/utility/utility/util_log.c:94:36
	mov	r1, r9
.Ltmp38:
.LBB0_21:                               @   in Loop: Header=BB0_16 Depth=2
	@DEBUG_VALUE: log_buf_out:n <- $r11
	@DEBUG_VALUE: log_buf_out:tmp <- $r8
	@DEBUG_VALUE: log_buf_out:pbuffer <- $r7
	@DEBUG_VALUE: log_buf_out:j <- $r5
	@DEBUG_VALUE: log_buf_out:m <- [DW_OP_plus_uconst 16] [$sp+0]
	@DEBUG_VALUE: log_buf_out:file <- [DW_OP_plus_uconst 20] [$sp+0]
	@DEBUG_VALUE: log_buf_out:line <- [DW_OP_plus_uconst 24] [$sp+0]
	@DEBUG_VALUE: log_buf_out:type <- [DW_OP_plus_uconst 64] [$sp+0]
	.loc	4 0 0                           @ ../../../components/utility/utility/util_log.c:0:0
	bl	__2sprintf
.Ltmp39:
	@DEBUG_VALUE: log_buf_out:tmp <- undef
	.loc	4 79 52 is_stmt 1               @ ../../../components/utility/utility/util_log.c:79:52
	adds	r5, #1
.Ltmp40:
	@DEBUG_VALUE: log_buf_out:j <- $r5
	.loc	4 79 17 is_stmt 0               @ ../../../components/utility/utility/util_log.c:79:17
	cmp	r5, #50
.Ltmp41:
	.loc	4 0 0                           @ ../../../components/utility/utility/util_log.c:0:0
	add	r8, r0
.Ltmp42:
	@DEBUG_VALUE: log_buf_out:tmp <- $r8
	.loc	4 79 17                         @ ../../../components/utility/utility/util_log.c:79:17
	bne	.LBB0_16
.Ltmp43:
@ %bb.22:                               @   in Loop: Header=BB0_5 Depth=1
	@DEBUG_VALUE: log_buf_out:n <- $r11
	@DEBUG_VALUE: log_buf_out:tmp <- $r8
	@DEBUG_VALUE: log_buf_out:pbuffer <- $r7
	@DEBUG_VALUE: log_buf_out:j <- $r5
	@DEBUG_VALUE: log_buf_out:m <- [DW_OP_plus_uconst 16] [$sp+0]
	@DEBUG_VALUE: log_buf_out:file <- [DW_OP_plus_uconst 20] [$sp+0]
	@DEBUG_VALUE: log_buf_out:line <- [DW_OP_plus_uconst 24] [$sp+0]
	@DEBUG_VALUE: log_buf_out:type <- [DW_OP_plus_uconst 64] [$sp+0]
	.loc	3 177 2 is_stmt 1               @ ../../../components/platform/soc/rt582/rt582_freertos/portable/GCC/ARM_CM3\portmacro.h:177:2
	@APP
	mrs	r0, ipsr
	@NO_APP
.Ltmp44:
	@DEBUG_VALUE: xPortIsInsideInterrupt:xReturn <- [DW_OP_LLVM_convert 1 7, DW_OP_LLVM_convert 32 7, DW_OP_stack_value] undef
	@DEBUG_VALUE: xPortIsInsideInterrupt:ulCurrentInterrupt <- $r0
	.loc	4 98 17                         @ ../../../components/utility/utility/util_log.c:98:17
	cbz	r0, .LBB0_26
.Ltmp45:
@ %bb.23:                               @   in Loop: Header=BB0_5 Depth=1
	@DEBUG_VALUE: log_buf_out:n <- $r11
	@DEBUG_VALUE: log_buf_out:tmp <- $r8
	@DEBUG_VALUE: log_buf_out:pbuffer <- $r7
	@DEBUG_VALUE: log_buf_out:j <- $r5
	@DEBUG_VALUE: log_buf_out:m <- [DW_OP_plus_uconst 16] [$sp+0]
	@DEBUG_VALUE: log_buf_out:file <- [DW_OP_plus_uconst 20] [$sp+0]
	@DEBUG_VALUE: log_buf_out:line <- [DW_OP_plus_uconst 24] [$sp+0]
	@DEBUG_VALUE: log_buf_out:type <- [DW_OP_plus_uconst 64] [$sp+0]
	bl	xTaskGetTickCountFromISR
.Ltmp46:
	.loc	4 0 17 is_stmt 0                @ ../../../components/utility/utility/util_log.c:0:17
	b	.LBB0_27
.Ltmp47:
.LBB0_24:                               @   in Loop: Header=BB0_5 Depth=1
	@DEBUG_VALUE: log_buf_out:n <- $r11
	@DEBUG_VALUE: log_buf_out:pbuffer <- $r7
	@DEBUG_VALUE: log_buf_out:j <- $r6
	@DEBUG_VALUE: log_buf_out:tmp <- $r5
	@DEBUG_VALUE: log_buf_out:m <- [DW_OP_plus_uconst 16] [$sp+0]
	@DEBUG_VALUE: log_buf_out:file <- [DW_OP_plus_uconst 20] [$sp+0]
	@DEBUG_VALUE: log_buf_out:line <- [DW_OP_plus_uconst 24] [$sp+0]
	@DEBUG_VALUE: log_buf_out:type <- [DW_OP_plus_uconst 64] [$sp+0]
	.loc	4 76 17 is_stmt 1               @ ../../../components/utility/utility/util_log.c:76:17
	bl	xTaskGetTickCount
.Ltmp48:
.LBB0_25:                               @   in Loop: Header=BB0_5 Depth=1
	@DEBUG_VALUE: log_buf_out:n <- $r11
	@DEBUG_VALUE: log_buf_out:pbuffer <- $r7
	@DEBUG_VALUE: log_buf_out:j <- $r6
	@DEBUG_VALUE: log_buf_out:tmp <- $r5
	@DEBUG_VALUE: log_buf_out:m <- [DW_OP_plus_uconst 16] [$sp+0]
	@DEBUG_VALUE: log_buf_out:file <- [DW_OP_plus_uconst 20] [$sp+0]
	@DEBUG_VALUE: log_buf_out:line <- [DW_OP_plus_uconst 24] [$sp+0]
	@DEBUG_VALUE: log_buf_out:type <- [DW_OP_plus_uconst 64] [$sp+0]
	mov	r1, r0
	ldr	r0, [sp, #24]                   @ 4-byte Reload
	movw	r2, :lower16:.L.str.4
	strd	r0, r5, [sp]
	movw	r0, :lower16:.L.str.3
	ldr	r3, [sp, #20]                   @ 4-byte Reload
	ldr	r6, [sp, #16]                   @ 4-byte Reload
.Ltmp49:
	movt	r0, :upper16:.L.str.3
	movt	r2, :upper16:.L.str.4
	str	r7, [sp, #8]
	bl	rf_printk
.Ltmp50:
	.loc	4 0 17 is_stmt 0                @ ../../../components/utility/utility/util_log.c:0:17
	b	.LBB0_28
.Ltmp51:
.LBB0_26:                               @   in Loop: Header=BB0_5 Depth=1
	@DEBUG_VALUE: log_buf_out:n <- $r11
	@DEBUG_VALUE: log_buf_out:tmp <- $r8
	@DEBUG_VALUE: log_buf_out:pbuffer <- $r7
	@DEBUG_VALUE: log_buf_out:j <- $r5
	@DEBUG_VALUE: log_buf_out:m <- [DW_OP_plus_uconst 16] [$sp+0]
	@DEBUG_VALUE: log_buf_out:file <- [DW_OP_plus_uconst 20] [$sp+0]
	@DEBUG_VALUE: log_buf_out:line <- [DW_OP_plus_uconst 24] [$sp+0]
	@DEBUG_VALUE: log_buf_out:type <- [DW_OP_plus_uconst 64] [$sp+0]
	.loc	4 98 17 is_stmt 1               @ ../../../components/utility/utility/util_log.c:98:17
	bl	xTaskGetTickCount
.Ltmp52:
.LBB0_27:                               @   in Loop: Header=BB0_5 Depth=1
	@DEBUG_VALUE: log_buf_out:n <- $r11
	@DEBUG_VALUE: log_buf_out:tmp <- $r8
	@DEBUG_VALUE: log_buf_out:pbuffer <- $r7
	@DEBUG_VALUE: log_buf_out:j <- $r5
	@DEBUG_VALUE: log_buf_out:m <- [DW_OP_plus_uconst 16] [$sp+0]
	@DEBUG_VALUE: log_buf_out:file <- [DW_OP_plus_uconst 20] [$sp+0]
	@DEBUG_VALUE: log_buf_out:line <- [DW_OP_plus_uconst 24] [$sp+0]
	@DEBUG_VALUE: log_buf_out:type <- [DW_OP_plus_uconst 64] [$sp+0]
	mov	r1, r0
	ldr	r0, [sp, #24]                   @ 4-byte Reload
	movw	r2, :lower16:.L.str.4
	strd	r0, r8, [sp]
	movw	r0, :lower16:.L.str.3
	ldr	r3, [sp, #20]                   @ 4-byte Reload
	movt	r0, :upper16:.L.str.3
	movt	r2, :upper16:.L.str.4
	str	r7, [sp, #8]
	bl	rf_printk
.Ltmp53:
	.loc	4 0 17 is_stmt 0                @ ../../../components/utility/utility/util_log.c:0:17
	ldr.w	r8, [sp, #12]                   @ 4-byte Reload
.Ltmp54:
.LBB0_28:                               @   in Loop: Header=BB0_5 Depth=1
	@DEBUG_VALUE: log_buf_out:n <- $r11
	@DEBUG_VALUE: log_buf_out:pbuffer <- $r7
	@DEBUG_VALUE: log_buf_out:m <- [DW_OP_plus_uconst 16] [$sp+0]
	@DEBUG_VALUE: log_buf_out:file <- [DW_OP_plus_uconst 20] [$sp+0]
	@DEBUG_VALUE: log_buf_out:line <- [DW_OP_plus_uconst 24] [$sp+0]
	@DEBUG_VALUE: log_buf_out:type <- [DW_OP_plus_uconst 64] [$sp+0]
	@DEBUG_VALUE: log_buf_out:k <- $r8
	.loc	4 54 9 is_stmt 1                @ ../../../components/utility/utility/util_log.c:54:9
	cmp	r8, r6
	add.w	r4, r4, #50
	bne.w	.LBB0_5
	b	.LBB0_42
.Ltmp55:
.LBB0_29:
	@DEBUG_VALUE: log_buf_out:n <- $r11
	@DEBUG_VALUE: log_buf_out:pbuffer <- $r7
	@DEBUG_VALUE: log_buf_out:m <- [DW_OP_plus_uconst 16] [$sp+0]
	@DEBUG_VALUE: log_buf_out:file <- [DW_OP_plus_uconst 20] [$sp+0]
	@DEBUG_VALUE: log_buf_out:line <- [DW_OP_plus_uconst 24] [$sp+0]
	@DEBUG_VALUE: log_buf_out:type <- [DW_OP_plus_uconst 64] [$sp+0]
	@DEBUG_VALUE: log_buf_out:j <- 0
	@DEBUG_VALUE: log_buf_out:k <- 0
	@DEBUG_VALUE: log_buf_out:tmp <- 170
	.loc	4 102 9                         @ ../../../components/utility/utility/util_log.c:102:9
	cmp	r6, #0
	beq	.LBB0_42
.Ltmp56:
@ %bb.30:
	@DEBUG_VALUE: log_buf_out:n <- $r11
	@DEBUG_VALUE: log_buf_out:pbuffer <- $r7
	@DEBUG_VALUE: log_buf_out:m <- [DW_OP_plus_uconst 16] [$sp+0]
	@DEBUG_VALUE: log_buf_out:file <- [DW_OP_plus_uconst 20] [$sp+0]
	@DEBUG_VALUE: log_buf_out:line <- [DW_OP_plus_uconst 24] [$sp+0]
	@DEBUG_VALUE: log_buf_out:type <- [DW_OP_plus_uconst 64] [$sp+0]
	@DEBUG_VALUE: log_buf_out:j <- 0
	@DEBUG_VALUE: log_buf_out:k <- 0
	@DEBUG_VALUE: log_buf_out:tmp <- 170
	.loc	4 0 9 is_stmt 0                 @ ../../../components/utility/utility/util_log.c:0:9
	movw	r11, :lower16:.L.str
.Ltmp57:
	movw	r9, :lower16:.L.str.2
	movs	r5, #0
	movt	r11, :upper16:.L.str
	movt	r9, :upper16:.L.str.2
.Ltmp58:
	.p2align	2
.LBB0_31:                               @ =>This Loop Header: Depth=1
                                        @     Child Loop BB0_32 Depth 2
	@DEBUG_VALUE: log_buf_out:pbuffer <- $r7
	@DEBUG_VALUE: log_buf_out:m <- [DW_OP_plus_uconst 16] [$sp+0]
	@DEBUG_VALUE: log_buf_out:file <- [DW_OP_plus_uconst 20] [$sp+0]
	@DEBUG_VALUE: log_buf_out:line <- [DW_OP_plus_uconst 24] [$sp+0]
	@DEBUG_VALUE: log_buf_out:type <- [DW_OP_plus_uconst 64] [$sp+0]
	movs	r6, #0
.Ltmp59:
	@DEBUG_VALUE: log_buf_out:tmp <- 0
	@DEBUG_VALUE: log_buf_out:k <- $r5
	@DEBUG_VALUE: log_buf_out:j <- 0
	mov.w	r8, #0
.Ltmp60:
	.p2align	2
.LBB0_32:                               @   Parent Loop BB0_31 Depth=1
                                        @ =>  This Inner Loop Header: Depth=2
	@DEBUG_VALUE: log_buf_out:pbuffer <- $r7
	@DEBUG_VALUE: log_buf_out:k <- $r5
	@DEBUG_VALUE: log_buf_out:m <- [DW_OP_plus_uconst 16] [$sp+0]
	@DEBUG_VALUE: log_buf_out:file <- [DW_OP_plus_uconst 20] [$sp+0]
	@DEBUG_VALUE: log_buf_out:line <- [DW_OP_plus_uconst 24] [$sp+0]
	@DEBUG_VALUE: log_buf_out:type <- [DW_OP_plus_uconst 64] [$sp+0]
	@DEBUG_VALUE: log_buf_out:j <- $r8
	@DEBUG_VALUE: log_buf_out:tmp <- $r6
	.loc	4 105 17 is_stmt 1              @ ../../../components/utility/utility/util_log.c:105:17
	cmp.w	r10, #2
	beq	.LBB0_35
.Ltmp61:
@ %bb.33:                               @   in Loop: Header=BB0_32 Depth=2
	@DEBUG_VALUE: log_buf_out:j <- $r8
	@DEBUG_VALUE: log_buf_out:pbuffer <- $r7
	@DEBUG_VALUE: log_buf_out:tmp <- $r6
	@DEBUG_VALUE: log_buf_out:k <- $r5
	@DEBUG_VALUE: log_buf_out:m <- [DW_OP_plus_uconst 16] [$sp+0]
	@DEBUG_VALUE: log_buf_out:file <- [DW_OP_plus_uconst 20] [$sp+0]
	@DEBUG_VALUE: log_buf_out:line <- [DW_OP_plus_uconst 24] [$sp+0]
	@DEBUG_VALUE: log_buf_out:type <- [DW_OP_plus_uconst 64] [$sp+0]
	cmp.w	r10, #1
	bne	.LBB0_36
.Ltmp62:
@ %bb.34:                               @   in Loop: Header=BB0_32 Depth=2
	@DEBUG_VALUE: log_buf_out:j <- $r8
	@DEBUG_VALUE: log_buf_out:pbuffer <- $r7
	@DEBUG_VALUE: log_buf_out:tmp <- $r6
	@DEBUG_VALUE: log_buf_out:k <- $r5
	@DEBUG_VALUE: log_buf_out:m <- [DW_OP_plus_uconst 16] [$sp+0]
	@DEBUG_VALUE: log_buf_out:file <- [DW_OP_plus_uconst 20] [$sp+0]
	@DEBUG_VALUE: log_buf_out:line <- [DW_OP_plus_uconst 24] [$sp+0]
	@DEBUG_VALUE: log_buf_out:type <- [DW_OP_plus_uconst 64] [$sp+0]
	.loc	4 108 71                        @ ../../../components/utility/utility/util_log.c:108:71
	ldrsb.w	r2, [r4, r8]
	.loc	4 108 48 is_stmt 0              @ ../../../components/utility/utility/util_log.c:108:48
	adds	r0, r7, r6
	.loc	4 108 32                        @ ../../../components/utility/utility/util_log.c:108:32
	mov	r1, r11
	b	.LBB0_37
.Ltmp63:
	.p2align	2
.LBB0_35:                               @   in Loop: Header=BB0_32 Depth=2
	@DEBUG_VALUE: log_buf_out:j <- $r8
	@DEBUG_VALUE: log_buf_out:pbuffer <- $r7
	@DEBUG_VALUE: log_buf_out:tmp <- $r6
	@DEBUG_VALUE: log_buf_out:k <- $r5
	@DEBUG_VALUE: log_buf_out:m <- [DW_OP_plus_uconst 16] [$sp+0]
	@DEBUG_VALUE: log_buf_out:file <- [DW_OP_plus_uconst 20] [$sp+0]
	@DEBUG_VALUE: log_buf_out:line <- [DW_OP_plus_uconst 24] [$sp+0]
	@DEBUG_VALUE: log_buf_out:type <- [DW_OP_plus_uconst 64] [$sp+0]
	.loc	4 113 72 is_stmt 1              @ ../../../components/utility/utility/util_log.c:113:72
	ldrb.w	r2, [r4, r8]
	.loc	4 113 32 is_stmt 0              @ ../../../components/utility/utility/util_log.c:113:32
	movw	r1, :lower16:.L.str.1
	.loc	4 113 48                        @ ../../../components/utility/utility/util_log.c:113:48
	adds	r0, r7, r6
	.loc	4 113 32                        @ ../../../components/utility/utility/util_log.c:113:32
	movt	r1, :upper16:.L.str.1
	b	.LBB0_37
.Ltmp64:
	.p2align	2
.LBB0_36:                               @   in Loop: Header=BB0_32 Depth=2
	@DEBUG_VALUE: log_buf_out:j <- $r8
	@DEBUG_VALUE: log_buf_out:pbuffer <- $r7
	@DEBUG_VALUE: log_buf_out:tmp <- $r6
	@DEBUG_VALUE: log_buf_out:k <- $r5
	@DEBUG_VALUE: log_buf_out:m <- [DW_OP_plus_uconst 16] [$sp+0]
	@DEBUG_VALUE: log_buf_out:file <- [DW_OP_plus_uconst 20] [$sp+0]
	@DEBUG_VALUE: log_buf_out:line <- [DW_OP_plus_uconst 24] [$sp+0]
	@DEBUG_VALUE: log_buf_out:type <- [DW_OP_plus_uconst 64] [$sp+0]
	.loc	4 119 73 is_stmt 1              @ ../../../components/utility/utility/util_log.c:119:73
	ldrb.w	r2, [r4, r8]
	.loc	4 119 48 is_stmt 0              @ ../../../components/utility/utility/util_log.c:119:48
	adds	r0, r7, r6
	.loc	4 119 32                        @ ../../../components/utility/utility/util_log.c:119:32
	mov	r1, r9
.Ltmp65:
.LBB0_37:                               @   in Loop: Header=BB0_32 Depth=2
	@DEBUG_VALUE: log_buf_out:j <- $r8
	@DEBUG_VALUE: log_buf_out:pbuffer <- $r7
	@DEBUG_VALUE: log_buf_out:tmp <- $r6
	@DEBUG_VALUE: log_buf_out:k <- $r5
	@DEBUG_VALUE: log_buf_out:m <- [DW_OP_plus_uconst 16] [$sp+0]
	@DEBUG_VALUE: log_buf_out:file <- [DW_OP_plus_uconst 20] [$sp+0]
	@DEBUG_VALUE: log_buf_out:line <- [DW_OP_plus_uconst 24] [$sp+0]
	@DEBUG_VALUE: log_buf_out:type <- [DW_OP_plus_uconst 64] [$sp+0]
	.loc	4 0 0                           @ ../../../components/utility/utility/util_log.c:0:0
	bl	__2sprintf
.Ltmp66:
	@DEBUG_VALUE: log_buf_out:tmp <- undef
	.loc	4 104 48 is_stmt 1              @ ../../../components/utility/utility/util_log.c:104:48
	add.w	r8, r8, #1
.Ltmp67:
	@DEBUG_VALUE: log_buf_out:j <- $r8
	.loc	4 104 13 is_stmt 0              @ ../../../components/utility/utility/util_log.c:104:13
	cmp.w	r8, #50
.Ltmp68:
	.loc	4 0 0                           @ ../../../components/utility/utility/util_log.c:0:0
	add	r6, r0
.Ltmp69:
	@DEBUG_VALUE: log_buf_out:tmp <- $r6
	.loc	4 104 13                        @ ../../../components/utility/utility/util_log.c:104:13
	bne	.LBB0_32
.Ltmp70:
@ %bb.38:                               @   in Loop: Header=BB0_31 Depth=1
	@DEBUG_VALUE: log_buf_out:j <- $r8
	@DEBUG_VALUE: log_buf_out:pbuffer <- $r7
	@DEBUG_VALUE: log_buf_out:tmp <- $r6
	@DEBUG_VALUE: log_buf_out:k <- $r5
	@DEBUG_VALUE: log_buf_out:m <- [DW_OP_plus_uconst 16] [$sp+0]
	@DEBUG_VALUE: log_buf_out:file <- [DW_OP_plus_uconst 20] [$sp+0]
	@DEBUG_VALUE: log_buf_out:line <- [DW_OP_plus_uconst 24] [$sp+0]
	@DEBUG_VALUE: log_buf_out:type <- [DW_OP_plus_uconst 64] [$sp+0]
	.loc	3 177 2 is_stmt 1               @ ../../../components/platform/soc/rt582/rt582_freertos/portable/GCC/ARM_CM3\portmacro.h:177:2
	@APP
	mrs	r0, ipsr
	@NO_APP
.Ltmp71:
	@DEBUG_VALUE: xPortIsInsideInterrupt:xReturn <- [DW_OP_LLVM_convert 1 7, DW_OP_LLVM_convert 32 7, DW_OP_stack_value] undef
	@DEBUG_VALUE: xPortIsInsideInterrupt:ulCurrentInterrupt <- $r0
	.loc	4 123 13                        @ ../../../components/utility/utility/util_log.c:123:13
	cbz	r0, .LBB0_40
.Ltmp72:
@ %bb.39:                               @   in Loop: Header=BB0_31 Depth=1
	@DEBUG_VALUE: log_buf_out:j <- $r8
	@DEBUG_VALUE: log_buf_out:pbuffer <- $r7
	@DEBUG_VALUE: log_buf_out:tmp <- $r6
	@DEBUG_VALUE: log_buf_out:k <- $r5
	@DEBUG_VALUE: log_buf_out:m <- [DW_OP_plus_uconst 16] [$sp+0]
	@DEBUG_VALUE: log_buf_out:file <- [DW_OP_plus_uconst 20] [$sp+0]
	@DEBUG_VALUE: log_buf_out:line <- [DW_OP_plus_uconst 24] [$sp+0]
	@DEBUG_VALUE: log_buf_out:type <- [DW_OP_plus_uconst 64] [$sp+0]
	bl	xTaskGetTickCountFromISR
.Ltmp73:
	.loc	4 0 13 is_stmt 0                @ ../../../components/utility/utility/util_log.c:0:13
	b	.LBB0_41
.Ltmp74:
	.p2align	2
.LBB0_40:                               @   in Loop: Header=BB0_31 Depth=1
	@DEBUG_VALUE: log_buf_out:j <- $r8
	@DEBUG_VALUE: log_buf_out:pbuffer <- $r7
	@DEBUG_VALUE: log_buf_out:tmp <- $r6
	@DEBUG_VALUE: log_buf_out:k <- $r5
	@DEBUG_VALUE: log_buf_out:m <- [DW_OP_plus_uconst 16] [$sp+0]
	@DEBUG_VALUE: log_buf_out:file <- [DW_OP_plus_uconst 20] [$sp+0]
	@DEBUG_VALUE: log_buf_out:line <- [DW_OP_plus_uconst 24] [$sp+0]
	@DEBUG_VALUE: log_buf_out:type <- [DW_OP_plus_uconst 64] [$sp+0]
	.loc	4 123 13                        @ ../../../components/utility/utility/util_log.c:123:13
	bl	xTaskGetTickCount
.Ltmp75:
.LBB0_41:                               @   in Loop: Header=BB0_31 Depth=1
	@DEBUG_VALUE: log_buf_out:j <- $r8
	@DEBUG_VALUE: log_buf_out:pbuffer <- $r7
	@DEBUG_VALUE: log_buf_out:tmp <- $r6
	@DEBUG_VALUE: log_buf_out:k <- $r5
	@DEBUG_VALUE: log_buf_out:m <- [DW_OP_plus_uconst 16] [$sp+0]
	@DEBUG_VALUE: log_buf_out:file <- [DW_OP_plus_uconst 20] [$sp+0]
	@DEBUG_VALUE: log_buf_out:line <- [DW_OP_plus_uconst 24] [$sp+0]
	@DEBUG_VALUE: log_buf_out:type <- [DW_OP_plus_uconst 64] [$sp+0]
	mov	r1, r0
	ldr	r0, [sp, #24]                   @ 4-byte Reload
	movw	r2, :lower16:.L.str.4
	strd	r0, r6, [sp]
	movw	r0, :lower16:.L.str.3
	ldr	r3, [sp, #20]                   @ 4-byte Reload
	movt	r0, :upper16:.L.str.3
	movt	r2, :upper16:.L.str.4
	str	r7, [sp, #8]
	bl	rf_printk
.Ltmp76:
	.loc	4 102 9 is_stmt 1               @ ../../../components/utility/utility/util_log.c:102:9
	ldr	r0, [sp, #16]                   @ 4-byte Reload
.Ltmp77:
	.loc	4 102 29 is_stmt 0              @ ../../../components/utility/utility/util_log.c:102:29
	adds	r5, #1
.Ltmp78:
	@DEBUG_VALUE: log_buf_out:k <- $r5
	.loc	4 102 9                         @ ../../../components/utility/utility/util_log.c:102:9
	cmp	r5, r0
	add.w	r4, r4, #50
	bne	.LBB0_31
.Ltmp79:
.LBB0_42:
	@DEBUG_VALUE: log_buf_out:pbuffer <- $r7
	@DEBUG_VALUE: log_buf_out:m <- [DW_OP_plus_uconst 16] [$sp+0]
	@DEBUG_VALUE: log_buf_out:file <- [DW_OP_plus_uconst 20] [$sp+0]
	@DEBUG_VALUE: log_buf_out:line <- [DW_OP_plus_uconst 24] [$sp+0]
	@DEBUG_VALUE: log_buf_out:type <- [DW_OP_plus_uconst 64] [$sp+0]
	.loc	4 129 5 is_stmt 1               @ ../../../components/utility/utility/util_log.c:129:5
	mov	r0, r7
	bl	vPortFree
.Ltmp80:
	.loc	4 0 5 is_stmt 0                 @ ../../../components/utility/utility/util_log.c:0:5
	movs	r0, #0
.Ltmp81:
.LBB0_43:
	@DEBUG_VALUE: log_buf_out:pbuffer <- $r7
	@DEBUG_VALUE: log_buf_out:file <- [DW_OP_plus_uconst 20] [$sp+0]
	@DEBUG_VALUE: log_buf_out:line <- [DW_OP_plus_uconst 24] [$sp+0]
	@DEBUG_VALUE: log_buf_out:type <- [DW_OP_plus_uconst 64] [$sp+0]
	.loc	4 132 1 is_stmt 1               @ ../../../components/utility/utility/util_log.c:132:1
	add	sp, #28
	pop.w	{r4, r5, r6, r7, r8, r9, r10, r11, pc}
.Ltmp82:
.Lfunc_end0:
	.size	log_buf_out, .Lfunc_end0-log_buf_out
	.cfi_endproc
	.cantunwind
	.fnend
                                        @ -- End function
	.section	.text.rf_printk,"ax",%progbits
	.hidden	rf_printk                       @ -- Begin function rf_printk
	.globl	rf_printk
	.p2align	1
	.type	rf_printk,%function
	.code	16                              @ @rf_printk
	.thumb_func
rf_printk:
.Lfunc_begin1:
	.loc	4 136 0                         @ ../../../components/utility/utility/util_log.c:136:0
	.fnstart
	.cfi_startproc
@ %bb.0:
	@DEBUG_VALUE: rf_printk:format <- $r0
	.pad	#12
	sub	sp, #12
	.cfi_def_cfa_offset 12
	.save	{r7, lr}
	push	{r7, lr}
	.cfi_def_cfa_offset 20
	.cfi_offset lr, -16
	.cfi_offset r7, -20
	.pad	#4
	sub	sp, #4
	.cfi_def_cfa_offset 24
	add.w	r12, sp, #12
	stm.w	r12, {r1, r2, r3}
	add	r1, sp, #12
	@DEBUG_VALUE: rf_printk:format <- $r0
.Ltmp83:
	.loc	4 140 9 prologue_end            @ ../../../components/utility/utility/util_log.c:140:9
	str	r1, [sp]
	@DEBUG_VALUE: rf_printk:format <- $r0
	.loc	4 143 9                         @ ../../../components/utility/utility/util_log.c:143:9
	bl	vprintf
.Ltmp84:
	@DEBUG_VALUE: rf_printk:format <- [DW_OP_LLVM_entry_value 1] $r0
	.loc	4 146 1                         @ ../../../components/utility/utility/util_log.c:146:1
	add	sp, #4
	pop.w	{r7, lr}
	add	sp, #12
	bx	lr
.Ltmp85:
.Lfunc_end1:
	.size	rf_printk, .Lfunc_end1-rf_printk
	.cfi_endproc
	.cantunwind
	.fnend
                                        @ -- End function
	.type	.L.str,%object                  @ @.str
	.section	.rodata.str1.1,"aMS",%progbits,1
.L.str:
	.asciz	"%3d "
	.size	.L.str, 5

	.type	.L.str.1,%object                @ @.str.1
.L.str.1:
	.asciz	"%3u "
	.size	.L.str.1, 5

	.type	.L.str.2,%object                @ @.str.2
.L.str.2:
	.asciz	"%02x "
	.size	.L.str.2, 6

	.type	.L.str.3,%object                @ @.str.3
.L.str.3:
	.asciz	"[%10u][%s: %s:%4d] %.*s\r\n"
	.size	.L.str.3, 26

	.type	.L.str.4,%object                @ @.str.4
.L.str.4:
	.asciz	"\033[36mBUF\033[0m"
	.size	.L.str.4, 13

	.globl	_printf_percent
	.globl	_printf_flags
	.globl	_printf_widthprec
	.globl	_printf_pre_padding
	.globl	_printf_return_value
	.globl	_printf_x
	.globl	_printf_d
	.globl	_printf_u
	.globl	_printf_int_dec
	.globl	_printf_longlong_hex
	.hidden	_printf_percent
	.hidden	_printf_flags
	.hidden	_printf_widthprec
	.hidden	_printf_pre_padding
	.hidden	_printf_return_value
	.hidden	_printf_x
	.hidden	_printf_d
	.hidden	_printf_u
	.hidden	_printf_int_dec
	.hidden	_printf_longlong_hex
	.file	5 "D:\\Rafael-IoT-SDK-Internal-main\\examples\\das_subg_thread\\keil" "../../../components/utility/utility\\util_log.c"
	.file	6 "C:\\Keil_v5\\ARM\\ARMCLANG\\Bin\\..\\include" "stdarg.h"
	.section	.debug_loc,"",%progbits
.Ldebug_loc0:
	.long	-1
	.long	.Lfunc_begin0                   @   base address
	.long	.Lfunc_begin0-.Lfunc_begin0
	.long	.Ltmp1-.Lfunc_begin0
	.short	1                               @ Loc expr size
	.byte	80                              @ DW_OP_reg0
	.long	.Ltmp1-.Lfunc_begin0
	.long	.Lfunc_end0-.Lfunc_begin0
	.short	2                               @ Loc expr size
	.byte	125                             @ DW_OP_breg13
	.byte	20                              @ 20
	.long	0
	.long	0
.Ldebug_loc1:
	.long	-1
	.long	.Lfunc_begin0                   @   base address
	.long	.Lfunc_begin0-.Lfunc_begin0
	.long	.Ltmp1-.Lfunc_begin0
	.short	1                               @ Loc expr size
	.byte	81                              @ DW_OP_reg1
	.long	.Ltmp1-.Lfunc_begin0
	.long	.Lfunc_end0-.Lfunc_begin0
	.short	2                               @ Loc expr size
	.byte	125                             @ DW_OP_breg13
	.byte	24                              @ 24
	.long	0
	.long	0
.Ldebug_loc2:
	.long	-1
	.long	.Lfunc_begin0                   @   base address
	.long	.Lfunc_begin0-.Lfunc_begin0
	.long	.Ltmp1-.Lfunc_begin0
	.short	1                               @ Loc expr size
	.byte	82                              @ DW_OP_reg2
	.long	.Ltmp1-.Lfunc_begin0
	.long	.Ltmp3-.Lfunc_begin0
	.short	1                               @ Loc expr size
	.byte	84                              @ DW_OP_reg4
	.long	0
	.long	0
.Ldebug_loc3:
	.long	-1
	.long	.Lfunc_begin0                   @   base address
	.long	.Lfunc_begin0-.Lfunc_begin0
	.long	.Ltmp1-.Lfunc_begin0
	.short	1                               @ Loc expr size
	.byte	83                              @ DW_OP_reg3
	.long	.Ltmp1-.Lfunc_begin0
	.long	.Ltmp2-.Lfunc_begin0
	.short	1                               @ Loc expr size
	.byte	85                              @ DW_OP_reg5
	.long	0
	.long	0
.Ldebug_loc4:
	.long	-1
	.long	.Lfunc_begin0                   @   base address
	.long	.Ltmp0-.Lfunc_begin0
	.long	.Ltmp1-.Lfunc_begin0
	.short	1                               @ Loc expr size
	.byte	82                              @ DW_OP_reg2
	.long	.Ltmp1-.Lfunc_begin0
	.long	.Ltmp3-.Lfunc_begin0
	.short	1                               @ Loc expr size
	.byte	84                              @ DW_OP_reg4
	.long	0
	.long	0
.Ldebug_loc5:
	.long	-1
	.long	.Lfunc_begin0                   @   base address
	.long	.Ltmp1-.Lfunc_begin0
	.long	.Ltmp5-.Lfunc_begin0
	.short	2                               @ Loc expr size
	.byte	48                              @ DW_OP_lit0
	.byte	159                             @ DW_OP_stack_value
	.long	.Ltmp5-.Lfunc_begin0
	.long	.Ltmp82-.Lfunc_begin0
	.short	1                               @ Loc expr size
	.byte	87                              @ DW_OP_reg7
	.long	0
	.long	0
.Ldebug_loc6:
	.long	-1
	.long	.Lfunc_begin0                   @   base address
	.long	.Ltmp6-.Lfunc_begin0
	.long	.Ltmp15-.Lfunc_begin0
	.short	4                               @ Loc expr size
	.byte	17                              @ DW_OP_consts
	.byte	170                             @ 170
	.byte	1                               @ 
	.byte	159                             @ DW_OP_stack_value
	.long	.Ltmp16-.Lfunc_begin0
	.long	.Ltmp18-.Lfunc_begin0
	.short	3                               @ Loc expr size
	.byte	17                              @ DW_OP_consts
	.byte	0                               @ 0
	.byte	159                             @ DW_OP_stack_value
	.long	.Ltmp18-.Lfunc_begin0
	.long	.Ltmp24-.Lfunc_begin0
	.short	1                               @ Loc expr size
	.byte	85                              @ DW_OP_reg5
	.long	.Ltmp27-.Lfunc_begin0
	.long	.Ltmp32-.Lfunc_begin0
	.short	1                               @ Loc expr size
	.byte	85                              @ DW_OP_reg5
	.long	.Ltmp32-.Lfunc_begin0
	.long	.Ltmp33-.Lfunc_begin0
	.short	3                               @ Loc expr size
	.byte	17                              @ DW_OP_consts
	.byte	0                               @ 0
	.byte	159                             @ DW_OP_stack_value
	.long	.Ltmp33-.Lfunc_begin0
	.long	.Ltmp39-.Lfunc_begin0
	.short	1                               @ Loc expr size
	.byte	88                              @ DW_OP_reg8
	.long	.Ltmp42-.Lfunc_begin0
	.long	.Ltmp47-.Lfunc_begin0
	.short	1                               @ Loc expr size
	.byte	88                              @ DW_OP_reg8
	.long	.Ltmp47-.Lfunc_begin0
	.long	.Ltmp51-.Lfunc_begin0
	.short	1                               @ Loc expr size
	.byte	85                              @ DW_OP_reg5
	.long	.Ltmp51-.Lfunc_begin0
	.long	.Ltmp54-.Lfunc_begin0
	.short	1                               @ Loc expr size
	.byte	88                              @ DW_OP_reg8
	.long	.Ltmp55-.Lfunc_begin0
	.long	.Ltmp58-.Lfunc_begin0
	.short	4                               @ Loc expr size
	.byte	17                              @ DW_OP_consts
	.byte	170                             @ 170
	.byte	1                               @ 
	.byte	159                             @ DW_OP_stack_value
	.long	.Ltmp59-.Lfunc_begin0
	.long	.Ltmp60-.Lfunc_begin0
	.short	3                               @ Loc expr size
	.byte	17                              @ DW_OP_consts
	.byte	0                               @ 0
	.byte	159                             @ DW_OP_stack_value
	.long	.Ltmp60-.Lfunc_begin0
	.long	.Ltmp66-.Lfunc_begin0
	.short	1                               @ Loc expr size
	.byte	86                              @ DW_OP_reg6
	.long	.Ltmp69-.Lfunc_begin0
	.long	.Ltmp79-.Lfunc_begin0
	.short	1                               @ Loc expr size
	.byte	86                              @ DW_OP_reg6
	.long	0
	.long	0
.Ldebug_loc7:
	.long	-1
	.long	.Lfunc_begin0                   @   base address
	.long	.Ltmp6-.Lfunc_begin0
	.long	.Ltmp15-.Lfunc_begin0
	.short	3                               @ Loc expr size
	.byte	17                              @ DW_OP_consts
	.byte	0                               @ 0
	.byte	159                             @ DW_OP_stack_value
	.long	.Ltmp15-.Lfunc_begin0
	.long	.Ltmp16-.Lfunc_begin0
	.short	1                               @ Loc expr size
	.byte	88                              @ DW_OP_reg8
	.long	.Ltmp54-.Lfunc_begin0
	.long	.Ltmp55-.Lfunc_begin0
	.short	1                               @ Loc expr size
	.byte	88                              @ DW_OP_reg8
	.long	.Ltmp55-.Lfunc_begin0
	.long	.Ltmp58-.Lfunc_begin0
	.short	3                               @ Loc expr size
	.byte	17                              @ DW_OP_consts
	.byte	0                               @ 0
	.byte	159                             @ DW_OP_stack_value
	.long	.Ltmp59-.Lfunc_begin0
	.long	.Ltmp79-.Lfunc_begin0
	.short	1                               @ Loc expr size
	.byte	85                              @ DW_OP_reg5
	.long	0
	.long	0
.Ldebug_loc8:
	.long	-1
	.long	.Lfunc_begin0                   @   base address
	.long	.Ltmp6-.Lfunc_begin0
	.long	.Ltmp15-.Lfunc_begin0
	.short	3                               @ Loc expr size
	.byte	17                              @ DW_OP_consts
	.byte	0                               @ 0
	.byte	159                             @ DW_OP_stack_value
	.long	.Ltmp16-.Lfunc_begin0
	.long	.Ltmp18-.Lfunc_begin0
	.short	3                               @ Loc expr size
	.byte	17                              @ DW_OP_consts
	.byte	0                               @ 0
	.byte	159                             @ DW_OP_stack_value
	.long	.Ltmp18-.Lfunc_begin0
	.long	.Ltmp32-.Lfunc_begin0
	.short	1                               @ Loc expr size
	.byte	86                              @ DW_OP_reg6
	.long	.Ltmp32-.Lfunc_begin0
	.long	.Ltmp33-.Lfunc_begin0
	.short	3                               @ Loc expr size
	.byte	17                              @ DW_OP_consts
	.byte	0                               @ 0
	.byte	159                             @ DW_OP_stack_value
	.long	.Ltmp33-.Lfunc_begin0
	.long	.Ltmp47-.Lfunc_begin0
	.short	1                               @ Loc expr size
	.byte	85                              @ DW_OP_reg5
	.long	.Ltmp47-.Lfunc_begin0
	.long	.Ltmp49-.Lfunc_begin0
	.short	1                               @ Loc expr size
	.byte	86                              @ DW_OP_reg6
	.long	.Ltmp51-.Lfunc_begin0
	.long	.Ltmp54-.Lfunc_begin0
	.short	1                               @ Loc expr size
	.byte	85                              @ DW_OP_reg5
	.long	.Ltmp55-.Lfunc_begin0
	.long	.Ltmp58-.Lfunc_begin0
	.short	3                               @ Loc expr size
	.byte	17                              @ DW_OP_consts
	.byte	0                               @ 0
	.byte	159                             @ DW_OP_stack_value
	.long	.Ltmp59-.Lfunc_begin0
	.long	.Ltmp60-.Lfunc_begin0
	.short	3                               @ Loc expr size
	.byte	17                              @ DW_OP_consts
	.byte	0                               @ 0
	.byte	159                             @ DW_OP_stack_value
	.long	.Ltmp60-.Lfunc_begin0
	.long	.Ltmp79-.Lfunc_begin0
	.short	1                               @ Loc expr size
	.byte	88                              @ DW_OP_reg8
	.long	0
	.long	0
.Ldebug_loc9:
	.long	-1
	.long	.Lfunc_begin0                   @   base address
	.long	.Ltmp6-.Lfunc_begin0
	.long	.Ltmp10-.Lfunc_begin0
	.short	3                               @ Loc expr size
	.byte	17                              @ DW_OP_consts
	.byte	0                               @ 0
	.byte	159                             @ DW_OP_stack_value
	.long	.Ltmp10-.Lfunc_begin0
	.long	.Ltmp57-.Lfunc_begin0
	.short	1                               @ Loc expr size
	.byte	91                              @ DW_OP_reg11
	.long	0
	.long	0
.Ldebug_loc10:
	.long	-1
	.long	.Lfunc_begin0                   @   base address
	.long	.Ltmp6-.Lfunc_begin0
	.long	.Ltmp9-.Lfunc_begin0
	.short	3                               @ Loc expr size
	.byte	17                              @ DW_OP_consts
	.byte	0                               @ 0
	.byte	159                             @ DW_OP_stack_value
	.long	.Ltmp9-.Lfunc_begin0
	.long	.Ltmp12-.Lfunc_begin0
	.short	1                               @ Loc expr size
	.byte	86                              @ DW_OP_reg6
	.long	.Ltmp12-.Lfunc_begin0
	.long	.Ltmp81-.Lfunc_begin0
	.short	2                               @ Loc expr size
	.byte	125                             @ DW_OP_breg13
	.byte	16                              @ 16
	.long	0
	.long	0
.Ldebug_loc11:
	.long	-1
	.long	.Lfunc_begin1                   @   base address
	.long	.Lfunc_begin1-.Lfunc_begin1
	.long	.Ltmp84-.Lfunc_begin1
	.short	1                               @ Loc expr size
	.byte	80                              @ DW_OP_reg0
	.long	.Ltmp84-.Lfunc_begin1
	.long	.Lfunc_end1-.Lfunc_begin1
	.short	4                               @ Loc expr size
	.byte	243                             @ DW_OP_GNU_entry_value
	.byte	1                               @ 1
	.byte	80                              @ DW_OP_reg0
	.byte	159                             @ DW_OP_stack_value
	.long	0
	.long	0
	.section	.debug_abbrev,"",%progbits
	.byte	1                               @ Abbreviation Code
	.byte	17                              @ DW_TAG_compile_unit
	.byte	1                               @ DW_CHILDREN_yes
	.byte	37                              @ DW_AT_producer
	.byte	14                              @ DW_FORM_strp
	.byte	19                              @ DW_AT_language
	.byte	5                               @ DW_FORM_data2
	.byte	3                               @ DW_AT_name
	.byte	14                              @ DW_FORM_strp
	.byte	16                              @ DW_AT_stmt_list
	.byte	23                              @ DW_FORM_sec_offset
	.byte	27                              @ DW_AT_comp_dir
	.byte	14                              @ DW_FORM_strp
	.byte	17                              @ DW_AT_low_pc
	.byte	1                               @ DW_FORM_addr
	.byte	85                              @ DW_AT_ranges
	.byte	23                              @ DW_FORM_sec_offset
	.byte	0                               @ EOM(1)
	.byte	0                               @ EOM(2)
	.byte	2                               @ Abbreviation Code
	.byte	4                               @ DW_TAG_enumeration_type
	.byte	1                               @ DW_CHILDREN_yes
	.byte	73                              @ DW_AT_type
	.byte	19                              @ DW_FORM_ref4
	.byte	3                               @ DW_AT_name
	.byte	14                              @ DW_FORM_strp
	.byte	11                              @ DW_AT_byte_size
	.byte	11                              @ DW_FORM_data1
	.byte	58                              @ DW_AT_decl_file
	.byte	11                              @ DW_FORM_data1
	.byte	59                              @ DW_AT_decl_line
	.byte	11                              @ DW_FORM_data1
	.byte	0                               @ EOM(1)
	.byte	0                               @ EOM(2)
	.byte	3                               @ Abbreviation Code
	.byte	40                              @ DW_TAG_enumerator
	.byte	0                               @ DW_CHILDREN_no
	.byte	3                               @ DW_AT_name
	.byte	14                              @ DW_FORM_strp
	.byte	28                              @ DW_AT_const_value
	.byte	15                              @ DW_FORM_udata
	.byte	0                               @ EOM(1)
	.byte	0                               @ EOM(2)
	.byte	4                               @ Abbreviation Code
	.byte	36                              @ DW_TAG_base_type
	.byte	0                               @ DW_CHILDREN_no
	.byte	3                               @ DW_AT_name
	.byte	14                              @ DW_FORM_strp
	.byte	62                              @ DW_AT_encoding
	.byte	11                              @ DW_FORM_data1
	.byte	11                              @ DW_AT_byte_size
	.byte	11                              @ DW_FORM_data1
	.byte	0                               @ EOM(1)
	.byte	0                               @ EOM(2)
	.byte	5                               @ Abbreviation Code
	.byte	15                              @ DW_TAG_pointer_type
	.byte	0                               @ DW_CHILDREN_no
	.byte	73                              @ DW_AT_type
	.byte	19                              @ DW_FORM_ref4
	.byte	0                               @ EOM(1)
	.byte	0                               @ EOM(2)
	.byte	6                               @ Abbreviation Code
	.byte	22                              @ DW_TAG_typedef
	.byte	0                               @ DW_CHILDREN_no
	.byte	73                              @ DW_AT_type
	.byte	19                              @ DW_FORM_ref4
	.byte	3                               @ DW_AT_name
	.byte	14                              @ DW_FORM_strp
	.byte	58                              @ DW_AT_decl_file
	.byte	11                              @ DW_FORM_data1
	.byte	59                              @ DW_AT_decl_line
	.byte	11                              @ DW_FORM_data1
	.byte	0                               @ EOM(1)
	.byte	0                               @ EOM(2)
	.byte	7                               @ Abbreviation Code
	.byte	46                              @ DW_TAG_subprogram
	.byte	1                               @ DW_CHILDREN_yes
	.byte	3                               @ DW_AT_name
	.byte	14                              @ DW_FORM_strp
	.byte	58                              @ DW_AT_decl_file
	.byte	11                              @ DW_FORM_data1
	.byte	59                              @ DW_AT_decl_line
	.byte	11                              @ DW_FORM_data1
	.byte	39                              @ DW_AT_prototyped
	.byte	25                              @ DW_FORM_flag_present
	.byte	73                              @ DW_AT_type
	.byte	19                              @ DW_FORM_ref4
	.byte	32                              @ DW_AT_inline
	.byte	11                              @ DW_FORM_data1
	.byte	0                               @ EOM(1)
	.byte	0                               @ EOM(2)
	.byte	8                               @ Abbreviation Code
	.byte	52                              @ DW_TAG_variable
	.byte	0                               @ DW_CHILDREN_no
	.byte	3                               @ DW_AT_name
	.byte	14                              @ DW_FORM_strp
	.byte	58                              @ DW_AT_decl_file
	.byte	11                              @ DW_FORM_data1
	.byte	59                              @ DW_AT_decl_line
	.byte	11                              @ DW_FORM_data1
	.byte	73                              @ DW_AT_type
	.byte	19                              @ DW_FORM_ref4
	.byte	0                               @ EOM(1)
	.byte	0                               @ EOM(2)
	.byte	9                               @ Abbreviation Code
	.byte	46                              @ DW_TAG_subprogram
	.byte	1                               @ DW_CHILDREN_yes
	.byte	17                              @ DW_AT_low_pc
	.byte	1                               @ DW_FORM_addr
	.byte	18                              @ DW_AT_high_pc
	.byte	6                               @ DW_FORM_data4
	.byte	64                              @ DW_AT_frame_base
	.byte	24                              @ DW_FORM_exprloc
	.ascii	"\227B"                         @ DW_AT_GNU_all_call_sites
	.byte	25                              @ DW_FORM_flag_present
	.byte	3                               @ DW_AT_name
	.byte	14                              @ DW_FORM_strp
	.byte	58                              @ DW_AT_decl_file
	.byte	11                              @ DW_FORM_data1
	.byte	59                              @ DW_AT_decl_line
	.byte	11                              @ DW_FORM_data1
	.byte	39                              @ DW_AT_prototyped
	.byte	25                              @ DW_FORM_flag_present
	.byte	73                              @ DW_AT_type
	.byte	19                              @ DW_FORM_ref4
	.byte	63                              @ DW_AT_external
	.byte	25                              @ DW_FORM_flag_present
	.byte	0                               @ EOM(1)
	.byte	0                               @ EOM(2)
	.byte	10                              @ Abbreviation Code
	.byte	5                               @ DW_TAG_formal_parameter
	.byte	0                               @ DW_CHILDREN_no
	.byte	2                               @ DW_AT_location
	.byte	23                              @ DW_FORM_sec_offset
	.byte	3                               @ DW_AT_name
	.byte	14                              @ DW_FORM_strp
	.byte	58                              @ DW_AT_decl_file
	.byte	11                              @ DW_FORM_data1
	.byte	59                              @ DW_AT_decl_line
	.byte	11                              @ DW_FORM_data1
	.byte	73                              @ DW_AT_type
	.byte	19                              @ DW_FORM_ref4
	.byte	0                               @ EOM(1)
	.byte	0                               @ EOM(2)
	.byte	11                              @ Abbreviation Code
	.byte	5                               @ DW_TAG_formal_parameter
	.byte	0                               @ DW_CHILDREN_no
	.byte	2                               @ DW_AT_location
	.byte	24                              @ DW_FORM_exprloc
	.byte	3                               @ DW_AT_name
	.byte	14                              @ DW_FORM_strp
	.byte	58                              @ DW_AT_decl_file
	.byte	11                              @ DW_FORM_data1
	.byte	59                              @ DW_AT_decl_line
	.byte	11                              @ DW_FORM_data1
	.byte	73                              @ DW_AT_type
	.byte	19                              @ DW_FORM_ref4
	.byte	0                               @ EOM(1)
	.byte	0                               @ EOM(2)
	.byte	12                              @ Abbreviation Code
	.byte	52                              @ DW_TAG_variable
	.byte	0                               @ DW_CHILDREN_no
	.byte	2                               @ DW_AT_location
	.byte	23                              @ DW_FORM_sec_offset
	.byte	3                               @ DW_AT_name
	.byte	14                              @ DW_FORM_strp
	.byte	58                              @ DW_AT_decl_file
	.byte	11                              @ DW_FORM_data1
	.byte	59                              @ DW_AT_decl_line
	.byte	11                              @ DW_FORM_data1
	.byte	73                              @ DW_AT_type
	.byte	19                              @ DW_FORM_ref4
	.byte	0                               @ EOM(1)
	.byte	0                               @ EOM(2)
	.byte	13                              @ Abbreviation Code
	.byte	29                              @ DW_TAG_inlined_subroutine
	.byte	0                               @ DW_CHILDREN_no
	.byte	49                              @ DW_AT_abstract_origin
	.byte	19                              @ DW_FORM_ref4
	.byte	17                              @ DW_AT_low_pc
	.byte	1                               @ DW_FORM_addr
	.byte	18                              @ DW_AT_high_pc
	.byte	6                               @ DW_FORM_data4
	.byte	88                              @ DW_AT_call_file
	.byte	11                              @ DW_FORM_data1
	.byte	89                              @ DW_AT_call_line
	.byte	11                              @ DW_FORM_data1
	.byte	87                              @ DW_AT_call_column
	.byte	11                              @ DW_FORM_data1
	.byte	0                               @ EOM(1)
	.byte	0                               @ EOM(2)
	.byte	14                              @ Abbreviation Code
	.byte	46                              @ DW_TAG_subprogram
	.byte	1                               @ DW_CHILDREN_yes
	.byte	17                              @ DW_AT_low_pc
	.byte	1                               @ DW_FORM_addr
	.byte	18                              @ DW_AT_high_pc
	.byte	6                               @ DW_FORM_data4
	.byte	64                              @ DW_AT_frame_base
	.byte	24                              @ DW_FORM_exprloc
	.ascii	"\227B"                         @ DW_AT_GNU_all_call_sites
	.byte	25                              @ DW_FORM_flag_present
	.byte	3                               @ DW_AT_name
	.byte	14                              @ DW_FORM_strp
	.byte	58                              @ DW_AT_decl_file
	.byte	11                              @ DW_FORM_data1
	.byte	59                              @ DW_AT_decl_line
	.byte	11                              @ DW_FORM_data1
	.byte	39                              @ DW_AT_prototyped
	.byte	25                              @ DW_FORM_flag_present
	.byte	63                              @ DW_AT_external
	.byte	25                              @ DW_FORM_flag_present
	.byte	0                               @ EOM(1)
	.byte	0                               @ EOM(2)
	.byte	15                              @ Abbreviation Code
	.byte	52                              @ DW_TAG_variable
	.byte	0                               @ DW_CHILDREN_no
	.byte	2                               @ DW_AT_location
	.byte	24                              @ DW_FORM_exprloc
	.byte	3                               @ DW_AT_name
	.byte	14                              @ DW_FORM_strp
	.byte	58                              @ DW_AT_decl_file
	.byte	11                              @ DW_FORM_data1
	.byte	59                              @ DW_AT_decl_line
	.byte	11                              @ DW_FORM_data1
	.byte	73                              @ DW_AT_type
	.byte	19                              @ DW_FORM_ref4
	.byte	0                               @ EOM(1)
	.byte	0                               @ EOM(2)
	.byte	16                              @ Abbreviation Code
	.byte	24                              @ DW_TAG_unspecified_parameters
	.byte	0                               @ DW_CHILDREN_no
	.byte	0                               @ EOM(1)
	.byte	0                               @ EOM(2)
	.byte	17                              @ Abbreviation Code
	.byte	38                              @ DW_TAG_const_type
	.byte	0                               @ DW_CHILDREN_no
	.byte	73                              @ DW_AT_type
	.byte	19                              @ DW_FORM_ref4
	.byte	0                               @ EOM(1)
	.byte	0                               @ EOM(2)
	.byte	18                              @ Abbreviation Code
	.byte	38                              @ DW_TAG_const_type
	.byte	0                               @ DW_CHILDREN_no
	.byte	0                               @ EOM(1)
	.byte	0                               @ EOM(2)
	.byte	19                              @ Abbreviation Code
	.byte	22                              @ DW_TAG_typedef
	.byte	0                               @ DW_CHILDREN_no
	.byte	73                              @ DW_AT_type
	.byte	19                              @ DW_FORM_ref4
	.byte	3                               @ DW_AT_name
	.byte	14                              @ DW_FORM_strp
	.byte	0                               @ EOM(1)
	.byte	0                               @ EOM(2)
	.byte	20                              @ Abbreviation Code
	.byte	19                              @ DW_TAG_structure_type
	.byte	1                               @ DW_CHILDREN_yes
	.byte	3                               @ DW_AT_name
	.byte	14                              @ DW_FORM_strp
	.byte	11                              @ DW_AT_byte_size
	.byte	11                              @ DW_FORM_data1
	.byte	0                               @ EOM(1)
	.byte	0                               @ EOM(2)
	.byte	21                              @ Abbreviation Code
	.byte	13                              @ DW_TAG_member
	.byte	0                               @ DW_CHILDREN_no
	.byte	3                               @ DW_AT_name
	.byte	14                              @ DW_FORM_strp
	.byte	73                              @ DW_AT_type
	.byte	19                              @ DW_FORM_ref4
	.byte	58                              @ DW_AT_decl_file
	.byte	11                              @ DW_FORM_data1
	.byte	59                              @ DW_AT_decl_line
	.byte	11                              @ DW_FORM_data1
	.byte	56                              @ DW_AT_data_member_location
	.byte	11                              @ DW_FORM_data1
	.byte	0                               @ EOM(1)
	.byte	0                               @ EOM(2)
	.byte	22                              @ Abbreviation Code
	.byte	15                              @ DW_TAG_pointer_type
	.byte	0                               @ DW_CHILDREN_no
	.byte	0                               @ EOM(1)
	.byte	0                               @ EOM(2)
	.byte	0                               @ EOM(3)
	.section	.debug_info,"",%progbits
.Lcu_begin0:
	.long	.Ldebug_info_end0-.Ldebug_info_start0 @ Length of Unit
.Ldebug_info_start0:
	.short	4                               @ DWARF version number
	.long	.debug_abbrev                   @ Offset Into Abbrev. Section
	.byte	4                               @ Address Size (in bytes)
	.byte	1                               @ Abbrev [1] 0xb:0x226 DW_TAG_compile_unit
	.long	.Linfo_string0                  @ DW_AT_producer
	.short	12                              @ DW_AT_language
	.long	.Linfo_string1                  @ DW_AT_name
	.long	.Lline_table_start0             @ DW_AT_stmt_list
	.long	.Linfo_string2                  @ DW_AT_comp_dir
	.long	0                               @ DW_AT_low_pc
	.long	.Ldebug_ranges0                 @ DW_AT_ranges
	.byte	2                               @ Abbrev [2] 0x26:0x1f DW_TAG_enumeration_type
	.long	69                              @ DW_AT_type
	.long	.Linfo_string7                  @ DW_AT_name
	.byte	4                               @ DW_AT_byte_size
	.byte	1                               @ DW_AT_decl_file
	.byte	42                              @ DW_AT_decl_line
	.byte	3                               @ Abbrev [3] 0x32:0x6 DW_TAG_enumerator
	.long	.Linfo_string4                  @ DW_AT_name
	.byte	0                               @ DW_AT_const_value
	.byte	3                               @ Abbrev [3] 0x38:0x6 DW_TAG_enumerator
	.long	.Linfo_string5                  @ DW_AT_name
	.byte	1                               @ DW_AT_const_value
	.byte	3                               @ Abbrev [3] 0x3e:0x6 DW_TAG_enumerator
	.long	.Linfo_string6                  @ DW_AT_name
	.byte	2                               @ DW_AT_const_value
	.byte	0                               @ End Of Children Mark
	.byte	4                               @ Abbrev [4] 0x45:0x7 DW_TAG_base_type
	.long	.Linfo_string3                  @ DW_AT_name
	.byte	7                               @ DW_AT_encoding
	.byte	4                               @ DW_AT_byte_size
	.byte	5                               @ Abbrev [5] 0x4c:0x5 DW_TAG_pointer_type
	.long	81                              @ DW_AT_type
	.byte	4                               @ Abbrev [4] 0x51:0x7 DW_TAG_base_type
	.long	.Linfo_string8                  @ DW_AT_name
	.byte	8                               @ DW_AT_encoding
	.byte	1                               @ DW_AT_byte_size
	.byte	6                               @ Abbrev [6] 0x58:0xb DW_TAG_typedef
	.long	99                              @ DW_AT_type
	.long	.Linfo_string10                 @ DW_AT_name
	.byte	2                               @ DW_AT_decl_file
	.byte	56                              @ DW_AT_decl_line
	.byte	4                               @ Abbrev [4] 0x63:0x7 DW_TAG_base_type
	.long	.Linfo_string9                  @ DW_AT_name
	.byte	6                               @ DW_AT_encoding
	.byte	1                               @ DW_AT_byte_size
	.byte	6                               @ Abbrev [6] 0x6a:0xb DW_TAG_typedef
	.long	117                             @ DW_AT_type
	.long	.Linfo_string12                 @ DW_AT_name
	.byte	2                               @ DW_AT_decl_file
	.byte	62                              @ DW_AT_decl_line
	.byte	4                               @ Abbrev [4] 0x75:0x7 DW_TAG_base_type
	.long	.Linfo_string11                 @ DW_AT_name
	.byte	8                               @ DW_AT_encoding
	.byte	1                               @ DW_AT_byte_size
	.byte	6                               @ Abbrev [6] 0x7c:0xb DW_TAG_typedef
	.long	135                             @ DW_AT_type
	.long	.Linfo_string14                 @ DW_AT_name
	.byte	3                               @ DW_AT_decl_file
	.byte	56                              @ DW_AT_decl_line
	.byte	4                               @ Abbrev [4] 0x87:0x7 DW_TAG_base_type
	.long	.Linfo_string13                 @ DW_AT_name
	.byte	5                               @ DW_AT_encoding
	.byte	4                               @ DW_AT_byte_size
	.byte	7                               @ Abbrev [7] 0x8e:0x23 DW_TAG_subprogram
	.long	.Linfo_string15                 @ DW_AT_name
	.byte	3                               @ DW_AT_decl_file
	.byte	171                             @ DW_AT_decl_line
                                        @ DW_AT_prototyped
	.long	124                             @ DW_AT_type
	.byte	1                               @ DW_AT_inline
	.byte	8                               @ Abbrev [8] 0x9a:0xb DW_TAG_variable
	.long	.Linfo_string16                 @ DW_AT_name
	.byte	3                               @ DW_AT_decl_file
	.byte	173                             @ DW_AT_decl_line
	.long	177                             @ DW_AT_type
	.byte	8                               @ Abbrev [8] 0xa5:0xb DW_TAG_variable
	.long	.Linfo_string18                 @ DW_AT_name
	.byte	3                               @ DW_AT_decl_file
	.byte	174                             @ DW_AT_decl_line
	.long	124                             @ DW_AT_type
	.byte	0                               @ End Of Children Mark
	.byte	6                               @ Abbrev [6] 0xb1:0xb DW_TAG_typedef
	.long	69                              @ DW_AT_type
	.long	.Linfo_string17                 @ DW_AT_name
	.byte	2                               @ DW_AT_decl_file
	.byte	64                              @ DW_AT_decl_line
	.byte	9                               @ Abbrev [9] 0xbc:0xfa DW_TAG_subprogram
	.long	.Lfunc_begin0                   @ DW_AT_low_pc
	.long	.Lfunc_end0-.Lfunc_begin0       @ DW_AT_high_pc
	.byte	1                               @ DW_AT_frame_base
	.byte	93
                                        @ DW_AT_GNU_all_call_sites
	.long	.Linfo_string19                 @ DW_AT_name
	.byte	4                               @ DW_AT_decl_file
	.byte	25                              @ DW_AT_decl_line
                                        @ DW_AT_prototyped
	.long	486                             @ DW_AT_type
                                        @ DW_AT_external
	.byte	10                              @ Abbrev [10] 0xd1:0xf DW_TAG_formal_parameter
	.long	.Ldebug_loc0                    @ DW_AT_location
	.long	.Linfo_string22                 @ DW_AT_name
	.byte	4                               @ DW_AT_decl_file
	.byte	25                              @ DW_AT_decl_line
	.long	493                             @ DW_AT_type
	.byte	10                              @ Abbrev [10] 0xe0:0xf DW_TAG_formal_parameter
	.long	.Ldebug_loc1                    @ DW_AT_location
	.long	.Linfo_string23                 @ DW_AT_name
	.byte	4                               @ DW_AT_decl_file
	.byte	25                              @ DW_AT_decl_line
	.long	486                             @ DW_AT_type
	.byte	10                              @ Abbrev [10] 0xef:0xf DW_TAG_formal_parameter
	.long	.Ldebug_loc2                    @ DW_AT_location
	.long	.Linfo_string24                 @ DW_AT_name
	.byte	4                               @ DW_AT_decl_file
	.byte	25                              @ DW_AT_decl_line
	.long	503                             @ DW_AT_type
	.byte	10                              @ Abbrev [10] 0xfe:0xf DW_TAG_formal_parameter
	.long	.Ldebug_loc3                    @ DW_AT_location
	.long	.Linfo_string25                 @ DW_AT_name
	.byte	4                               @ DW_AT_decl_file
	.byte	25                              @ DW_AT_decl_line
	.long	486                             @ DW_AT_type
	.byte	11                              @ Abbrev [11] 0x10d:0xf DW_TAG_formal_parameter
	.byte	3                               @ DW_AT_location
	.byte	145
	.asciz	"\300"
	.long	.Linfo_string28                 @ DW_AT_name
	.byte	4                               @ DW_AT_decl_file
	.byte	25                              @ DW_AT_decl_line
	.long	509                             @ DW_AT_type
	.byte	12                              @ Abbrev [12] 0x11c:0xf DW_TAG_variable
	.long	.Ldebug_loc4                    @ DW_AT_location
	.long	.Linfo_string26                 @ DW_AT_name
	.byte	4                               @ DW_AT_decl_file
	.byte	27                              @ DW_AT_decl_line
	.long	76                              @ DW_AT_type
	.byte	12                              @ Abbrev [12] 0x12b:0xf DW_TAG_variable
	.long	.Ldebug_loc5                    @ DW_AT_location
	.long	.Linfo_string27                 @ DW_AT_name
	.byte	4                               @ DW_AT_decl_file
	.byte	28                              @ DW_AT_decl_line
	.long	76                              @ DW_AT_type
	.byte	12                              @ Abbrev [12] 0x13a:0xf DW_TAG_variable
	.long	.Ldebug_loc6                    @ DW_AT_location
	.long	.Linfo_string30                 @ DW_AT_name
	.byte	4                               @ DW_AT_decl_file
	.byte	35                              @ DW_AT_decl_line
	.long	486                             @ DW_AT_type
	.byte	12                              @ Abbrev [12] 0x149:0xf DW_TAG_variable
	.long	.Ldebug_loc7                    @ DW_AT_location
	.long	.Linfo_string31                 @ DW_AT_name
	.byte	4                               @ DW_AT_decl_file
	.byte	35                              @ DW_AT_decl_line
	.long	486                             @ DW_AT_type
	.byte	12                              @ Abbrev [12] 0x158:0xf DW_TAG_variable
	.long	.Ldebug_loc8                    @ DW_AT_location
	.long	.Linfo_string32                 @ DW_AT_name
	.byte	4                               @ DW_AT_decl_file
	.byte	35                              @ DW_AT_decl_line
	.long	486                             @ DW_AT_type
	.byte	12                              @ Abbrev [12] 0x167:0xf DW_TAG_variable
	.long	.Ldebug_loc9                    @ DW_AT_location
	.long	.Linfo_string33                 @ DW_AT_name
	.byte	4                               @ DW_AT_decl_file
	.byte	34                              @ DW_AT_decl_line
	.long	486                             @ DW_AT_type
	.byte	12                              @ Abbrev [12] 0x176:0xf DW_TAG_variable
	.long	.Ldebug_loc10                   @ DW_AT_location
	.long	.Linfo_string34                 @ DW_AT_name
	.byte	4                               @ DW_AT_decl_file
	.byte	34                              @ DW_AT_decl_line
	.long	486                             @ DW_AT_type
	.byte	13                              @ Abbrev [13] 0x185:0x10 DW_TAG_inlined_subroutine
	.long	142                             @ DW_AT_abstract_origin
	.long	.Ltmp28                         @ DW_AT_low_pc
	.long	.Ltmp29-.Ltmp28                 @ DW_AT_high_pc
	.byte	4                               @ DW_AT_call_file
	.byte	76                              @ DW_AT_call_line
	.byte	17                              @ DW_AT_call_column
	.byte	13                              @ Abbrev [13] 0x195:0x10 DW_TAG_inlined_subroutine
	.long	142                             @ DW_AT_abstract_origin
	.long	.Ltmp43                         @ DW_AT_low_pc
	.long	.Ltmp44-.Ltmp43                 @ DW_AT_high_pc
	.byte	4                               @ DW_AT_call_file
	.byte	98                              @ DW_AT_call_line
	.byte	17                              @ DW_AT_call_column
	.byte	13                              @ Abbrev [13] 0x1a5:0x10 DW_TAG_inlined_subroutine
	.long	142                             @ DW_AT_abstract_origin
	.long	.Ltmp70                         @ DW_AT_low_pc
	.long	.Ltmp71-.Ltmp70                 @ DW_AT_high_pc
	.byte	4                               @ DW_AT_call_file
	.byte	123                             @ DW_AT_call_line
	.byte	13                              @ DW_AT_call_column
	.byte	0                               @ End Of Children Mark
	.byte	14                              @ Abbrev [14] 0x1b6:0x30 DW_TAG_subprogram
	.long	.Lfunc_begin1                   @ DW_AT_low_pc
	.long	.Lfunc_end1-.Lfunc_begin1       @ DW_AT_high_pc
	.byte	1                               @ DW_AT_frame_base
	.byte	93
                                        @ DW_AT_GNU_all_call_sites
	.long	.Linfo_string21                 @ DW_AT_name
	.byte	4                               @ DW_AT_decl_file
	.byte	135                             @ DW_AT_decl_line
                                        @ DW_AT_prototyped
                                        @ DW_AT_external
	.byte	10                              @ Abbrev [10] 0x1c7:0xf DW_TAG_formal_parameter
	.long	.Ldebug_loc11                   @ DW_AT_location
	.long	.Linfo_string40                 @ DW_AT_name
	.byte	4                               @ DW_AT_decl_file
	.byte	135                             @ DW_AT_decl_line
	.long	493                             @ DW_AT_type
	.byte	15                              @ Abbrev [15] 0x1d6:0xe DW_TAG_variable
	.byte	2                               @ DW_AT_location
	.byte	145
	.byte	0
	.long	.Linfo_string35                 @ DW_AT_name
	.byte	4                               @ DW_AT_decl_file
	.byte	137                             @ DW_AT_decl_line
	.long	520                             @ DW_AT_type
	.byte	16                              @ Abbrev [16] 0x1e4:0x1 DW_TAG_unspecified_parameters
	.byte	0                               @ End Of Children Mark
	.byte	4                               @ Abbrev [4] 0x1e6:0x7 DW_TAG_base_type
	.long	.Linfo_string20                 @ DW_AT_name
	.byte	5                               @ DW_AT_encoding
	.byte	4                               @ DW_AT_byte_size
	.byte	5                               @ Abbrev [5] 0x1ed:0x5 DW_TAG_pointer_type
	.long	498                             @ DW_AT_type
	.byte	17                              @ Abbrev [17] 0x1f2:0x5 DW_TAG_const_type
	.long	81                              @ DW_AT_type
	.byte	5                               @ Abbrev [5] 0x1f7:0x5 DW_TAG_pointer_type
	.long	508                             @ DW_AT_type
	.byte	18                              @ Abbrev [18] 0x1fc:0x1 DW_TAG_const_type
	.byte	6                               @ Abbrev [6] 0x1fd:0xb DW_TAG_typedef
	.long	38                              @ DW_AT_type
	.long	.Linfo_string29                 @ DW_AT_name
	.byte	1                               @ DW_AT_decl_file
	.byte	46                              @ DW_AT_decl_line
	.byte	6                               @ Abbrev [6] 0x208:0xb DW_TAG_typedef
	.long	531                             @ DW_AT_type
	.long	.Linfo_string39                 @ DW_AT_name
	.byte	6                               @ DW_AT_decl_file
	.byte	40                              @ DW_AT_decl_line
	.byte	19                              @ Abbrev [19] 0x213:0x9 DW_TAG_typedef
	.long	540                             @ DW_AT_type
	.long	.Linfo_string38                 @ DW_AT_name
	.byte	20                              @ Abbrev [20] 0x21c:0x13 DW_TAG_structure_type
	.long	.Linfo_string37                 @ DW_AT_name
	.byte	4                               @ DW_AT_byte_size
	.byte	21                              @ Abbrev [21] 0x222:0xc DW_TAG_member
	.long	.Linfo_string36                 @ DW_AT_name
	.long	559                             @ DW_AT_type
	.byte	5                               @ DW_AT_decl_file
	.byte	137                             @ DW_AT_decl_line
	.byte	0                               @ DW_AT_data_member_location
	.byte	0                               @ End Of Children Mark
	.byte	22                              @ Abbrev [22] 0x22f:0x1 DW_TAG_pointer_type
	.byte	0                               @ End Of Children Mark
.Ldebug_info_end0:
	.section	.debug_ranges,"",%progbits
.Ldebug_ranges0:
	.long	.Lfunc_begin0
	.long	.Lfunc_end0
	.long	.Lfunc_begin1
	.long	.Lfunc_end1
	.long	0
	.long	0
	.section	.debug_str,"MS",%progbits,1
.Linfo_string0:
	.asciz	"Component: ARM Compiler 6.16 Tool: armclang [5dfeb700]" @ string offset=0
.Linfo_string1:
	.asciz	"../../../components/utility/utility\\util_log.c" @ string offset=55
.Linfo_string2:
	.asciz	"D:\\Rafael-IoT-SDK-Internal-main\\examples\\das_subg_thread\\keil" @ string offset=102
.Linfo_string3:
	.asciz	"unsigned int"                  @ string offset=164
.Linfo_string4:
	.asciz	"LOG_BUF_OUT_DATA_TYPE_HEX"     @ string offset=177
.Linfo_string5:
	.asciz	"LOG_BUF_OUT_DATA_TYPE_INT8"    @ string offset=203
.Linfo_string6:
	.asciz	"LOG_BUF_OUT_DATA_TYPE_UNT8"    @ string offset=230
.Linfo_string7:
	.asciz	"LOG_BUF_OUT_DATA_TYPE"         @ string offset=257
.Linfo_string8:
	.asciz	"char"                          @ string offset=279
.Linfo_string9:
	.asciz	"signed char"                   @ string offset=284
.Linfo_string10:
	.asciz	"int8_t"                        @ string offset=296
.Linfo_string11:
	.asciz	"unsigned char"                 @ string offset=303
.Linfo_string12:
	.asciz	"uint8_t"                       @ string offset=317
.Linfo_string13:
	.asciz	"long int"                      @ string offset=325
.Linfo_string14:
	.asciz	"BaseType_t"                    @ string offset=334
.Linfo_string15:
	.asciz	"xPortIsInsideInterrupt"        @ string offset=345
.Linfo_string16:
	.asciz	"ulCurrentInterrupt"            @ string offset=368
.Linfo_string17:
	.asciz	"uint32_t"                      @ string offset=387
.Linfo_string18:
	.asciz	"xReturn"                       @ string offset=396
.Linfo_string19:
	.asciz	"log_buf_out"                   @ string offset=404
.Linfo_string20:
	.asciz	"int"                           @ string offset=416
.Linfo_string21:
	.asciz	"rf_printk"                     @ string offset=420
.Linfo_string22:
	.asciz	"file"                          @ string offset=430
.Linfo_string23:
	.asciz	"line"                          @ string offset=435
.Linfo_string24:
	.asciz	"inbuf"                         @ string offset=440
.Linfo_string25:
	.asciz	"len"                           @ string offset=446
.Linfo_string26:
	.asciz	"buf"                           @ string offset=450
.Linfo_string27:
	.asciz	"pbuffer"                       @ string offset=454
.Linfo_string28:
	.asciz	"type"                          @ string offset=462
.Linfo_string29:
	.asciz	"LOG_BUF_OUT_DATA_TYPE_T"       @ string offset=467
.Linfo_string30:
	.asciz	"tmp"                           @ string offset=491
.Linfo_string31:
	.asciz	"k"                             @ string offset=495
.Linfo_string32:
	.asciz	"j"                             @ string offset=497
.Linfo_string33:
	.asciz	"n"                             @ string offset=499
.Linfo_string34:
	.asciz	"m"                             @ string offset=501
.Linfo_string35:
	.asciz	"args"                          @ string offset=503
.Linfo_string36:
	.asciz	"__ap"                          @ string offset=508
.Linfo_string37:
	.asciz	"__va_list"                     @ string offset=513
.Linfo_string38:
	.asciz	"__builtin_va_list"             @ string offset=523
.Linfo_string39:
	.asciz	"va_list"                       @ string offset=541
.Linfo_string40:
	.asciz	"format"                        @ string offset=549
	.ident	"Component: ARM Compiler 6.16 Tool: armclang [5dfeb700]"
	.section	".note.GNU-stack","",%progbits
	.eabi_attribute	30, 3	@ Tag_ABI_optimization_goals
	.ARM_attribute	16, 1	@ Tag_AV_eba
	.section	.debug_line,"",%progbits
.Lline_table_start0:
